C:\Users\Lao Shi\protocol_laoshi\datalink.exe -af 
=========================================================================
                          Station A                                 
-------------------------------------------------------------------------
Protocol.lib, version 3.0, Build: Oct 19 2009 (jiangy@public3.bta.net.cn)
Channel: 8000 bps, 270 ms propagation delay, bit error rate 1.0E-005
Log file "C:\Users\Lao Shi\protocol_laoshi\datalink-A.log", TCP port 59144, debug mask 0x00
Station A is waiting for station B on TCP port 59144 ... Done.
New epoch: Sun May 01 22:38:03 2016
=========================================================================
Designed by Jiang Yanjun, build: May  1 2016  18:15:15
3.202 .... 3 packets received, 2099 bps, 26.24%, Err 1 (3.9e-005)
5.318 .... 11 packets received, 4467 bps, 55.84%, Err 1 (2.4e-005)
7.443 .... 12 packets received, 3429 bps, 42.86%, Err 1 (1.7e-005)
9.566 .... 20 packets received, 4409 bps, 55.11%, Err 1 (1.3e-005)
11.665 .... 28 packets received, 5035 bps, 62.93%, Err 1 (1.1e-005)
13.766 .... 36 packets received, 5465 bps, 68.31%, Err 1 (9.1e-006)
15.878 .... 44 packets received, 5775 bps, 72.19%, Err 2 (1.6e-005)
18.010 .... 52 packets received, 6005 bps, 75.06%, Err 2 (1.4e-005)
21.186 .... 57 packets received, 5583 bps, 69.78%, Err 2 (1.2e-005)
23.295 .... 65 packets received, 5783 bps, 72.28%, Err 2 (1.1e-005)
25.407 .... 73 packets received, 5949 bps, 74.36%, Err 2 (9.8e-006)
27.510 .... 81 packets received, 6091 bps, 76.14%, Err 2 (9.1e-006)
29.639 .... 89 packets received, 6207 bps, 77.59%, Err 3 (1.3e-005)
31.747 .... 97 packets received, 6312 bps, 78.90%, Err 3 (1.2e-005)
33.865 .... 105 packets received, 6402 bps, 80.02%, Err 4 (1.5e-005)
35.971 .... 113 packets received, 6483 bps, 81.04%, Err 4 (1.4e-005)
38.083 .... 121 packets received, 6554 bps, 81.93%, Err 4 (1.3e-005)
40.180 .... 129 packets received, 6621 bps, 82.76%, Err 4 (1.2e-005)
42.302 .... 137 packets received, 6676 bps, 83.45%, Err 4 (1.2e-005)
44.411 .... 145 packets received, 6728 bps, 84.10%, Err 4 (1.1e-005)
46.519 .... 153 packets received, 6776 bps, 84.70%, Err 4 (1.1e-005)
49.438 .... 157 packets received, 6540 bps, 81.75%, Err 4 (1.0e-005)
51.568 .... 165 packets received, 6588 bps, 82.35%, Err 4 (9.7e-006)
53.664 .... 173 packets received, 6636 bps, 82.95%, Err 4 (9.3e-006)
56.321 .... 176 packets received, 6431 bps, 80.39%, Err 5 (1.1e-005)
58.428 .... 184 packets received, 6480 bps, 81.00%, Err 5 (1.1e-005)
60.831 .... 186 packets received, 6291 bps, 78.63%, Err 5 (1.0e-005)
62.948 .... 194 packets received, 6339 bps, 79.24%, Err 5 (9.9e-006)
65.052 .... 202 packets received, 6386 bps, 79.83%, Err 5 (9.6e-006)
67.153 .... 210 packets received, 6431 bps, 80.39%, Err 5 (9.3e-006)
69.276 .... 218 packets received, 6470 bps, 80.88%, Err 5 (9.0e-006)
71.390 .... 226 packets received, 6508 bps, 81.36%, Err 5 (8.8e-006)
73.500 .... 234 packets received, 6545 bps, 81.81%, Err 5 (8.5e-006)
75.626 .... 242 packets received, 6577 bps, 82.22%, Err 5 (8.3e-006)
77.733 .... 250 packets received, 6610 bps, 82.63%, Err 5 (8.0e-006)
79.842 .... 258 packets received, 6641 bps, 83.01%, Err 5 (7.8e-006)
81.943 .... 266 packets received, 6671 bps, 83.38%, Err 5 (7.6e-006)
84.059 .... 274 packets received, 6698 bps, 83.72%, Err 5 (7.4e-006)
87.484 .... 280 packets received, 6575 bps, 82.19%, Err 7 (1.0e-005)
89.613 .... 288 packets received, 6602 bps, 82.53%, Err 7 (9.8e-006)
91.979 .... 290 packets received, 6476 bps, 80.96%, Err 7 (9.5e-006)
95.699 .... 297 packets received, 6374 bps, 79.68%, Err 8 (1.0e-005)
97.838 .... 305 packets received, 6402 bps, 80.03%, Err 8 (1.0e-005)
100.209 .... 307 packets received, 6292 bps, 78.64%, Err 8 (1.0e-005)
102.331 .... 315 packets received, 6321 bps, 79.02%, Err 8 (9.8e-006)
104.433 .... 323 packets received, 6351 bps, 79.39%, Err 9 (1.1e-005)
106.543 .... 324 packets received, 6244 bps, 78.05%, Err 9 (1.1e-005)
110.276 .... 331 packets received, 6163 bps, 77.03%, Err 10 (1.1e-005)
113.980 .... 338 packets received, 6088 bps, 76.10%, Err 10 (1.1e-005)
117.698 .... 345 packets received, 6017 bps, 75.22%, Err 12 (1.3e-005)
121.403 .... 352 packets received, 5952 bps, 74.39%, Err 12 (1.2e-005)
125.105 .... 359 packets received, 5890 bps, 73.62%, Err 12 (1.2e-005)
128.827 .... 366 packets received, 5831 bps, 72.89%, Err 12 (1.2e-005)
132.529 .... 373 packets received, 5776 bps, 72.20%, Err 12 (1.1e-005)
136.230 .... 380 packets received, 5724 bps, 71.55%, Err 12 (1.1e-005)
139.961 .... 387 packets received, 5674 bps, 70.92%, Err 12 (1.1e-005)
143.664 .... 394 packets received, 5627 bps, 70.34%, Err 12 (1.0e-005)
147.381 .... 401 packets received, 5583 bps, 69.78%, Err 12 (1.0e-005)
151.096 .... 408 packets received, 5540 bps, 69.25%, Err 12 (9.9e-006)
154.252 .... 413 packets received, 5493 bps, 68.66%, Err 13 (1.1e-005)
157.992 .... 420 packets received, 5454 bps, 68.17%, Err 14 (1.1e-005)
160.099 .... 428 packets received, 5484 bps, 68.56%, Err 14 (1.1e-005)
162.208 .... 436 packets received, 5514 bps, 68.93%, Err 14 (1.1e-005)
164.329 .... 444 packets received, 5543 bps, 69.28%, Err 14 (1.1e-005)
166.439 .... 452 packets received, 5571 bps, 69.64%, Err 14 (1.1e-005)
168.527 .... 460 packets received, 5599 bps, 69.99%, Err 14 (1.0e-005)
170.653 .... 468 packets received, 5626 bps, 70.32%, Err 14 (1.0e-005)
172.765 .... 476 packets received, 5652 bps, 70.65%, Err 14 (1.0e-005)
174.879 .... 484 packets received, 5677 bps, 70.96%, Err 14 (1.0e-005)
176.996 .... 492 packets received, 5702 bps, 71.27%, Err 14 (9.9e-006)
179.115 .... 500 packets received, 5726 bps, 71.57%, Err 14 (9.8e-006)
181.221 .... 508 packets received, 5750 bps, 71.87%, Err 14 (9.7e-006)
183.314 .... 516 packets received, 5773 bps, 72.17%, Err 14 (9.5e-006)
185.442 .... 524 packets received, 5796 bps, 72.44%, Err 14 (9.4e-006)
187.552 .... 532 packets received, 5818 bps, 72.72%, Err 14 (9.3e-006)
190.729 .... 537 packets received, 5774 bps, 72.18%, Err 14 (9.2e-006)
192.837 .... 545 packets received, 5796 bps, 72.45%, Err 15 (9.7e-006)
194.961 .... 553 packets received, 5817 bps, 72.72%, Err 15 (9.6e-006)
197.083 .... 561 packets received, 5838 bps, 72.97%, Err 15 (9.5e-006)
200.007 .... 565 packets received, 5793 bps, 72.42%, Err 15 (9.4e-006)
202.113 .... 573 packets received, 5814 bps, 72.68%, Err 15 (9.3e-006)
204.238 .... 581 packets received, 5834 bps, 72.92%, Err 15 (9.2e-006)
206.624 .... 583 packets received, 5786 bps, 72.33%, Err 15 (9.1e-006)
208.746 .... 591 packets received, 5806 bps, 72.57%, Err 15 (9.0e-006)
210.856 .... 599 packets received, 5826 bps, 72.82%, Err 15 (8.9e-006)
212.944 .... 607 packets received, 5845 bps, 73.07%, Err 15 (8.8e-006)
215.061 .... 615 packets received, 5864 bps, 73.30%, Err 15 (8.7e-006)
218.534 .... 621 packets received, 5827 bps, 72.84%, Err 15 (8.6e-006)
220.621 .... 629 packets received, 5846 bps, 73.08%, Err 16 (9.1e-006)
222.740 .... 630 packets received, 5800 bps, 72.50%, Err 16 (9.0e-006)
224.876 .... 638 packets received, 5818 bps, 72.72%, Err 16 (8.9e-006)
227.267 .... 640 packets received, 5774 bps, 72.18%, Err 16 (8.8e-006)
229.387 .... 648 packets received, 5792 bps, 72.40%, Err 16 (8.7e-006)
232.294 .... 652 packets received, 5755 bps, 71.94%, Err 17 (9.1e-006)
234.421 .... 660 packets received, 5773 bps, 72.16%, Err 17 (9.1e-006)
236.516 .... 668 packets received, 5791 bps, 72.39%, Err 17 (9.0e-006)
238.644 .... 676 packets received, 5808 bps, 72.60%, Err 17 (8.9e-006)
240.756 .... 684 packets received, 5825 bps, 72.81%, Err 17 (8.8e-006)
242.858 .... 692 packets received, 5842 bps, 73.03%, Err 17 (8.8e-006)
244.969 .... 700 packets received, 5859 bps, 73.23%, Err 17 (8.7e-006)
247.083 .... 708 packets received, 5875 bps, 73.44%, Err 17 (8.6e-006)
249.198 .... 716 packets received, 5891 bps, 73.64%, Err 17 (8.5e-006)
251.305 .... 724 packets received, 5907 bps, 73.83%, Err 17 (8.5e-006)
255.295 .... 732 packets received, 5879 bps, 73.48%, Err 17 (8.3e-006)
257.396 .... 740 packets received, 5894 bps, 73.68%, Err 17 (8.3e-006)
259.517 .... 748 packets received, 5909 bps, 73.86%, Err 18 (8.7e-006)
261.630 .... 749 packets received, 5869 bps, 73.37%, Err 18 (8.6e-006)
263.762 .... 757 packets received, 5884 bps, 73.55%, Err 18 (8.5e-006)
266.130 .... 759 packets received, 5847 bps, 73.09%, Err 18 (8.5e-006)
268.253 .... 767 packets received, 5862 bps, 73.27%, Err 18 (8.4e-006)
271.697 .... 773 packets received, 5833 bps, 72.91%, Err 19 (8.7e-006)
273.816 .... 781 packets received, 5847 bps, 73.09%, Err 19 (8.7e-006)
276.194 .... 783 packets received, 5812 bps, 72.65%, Err 20 (9.1e-006)
279.926 .... 790 packets received, 5785 bps, 72.32%, Err 20 (8.9e-006)
283.631 .... 797 packets received, 5760 bps, 72.01%, Err 22 (9.7e-006)
287.360 .... 804 packets received, 5736 bps, 71.69%, Err 22 (9.6e-006)
289.450 .... 812 packets received, 5751 bps, 71.88%, Err 22 (9.5e-006)
291.818 .... 814 packets received, 5718 bps, 71.48%, Err 23 (9.9e-006)
295.568 .... 821 packets received, 5694 bps, 71.18%, Err 23 (9.7e-006)
299.290 .... 828 packets received, 5671 bps, 70.89%, Err 24 (1.0e-005)
302.976 .... 835 packets received, 5649 bps, 70.62%, Err 25 (1.0e-005)
305.104 .... 843 packets received, 5664 bps, 70.80%, Err 25 (1.0e-005)
307.212 .... 851 packets received, 5678 bps, 70.98%, Err 25 (1.0e-005)
309.318 .... 859 packets received, 5693 bps, 71.16%, Err 26 (1.1e-005)
313.293 .... 867 packets received, 5673 bps, 70.91%, Err 27 (1.1e-005)
315.416 .... 875 packets received, 5686 bps, 71.08%, Err 27 (1.1e-005)
318.046 .... 878 packets received, 5659 bps, 70.73%, Err 27 (1.1e-005)
320.178 .... 886 packets received, 5672 bps, 70.90%, Err 27 (1.1e-005)
322.290 .... 894 packets received, 5686 bps, 71.07%, Err 27 (1.0e-005)
324.382 .... 902 packets received, 5700 bps, 71.25%, Err 27 (1.0e-005)
326.507 .... 910 packets received, 5713 bps, 71.41%, Err 27 (1.0e-005)
328.612 .... 918 packets received, 5726 bps, 71.58%, Err 27 (1.0e-005)
330.732 .... 926 packets received, 5739 bps, 71.74%, Err 27 (1.0e-005)
332.836 .... 934 packets received, 5752 bps, 71.90%, Err 27 (1.0e-005)
334.968 .... 942 packets received, 5764 bps, 72.05%, Err 27 (1.0e-005)
337.053 .... 950 packets received, 5777 bps, 72.21%, Err 27 (1.0e-005)
339.177 .... 958 packets received, 5789 bps, 72.37%, Err 27 (1.0e-005)
341.544 .... 960 packets received, 5761 bps, 72.01%, Err 28 (1.0e-005)
343.687 .... 968 packets received, 5773 bps, 72.16%, Err 28 (1.0e-005)
346.338 .... 971 packets received, 5746 bps, 71.83%, Err 29 (1.0e-005)
348.438 .... 979 packets received, 5759 bps, 71.98%, Err 29 (1.0e-005)
351.095 .... 982 packets received, 5733 bps, 71.66%, Err 30 (1.1e-005)
354.003 .... 986 packets received, 5709 bps, 71.36%, Err 31 (1.1e-005)
356.131 .... 994 packets received, 5721 bps, 71.51%, Err 31 (1.1e-005)
359.562 .... 1000 packets received, 5700 bps, 71.25%, Err 32 (1.1e-005)
361.664 .... 1008 packets received, 5712 bps, 71.40%, Err 32 (1.1e-005)
363.793 .... 1016 packets received, 5724 bps, 71.55%, Err 32 (1.1e-005)
367.499 .... 1023 packets received, 5705 bps, 71.32%, Err 33 (1.1e-005)
369.596 .... 1031 packets received, 5717 bps, 71.47%, Err 33 (1.1e-005)
371.709 .... 1039 packets received, 5729 bps, 71.61%, Err 33 (1.1e-005)
373.835 .... 1047 packets received, 5740 bps, 71.75%, Err 33 (1.1e-005)
375.954 .... 1055 packets received, 5751 bps, 71.89%, Err 33 (1.1e-005)
378.059 .... 1063 packets received, 5763 bps, 72.03%, Err 33 (1.1e-005)
380.175 .... 1071 packets received, 5774 bps, 72.17%, Err 33 (1.1e-005)
382.292 .... 1079 packets received, 5785 bps, 72.31%, Err 33 (1.1e-005)
384.400 .... 1087 packets received, 5795 bps, 72.44%, Err 33 (1.1e-005)
386.521 .... 1095 packets received, 5806 bps, 72.58%, Err 33 (1.1e-005)
388.619 .... 1103 packets received, 5817 bps, 72.71%, Err 33 (1.1e-005)
390.717 .... 1111 packets received, 5828 bps, 72.84%, Err 34 (1.1e-005)
392.834 .... 1119 packets received, 5838 bps, 72.97%, Err 34 (1.1e-005)
394.946 .... 1127 packets received, 5848 bps, 73.10%, Err 34 (1.1e-005)
398.916 .... 1135 packets received, 5831 bps, 72.89%, Err 35 (1.1e-005)
401.039 .... 1143 packets received, 5841 bps, 73.01%, Err 35 (1.1e-005)
403.443 .... 1145 packets received, 5816 bps, 72.70%, Err 35 (1.1e-005)
405.540 .... 1153 packets received, 5827 bps, 72.83%, Err 35 (1.1e-005)
407.654 .... 1161 packets received, 5837 bps, 72.96%, Err 35 (1.1e-005)
409.768 .... 1169 packets received, 5847 bps, 73.08%, Err 35 (1.1e-005)
412.936 .... 1174 packets received, 5826 bps, 72.83%, Err 36 (1.1e-005)
416.663 .... 1181 packets received, 5809 bps, 72.61%, Err 36 (1.1e-005)
418.778 .... 1189 packets received, 5819 bps, 72.73%, Err 36 (1.1e-005)
420.875 .... 1197 packets received, 5828 bps, 72.86%, Err 36 (1.1e-005)
423.267 .... 1199 packets received, 5805 bps, 72.56%, Err 36 (1.1e-005)
425.399 .... 1207 packets received, 5815 bps, 72.68%, Err 36 (1.1e-005)
427.500 .... 1215 packets received, 5824 bps, 72.80%, Err 36 (1.1e-005)
429.604 .... 1223 packets received, 5834 bps, 72.92%, Err 36 (1.0e-005)
431.727 .... 1231 packets received, 5843 bps, 73.04%, Err 37 (1.1e-005)
433.825 .... 1232 packets received, 5820 bps, 72.75%, Err 37 (1.1e-005)
435.970 .... 1240 packets received, 5829 bps, 72.86%, Err 37 (1.1e-005)
438.623 .... 1243 packets received, 5807 bps, 72.59%, Err 37 (1.1e-005)
440.736 .... 1251 packets received, 5817 bps, 72.71%, Err 37 (1.0e-005)
444.166 .... 1257 packets received, 5799 bps, 72.49%, Err 37 (1.0e-005)
447.869 .... 1264 packets received, 5784 bps, 72.29%, Err 38 (1.1e-005)
450.008 .... 1272 packets received, 5792 bps, 72.41%, Err 38 (1.1e-005)
452.636 .... 1275 packets received, 5772 bps, 72.15%, Err 38 (1.0e-005)
456.338 .... 1282 packets received, 5757 bps, 71.96%, Err 38 (1.0e-005)
460.076 .... 1289 packets received, 5741 bps, 71.77%, Err 38 (1.0e-005)
462.167 .... 1297 packets received, 5751 bps, 71.89%, Err 38 (1.0e-005)
464.297 .... 1305 packets received, 5760 bps, 72.00%, Err 38 (1.0e-005)
466.413 .... 1313 packets received, 5769 bps, 72.11%, Err 38 (1.0e-005)
470.134 .... 1320 packets received, 5754 bps, 71.92%, Err 38 (1.0e-005)
473.837 .... 1327 packets received, 5739 bps, 71.74%, Err 38 (1.0e-005)
475.946 .... 1335 packets received, 5748 bps, 71.85%, Err 38 (1.0e-005)
478.069 .... 1343 packets received, 5757 bps, 71.96%, Err 38 (9.9e-006)
480.158 .... 1351 packets received, 5766 bps, 72.07%, Err 38 (9.9e-006)
482.833 .... 1354 packets received, 5746 bps, 71.83%, Err 38 (9.8e-006)
484.956 .... 1362 packets received, 5755 bps, 71.94%, Err 38 (9.8e-006)
487.047 .... 1370 packets received, 5764 bps, 72.05%, Err 38 (9.8e-006)
489.169 .... 1378 packets received, 5773 bps, 72.16%, Err 38 (9.7e-006)
491.276 .... 1386 packets received, 5781 bps, 72.26%, Err 38 (9.7e-006)
493.383 .... 1394 packets received, 5790 bps, 72.37%, Err 38 (9.6e-006)
495.503 .... 1402 packets received, 5798 bps, 72.47%, Err 39 (9.8e-006)
497.624 .... 1403 packets received, 5777 bps, 72.22%, Err 39 (9.8e-006)
499.744 .... 1411 packets received, 5786 bps, 72.32%, Err 40 (1.0e-005)
501.873 .... 1412 packets received, 5765 bps, 72.06%, Err 40 (1.0e-005)
505.032 .... 1417 packets received, 5749 bps, 71.87%, Err 41 (1.0e-005)
507.175 .... 1425 packets received, 5757 bps, 71.97%, Err 41 (1.0e-005)
509.821 .... 1428 packets received, 5740 bps, 71.74%, Err 41 (1.0e-005)
511.913 .... 1436 packets received, 5748 bps, 71.85%, Err 41 (1.0e-005)
514.026 .... 1444 packets received, 5756 bps, 71.95%, Err 41 (1.0e-005)
516.179 .... 1445 packets received, 5736 bps, 71.70%, Err 41 (9.9e-006)
518.280 .... 1453 packets received, 5745 bps, 71.81%, Err 42 (1.0e-005)
520.399 .... 1461 packets received, 5753 bps, 71.91%, Err 42 (1.0e-005)
521.589 TCP Disconnected.
