C:\Users\Lao Shi\protocol_laoshi\datalink.exe -bf 
=========================================================================
                          Station B                                 
-------------------------------------------------------------------------
Protocol.lib, version 3.0, Build: Oct 19 2009 (jiangy@public3.bta.net.cn)
Channel: 8000 bps, 270 ms propagation delay, bit error rate 1.0E-005
Log file "C:\Users\Lao Shi\protocol_laoshi\datalink-B.log", TCP port 59144, debug mask 0x00
Station B is connecting station A (TCP port 59144) ... Done.
New epoch: Sun May 01 22:38:03 2016
=========================================================================
Designed by Jiang Yanjun, build: May  1 2016  18:15:15
2.411 .... 8 packets received, 7714 bps, 96.42%, Err 0 (0.0e+000)
6.116 .... 15 packets received, 5270 bps, 65.88%, Err 0 (0.0e+000)
8.241 .... 23 packets received, 5922 bps, 74.03%, Err 0 (0.0e+000)
10.342 .... 31 packets received, 6314 bps, 78.93%, Err 0 (0.0e+000)
12.457 .... 39 packets received, 6563 bps, 82.04%, Err 1 (1.0e-005)
14.586 .... 47 packets received, 6732 bps, 84.15%, Err 1 (8.6e-006)
17.220 .... 52 packets received, 6289 bps, 78.62%, Err 2 (1.5e-005)
20.672 .... 55 packets received, 5526 bps, 69.07%, Err 3 (1.8e-005)
22.797 .... 63 packets received, 5732 bps, 71.65%, Err 3 (1.6e-005)
24.892 .... 71 packets received, 5910 bps, 73.87%, Err 4 (2.0e-005)
27.009 .... 79 packets received, 6055 bps, 75.68%, Err 4 (1.9e-005)
29.116 .... 87 packets received, 6180 bps, 77.26%, Err 4 (1.7e-005)
31.223 .... 95 packets received, 6289 bps, 78.61%, Err 5 (2.0e-005)
33.359 .... 103 packets received, 6378 bps, 79.73%, Err 5 (1.9e-005)
35.462 .... 111 packets received, 6463 bps, 80.78%, Err 5 (1.8e-005)
37.562 .... 119 packets received, 6538 bps, 81.73%, Err 5 (1.7e-005)
39.681 .... 127 packets received, 6602 bps, 82.53%, Err 5 (1.6e-005)
41.794 .... 135 packets received, 6661 bps, 83.26%, Err 5 (1.5e-005)
43.912 .... 143 packets received, 6713 bps, 83.92%, Err 5 (1.4e-005)
46.290 .... 145 packets received, 6455 bps, 80.69%, Err 6 (1.6e-005)
48.416 .... 153 packets received, 6511 bps, 81.38%, Err 6 (1.6e-005)
50.809 .... 155 packets received, 6283 bps, 78.54%, Err 6 (1.5e-005)
52.913 .... 163 packets received, 6343 bps, 79.29%, Err 6 (1.4e-005)
55.025 .... 171 packets received, 6398 bps, 79.97%, Err 6 (1.4e-005)
57.143 .... 179 packets received, 6448 bps, 80.60%, Err 6 (1.3e-005)
59.519 .... 181 packets received, 6258 bps, 78.23%, Err 6 (1.3e-005)
61.654 .... 189 packets received, 6307 bps, 78.84%, Err 6 (1.2e-005)
63.754 .... 197 packets received, 6357 bps, 79.46%, Err 6 (1.2e-005)
65.874 .... 205 packets received, 6401 bps, 80.02%, Err 6 (1.1e-005)
67.974 .... 213 packets received, 6445 bps, 80.56%, Err 6 (1.1e-005)
70.098 .... 221 packets received, 6483 bps, 81.04%, Err 6 (1.1e-005)
72.214 .... 229 packets received, 6520 bps, 81.50%, Err 6 (1.0e-005)
74.325 .... 237 packets received, 6556 bps, 81.95%, Err 6 (1.0e-005)
76.436 .... 245 packets received, 6589 bps, 82.36%, Err 6 (9.8e-006)
78.540 .... 253 packets received, 6621 bps, 82.77%, Err 6 (9.6e-006)
80.668 .... 261 packets received, 6650 bps, 83.12%, Err 6 (9.3e-006)
82.748 .... 269 packets received, 6681 bps, 83.51%, Err 6 (9.1e-006)
84.884 .... 277 packets received, 6706 bps, 83.82%, Err 6 (8.8e-006)
86.989 .... 285 packets received, 6732 bps, 84.15%, Err 6 (8.6e-006)
90.709 .... 292 packets received, 6614 bps, 82.67%, Err 6 (8.3e-006)
92.799 .... 300 packets received, 6641 bps, 83.02%, Err 6 (8.1e-006)
94.923 .... 308 packets received, 6665 bps, 83.32%, Err 7 (9.2e-006)
98.907 .... 316 packets received, 6562 bps, 82.03%, Err 8 (1.0e-005)
101.016 .... 324 packets received, 6587 bps, 82.34%, Err 8 (9.9e-006)
103.643 .... 327 packets received, 6480 bps, 80.99%, Err 9 (1.1e-005)
105.796 .... 335 packets received, 6503 bps, 81.28%, Err 9 (1.1e-005)
108.182 .... 337 packets received, 6397 bps, 79.96%, Err 9 (1.0e-005)
111.873 .... 344 packets received, 6314 bps, 78.92%, Err 9 (1.0e-005)
115.591 .... 351 packets received, 6234 bps, 77.93%, Err 9 (9.7e-006)
119.279 .... 358 packets received, 6162 bps, 77.02%, Err 10 (1.0e-005)
122.998 .... 365 packets received, 6092 bps, 76.15%, Err 10 (1.0e-005)
126.702 .... 372 packets received, 6027 bps, 75.33%, Err 10 (9.9e-006)
130.391 .... 379 packets received, 5966 bps, 74.57%, Err 10 (9.6e-006)
134.093 .... 386 packets received, 5908 bps, 73.85%, Err 10 (9.3e-006)
137.809 .... 393 packets received, 5853 bps, 73.16%, Err 10 (9.1e-006)
141.510 .... 400 packets received, 5801 bps, 72.51%, Err 10 (8.8e-006)
145.197 .... 407 packets received, 5752 bps, 71.90%, Err 10 (8.6e-006)
148.900 .... 414 packets received, 5705 bps, 71.32%, Err 10 (8.4e-006)
152.603 .... 421 packets received, 5661 bps, 70.76%, Err 12 (9.8e-006)
154.731 .... 422 packets received, 5596 bps, 69.95%, Err 12 (9.7e-006)
156.851 .... 430 packets received, 5625 bps, 70.31%, Err 12 (9.6e-006)
159.248 .... 432 packets received, 5566 bps, 69.57%, Err 12 (9.4e-006)
161.353 .... 440 packets received, 5595 bps, 69.93%, Err 12 (9.3e-006)
163.448 .... 448 packets received, 5623 bps, 70.29%, Err 12 (9.2e-006)
165.574 .... 456 packets received, 5650 bps, 70.63%, Err 12 (9.1e-006)
167.676 .... 464 packets received, 5677 bps, 70.96%, Err 12 (8.9e-006)
169.799 .... 472 packets received, 5703 bps, 71.28%, Err 12 (8.8e-006)
171.908 .... 480 packets received, 5728 bps, 71.60%, Err 13 (9.5e-006)
174.012 .... 488 packets received, 5753 bps, 71.91%, Err 13 (9.3e-006)
176.131 .... 496 packets received, 5777 bps, 72.21%, Err 13 (9.2e-006)
178.233 .... 504 packets received, 5801 bps, 72.51%, Err 13 (9.1e-006)
180.354 .... 512 packets received, 5823 bps, 72.79%, Err 13 (9.0e-006)
182.478 .... 520 packets received, 5845 bps, 73.07%, Err 13 (8.9e-006)
184.584 .... 528 packets received, 5867 bps, 73.34%, Err 14 (9.5e-006)
187.477 .... 532 packets received, 5820 bps, 72.76%, Err 15 (1.0e-005)
189.613 .... 540 packets received, 5841 bps, 73.02%, Err 15 (9.9e-006)
192.001 .... 542 packets received, 5790 bps, 72.37%, Err 15 (9.8e-006)
194.126 .... 550 packets received, 5811 bps, 72.64%, Err 15 (9.7e-006)
196.757 .... 553 packets received, 5764 bps, 72.06%, Err 16 (1.0e-005)
198.893 .... 561 packets received, 5785 bps, 72.31%, Err 16 (1.0e-005)
201.261 .... 563 packets received, 5737 bps, 71.71%, Err 17 (1.1e-005)
203.371 .... 564 packets received, 5688 bps, 71.10%, Err 17 (1.0e-005)
205.523 .... 572 packets received, 5708 bps, 71.35%, Err 17 (1.0e-005)
207.895 .... 574 packets received, 5662 bps, 70.78%, Err 17 (1.0e-005)
210.017 .... 582 packets received, 5683 bps, 71.04%, Err 17 (1.0e-005)
212.111 .... 590 packets received, 5704 bps, 71.30%, Err 17 (1.0e-005)
215.278 .... 595 packets received, 5668 bps, 70.85%, Err 18 (1.0e-005)
217.416 .... 603 packets received, 5688 bps, 71.10%, Err 18 (1.0e-005)
219.818 .... 605 packets received, 5644 bps, 70.55%, Err 18 (1.0e-005)
221.921 .... 613 packets received, 5664 bps, 70.81%, Err 18 (1.0e-005)
225.894 .... 621 packets received, 5637 bps, 70.47%, Err 18 (1.0e-005)
229.047 .... 626 packets received, 5604 bps, 70.05%, Err 19 (1.0e-005)
231.176 .... 634 packets received, 5624 bps, 70.30%, Err 19 (1.0e-005)
233.553 .... 636 packets received, 5584 bps, 69.80%, Err 19 (1.0e-005)
235.679 .... 644 packets received, 5603 bps, 70.04%, Err 19 (1.0e-005)
237.792 .... 652 packets received, 5622 bps, 70.28%, Err 19 (1.0e-005)
239.905 .... 660 packets received, 5641 bps, 70.51%, Err 19 (9.9e-006)
242.012 .... 668 packets received, 5660 bps, 70.74%, Err 19 (9.8e-006)
244.131 .... 676 packets received, 5678 bps, 70.97%, Err 19 (9.7e-006)
246.243 .... 684 packets received, 5695 bps, 71.19%, Err 19 (9.6e-006)
248.361 .... 692 packets received, 5713 bps, 71.41%, Err 19 (9.6e-006)
252.040 .... 699 packets received, 5686 bps, 71.08%, Err 20 (9.9e-006)
254.161 .... 707 packets received, 5703 bps, 71.29%, Err 20 (9.8e-006)
256.545 .... 709 packets received, 5666 bps, 70.83%, Err 20 (9.7e-006)
258.678 .... 717 packets received, 5683 bps, 71.04%, Err 20 (9.7e-006)
260.778 .... 725 packets received, 5700 bps, 71.25%, Err 20 (9.6e-006)
264.758 .... 733 packets received, 5676 bps, 70.95%, Err 20 (9.4e-006)
266.875 .... 741 packets received, 5693 bps, 71.16%, Err 20 (9.4e-006)
268.976 .... 749 packets received, 5709 bps, 71.36%, Err 20 (9.3e-006)
271.092 .... 757 packets received, 5725 bps, 71.56%, Err 20 (9.2e-006)
274.002 .... 761 packets received, 5694 bps, 71.17%, Err 21 (9.6e-006)
277.716 .... 768 packets received, 5669 bps, 70.87%, Err 21 (9.5e-006)
281.444 .... 775 packets received, 5645 bps, 70.57%, Err 21 (9.3e-006)
285.142 .... 782 packets received, 5622 bps, 70.28%, Err 21 (9.2e-006)
287.779 .... 785 packets received, 5592 bps, 69.90%, Err 22 (9.6e-006)
289.902 .... 793 packets received, 5608 bps, 70.10%, Err 22 (9.5e-006)
292.269 .... 795 packets received, 5576 bps, 69.70%, Err 23 (9.8e-006)
294.399 .... 803 packets received, 5592 bps, 69.89%, Err 23 (9.8e-006)
297.046 .... 806 packets received, 5562 bps, 69.53%, Err 24 (1.0e-005)
300.760 .... 813 packets received, 5541 bps, 69.27%, Err 24 (1.0e-005)
304.460 .... 820 packets received, 5521 bps, 69.01%, Err 25 (1.0e-005)
306.575 .... 828 packets received, 5536 bps, 69.21%, Err 25 (1.0e-005)
308.678 .... 836 packets received, 5552 bps, 69.40%, Err 25 (1.0e-005)
310.791 .... 844 packets received, 5567 bps, 69.58%, Err 25 (1.0e-005)
312.889 .... 852 packets received, 5582 bps, 69.77%, Err 25 (1.0e-005)
316.619 .... 859 packets received, 5561 bps, 69.52%, Err 25 (9.9e-006)
318.730 .... 867 packets received, 5576 bps, 69.70%, Err 25 (9.8e-006)
320.844 .... 875 packets received, 5590 bps, 69.88%, Err 25 (9.7e-006)
322.960 .... 883 packets received, 5604 bps, 70.05%, Err 25 (9.7e-006)
325.069 .... 891 packets received, 5618 bps, 70.23%, Err 25 (9.6e-006)
327.175 .... 899 packets received, 5632 bps, 70.40%, Err 25 (9.6e-006)
329.294 .... 907 packets received, 5646 bps, 70.57%, Err 25 (9.5e-006)
331.402 .... 915 packets received, 5659 bps, 70.74%, Err 25 (9.4e-006)
333.524 .... 923 packets received, 5673 bps, 70.91%, Err 25 (9.4e-006)
335.637 .... 931 packets received, 5686 bps, 71.07%, Err 25 (9.3e-006)
337.735 .... 939 packets received, 5699 bps, 71.24%, Err 25 (9.3e-006)
339.840 .... 947 packets received, 5712 bps, 71.40%, Err 25 (9.2e-006)
341.962 .... 955 packets received, 5724 bps, 71.55%, Err 25 (9.1e-006)
344.898 .... 959 packets received, 5699 bps, 71.24%, Err 26 (9.4e-006)
346.990 .... 967 packets received, 5712 bps, 71.40%, Err 27 (9.7e-006)
349.121 .... 975 packets received, 5724 bps, 71.55%, Err 27 (9.7e-006)
351.235 .... 983 packets received, 5736 bps, 71.71%, Err 27 (9.6e-006)
354.376 .... 988 packets received, 5714 bps, 71.43%, Err 27 (9.5e-006)
358.106 .... 995 packets received, 5695 bps, 71.19%, Err 27 (9.4e-006)
360.223 .... 1003 packets received, 5707 bps, 71.34%, Err 27 (9.4e-006)
364.181 .... 1011 packets received, 5690 bps, 71.12%, Err 28 (9.6e-006)
367.903 .... 1018 packets received, 5671 bps, 70.89%, Err 29 (9.9e-006)
370.016 .... 1026 packets received, 5683 bps, 71.04%, Err 29 (9.8e-006)
372.128 .... 1034 packets received, 5695 bps, 71.19%, Err 29 (9.7e-006)
374.234 .... 1042 packets received, 5707 bps, 71.33%, Err 29 (9.7e-006)
376.334 .... 1050 packets received, 5718 bps, 71.48%, Err 29 (9.6e-006)
378.448 .... 1058 packets received, 5730 bps, 71.62%, Err 29 (9.6e-006)
380.568 .... 1066 packets received, 5741 bps, 71.76%, Err 29 (9.5e-006)
382.685 .... 1074 packets received, 5752 bps, 71.90%, Err 29 (9.5e-006)
384.805 .... 1082 packets received, 5763 bps, 72.04%, Err 29 (9.4e-006)
386.911 .... 1090 packets received, 5774 bps, 72.17%, Err 29 (9.4e-006)
389.023 .... 1098 packets received, 5785 bps, 72.31%, Err 29 (9.3e-006)
391.137 .... 1106 packets received, 5795 bps, 72.44%, Err 29 (9.3e-006)
393.252 .... 1114 packets received, 5806 bps, 72.57%, Err 29 (9.2e-006)
397.207 .... 1122 packets received, 5789 bps, 72.37%, Err 30 (9.4e-006)
399.319 .... 1130 packets received, 5800 bps, 72.50%, Err 30 (9.4e-006)
401.983 .... 1133 packets received, 5776 bps, 72.21%, Err 30 (9.3e-006)
404.102 .... 1141 packets received, 5787 bps, 72.33%, Err 30 (9.3e-006)
406.195 .... 1149 packets received, 5797 bps, 72.47%, Err 30 (9.2e-006)
408.307 .... 1157 packets received, 5807 bps, 72.59%, Err 31 (9.5e-006)
410.435 .... 1158 packets received, 5782 bps, 72.28%, Err 31 (9.4e-006)
413.077 .... 1161 packets received, 5760 bps, 72.00%, Err 32 (9.7e-006)
415.217 .... 1169 packets received, 5770 bps, 72.12%, Err 32 (9.6e-006)
419.974 .... 1173 packets received, 5724 bps, 71.55%, Err 33 (9.8e-006)
422.102 .... 1181 packets received, 5734 bps, 71.68%, Err 33 (9.8e-006)
424.745 .... 1184 packets received, 5713 bps, 71.41%, Err 33 (9.7e-006)
426.863 .... 1192 packets received, 5723 bps, 71.54%, Err 33 (9.7e-006)
428.982 .... 1200 packets received, 5733 bps, 71.66%, Err 33 (9.6e-006)
431.089 .... 1208 packets received, 5743 bps, 71.78%, Err 33 (9.6e-006)
433.188 .... 1216 packets received, 5753 bps, 71.91%, Err 33 (9.5e-006)
437.180 .... 1224 packets received, 5738 bps, 71.72%, Err 33 (9.4e-006)
440.875 .... 1231 packets received, 5722 bps, 71.53%, Err 34 (9.6e-006)
443.007 .... 1239 packets received, 5732 bps, 71.64%, Err 34 (9.6e-006)
445.652 .... 1242 packets received, 5711 bps, 71.39%, Err 35 (9.8e-006)
447.761 .... 1250 packets received, 5721 bps, 71.51%, Err 35 (9.8e-006)
453.057 .... 1256 packets received, 5681 bps, 71.02%, Err 36 (9.9e-006)
455.195 .... 1264 packets received, 5691 bps, 71.13%, Err 36 (9.9e-006)
457.848 .... 1267 packets received, 5671 bps, 70.89%, Err 36 (9.8e-006)
461.562 .... 1274 packets received, 5656 bps, 70.70%, Err 37 (1.0e-005)
463.662 .... 1282 packets received, 5666 bps, 70.83%, Err 37 (1.0e-005)
466.836 .... 1287 packets received, 5650 bps, 70.62%, Err 38 (1.0e-005)
468.971 .... 1295 packets received, 5659 bps, 70.73%, Err 38 (1.0e-005)
471.617 .... 1298 packets received, 5640 bps, 70.50%, Err 38 (1.0e-005)
475.305 .... 1305 packets received, 5626 bps, 70.33%, Err 38 (1.0e-005)
477.431 .... 1313 packets received, 5636 bps, 70.45%, Err 39 (1.0e-005)
479.540 .... 1314 packets received, 5615 bps, 70.19%, Err 39 (1.0e-005)
481.677 .... 1322 packets received, 5624 bps, 70.30%, Err 39 (1.0e-005)
484.321 .... 1325 packets received, 5606 bps, 70.08%, Err 39 (1.0e-005)
486.426 .... 1333 packets received, 5616 bps, 70.20%, Err 39 (1.0e-005)
488.529 .... 1341 packets received, 5625 bps, 70.31%, Err 39 (1.0e-005)
490.646 .... 1349 packets received, 5634 bps, 70.43%, Err 39 (9.9e-006)
492.757 .... 1357 packets received, 5643 bps, 70.54%, Err 39 (9.9e-006)
494.862 .... 1365 packets received, 5652 bps, 70.65%, Err 39 (9.9e-006)
496.978 .... 1373 packets received, 5661 bps, 70.77%, Err 39 (9.8e-006)
500.963 .... 1381 packets received, 5649 bps, 70.61%, Err 40 (1.0e-005)
503.070 .... 1389 packets received, 5658 bps, 70.72%, Err 40 (9.9e-006)
505.188 .... 1397 packets received, 5667 bps, 70.83%, Err 40 (9.9e-006)
508.382 .... 1402 packets received, 5651 bps, 70.64%, Err 40 (9.8e-006)
510.491 .... 1410 packets received, 5660 bps, 70.75%, Err 40 (9.8e-006)
512.877 .... 1412 packets received, 5641 bps, 70.52%, Err 41 (1.0e-005)
515.003 .... 1420 packets received, 5650 bps, 70.63%, Err 41 (1.0e-005)
517.652 .... 1423 packets received, 5633 bps, 70.41%, Err 41 (9.9e-006)
519.761 .... 1431 packets received, 5642 bps, 70.52%, Err 41 (9.9e-006)
