C:\Users\Lao Shi\protocol_laoshi\laoshi_selective.exe -bu 
=========================================================================
                          Station B                                 
-------------------------------------------------------------------------
Protocol.lib, version 3.0, Build: Oct 19 2009 (jiangy@public3.bta.net.cn)
Channel: 8000 bps, 270 ms propagation delay, bit error rate 0
Log file "C:\Users\Lao Shi\protocol_laoshi\laoshi_selective-B.log", TCP port 59144, debug mask 0x00
Station B is connecting station A (TCP port 59144) ... Done.
New epoch: Mon May 09 20:25:00 2016
=========================================================================
2.579 .... 8 packets received, 7714 bps, 96.42%, Err 0 (0.0e+000)
4.754 .... 16 packets received, 7622 bps, 95.28%, Err 0 (0.0e+000)
6.917 .... 24 packets received, 7606 bps, 95.08%, Err 0 (0.0e+000)
9.087 .... 32 packets received, 7592 bps, 94.90%, Err 0 (0.0e+000)
11.259 .... 40 packets received, 7582 bps, 94.78%, Err 0 (0.0e+000)
13.434 .... 48 packets received, 7574 bps, 94.68%, Err 0 (0.0e+000)
15.588 .... 56 packets received, 7579 bps, 94.73%, Err 0 (0.0e+000)
17.771 .... 64 packets received, 7569 bps, 94.62%, Err 0 (0.0e+000)
19.925 .... 72 packets received, 7573 bps, 94.67%, Err 0 (0.0e+000)
22.110 .... 80 packets received, 7566 bps, 94.57%, Err 0 (0.0e+000)
24.277 .... 88 packets received, 7565 bps, 94.57%, Err 0 (0.0e+000)
26.446 .... 96 packets received, 7564 bps, 94.56%, Err 0 (0.0e+000)
28.605 .... 104 packets received, 7566 bps, 94.58%, Err 0 (0.0e+000)
30.777 .... 112 packets received, 7565 bps, 94.56%, Err 0 (0.0e+000)
32.936 .... 120 packets received, 7566 bps, 94.58%, Err 0 (0.0e+000)
35.106 .... 128 packets received, 7565 bps, 94.57%, Err 0 (0.0e+000)
37.280 .... 136 packets received, 7564 bps, 94.54%, Err 0 (0.0e+000)
39.452 .... 144 packets received, 7562 bps, 94.53%, Err 0 (0.0e+000)
41.624 .... 152 packets received, 7561 bps, 94.52%, Err 0 (0.0e+000)
43.793 .... 160 packets received, 7561 bps, 94.51%, Err 0 (0.0e+000)
45.948 .... 168 packets received, 7563 bps, 94.54%, Err 0 (0.0e+000)
48.107 .... 176 packets received, 7564 bps, 94.55%, Err 0 (0.0e+000)
50.290 .... 184 packets received, 7562 bps, 94.52%, Err 0 (0.0e+000)
52.456 .... 192 packets received, 7562 bps, 94.52%, Err 0 (0.0e+000)
54.611 .... 200 packets received, 7563 bps, 94.54%, Err 0 (0.0e+000)
56.779 .... 208 packets received, 7563 bps, 94.54%, Err 0 (0.0e+000)
58.965 .... 216 packets received, 7561 bps, 94.51%, Err 0 (0.0e+000)
61.133 .... 224 packets received, 7560 bps, 94.51%, Err 0 (0.0e+000)
63.297 .... 232 packets received, 7561 bps, 94.51%, Err 0 (0.0e+000)
65.466 .... 240 packets received, 7561 bps, 94.51%, Err 0 (0.0e+000)
67.633 .... 248 packets received, 7561 bps, 94.51%, Err 0 (0.0e+000)
69.788 .... 256 packets received, 7562 bps, 94.52%, Err 0 (0.0e+000)
71.975 .... 264 packets received, 7560 bps, 94.50%, Err 0 (0.0e+000)
74.119 .... 272 packets received, 7562 bps, 94.53%, Err 0 (0.0e+000)
76.307 .... 280 packets received, 7560 bps, 94.50%, Err 0 (0.0e+000)
78.460 .... 288 packets received, 7561 bps, 94.52%, Err 0 (0.0e+000)
80.645 .... 296 packets received, 7560 bps, 94.50%, Err 0 (0.0e+000)
82.814 .... 304 packets received, 7559 bps, 94.49%, Err 0 (0.0e+000)
84.968 .... 312 packets received, 7561 bps, 94.51%, Err 0 (0.0e+000)
87.153 .... 320 packets received, 7559 bps, 94.49%, Err 0 (0.0e+000)
89.318 .... 328 packets received, 7559 bps, 94.49%, Err 0 (0.0e+000)
91.471 .... 336 packets received, 7561 bps, 94.51%, Err 0 (0.0e+000)
93.659 .... 344 packets received, 7559 bps, 94.49%, Err 0 (0.0e+000)
95.825 .... 352 packets received, 7559 bps, 94.49%, Err 0 (0.0e+000)
97.980 .... 360 packets received, 7560 bps, 94.50%, Err 0 (0.0e+000)
100.150 .... 368 packets received, 7560 bps, 94.50%, Err 0 (0.0e+000)
102.285 .... 376 packets received, 7562 bps, 94.53%, Err 0 (0.0e+000)
104.401 .... 384 packets received, 7566 bps, 94.57%, Err 0 (0.0e+000)
106.515 .... 392 packets received, 7569 bps, 94.62%, Err 0 (0.0e+000)
108.643 .... 400 packets received, 7572 bps, 94.65%, Err 0 (0.0e+000)
110.746 .... 408 packets received, 7576 bps, 94.70%, Err 0 (0.0e+000)
112.866 .... 416 packets received, 7579 bps, 94.74%, Err 0 (0.0e+000)
114.995 .... 424 packets received, 7581 bps, 94.77%, Err 0 (0.0e+000)
117.081 .... 432 packets received, 7586 bps, 94.83%, Err 0 (0.0e+000)
119.212 .... 440 packets received, 7588 bps, 94.85%, Err 0 (0.0e+000)
121.344 .... 448 packets received, 7590 bps, 94.87%, Err 0 (0.0e+000)
123.443 .... 456 packets received, 7593 bps, 94.92%, Err 0 (0.0e+000)
125.561 .... 464 packets received, 7596 bps, 94.95%, Err 0 (0.0e+000)
127.691 .... 472 packets received, 7597 bps, 94.97%, Err 0 (0.0e+000)
129.782 .... 480 packets received, 7601 bps, 95.01%, Err 0 (0.0e+000)
131.902 .... 488 packets received, 7603 bps, 95.04%, Err 0 (0.0e+000)
134.013 .... 496 packets received, 7606 bps, 95.07%, Err 0 (0.0e+000)
136.133 .... 504 packets received, 7608 bps, 95.10%, Err 0 (0.0e+000)
138.265 .... 512 packets received, 7609 bps, 95.11%, Err 0 (0.0e+000)
140.350 .... 520 packets received, 7613 bps, 95.16%, Err 0 (0.0e+000)
142.472 .... 528 packets received, 7614 bps, 95.18%, Err 0 (0.0e+000)
144.586 .... 536 packets received, 7616 bps, 95.20%, Err 0 (0.0e+000)
146.704 .... 544 packets received, 7618 bps, 95.22%, Err 0 (0.0e+000)
148.824 .... 552 packets received, 7619 bps, 95.24%, Err 0 (0.0e+000)
150.940 .... 560 packets received, 7621 bps, 95.27%, Err 0 (0.0e+000)
153.043 .... 568 packets received, 7624 bps, 95.29%, Err 0 (0.0e+000)
155.163 .... 576 packets received, 7625 bps, 95.31%, Err 0 (0.0e+000)
157.267 .... 584 packets received, 7627 bps, 95.34%, Err 0 (0.0e+000)
159.384 .... 592 packets received, 7629 bps, 95.36%, Err 0 (0.0e+000)
161.488 .... 600 packets received, 7631 bps, 95.38%, Err 0 (0.0e+000)
163.607 .... 608 packets received, 7632 bps, 95.40%, Err 0 (0.0e+000)
165.722 .... 616 packets received, 7634 bps, 95.42%, Err 0 (0.0e+000)
167.850 .... 624 packets received, 7634 bps, 95.43%, Err 0 (0.0e+000)
169.963 .... 632 packets received, 7636 bps, 95.45%, Err 0 (0.0e+000)
172.078 .... 640 packets received, 7637 bps, 95.47%, Err 0 (0.0e+000)
174.195 .... 648 packets received, 7638 bps, 95.48%, Err 0 (0.0e+000)
176.310 .... 656 packets received, 7640 bps, 95.50%, Err 0 (0.0e+000)
178.427 .... 664 packets received, 7641 bps, 95.51%, Err 0 (0.0e+000)
180.543 .... 672 packets received, 7642 bps, 95.53%, Err 0 (0.0e+000)
182.646 .... 680 packets received, 7644 bps, 95.55%, Err 0 (0.0e+000)
184.767 .... 688 packets received, 7645 bps, 95.56%, Err 0 (0.0e+000)
186.871 .... 696 packets received, 7646 bps, 95.58%, Err 0 (0.0e+000)
188.991 .... 704 packets received, 7647 bps, 95.59%, Err 0 (0.0e+000)
191.104 .... 712 packets received, 7648 bps, 95.61%, Err 0 (0.0e+000)
193.220 .... 720 packets received, 7650 bps, 95.62%, Err 0 (0.0e+000)
195.324 .... 728 packets received, 7651 bps, 95.64%, Err 0 (0.0e+000)
197.440 .... 736 packets received, 7652 bps, 95.65%, Err 0 (0.0e+000)
199.560 .... 744 packets received, 7653 bps, 95.66%, Err 0 (0.0e+000)
201.681 .... 752 packets received, 7654 bps, 95.67%, Err 0 (0.0e+000)
203.804 .... 760 packets received, 7654 bps, 95.68%, Err 0 (0.0e+000)
205.957 .... 768 packets received, 7654 bps, 95.67%, Err 0 (0.0e+000)
208.128 .... 776 packets received, 7653 bps, 95.66%, Err 0 (0.0e+000)
210.315 .... 784 packets received, 7651 bps, 95.64%, Err 0 (0.0e+000)
212.483 .... 792 packets received, 7650 bps, 95.63%, Err 0 (0.0e+000)
214.636 .... 800 packets received, 7650 bps, 95.62%, Err 0 (0.0e+000)
216.806 .... 808 packets received, 7649 bps, 95.61%, Err 0 (0.0e+000)
218.963 .... 816 packets received, 7648 bps, 95.60%, Err 0 (0.0e+000)
221.142 .... 824 packets received, 7647 bps, 95.59%, Err 0 (0.0e+000)
223.304 .... 832 packets received, 7646 bps, 95.58%, Err 0 (0.0e+000)
225.474 .... 840 packets received, 7645 bps, 95.57%, Err 0 (0.0e+000)
227.648 .... 848 packets received, 7644 bps, 95.55%, Err 0 (0.0e+000)
229.818 .... 856 packets received, 7643 bps, 95.54%, Err 0 (0.0e+000)
231.972 .... 864 packets received, 7643 bps, 95.54%, Err 0 (0.0e+000)
234.157 .... 872 packets received, 7642 bps, 95.52%, Err 0 (0.0e+000)
236.328 .... 880 packets received, 7641 bps, 95.51%, Err 0 (0.0e+000)
238.489 .... 888 packets received, 7640 bps, 95.50%, Err 0 (0.0e+000)
240.664 .... 896 packets received, 7639 bps, 95.49%, Err 0 (0.0e+000)
242.816 .... 904 packets received, 7639 bps, 95.49%, Err 0 (0.0e+000)
244.988 .... 912 packets received, 7638 bps, 95.48%, Err 0 (0.0e+000)
247.160 .... 920 packets received, 7637 bps, 95.47%, Err 0 (0.0e+000)
249.331 .... 928 packets received, 7637 bps, 95.46%, Err 0 (0.0e+000)
251.499 .... 936 packets received, 7636 bps, 95.45%, Err 0 (0.0e+000)
253.654 .... 944 packets received, 7636 bps, 95.44%, Err 0 (0.0e+000)
255.828 .... 952 packets received, 7635 bps, 95.43%, Err 0 (0.0e+000)
257.997 .... 960 packets received, 7634 bps, 95.43%, Err 0 (0.0e+000)
260.165 .... 968 packets received, 7633 bps, 95.42%, Err 0 (0.0e+000)
262.335 .... 976 packets received, 7633 bps, 95.41%, Err 0 (0.0e+000)
264.504 .... 984 packets received, 7632 bps, 95.40%, Err 0 (0.0e+000)
266.675 .... 992 packets received, 7631 bps, 95.39%, Err 0 (0.0e+000)
268.846 .... 1000 packets received, 7631 bps, 95.38%, Err 0 (0.0e+000)
270.990 .... 1008 packets received, 7631 bps, 95.38%, Err 0 (0.0e+000)
273.163 .... 1016 packets received, 7630 bps, 95.38%, Err 0 (0.0e+000)
275.347 .... 1024 packets received, 7629 bps, 95.36%, Err 0 (0.0e+000)
277.514 .... 1032 packets received, 7628 bps, 95.36%, Err 0 (0.0e+000)
279.670 .... 1040 packets received, 7628 bps, 95.35%, Err 0 (0.0e+000)
281.830 .... 1048 packets received, 7628 bps, 95.35%, Err 0 (0.0e+000)
284.019 .... 1056 packets received, 7627 bps, 95.34%, Err 0 (0.0e+000)
286.190 .... 1064 packets received, 7626 bps, 95.33%, Err 0 (0.0e+000)
288.352 .... 1072 packets received, 7626 bps, 95.32%, Err 0 (0.0e+000)
290.506 .... 1080 packets received, 7626 bps, 95.32%, Err 0 (0.0e+000)
292.691 .... 1088 packets received, 7625 bps, 95.31%, Err 0 (0.0e+000)
294.851 .... 1096 packets received, 7624 bps, 95.31%, Err 0 (0.0e+000)
297.024 .... 1104 packets received, 7624 bps, 95.30%, Err 0 (0.0e+000)
299.197 .... 1112 packets received, 7623 bps, 95.29%, Err 0 (0.0e+000)
301.369 .... 1120 packets received, 7623 bps, 95.28%, Err 0 (0.0e+000)
303.471 .... 1128 packets received, 7624 bps, 95.30%, Err 0 (0.0e+000)
305.596 .... 1136 packets received, 7624 bps, 95.31%, Err 0 (0.0e+000)
307.700 .... 1144 packets received, 7626 bps, 95.32%, Err 0 (0.0e+000)
309.833 .... 1152 packets received, 7626 bps, 95.32%, Err 0 (0.0e+000)
311.917 .... 1160 packets received, 7628 bps, 95.34%, Err 0 (0.0e+000)
314.052 .... 1168 packets received, 7628 bps, 95.35%, Err 0 (0.0e+000)
316.154 .... 1176 packets received, 7629 bps, 95.36%, Err 0 (0.0e+000)
318.265 .... 1184 packets received, 7630 bps, 95.37%, Err 0 (0.0e+000)
320.374 .... 1192 packets received, 7631 bps, 95.38%, Err 0 (0.0e+000)
322.508 .... 1200 packets received, 7631 bps, 95.39%, Err 0 (0.0e+000)
324.611 .... 1208 packets received, 7632 bps, 95.40%, Err 0 (0.0e+000)
326.714 .... 1216 packets received, 7633 bps, 95.41%, Err 0 (0.0e+000)
328.835 .... 1224 packets received, 7634 bps, 95.42%, Err 0 (0.0e+000)
330.873 .... 1231 packets received, 7630 bps, 95.37%, Err 0 (0.0e+000)
332.972 .... 1239 packets received, 7631 bps, 95.39%, Err 0 (0.0e+000)
335.094 .... 1247 packets received, 7632 bps, 95.40%, Err 0 (0.0e+000)
337.197 .... 1255 packets received, 7633 bps, 95.41%, Err 0 (0.0e+000)
339.335 .... 1263 packets received, 7633 bps, 95.41%, Err 0 (0.0e+000)
341.450 .... 1271 packets received, 7634 bps, 95.42%, Err 0 (0.0e+000)
343.566 .... 1279 packets received, 7634 bps, 95.43%, Err 0 (0.0e+000)
345.655 .... 1287 packets received, 7636 bps, 95.44%, Err 0 (0.0e+000)
347.790 .... 1295 packets received, 7636 bps, 95.45%, Err 0 (0.0e+000)
349.896 .... 1303 packets received, 7637 bps, 95.46%, Err 0 (0.0e+000)
351.998 .... 1311 packets received, 7638 bps, 95.47%, Err 0 (0.0e+000)
354.119 .... 1319 packets received, 7638 bps, 95.48%, Err 0 (0.0e+000)
356.237 .... 1327 packets received, 7639 bps, 95.48%, Err 0 (0.0e+000)
358.356 .... 1335 packets received, 7639 bps, 95.49%, Err 0 (0.0e+000)
360.474 .... 1343 packets received, 7640 bps, 95.50%, Err 0 (0.0e+000)
362.581 .... 1351 packets received, 7641 bps, 95.51%, Err 0 (0.0e+000)
364.683 .... 1359 packets received, 7641 bps, 95.52%, Err 0 (0.0e+000)
366.810 .... 1367 packets received, 7642 bps, 95.52%, Err 0 (0.0e+000)
368.913 .... 1375 packets received, 7643 bps, 95.53%, Err 0 (0.0e+000)
371.021 .... 1383 packets received, 7643 bps, 95.54%, Err 0 (0.0e+000)
373.158 .... 1391 packets received, 7644 bps, 95.54%, Err 0 (0.0e+000)
375.264 .... 1399 packets received, 7644 bps, 95.55%, Err 0 (0.0e+000)
377.385 .... 1407 packets received, 7645 bps, 95.56%, Err 0 (0.0e+000)
379.492 .... 1415 packets received, 7645 bps, 95.57%, Err 0 (0.0e+000)
381.601 .... 1423 packets received, 7646 bps, 95.58%, Err 0 (0.0e+000)
383.716 .... 1431 packets received, 7647 bps, 95.58%, Err 0 (0.0e+000)
385.824 .... 1439 packets received, 7647 bps, 95.59%, Err 0 (0.0e+000)
387.942 .... 1447 packets received, 7648 bps, 95.60%, Err 0 (0.0e+000)
390.059 .... 1455 packets received, 7648 bps, 95.60%, Err 0 (0.0e+000)
392.174 .... 1463 packets received, 7649 bps, 95.61%, Err 0 (0.0e+000)
394.282 .... 1471 packets received, 7650 bps, 95.62%, Err 0 (0.0e+000)
396.397 .... 1479 packets received, 7650 bps, 95.63%, Err 0 (0.0e+000)
398.520 .... 1487 packets received, 7650 bps, 95.63%, Err 0 (0.0e+000)
400.625 .... 1495 packets received, 7651 bps, 95.64%, Err 0 (0.0e+000)
402.739 .... 1503 packets received, 7652 bps, 95.65%, Err 0 (0.0e+000)
404.899 .... 1511 packets received, 7651 bps, 95.64%, Err 0 (0.0e+000)
407.042 .... 1519 packets received, 7651 bps, 95.64%, Err 0 (0.0e+000)
409.226 .... 1527 packets received, 7650 bps, 95.63%, Err 0 (0.0e+000)
411.385 .... 1535 packets received, 7650 bps, 95.63%, Err 0 (0.0e+000)
413.552 .... 1543 packets received, 7650 bps, 95.62%, Err 0 (0.0e+000)
415.723 .... 1551 packets received, 7649 bps, 95.61%, Err 0 (0.0e+000)
417.892 .... 1559 packets received, 7649 bps, 95.61%, Err 0 (0.0e+000)
420.077 .... 1567 packets received, 7648 bps, 95.60%, Err 0 (0.0e+000)
422.231 .... 1575 packets received, 7648 bps, 95.60%, Err 0 (0.0e+000)
424.392 .... 1583 packets received, 7647 bps, 95.59%, Err 0 (0.0e+000)
426.557 .... 1591 packets received, 7647 bps, 95.59%, Err 0 (0.0e+000)
428.727 .... 1599 packets received, 7646 bps, 95.58%, Err 0 (0.0e+000)
430.917 .... 1607 packets received, 7646 bps, 95.57%, Err 0 (0.0e+000)
433.070 .... 1615 packets received, 7645 bps, 95.57%, Err 0 (0.0e+000)
435.240 .... 1623 packets received, 7645 bps, 95.56%, Err 0 (0.0e+000)
437.421 .... 1631 packets received, 7644 bps, 95.55%, Err 0 (0.0e+000)
439.582 .... 1639 packets received, 7644 bps, 95.55%, Err 0 (0.0e+000)
441.751 .... 1647 packets received, 7644 bps, 95.54%, Err 0 (0.0e+000)
443.924 .... 1655 packets received, 7643 bps, 95.54%, Err 0 (0.0e+000)
446.084 .... 1663 packets received, 7643 bps, 95.53%, Err 0 (0.0e+000)
448.254 .... 1671 packets received, 7642 bps, 95.53%, Err 0 (0.0e+000)
450.410 .... 1679 packets received, 7642 bps, 95.53%, Err 0 (0.0e+000)
452.578 .... 1687 packets received, 7642 bps, 95.52%, Err 0 (0.0e+000)
454.747 .... 1695 packets received, 7641 bps, 95.52%, Err 0 (0.0e+000)
456.916 .... 1703 packets received, 7641 bps, 95.51%, Err 0 (0.0e+000)
459.092 .... 1711 packets received, 7640 bps, 95.50%, Err 0 (0.0e+000)
461.246 .... 1719 packets received, 7640 bps, 95.50%, Err 0 (0.0e+000)
463.419 .... 1727 packets received, 7640 bps, 95.50%, Err 0 (0.0e+000)
465.593 .... 1735 packets received, 7639 bps, 95.49%, Err 0 (0.0e+000)
467.766 .... 1743 packets received, 7639 bps, 95.48%, Err 0 (0.0e+000)
469.935 .... 1751 packets received, 7638 bps, 95.48%, Err 0 (0.0e+000)
472.094 .... 1759 packets received, 7638 bps, 95.48%, Err 0 (0.0e+000)
474.262 .... 1767 packets received, 7638 bps, 95.47%, Err 0 (0.0e+000)
476.432 .... 1775 packets received, 7637 bps, 95.47%, Err 0 (0.0e+000)
478.587 .... 1783 packets received, 7637 bps, 95.46%, Err 0 (0.0e+000)
480.774 .... 1791 packets received, 7637 bps, 95.46%, Err 0 (0.0e+000)
482.930 .... 1799 packets received, 7636 bps, 95.45%, Err 0 (0.0e+000)
485.100 .... 1807 packets received, 7636 bps, 95.45%, Err 0 (0.0e+000)
487.258 .... 1815 packets received, 7636 bps, 95.45%, Err 0 (0.0e+000)
489.430 .... 1823 packets received, 7635 bps, 95.44%, Err 0 (0.0e+000)
491.597 .... 1831 packets received, 7635 bps, 95.44%, Err 0 (0.0e+000)
493.769 .... 1839 packets received, 7635 bps, 95.43%, Err 0 (0.0e+000)
495.941 .... 1847 packets received, 7634 bps, 95.43%, Err 0 (0.0e+000)
498.101 .... 1855 packets received, 7634 bps, 95.43%, Err 0 (0.0e+000)
500.283 .... 1863 packets received, 7633 bps, 95.42%, Err 0 (0.0e+000)
502.425 .... 1871 packets received, 7634 bps, 95.42%, Err 0 (0.0e+000)
504.545 .... 1879 packets received, 7634 bps, 95.42%, Err 0 (0.0e+000)
506.649 .... 1887 packets received, 7635 bps, 95.43%, Err 0 (0.0e+000)
508.771 .... 1895 packets received, 7635 bps, 95.44%, Err 0 (0.0e+000)
510.889 .... 1903 packets received, 7635 bps, 95.44%, Err 0 (0.0e+000)
512.988 .... 1911 packets received, 7636 bps, 95.45%, Err 0 (0.0e+000)
515.116 .... 1919 packets received, 7636 bps, 95.45%, Err 0 (0.0e+000)
517.218 .... 1927 packets received, 7637 bps, 95.46%, Err 0 (0.0e+000)
519.332 .... 1935 packets received, 7637 bps, 95.47%, Err 0 (0.0e+000)
521.439 .... 1943 packets received, 7638 bps, 95.47%, Err 0 (0.0e+000)
523.569 .... 1951 packets received, 7638 bps, 95.48%, Err 0 (0.0e+000)
525.674 .... 1959 packets received, 7639 bps, 95.48%, Err 0 (0.0e+000)
527.793 .... 1967 packets received, 7639 bps, 95.49%, Err 0 (0.0e+000)
529.910 .... 1975 packets received, 7640 bps, 95.49%, Err 0 (0.0e+000)
532.013 .... 1983 packets received, 7640 bps, 95.50%, Err 0 (0.0e+000)
534.115 .... 1991 packets received, 7641 bps, 95.51%, Err 0 (0.0e+000)
536.249 .... 1999 packets received, 7641 bps, 95.51%, Err 0 (0.0e+000)
538.354 .... 2007 packets received, 7641 bps, 95.52%, Err 0 (0.0e+000)
540.475 .... 2015 packets received, 7642 bps, 95.52%, Err 0 (0.0e+000)
542.591 .... 2023 packets received, 7642 bps, 95.53%, Err 0 (0.0e+000)
544.696 .... 2031 packets received, 7643 bps, 95.53%, Err 0 (0.0e+000)
546.800 .... 2039 packets received, 7643 bps, 95.54%, Err 0 (0.0e+000)
548.938 .... 2047 packets received, 7643 bps, 95.54%, Err 0 (0.0e+000)
551.047 .... 2055 packets received, 7644 bps, 95.55%, Err 0 (0.0e+000)
553.152 .... 2063 packets received, 7644 bps, 95.55%, Err 0 (0.0e+000)
555.270 .... 2071 packets received, 7645 bps, 95.56%, Err 0 (0.0e+000)
557.389 .... 2079 packets received, 7645 bps, 95.56%, Err 0 (0.0e+000)
559.495 .... 2087 packets received, 7646 bps, 95.57%, Err 0 (0.0e+000)
561.606 .... 2095 packets received, 7646 bps, 95.57%, Err 0 (0.0e+000)
563.723 .... 2103 packets received, 7646 bps, 95.58%, Err 0 (0.0e+000)
565.856 .... 2111 packets received, 7646 bps, 95.58%, Err 0 (0.0e+000)
567.959 .... 2119 packets received, 7647 bps, 95.59%, Err 0 (0.0e+000)
570.061 .... 2127 packets received, 7648 bps, 95.59%, Err 0 (0.0e+000)
572.193 .... 2135 packets received, 7648 bps, 95.60%, Err 0 (0.0e+000)
574.297 .... 2143 packets received, 7648 bps, 95.60%, Err 0 (0.0e+000)
576.402 .... 2151 packets received, 7649 bps, 95.61%, Err 0 (0.0e+000)
578.509 .... 2159 packets received, 7649 bps, 95.61%, Err 0 (0.0e+000)
580.643 .... 2167 packets received, 7649 bps, 95.62%, Err 0 (0.0e+000)
582.746 .... 2175 packets received, 7650 bps, 95.62%, Err 0 (0.0e+000)
584.856 .... 2183 packets received, 7650 bps, 95.63%, Err 0 (0.0e+000)
586.979 .... 2191 packets received, 7650 bps, 95.63%, Err 0 (0.0e+000)
589.112 .... 2199 packets received, 7651 bps, 95.63%, Err 0 (0.0e+000)
591.217 .... 2207 packets received, 7651 bps, 95.64%, Err 0 (0.0e+000)
593.324 .... 2215 packets received, 7651 bps, 95.64%, Err 0 (0.0e+000)
595.444 .... 2223 packets received, 7652 bps, 95.65%, Err 0 (0.0e+000)
597.569 .... 2231 packets received, 7652 bps, 95.65%, Err 0 (0.0e+000)
599.692 .... 2239 packets received, 7652 bps, 95.65%, Err 0 (0.0e+000)
601.805 .... 2247 packets received, 7653 bps, 95.66%, Err 0 (0.0e+000)
603.972 .... 2255 packets received, 7652 bps, 95.65%, Err 0 (0.0e+000)
606.142 .... 2263 packets received, 7652 bps, 95.65%, Err 0 (0.0e+000)
608.310 .... 2271 packets received, 7652 bps, 95.64%, Err 0 (0.0e+000)
610.495 .... 2279 packets received, 7651 bps, 95.64%, Err 0 (0.0e+000)
612.649 .... 2287 packets received, 7651 bps, 95.64%, Err 0 (0.0e+000)
614.821 .... 2295 packets received, 7650 bps, 95.63%, Err 0 (0.0e+000)
616.996 .... 2303 packets received, 7650 bps, 95.63%, Err 0 (0.0e+000)
619.153 .... 2311 packets received, 7650 bps, 95.62%, Err 0 (0.0e+000)
621.328 .... 2319 packets received, 7649 bps, 95.62%, Err 0 (0.0e+000)
623.487 .... 2327 packets received, 7649 bps, 95.61%, Err 0 (0.0e+000)
625.658 .... 2335 packets received, 7649 bps, 95.61%, Err 0 (0.0e+000)
627.824 .... 2343 packets received, 7649 bps, 95.61%, Err 0 (0.0e+000)
630.001 .... 2351 packets received, 7648 bps, 95.60%, Err 0 (0.0e+000)
632.153 .... 2359 packets received, 7648 bps, 95.60%, Err 0 (0.0e+000)
634.337 .... 2367 packets received, 7648 bps, 95.59%, Err 0 (0.0e+000)
636.496 .... 2375 packets received, 7647 bps, 95.59%, Err 0 (0.0e+000)
638.660 .... 2383 packets received, 7647 bps, 95.59%, Err 0 (0.0e+000)
640.827 .... 2391 packets received, 7647 bps, 95.58%, Err 0 (0.0e+000)
643.000 .... 2399 packets received, 7646 bps, 95.58%, Err 0 (0.0e+000)
645.175 .... 2407 packets received, 7646 bps, 95.58%, Err 0 (0.0e+000)
647.343 .... 2415 packets received, 7646 bps, 95.57%, Err 0 (0.0e+000)
649.513 .... 2423 packets received, 7645 bps, 95.57%, Err 0 (0.0e+000)
651.671 .... 2431 packets received, 7645 bps, 95.57%, Err 0 (0.0e+000)
653.828 .... 2439 packets received, 7645 bps, 95.56%, Err 0 (0.0e+000)
656.012 .... 2447 packets received, 7645 bps, 95.56%, Err 0 (0.0e+000)
658.183 .... 2455 packets received, 7644 bps, 95.55%, Err 0 (0.0e+000)
660.336 .... 2463 packets received, 7644 bps, 95.55%, Err 0 (0.0e+000)
662.510 .... 2471 packets received, 7644 bps, 95.55%, Err 0 (0.0e+000)
664.696 .... 2479 packets received, 7643 bps, 95.54%, Err 0 (0.0e+000)
666.850 .... 2487 packets received, 7643 bps, 95.54%, Err 0 (0.0e+000)
669.020 .... 2495 packets received, 7643 bps, 95.54%, Err 0 (0.0e+000)
671.174 .... 2503 packets received, 7643 bps, 95.53%, Err 0 (0.0e+000)
673.362 .... 2511 packets received, 7642 bps, 95.53%, Err 0 (0.0e+000)
675.533 .... 2519 packets received, 7642 bps, 95.52%, Err 0 (0.0e+000)
677.689 .... 2527 packets received, 7642 bps, 95.52%, Err 0 (0.0e+000)
679.857 .... 2535 packets received, 7642 bps, 95.52%, Err 0 (0.0e+000)
682.029 .... 2543 packets received, 7641 bps, 95.52%, Err 0 (0.0e+000)
684.192 .... 2551 packets received, 7641 bps, 95.51%, Err 0 (0.0e+000)
686.348 .... 2559 packets received, 7641 bps, 95.51%, Err 0 (0.0e+000)
688.535 .... 2567 packets received, 7640 bps, 95.51%, Err 0 (0.0e+000)
690.706 .... 2575 packets received, 7640 bps, 95.50%, Err 0 (0.0e+000)
692.852 .... 2583 packets received, 7640 bps, 95.50%, Err 0 (0.0e+000)
695.042 .... 2591 packets received, 7640 bps, 95.50%, Err 0 (0.0e+000)
697.187 .... 2599 packets received, 7640 bps, 95.49%, Err 0 (0.0e+000)
699.372 .... 2607 packets received, 7639 bps, 95.49%, Err 0 (0.0e+000)
701.543 .... 2615 packets received, 7639 bps, 95.49%, Err 0 (0.0e+000)
703.647 .... 2623 packets received, 7639 bps, 95.49%, Err 0 (0.0e+000)
705.758 .... 2631 packets received, 7640 bps, 95.50%, Err 0 (0.0e+000)
707.875 .... 2639 packets received, 7640 bps, 95.50%, Err 0 (0.0e+000)
709.994 .... 2647 packets received, 7640 bps, 95.50%, Err 0 (0.0e+000)
712.099 .... 2655 packets received, 7641 bps, 95.51%, Err 0 (0.0e+000)
714.218 .... 2663 packets received, 7641 bps, 95.51%, Err 0 (0.0e+000)
716.339 .... 2671 packets received, 7641 bps, 95.51%, Err 0 (0.0e+000)
718.441 .... 2679 packets received, 7642 bps, 95.52%, Err 0 (0.0e+000)
720.545 .... 2687 packets received, 7642 bps, 95.53%, Err 0 (0.0e+000)
722.666 .... 2695 packets received, 7642 bps, 95.53%, Err 0 (0.0e+000)
724.770 .... 2703 packets received, 7643 bps, 95.53%, Err 0 (0.0e+000)
726.904 .... 2711 packets received, 7643 bps, 95.54%, Err 0 (0.0e+000)
729.017 .... 2719 packets received, 7643 bps, 95.54%, Err 0 (0.0e+000)
731.137 .... 2727 packets received, 7643 bps, 95.54%, Err 0 (0.0e+000)
733.259 .... 2735 packets received, 7644 bps, 95.55%, Err 0 (0.0e+000)
735.347 .... 2743 packets received, 7644 bps, 95.55%, Err 0 (0.0e+000)
737.484 .... 2751 packets received, 7644 bps, 95.55%, Err 0 (0.0e+000)
739.583 .... 2759 packets received, 7645 bps, 95.56%, Err 0 (0.0e+000)
741.689 .... 2767 packets received, 7645 bps, 95.56%, Err 0 (0.0e+000)
743.829 .... 2775 packets received, 7645 bps, 95.56%, Err 0 (0.0e+000)
745.934 .... 2783 packets received, 7646 bps, 95.57%, Err 0 (0.0e+000)
748.037 .... 2791 packets received, 7646 bps, 95.57%, Err 0 (0.0e+000)
750.172 .... 2799 packets received, 7646 bps, 95.58%, Err 0 (0.0e+000)
752.278 .... 2807 packets received, 7646 bps, 95.58%, Err 0 (0.0e+000)
754.391 .... 2815 packets received, 7647 bps, 95.58%, Err 0 (0.0e+000)
756.504 .... 2823 packets received, 7647 bps, 95.59%, Err 0 (0.0e+000)
758.630 .... 2831 packets received, 7647 bps, 95.59%, Err 0 (0.0e+000)
760.745 .... 2839 packets received, 7647 bps, 95.59%, Err 0 (0.0e+000)
762.874 .... 2847 packets received, 7648 bps, 95.59%, Err 0 (0.0e+000)
764.977 .... 2855 packets received, 7648 bps, 95.60%, Err 0 (0.0e+000)
767.086 .... 2863 packets received, 7648 bps, 95.60%, Err 0 (0.0e+000)
769.183 .... 2871 packets received, 7649 bps, 95.61%, Err 0 (0.0e+000)
771.320 .... 2879 packets received, 7649 bps, 95.61%, Err 0 (0.0e+000)
773.430 .... 2887 packets received, 7649 bps, 95.61%, Err 0 (0.0e+000)
775.540 .... 2895 packets received, 7649 bps, 95.62%, Err 0 (0.0e+000)
777.647 .... 2903 packets received, 7650 bps, 95.62%, Err 0 (0.0e+000)
779.767 .... 2911 packets received, 7650 bps, 95.62%, Err 0 (0.0e+000)
781.870 .... 2919 packets received, 7650 bps, 95.63%, Err 0 (0.0e+000)
784.018 .... 2927 packets received, 7650 bps, 95.63%, Err 0 (0.0e+000)
786.105 .... 2935 packets received, 7651 bps, 95.64%, Err 0 (0.0e+000)
788.226 .... 2943 packets received, 7651 bps, 95.64%, Err 0 (0.0e+000)
790.326 .... 2951 packets received, 7651 bps, 95.64%, Err 0 (0.0e+000)
792.477 .... 2959 packets received, 7651 bps, 95.64%, Err 0 (0.0e+000)
794.570 .... 2967 packets received, 7652 bps, 95.65%, Err 0 (0.0e+000)
796.690 .... 2975 packets received, 7652 bps, 95.65%, Err 0 (0.0e+000)
798.796 .... 2983 packets received, 7652 bps, 95.65%, Err 0 (0.0e+000)
800.919 .... 2991 packets received, 7653 bps, 95.66%, Err 0 (0.0e+000)
803.030 .... 2999 packets received, 7653 bps, 95.66%, Err 0 (0.0e+000)
805.142 .... 3007 packets received, 7653 bps, 95.66%, Err 0 (0.0e+000)
807.239 .... 3015 packets received, 7653 bps, 95.67%, Err 0 (0.0e+000)
809.364 .... 3023 packets received, 7654 bps, 95.67%, Err 0 (0.0e+000)
811.487 .... 3031 packets received, 7654 bps, 95.67%, Err 0 (0.0e+000)
813.661 .... 3039 packets received, 7653 bps, 95.67%, Err 0 (0.0e+000)
815.806 .... 3047 packets received, 7653 bps, 95.67%, Err 0 (0.0e+000)
817.998 .... 3055 packets received, 7653 bps, 95.66%, Err 0 (0.0e+000)
820.160 .... 3063 packets received, 7653 bps, 95.66%, Err 0 (0.0e+000)
822.319 .... 3071 packets received, 7653 bps, 95.66%, Err 0 (0.0e+000)
824.493 .... 3079 packets received, 7652 bps, 95.65%, Err 0 (0.0e+000)
826.667 .... 3087 packets received, 7652 bps, 95.65%, Err 0 (0.0e+000)
828.826 .... 3095 packets received, 7652 bps, 95.65%, Err 0 (0.0e+000)
831.004 .... 3103 packets received, 7651 bps, 95.64%, Err 0 (0.0e+000)
833.147 .... 3111 packets received, 7651 bps, 95.64%, Err 0 (0.0e+000)
835.334 .... 3119 packets received, 7651 bps, 95.64%, Err 0 (0.0e+000)
837.492 .... 3127 packets received, 7651 bps, 95.64%, Err 0 (0.0e+000)
839.663 .... 3135 packets received, 7651 bps, 95.63%, Err 0 (0.0e+000)
841.839 .... 3143 packets received, 7650 bps, 95.63%, Err 0 (0.0e+000)
844.012 .... 3151 packets received, 7650 bps, 95.63%, Err 0 (0.0e+000)
846.169 .... 3159 packets received, 7650 bps, 95.62%, Err 0 (0.0e+000)
848.343 .... 3167 packets received, 7650 bps, 95.62%, Err 0 (0.0e+000)
850.503 .... 3175 packets received, 7649 bps, 95.62%, Err 0 (0.0e+000)
852.663 .... 3183 packets received, 7649 bps, 95.62%, Err 0 (0.0e+000)
854.845 .... 3191 packets received, 7649 bps, 95.61%, Err 0 (0.0e+000)
857.001 .... 3199 packets received, 7649 bps, 95.61%, Err 0 (0.0e+000)
859.176 .... 3207 packets received, 7649 bps, 95.61%, Err 0 (0.0e+000)
861.351 .... 3215 packets received, 7648 bps, 95.60%, Err 0 (0.0e+000)
863.508 .... 3223 packets received, 7648 bps, 95.60%, Err 0 (0.0e+000)
865.688 .... 3231 packets received, 7648 bps, 95.60%, Err 0 (0.0e+000)
867.846 .... 3239 packets received, 7648 bps, 95.60%, Err 0 (0.0e+000)
869.999 .... 3247 packets received, 7648 bps, 95.59%, Err 0 (0.0e+000)
872.171 .... 3255 packets received, 7647 bps, 95.59%, Err 0 (0.0e+000)
874.359 .... 3263 packets received, 7647 bps, 95.59%, Err 0 (0.0e+000)
876.517 .... 3271 packets received, 7647 bps, 95.58%, Err 0 (0.0e+000)
878.689 .... 3279 packets received, 7646 bps, 95.58%, Err 0 (0.0e+000)
880.849 .... 3287 packets received, 7646 bps, 95.58%, Err 0 (0.0e+000)
883.031 .... 3295 packets received, 7646 bps, 95.57%, Err 0 (0.0e+000)
885.193 .... 3303 packets received, 7646 bps, 95.57%, Err 0 (0.0e+000)
887.366 .... 3311 packets received, 7646 bps, 95.57%, Err 0 (0.0e+000)
889.526 .... 3319 packets received, 7645 bps, 95.57%, Err 0 (0.0e+000)
891.684 .... 3327 packets received, 7645 bps, 95.57%, Err 0 (0.0e+000)
893.859 .... 3335 packets received, 7645 bps, 95.56%, Err 0 (0.0e+000)
896.035 .... 3343 packets received, 7645 bps, 95.56%, Err 0 (0.0e+000)
898.191 .... 3351 packets received, 7645 bps, 95.56%, Err 0 (0.0e+000)
900.362 .... 3359 packets received, 7644 bps, 95.55%, Err 0 (0.0e+000)
902.501 .... 3367 packets received, 7644 bps, 95.56%, Err 0 (0.0e+000)
904.606 .... 3375 packets received, 7645 bps, 95.56%, Err 0 (0.0e+000)
906.714 .... 3383 packets received, 7645 bps, 95.56%, Err 0 (0.0e+000)
908.834 .... 3391 packets received, 7645 bps, 95.57%, Err 0 (0.0e+000)
910.955 .... 3399 packets received, 7645 bps, 95.57%, Err 0 (0.0e+000)
913.076 .... 3407 packets received, 7646 bps, 95.57%, Err 0 (0.0e+000)
915.194 .... 3415 packets received, 7646 bps, 95.57%, Err 0 (0.0e+000)
917.299 .... 3423 packets received, 7646 bps, 95.58%, Err 0 (0.0e+000)
919.413 .... 3431 packets received, 7646 bps, 95.58%, Err 0 (0.0e+000)
921.540 .... 3439 packets received, 7646 bps, 95.58%, Err 0 (0.0e+000)
923.642 .... 3447 packets received, 7647 bps, 95.59%, Err 0 (0.0e+000)
925.745 .... 3455 packets received, 7647 bps, 95.59%, Err 0 (0.0e+000)
927.899 .... 3463 packets received, 7647 bps, 95.59%, Err 0 (0.0e+000)
929.985 .... 3471 packets received, 7648 bps, 95.59%, Err 0 (0.0e+000)
932.116 .... 3479 packets received, 7648 bps, 95.60%, Err 0 (0.0e+000)
934.218 .... 3487 packets received, 7648 bps, 95.60%, Err 0 (0.0e+000)
936.322 .... 3495 packets received, 7648 bps, 95.60%, Err 0 (0.0e+000)
938.452 .... 3503 packets received, 7648 bps, 95.60%, Err 0 (0.0e+000)
940.572 .... 3511 packets received, 7649 bps, 95.61%, Err 0 (0.0e+000)
942.686 .... 3519 packets received, 7649 bps, 95.61%, Err 0 (0.0e+000)
944.806 .... 3527 packets received, 7649 bps, 95.61%, Err 0 (0.0e+000)
946.900 .... 3535 packets received, 7649 bps, 95.62%, Err 0 (0.0e+000)
949.048 .... 3543 packets received, 7649 bps, 95.62%, Err 0 (0.0e+000)
951.145 .... 3551 packets received, 7650 bps, 95.62%, Err 0 (0.0e+000)
953.250 .... 3559 packets received, 7650 bps, 95.62%, Err 0 (0.0e+000)
955.370 .... 3567 packets received, 7650 bps, 95.63%, Err 0 (0.0e+000)
957.477 .... 3575 packets received, 7650 bps, 95.63%, Err 0 (0.0e+000)
959.579 .... 3583 packets received, 7651 bps, 95.63%, Err 0 (0.0e+000)
961.700 .... 3591 packets received, 7651 bps, 95.64%, Err 0 (0.0e+000)
963.834 .... 3599 packets received, 7651 bps, 95.64%, Err 0 (0.0e+000)
965.918 .... 3607 packets received, 7651 bps, 95.64%, Err 0 (0.0e+000)
968.049 .... 3615 packets received, 7651 bps, 95.64%, Err 0 (0.0e+000)
970.151 .... 3623 packets received, 7652 bps, 95.65%, Err 0 (0.0e+000)
972.264 .... 3631 packets received, 7652 bps, 95.65%, Err 0 (0.0e+000)
974.380 .... 3639 packets received, 7652 bps, 95.65%, Err 0 (0.0e+000)
976.510 .... 3647 packets received, 7652 bps, 95.65%, Err 0 (0.0e+000)
978.616 .... 3655 packets received, 7653 bps, 95.66%, Err 0 (0.0e+000)
980.719 .... 3663 packets received, 7653 bps, 95.66%, Err 0 (0.0e+000)
982.852 .... 3671 packets received, 7653 bps, 95.66%, Err 0 (0.0e+000)
984.969 .... 3679 packets received, 7653 bps, 95.66%, Err 0 (0.0e+000)
987.073 .... 3687 packets received, 7653 bps, 95.67%, Err 0 (0.0e+000)
989.181 .... 3695 packets received, 7654 bps, 95.67%, Err 0 (0.0e+000)
991.316 .... 3703 packets received, 7654 bps, 95.67%, Err 0 (0.0e+000)
993.402 .... 3711 packets received, 7654 bps, 95.68%, Err 0 (0.0e+000)
995.533 .... 3719 packets received, 7654 bps, 95.68%, Err 0 (0.0e+000)
997.636 .... 3727 packets received, 7654 bps, 95.68%, Err 0 (0.0e+000)
999.760 .... 3735 packets received, 7655 bps, 95.68%, Err 0 (0.0e+000)
1001.873 .... 3743 packets received, 7655 bps, 95.69%, Err 0 (0.0e+000)
1004.059 .... 3751 packets received, 7654 bps, 95.68%, Err 0 (0.0e+000)
1006.215 .... 3759 packets received, 7654 bps, 95.68%, Err 0 (0.0e+000)
1008.400 .... 3767 packets received, 7654 bps, 95.68%, Err 0 (0.0e+000)
1010.556 .... 3775 packets received, 7654 bps, 95.67%, Err 0 (0.0e+000)
1012.710 .... 3783 packets received, 7654 bps, 95.67%, Err 0 (0.0e+000)
1014.896 .... 3791 packets received, 7653 bps, 95.67%, Err 0 (0.0e+000)
1017.067 .... 3799 packets received, 7653 bps, 95.67%, Err 0 (0.0e+000)
1019.223 .... 3807 packets received, 7653 bps, 95.66%, Err 0 (0.0e+000)
1021.406 .... 3815 packets received, 7653 bps, 95.66%, Err 0 (0.0e+000)
1023.579 .... 3823 packets received, 7653 bps, 95.66%, Err 0 (0.0e+000)
1025.719 .... 3831 packets received, 7653 bps, 95.66%, Err 0 (0.0e+000)
1027.905 .... 3839 packets received, 7652 bps, 95.65%, Err 0 (0.0e+000)
1030.072 .... 3847 packets received, 7652 bps, 95.65%, Err 0 (0.0e+000)
1032.226 .... 3855 packets received, 7652 bps, 95.65%, Err 0 (0.0e+000)
1034.412 .... 3863 packets received, 7652 bps, 95.64%, Err 0 (0.0e+000)
1036.581 .... 3871 packets received, 7651 bps, 95.64%, Err 0 (0.0e+000)
1038.735 .... 3879 packets received, 7651 bps, 95.64%, Err 0 (0.0e+000)
1040.916 .... 3887 packets received, 7651 bps, 95.64%, Err 0 (0.0e+000)
1043.071 .... 3895 packets received, 7651 bps, 95.64%, Err 0 (0.0e+000)
1045.256 .... 3903 packets received, 7651 bps, 95.63%, Err 0 (0.0e+000)
1047.414 .... 3911 packets received, 7650 bps, 95.63%, Err 0 (0.0e+000)
1049.576 .... 3919 packets received, 7650 bps, 95.63%, Err 0 (0.0e+000)
1051.751 .... 3927 packets received, 7650 bps, 95.63%, Err 0 (0.0e+000)
1053.905 .... 3935 packets received, 7650 bps, 95.62%, Err 0 (0.0e+000)
1056.093 .... 3943 packets received, 7650 bps, 95.62%, Err 0 (0.0e+000)
1058.248 .... 3951 packets received, 7650 bps, 95.62%, Err 0 (0.0e+000)
1060.431 .... 3959 packets received, 7649 bps, 95.62%, Err 0 (0.0e+000)
1062.583 .... 3967 packets received, 7649 bps, 95.61%, Err 0 (0.0e+000)
1064.756 .... 3975 packets received, 7649 bps, 95.61%, Err 0 (0.0e+000)
1066.926 .... 3983 packets received, 7649 bps, 95.61%, Err 0 (0.0e+000)
1069.096 .... 3991 packets received, 7649 bps, 95.61%, Err 0 (0.0e+000)
1071.280 .... 3999 packets received, 7648 bps, 95.60%, Err 0 (0.0e+000)
1073.431 .... 4007 packets received, 7648 bps, 95.60%, Err 0 (0.0e+000)
1075.599 .... 4015 packets received, 7648 bps, 95.60%, Err 0 (0.0e+000)
1077.773 .... 4023 packets received, 7648 bps, 95.60%, Err 0 (0.0e+000)
1079.930 .... 4031 packets received, 7648 bps, 95.60%, Err 0 (0.0e+000)
1082.101 .... 4039 packets received, 7647 bps, 95.59%, Err 0 (0.0e+000)
1084.258 .... 4047 packets received, 7647 bps, 95.59%, Err 0 (0.0e+000)
1086.429 .... 4055 packets received, 7647 bps, 95.59%, Err 0 (0.0e+000)
1088.609 .... 4063 packets received, 7647 bps, 95.59%, Err 0 (0.0e+000)
1090.769 .... 4071 packets received, 7647 bps, 95.58%, Err 0 (0.0e+000)
1092.937 .... 4079 packets received, 7647 bps, 95.58%, Err 0 (0.0e+000)
1095.121 .... 4087 packets received, 7646 bps, 95.58%, Err 0 (0.0e+000)
1097.291 .... 4095 packets received, 7646 bps, 95.58%, Err 0 (0.0e+000)
1099.447 .... 4103 packets received, 7646 bps, 95.58%, Err 0 (0.0e+000)
1101.612 .... 4111 packets received, 7646 bps, 95.57%, Err 0 (0.0e+000)
1103.716 .... 4119 packets received, 7646 bps, 95.58%, Err 0 (0.0e+000)
1105.849 .... 4127 packets received, 7646 bps, 95.58%, Err 0 (0.0e+000)
1107.960 .... 4135 packets received, 7646 bps, 95.58%, Err 0 (0.0e+000)
1110.070 .... 4143 packets received, 7647 bps, 95.58%, Err 0 (0.0e+000)
1112.173 .... 4151 packets received, 7647 bps, 95.59%, Err 0 (0.0e+000)
1114.308 .... 4159 packets received, 7647 bps, 95.59%, Err 0 (0.0e+000)
1116.413 .... 4167 packets received, 7647 bps, 95.59%, Err 0 (0.0e+000)
1118.517 .... 4175 packets received, 7648 bps, 95.59%, Err 0 (0.0e+000)
1120.619 .... 4183 packets received, 7648 bps, 95.60%, Err 0 (0.0e+000)
1122.766 .... 4191 packets received, 7648 bps, 95.60%, Err 0 (0.0e+000)
1124.858 .... 4199 packets received, 7648 bps, 95.60%, Err 0 (0.0e+000)
1126.995 .... 4207 packets received, 7648 bps, 95.60%, Err 0 (0.0e+000)
1129.085 .... 4215 packets received, 7648 bps, 95.61%, Err 0 (0.0e+000)
1131.189 .... 4223 packets received, 7649 bps, 95.61%, Err 0 (0.0e+000)
1133.318 .... 4231 packets received, 7649 bps, 95.61%, Err 0 (0.0e+000)
1135.423 .... 4239 packets received, 7649 bps, 95.61%, Err 0 (0.0e+000)
1137.545 .... 4247 packets received, 7649 bps, 95.62%, Err 0 (0.0e+000)
1139.647 .... 4255 packets received, 7649 bps, 95.62%, Err 0 (0.0e+000)
1141.761 .... 4263 packets received, 7650 bps, 95.62%, Err 0 (0.0e+000)
1143.879 .... 4271 packets received, 7650 bps, 95.62%, Err 0 (0.0e+000)
1146.000 .... 4279 packets received, 7650 bps, 95.62%, Err 0 (0.0e+000)
1148.103 .... 4287 packets received, 7650 bps, 95.63%, Err 0 (0.0e+000)
1150.234 .... 4295 packets received, 7650 bps, 95.63%, Err 0 (0.0e+000)
1152.352 .... 4303 packets received, 7650 bps, 95.63%, Err 0 (0.0e+000)
1154.451 .... 4311 packets received, 7651 bps, 95.63%, Err 0 (0.0e+000)
1156.554 .... 4319 packets received, 7651 bps, 95.64%, Err 0 (0.0e+000)
1158.690 .... 4327 packets received, 7651 bps, 95.64%, Err 0 (0.0e+000)
1160.808 .... 4335 packets received, 7651 bps, 95.64%, Err 0 (0.0e+000)
1162.911 .... 4343 packets received, 7651 bps, 95.64%, Err 0 (0.0e+000)
1165.030 .... 4351 packets received, 7652 bps, 95.64%, Err 0 (0.0e+000)
1167.134 .... 4359 packets received, 7652 bps, 95.65%, Err 0 (0.0e+000)
1169.250 .... 4367 packets received, 7652 bps, 95.65%, Err 0 (0.0e+000)
1171.366 .... 4375 packets received, 7652 bps, 95.65%, Err 0 (0.0e+000)
1173.482 .... 4383 packets received, 7652 bps, 95.65%, Err 0 (0.0e+000)
1175.597 .... 4391 packets received, 7652 bps, 95.66%, Err 0 (0.0e+000)
1177.701 .... 4399 packets received, 7653 bps, 95.66%, Err 0 (0.0e+000)
1179.835 .... 4407 packets received, 7653 bps, 95.66%, Err 0 (0.0e+000)
1181.941 .... 4415 packets received, 7653 bps, 95.66%, Err 0 (0.0e+000)
1184.049 .... 4423 packets received, 7653 bps, 95.67%, Err 0 (0.0e+000)
1186.171 .... 4431 packets received, 7653 bps, 95.67%, Err 0 (0.0e+000)
1188.260 .... 4439 packets received, 7654 bps, 95.67%, Err 0 (0.0e+000)
1190.380 .... 4447 packets received, 7654 bps, 95.67%, Err 0 (0.0e+000)
1192.504 .... 4455 packets received, 7654 bps, 95.67%, Err 0 (0.0e+000)
1194.611 .... 4463 packets received, 7654 bps, 95.68%, Err 0 (0.0e+000)
1196.731 .... 4471 packets received, 7654 bps, 95.68%, Err 0 (0.0e+000)
1198.855 .... 4479 packets received, 7654 bps, 95.68%, Err 0 (0.0e+000)
1200.966 .... 4487 packets received, 7655 bps, 95.68%, Err 0 (0.0e+000)
1203.140 .... 4495 packets received, 7654 bps, 95.68%, Err 0 (0.0e+000)
1205.310 .... 4503 packets received, 7654 bps, 95.68%, Err 0 (0.0e+000)
1207.463 .... 4511 packets received, 7654 bps, 95.68%, Err 0 (0.0e+000)
1209.634 .... 4519 packets received, 7654 bps, 95.67%, Err 0 (0.0e+000)
1211.810 .... 4527 packets received, 7654 bps, 95.67%, Err 0 (0.0e+000)
1213.962 .... 4535 packets received, 7654 bps, 95.67%, Err 0 (0.0e+000)
1216.136 .... 4543 packets received, 7653 bps, 95.67%, Err 0 (0.0e+000)
1218.304 .... 4551 packets received, 7653 bps, 95.67%, Err 0 (0.0e+000)
1220.488 .... 4559 packets received, 7653 bps, 95.66%, Err 0 (0.0e+000)
1222.648 .... 4567 packets received, 7653 bps, 95.66%, Err 0 (0.0e+000)
1224.820 .... 4575 packets received, 7653 bps, 95.66%, Err 0 (0.0e+000)
1226.975 .... 4583 packets received, 7653 bps, 95.66%, Err 0 (0.0e+000)
1229.146 .... 4591 packets received, 7652 bps, 95.65%, Err 0 (0.0e+000)
1231.318 .... 4599 packets received, 7652 bps, 95.65%, Err 0 (0.0e+000)
1233.478 .... 4607 packets received, 7652 bps, 95.65%, Err 0 (0.0e+000)
1235.647 .... 4615 packets received, 7652 bps, 95.65%, Err 0 (0.0e+000)
1237.834 .... 4623 packets received, 7652 bps, 95.64%, Err 0 (0.0e+000)
1240.006 .... 4631 packets received, 7651 bps, 95.64%, Err 0 (0.0e+000)
1242.163 .... 4639 packets received, 7651 bps, 95.64%, Err 0 (0.0e+000)
1244.320 .... 4647 packets received, 7651 bps, 95.64%, Err 0 (0.0e+000)
1246.507 .... 4655 packets received, 7651 bps, 95.64%, Err 0 (0.0e+000)
1248.662 .... 4663 packets received, 7651 bps, 95.64%, Err 0 (0.0e+000)
1250.831 .... 4671 packets received, 7651 bps, 95.63%, Err 0 (0.0e+000)
1252.983 .... 4679 packets received, 7651 bps, 95.63%, Err 0 (0.0e+000)
1255.172 .... 4687 packets received, 7650 bps, 95.63%, Err 0 (0.0e+000)
1257.344 .... 4695 packets received, 7650 bps, 95.63%, Err 0 (0.0e+000)
1259.497 .... 4703 packets received, 7650 bps, 95.63%, Err 0 (0.0e+000)
1261.667 .... 4711 packets received, 7650 bps, 95.62%, Err 0 (0.0e+000)
1263.850 .... 4719 packets received, 7650 bps, 95.62%, Err 0 (0.0e+000)
1265.993 .... 4727 packets received, 7650 bps, 95.62%, Err 0 (0.0e+000)
1268.179 .... 4735 packets received, 7649 bps, 95.62%, Err 0 (0.0e+000)
1270.338 .... 4743 packets received, 7649 bps, 95.62%, Err 0 (0.0e+000)
1272.507 .... 4751 packets received, 7649 bps, 95.61%, Err 0 (0.0e+000)
1274.680 .... 4759 packets received, 7649 bps, 95.61%, Err 0 (0.0e+000)
1276.834 .... 4767 packets received, 7649 bps, 95.61%, Err 0 (0.0e+000)
1279.006 .... 4775 packets received, 7649 bps, 95.61%, Err 0 (0.0e+000)
1281.176 .... 4783 packets received, 7648 bps, 95.61%, Err 0 (0.0e+000)
1283.346 .... 4791 packets received, 7648 bps, 95.60%, Err 0 (0.0e+000)
1285.514 .... 4799 packets received, 7648 bps, 95.60%, Err 0 (0.0e+000)
1287.700 .... 4807 packets received, 7648 bps, 95.60%, Err 0 (0.0e+000)
1289.850 .... 4815 packets received, 7648 bps, 95.60%, Err 0 (0.0e+000)
1292.019 .... 4823 packets received, 7648 bps, 95.60%, Err 0 (0.0e+000)
1294.176 .... 4831 packets received, 7648 bps, 95.60%, Err 0 (0.0e+000)
1296.360 .... 4839 packets received, 7647 bps, 95.59%, Err 0 (0.0e+000)
1298.514 .... 4847 packets received, 7647 bps, 95.59%, Err 0 (0.0e+000)
1300.700 .... 4855 packets received, 7647 bps, 95.59%, Err 0 (0.0e+000)
1302.816 .... 4863 packets received, 7647 bps, 95.59%, Err 0 (0.0e+000)
1304.935 .... 4871 packets received, 7647 bps, 95.59%, Err 0 (0.0e+000)
1307.051 .... 4879 packets received, 7647 bps, 95.59%, Err 0 (0.0e+000)
1309.169 .... 4887 packets received, 7648 bps, 95.60%, Err 0 (0.0e+000)
1311.287 .... 4895 packets received, 7648 bps, 95.60%, Err 0 (0.0e+000)
1313.402 .... 4903 packets received, 7648 bps, 95.60%, Err 0 (0.0e+000)
1315.515 .... 4911 packets received, 7648 bps, 95.60%, Err 0 (0.0e+000)
1317.619 .... 4919 packets received, 7648 bps, 95.60%, Err 0 (0.0e+000)
1319.736 .... 4927 packets received, 7648 bps, 95.61%, Err 0 (0.0e+000)
1321.864 .... 4935 packets received, 7649 bps, 95.61%, Err 0 (0.0e+000)
1323.955 .... 4943 packets received, 7649 bps, 95.61%, Err 0 (0.0e+000)
1326.079 .... 4951 packets received, 7649 bps, 95.61%, Err 0 (0.0e+000)
1328.181 .... 4959 packets received, 7649 bps, 95.61%, Err 0 (0.0e+000)
1330.318 .... 4967 packets received, 7649 bps, 95.62%, Err 0 (0.0e+000)
1332.421 .... 4975 packets received, 7649 bps, 95.62%, Err 0 (0.0e+000)
1334.526 .... 4983 packets received, 7650 bps, 95.62%, Err 0 (0.0e+000)
1336.656 .... 4991 packets received, 7650 bps, 95.62%, Err 0 (0.0e+000)
1338.759 .... 4999 packets received, 7650 bps, 95.62%, Err 0 (0.0e+000)
1340.865 .... 5007 packets received, 7650 bps, 95.63%, Err 0 (0.0e+000)
1343.015 .... 5015 packets received, 7650 bps, 95.63%, Err 0 (0.0e+000)
1345.099 .... 5023 packets received, 7650 bps, 95.63%, Err 0 (0.0e+000)
1347.236 .... 5031 packets received, 7650 bps, 95.63%, Err 0 (0.0e+000)
1349.356 .... 5039 packets received, 7651 bps, 95.63%, Err 0 (0.0e+000)
1351.447 .... 5047 packets received, 7651 bps, 95.64%, Err 0 (0.0e+000)
1353.554 .... 5055 packets received, 7651 bps, 95.64%, Err 0 (0.0e+000)
1355.690 .... 5063 packets received, 7651 bps, 95.64%, Err 0 (0.0e+000)
1357.796 .... 5071 packets received, 7651 bps, 95.64%, Err 0 (0.0e+000)
1359.897 .... 5079 packets received, 7652 bps, 95.64%, Err 0 (0.0e+000)
1362.003 .... 5087 packets received, 7652 bps, 95.65%, Err 0 (0.0e+000)
1364.134 .... 5095 packets received, 7652 bps, 95.65%, Err 0 (0.0e+000)
1366.238 .... 5103 packets received, 7652 bps, 95.65%, Err 0 (0.0e+000)
1368.356 .... 5111 packets received, 7652 bps, 95.65%, Err 0 (0.0e+000)
1370.474 .... 5119 packets received, 7652 bps, 95.65%, Err 0 (0.0e+000)
1372.577 .... 5127 packets received, 7652 bps, 95.66%, Err 0 (0.0e+000)
1374.724 .... 5135 packets received, 7652 bps, 95.66%, Err 0 (0.0e+000)
1376.825 .... 5143 packets received, 7653 bps, 95.66%, Err 0 (0.0e+000)
1378.947 .... 5151 packets received, 7653 bps, 95.66%, Err 0 (0.0e+000)
1381.048 .... 5159 packets received, 7653 bps, 95.66%, Err 0 (0.0e+000)
1383.172 .... 5167 packets received, 7653 bps, 95.66%, Err 0 (0.0e+000)
1385.275 .... 5175 packets received, 7653 bps, 95.67%, Err 0 (0.0e+000)
1387.393 .... 5183 packets received, 7653 bps, 95.67%, Err 0 (0.0e+000)
1389.509 .... 5191 packets received, 7654 bps, 95.67%, Err 0 (0.0e+000)
1391.615 .... 5199 packets received, 7654 bps, 95.67%, Err 0 (0.0e+000)
1393.714 .... 5207 packets received, 7654 bps, 95.67%, Err 0 (0.0e+000)
1395.849 .... 5215 packets received, 7654 bps, 95.67%, Err 0 (0.0e+000)
1397.957 .... 5223 packets received, 7654 bps, 95.68%, Err 0 (0.0e+000)
1400.066 .... 5231 packets received, 7654 bps, 95.68%, Err 0 (0.0e+000)
1402.190 .... 5239 packets received, 7654 bps, 95.68%, Err 0 (0.0e+000)
1404.347 .... 5247 packets received, 7654 bps, 95.68%, Err 0 (0.0e+000)
1406.501 .... 5255 packets received, 7654 bps, 95.68%, Err 0 (0.0e+000)
1408.671 .... 5263 packets received, 7654 bps, 95.68%, Err 0 (0.0e+000)
1410.843 .... 5271 packets received, 7654 bps, 95.67%, Err 0 (0.0e+000)
1413.015 .... 5279 packets received, 7654 bps, 95.67%, Err 0 (0.0e+000)
1415.178 .... 5287 packets received, 7654 bps, 95.67%, Err 0 (0.0e+000)
1417.336 .... 5295 packets received, 7654 bps, 95.67%, Err 0 (0.0e+000)
1419.522 .... 5303 packets received, 7653 bps, 95.67%, Err 0 (0.0e+000)
1421.676 .... 5311 packets received, 7653 bps, 95.67%, Err 0 (0.0e+000)
1423.847 .... 5319 packets received, 7653 bps, 95.66%, Err 0 (0.0e+000)
1426.018 .... 5327 packets received, 7653 bps, 95.66%, Err 0 (0.0e+000)
1428.179 .... 5335 packets received, 7653 bps, 95.66%, Err 0 (0.0e+000)
1430.349 .... 5343 packets received, 7653 bps, 95.66%, Err 0 (0.0e+000)
1432.524 .... 5351 packets received, 7652 bps, 95.66%, Err 0 (0.0e+000)
1434.695 .... 5359 packets received, 7652 bps, 95.65%, Err 0 (0.0e+000)
1436.846 .... 5367 packets received, 7652 bps, 95.65%, Err 0 (0.0e+000)
1439.019 .... 5375 packets received, 7652 bps, 95.65%, Err 0 (0.0e+000)
1441.204 .... 5383 packets received, 7652 bps, 95.65%, Err 0 (0.0e+000)
1443.348 .... 5391 packets received, 7652 bps, 95.65%, Err 0 (0.0e+000)
1445.520 .... 5399 packets received, 7652 bps, 95.65%, Err 0 (0.0e+000)
1447.688 .... 5407 packets received, 7652 bps, 95.64%, Err 0 (0.0e+000)
1449.870 .... 5415 packets received, 7651 bps, 95.64%, Err 0 (0.0e+000)
1452.040 .... 5423 packets received, 7651 bps, 95.64%, Err 0 (0.0e+000)
1454.214 .... 5431 packets received, 7651 bps, 95.64%, Err 0 (0.0e+000)
1456.368 .... 5439 packets received, 7651 bps, 95.64%, Err 0 (0.0e+000)
1458.533 .... 5447 packets received, 7651 bps, 95.63%, Err 0 (0.0e+000)
1460.701 .... 5455 packets received, 7651 bps, 95.63%, Err 0 (0.0e+000)
1462.871 .... 5463 packets received, 7651 bps, 95.63%, Err 0 (0.0e+000)
1465.053 .... 5471 packets received, 7650 bps, 95.63%, Err 0 (0.0e+000)
1467.208 .... 5479 packets received, 7650 bps, 95.63%, Err 0 (0.0e+000)
1469.377 .... 5487 packets received, 7650 bps, 95.63%, Err 0 (0.0e+000)
1471.558 .... 5495 packets received, 7650 bps, 95.62%, Err 0 (0.0e+000)
1473.711 .... 5503 packets received, 7650 bps, 95.62%, Err 0 (0.0e+000)
1475.884 .... 5511 packets received, 7650 bps, 95.62%, Err 0 (0.0e+000)
1478.055 .... 5519 packets received, 7650 bps, 95.62%, Err 0 (0.0e+000)
1480.211 .... 5527 packets received, 7649 bps, 95.62%, Err 0 (0.0e+000)
1482.382 .... 5535 packets received, 7649 bps, 95.62%, Err 0 (0.0e+000)
1484.538 .... 5543 packets received, 7649 bps, 95.62%, Err 0 (0.0e+000)
1486.719 .... 5551 packets received, 7649 bps, 95.61%, Err 0 (0.0e+000)
1488.900 .... 5559 packets received, 7649 bps, 95.61%, Err 0 (0.0e+000)
1491.052 .... 5567 packets received, 7649 bps, 95.61%, Err 0 (0.0e+000)
1493.235 .... 5575 packets received, 7649 bps, 95.61%, Err 0 (0.0e+000)
1495.390 .... 5583 packets received, 7648 bps, 95.61%, Err 0 (0.0e+000)
1497.570 .... 5591 packets received, 7648 bps, 95.60%, Err 0 (0.0e+000)
1499.728 .... 5599 packets received, 7648 bps, 95.60%, Err 0 (0.0e+000)
1501.899 .... 5607 packets received, 7648 bps, 95.60%, Err 0 (0.0e+000)
1503.992 .... 5615 packets received, 7648 bps, 95.60%, Err 0 (0.0e+000)
1506.116 .... 5623 packets received, 7648 bps, 95.61%, Err 0 (0.0e+000)
1508.231 .... 5631 packets received, 7649 bps, 95.61%, Err 0 (0.0e+000)
1510.365 .... 5639 packets received, 7649 bps, 95.61%, Err 0 (0.0e+000)
1512.454 .... 5647 packets received, 7649 bps, 95.61%, Err 0 (0.0e+000)
1514.569 .... 5655 packets received, 7649 bps, 95.61%, Err 0 (0.0e+000)
1516.675 .... 5663 packets received, 7649 bps, 95.61%, Err 0 (0.0e+000)
1518.806 .... 5671 packets received, 7649 bps, 95.62%, Err 0 (0.0e+000)
1520.913 .... 5679 packets received, 7649 bps, 95.62%, Err 0 (0.0e+000)
1523.031 .... 5687 packets received, 7650 bps, 95.62%, Err 0 (0.0e+000)
1525.148 .... 5695 packets received, 7650 bps, 95.62%, Err 0 (0.0e+000)
1527.263 .... 5703 packets received, 7650 bps, 95.62%, Err 0 (0.0e+000)
1529.363 .... 5711 packets received, 7650 bps, 95.62%, Err 0 (0.0e+000)
1531.497 .... 5719 packets received, 7650 bps, 95.63%, Err 0 (0.0e+000)
1533.595 .... 5727 packets received, 7650 bps, 95.63%, Err 0 (0.0e+000)
1535.717 .... 5735 packets received, 7650 bps, 95.63%, Err 0 (0.0e+000)
1537.841 .... 5743 packets received, 7650 bps, 95.63%, Err 0 (0.0e+000)
1539.943 .... 5751 packets received, 7651 bps, 95.63%, Err 0 (0.0e+000)
1542.063 .... 5759 packets received, 7651 bps, 95.63%, Err 0 (0.0e+000)
1544.165 .... 5767 packets received, 7651 bps, 95.64%, Err 0 (0.0e+000)
1546.273 .... 5775 packets received, 7651 bps, 95.64%, Err 0 (0.0e+000)
1548.390 .... 5783 packets received, 7651 bps, 95.64%, Err 0 (0.0e+000)
1550.509 .... 5791 packets received, 7651 bps, 95.64%, Err 0 (0.0e+000)
1552.624 .... 5799 packets received, 7651 bps, 95.64%, Err 0 (0.0e+000)
1554.740 .... 5807 packets received, 7652 bps, 95.64%, Err 0 (0.0e+000)
1556.846 .... 5815 packets received, 7652 bps, 95.65%, Err 0 (0.0e+000)
1558.963 .... 5823 packets received, 7652 bps, 95.65%, Err 0 (0.0e+000)
1561.094 .... 5831 packets received, 7652 bps, 95.65%, Err 0 (0.0e+000)
1563.182 .... 5839 packets received, 7652 bps, 95.65%, Err 0 (0.0e+000)
1565.300 .... 5847 packets received, 7652 bps, 95.65%, Err 0 (0.0e+000)
1567.415 .... 5855 packets received, 7652 bps, 95.66%, Err 0 (0.0e+000)
1569.534 .... 5863 packets received, 7653 bps, 95.66%, Err 0 (0.0e+000)
1571.650 .... 5871 packets received, 7653 bps, 95.66%, Err 0 (0.0e+000)
1573.769 .... 5879 packets received, 7653 bps, 95.66%, Err 0 (0.0e+000)
1575.869 .... 5887 packets received, 7653 bps, 95.66%, Err 0 (0.0e+000)
1577.971 .... 5895 packets received, 7653 bps, 95.66%, Err 0 (0.0e+000)
1580.088 .... 5903 packets received, 7653 bps, 95.67%, Err 0 (0.0e+000)
1582.205 .... 5911 packets received, 7653 bps, 95.67%, Err 0 (0.0e+000)
1584.339 .... 5919 packets received, 7653 bps, 95.67%, Err 0 (0.0e+000)
1586.446 .... 5927 packets received, 7654 bps, 95.67%, Err 0 (0.0e+000)
1588.551 .... 5935 packets received, 7654 bps, 95.67%, Err 0 (0.0e+000)
1590.669 .... 5943 packets received, 7654 bps, 95.67%, Err 0 (0.0e+000)
1592.800 .... 5951 packets received, 7654 bps, 95.67%, Err 0 (0.0e+000)
1594.903 .... 5959 packets received, 7654 bps, 95.68%, Err 0 (0.0e+000)
1597.007 .... 5967 packets received, 7654 bps, 95.68%, Err 0 (0.0e+000)
1599.129 .... 5975 packets received, 7654 bps, 95.68%, Err 0 (0.0e+000)
1601.252 .... 5983 packets received, 7654 bps, 95.68%, Err 0 (0.0e+000)
1603.421 .... 5991 packets received, 7654 bps, 95.68%, Err 0 (0.0e+000)
1605.589 .... 5999 packets received, 7654 bps, 95.68%, Err 0 (0.0e+000)
1607.745 .... 6007 packets received, 7654 bps, 95.68%, Err 0 (0.0e+000)
1609.910 .... 6015 packets received, 7654 bps, 95.67%, Err 0 (0.0e+000)
1612.095 .... 6023 packets received, 7654 bps, 95.67%, Err 0 (0.0e+000)
1614.250 .... 6031 packets received, 7654 bps, 95.67%, Err 0 (0.0e+000)
1616.434 .... 6039 packets received, 7653 bps, 95.67%, Err 0 (0.0e+000)
1618.602 .... 6047 packets received, 7653 bps, 95.67%, Err 0 (0.0e+000)
1620.744 .... 6055 packets received, 7653 bps, 95.67%, Err 0 (0.0e+000)
1622.919 .... 6063 packets received, 7653 bps, 95.66%, Err 0 (0.0e+000)
1625.087 .... 6071 packets received, 7653 bps, 95.66%, Err 0 (0.0e+000)
1627.253 .... 6079 packets received, 7653 bps, 95.66%, Err 0 (0.0e+000)
1629.437 .... 6087 packets received, 7653 bps, 95.66%, Err 0 (0.0e+000)
1631.604 .... 6095 packets received, 7653 bps, 95.66%, Err 0 (0.0e+000)
1633.775 .... 6103 packets received, 7652 bps, 95.66%, Err 0 (0.0e+000)
1635.946 .... 6111 packets received, 7652 bps, 95.65%, Err 0 (0.0e+000)
1638.088 .... 6119 packets received, 7652 bps, 95.65%, Err 0 (0.0e+000)
1640.256 .... 6127 packets received, 7652 bps, 95.65%, Err 0 (0.0e+000)
1642.430 .... 6135 packets received, 7652 bps, 95.65%, Err 0 (0.0e+000)
1644.603 .... 6143 packets received, 7652 bps, 95.65%, Err 0 (0.0e+000)
1646.760 .... 6151 packets received, 7652 bps, 95.65%, Err 0 (0.0e+000)
1648.932 .... 6159 packets received, 7652 bps, 95.65%, Err 0 (0.0e+000)
1651.108 .... 6167 packets received, 7652 bps, 95.64%, Err 0 (0.0e+000)
1653.279 .... 6175 packets received, 7651 bps, 95.64%, Err 0 (0.0e+000)
1655.434 .... 6183 packets received, 7651 bps, 95.64%, Err 0 (0.0e+000)
1657.619 .... 6191 packets received, 7651 bps, 95.64%, Err 0 (0.0e+000)
1659.778 .... 6199 packets received, 7651 bps, 95.64%, Err 0 (0.0e+000)
1661.936 .... 6207 packets received, 7651 bps, 95.64%, Err 0 (0.0e+000)
1664.121 .... 6215 packets received, 7651 bps, 95.63%, Err 0 (0.0e+000)
1666.289 .... 6223 packets received, 7651 bps, 95.63%, Err 0 (0.0e+000)
1668.457 .... 6231 packets received, 7651 bps, 95.63%, Err 0 (0.0e+000)
1670.627 .... 6239 packets received, 7650 bps, 95.63%, Err 0 (0.0e+000)
1672.782 .... 6247 packets received, 7650 bps, 95.63%, Err 0 (0.0e+000)
1674.969 .... 6255 packets received, 7650 bps, 95.63%, Err 0 (0.0e+000)
1677.122 .... 6263 packets received, 7650 bps, 95.63%, Err 0 (0.0e+000)
1679.306 .... 6271 packets received, 7650 bps, 95.62%, Err 0 (0.0e+000)
1681.460 .... 6279 packets received, 7650 bps, 95.62%, Err 0 (0.0e+000)
1683.628 .... 6287 packets received, 7650 bps, 95.62%, Err 0 (0.0e+000)
1685.798 .... 6295 packets received, 7650 bps, 95.62%, Err 0 (0.0e+000)
1687.969 .... 6303 packets received, 7649 bps, 95.62%, Err 0 (0.0e+000)
1690.141 .... 6311 packets received, 7649 bps, 95.62%, Err 0 (0.0e+000)
1692.294 .... 6319 packets received, 7649 bps, 95.62%, Err 0 (0.0e+000)
1694.467 .... 6327 packets received, 7649 bps, 95.61%, Err 0 (0.0e+000)
1696.639 .... 6335 packets received, 7649 bps, 95.61%, Err 0 (0.0e+000)
1698.792 .... 6343 packets received, 7649 bps, 95.61%, Err 0 (0.0e+000)
1700.976 .... 6351 packets received, 7649 bps, 95.61%, Err 0 (0.0e+000)
1703.095 .... 6359 packets received, 7649 bps, 95.61%, Err 0 (0.0e+000)
1705.202 .... 6367 packets received, 7649 bps, 95.61%, Err 0 (0.0e+000)
1707.335 .... 6375 packets received, 7649 bps, 95.61%, Err 0 (0.0e+000)
1709.438 .... 6383 packets received, 7649 bps, 95.62%, Err 0 (0.0e+000)
1711.568 .... 6391 packets received, 7649 bps, 95.62%, Err 0 (0.0e+000)
1713.655 .... 6399 packets received, 7650 bps, 95.62%, Err 0 (0.0e+000)
1715.757 .... 6407 packets received, 7650 bps, 95.62%, Err 0 (0.0e+000)
1717.893 .... 6415 packets received, 7650 bps, 95.62%, Err 0 (0.0e+000)
1720.004 .... 6423 packets received, 7650 bps, 95.62%, Err 0 (0.0e+000)
1722.109 .... 6431 packets received, 7650 bps, 95.63%, Err 0 (0.0e+000)
1724.244 .... 6439 packets received, 7650 bps, 95.63%, Err 0 (0.0e+000)
1726.349 .... 6447 packets received, 7650 bps, 95.63%, Err 0 (0.0e+000)
1728.453 .... 6455 packets received, 7650 bps, 95.63%, Err 0 (0.0e+000)
1730.573 .... 6463 packets received, 7650 bps, 95.63%, Err 0 (0.0e+000)
1732.691 .... 6471 packets received, 7651 bps, 95.63%, Err 0 (0.0e+000)
1734.807 .... 6479 packets received, 7651 bps, 95.63%, Err 0 (0.0e+000)
1736.910 .... 6487 packets received, 7651 bps, 95.64%, Err 0 (0.0e+000)
1739.031 .... 6495 packets received, 7651 bps, 95.64%, Err 0 (0.0e+000)
1741.137 .... 6503 packets received, 7651 bps, 95.64%, Err 0 (0.0e+000)
1743.243 .... 6511 packets received, 7651 bps, 95.64%, Err 0 (0.0e+000)
1745.364 .... 6519 packets received, 7651 bps, 95.64%, Err 0 (0.0e+000)
1747.467 .... 6527 packets received, 7652 bps, 95.64%, Err 0 (0.0e+000)
1749.599 .... 6535 packets received, 7652 bps, 95.64%, Err 0 (0.0e+000)
1751.714 .... 6543 packets received, 7652 bps, 95.65%, Err 0 (0.0e+000)
1753.804 .... 6551 packets received, 7652 bps, 95.65%, Err 0 (0.0e+000)
1755.935 .... 6559 packets received, 7652 bps, 95.65%, Err 0 (0.0e+000)
1758.063 .... 6567 packets received, 7652 bps, 95.65%, Err 0 (0.0e+000)
1760.174 .... 6575 packets received, 7652 bps, 95.65%, Err 0 (0.0e+000)
1762.264 .... 6583 packets received, 7652 bps, 95.65%, Err 0 (0.0e+000)
1764.382 .... 6591 packets received, 7652 bps, 95.66%, Err 0 (0.0e+000)
1766.499 .... 6599 packets received, 7653 bps, 95.66%, Err 0 (0.0e+000)
1768.619 .... 6607 packets received, 7653 bps, 95.66%, Err 0 (0.0e+000)
1770.737 .... 6615 packets received, 7653 bps, 95.66%, Err 0 (0.0e+000)
1772.840 .... 6623 packets received, 7653 bps, 95.66%, Err 0 (0.0e+000)
1774.989 .... 6631 packets received, 7653 bps, 95.66%, Err 0 (0.0e+000)
1777.079 .... 6639 packets received, 7653 bps, 95.66%, Err 0 (0.0e+000)
1779.176 .... 6647 packets received, 7653 bps, 95.67%, Err 0 (0.0e+000)
1781.313 .... 6655 packets received, 7653 bps, 95.67%, Err 0 (0.0e+000)
1783.415 .... 6663 packets received, 7653 bps, 95.67%, Err 0 (0.0e+000)
1785.521 .... 6671 packets received, 7654 bps, 95.67%, Err 0 (0.0e+000)
1787.640 .... 6679 packets received, 7654 bps, 95.67%, Err 0 (0.0e+000)
1789.740 .... 6687 packets received, 7654 bps, 95.67%, Err 0 (0.0e+000)
1791.864 .... 6695 packets received, 7654 bps, 95.67%, Err 0 (0.0e+000)
1793.985 .... 6703 packets received, 7654 bps, 95.68%, Err 0 (0.0e+000)
1796.089 .... 6711 packets received, 7654 bps, 95.68%, Err 0 (0.0e+000)
1798.223 .... 6719 packets received, 7654 bps, 95.68%, Err 0 (0.0e+000)
1800.310 .... 6727 packets received, 7654 bps, 95.68%, Err 0 (0.0e+000)
1802.451 .... 6735 packets received, 7654 bps, 95.68%, Err 0 (0.0e+000)
1804.606 .... 6743 packets received, 7654 bps, 95.68%, Err 0 (0.0e+000)
1806.795 .... 6751 packets received, 7654 bps, 95.68%, Err 0 (0.0e+000)
1808.951 .... 6759 packets received, 7654 bps, 95.68%, Err 0 (0.0e+000)
1811.127 .... 6767 packets received, 7654 bps, 95.67%, Err 0 (0.0e+000)
1813.300 .... 6775 packets received, 7654 bps, 95.67%, Err 0 (0.0e+000)
1815.437 .... 6783 packets received, 7654 bps, 95.67%, Err 0 (0.0e+000)
1817.608 .... 6791 packets received, 7654 bps, 95.67%, Err 0 (0.0e+000)
1819.797 .... 6799 packets received, 7654 bps, 95.67%, Err 0 (0.0e+000)
1821.950 .... 6807 packets received, 7653 bps, 95.67%, Err 0 (0.0e+000)
1824.126 .... 6815 packets received, 7653 bps, 95.67%, Err 0 (0.0e+000)
1826.284 .... 6823 packets received, 7653 bps, 95.67%, Err 0 (0.0e+000)
1828.456 .... 6831 packets received, 7653 bps, 95.66%, Err 0 (0.0e+000)
1830.624 .... 6839 packets received, 7653 bps, 95.66%, Err 0 (0.0e+000)
1832.780 .... 6847 packets received, 7653 bps, 95.66%, Err 0 (0.0e+000)
1834.950 .... 6855 packets received, 7653 bps, 95.66%, Err 0 (0.0e+000)
1837.125 .... 6863 packets received, 7653 bps, 95.66%, Err 0 (0.0e+000)
1839.285 .... 6871 packets received, 7653 bps, 95.66%, Err 0 (0.0e+000)
1841.455 .... 6879 packets received, 7652 bps, 95.66%, Err 0 (0.0e+000)
1843.629 .... 6887 packets received, 7652 bps, 95.65%, Err 0 (0.0e+000)
1845.797 .... 6895 packets received, 7652 bps, 95.65%, Err 0 (0.0e+000)
1847.982 .... 6903 packets received, 7652 bps, 95.65%, Err 0 (0.0e+000)
1850.126 .... 6911 packets received, 7652 bps, 95.65%, Err 0 (0.0e+000)
1852.292 .... 6919 packets received, 7652 bps, 95.65%, Err 0 (0.0e+000)
1854.475 .... 6927 packets received, 7652 bps, 95.65%, Err 0 (0.0e+000)
1856.630 .... 6935 packets received, 7652 bps, 95.65%, Err 0 (0.0e+000)
1858.813 .... 6943 packets received, 7652 bps, 95.64%, Err 0 (0.0e+000)
1860.985 .... 6951 packets received, 7651 bps, 95.64%, Err 0 (0.0e+000)
1863.156 .... 6959 packets received, 7651 bps, 95.64%, Err 0 (0.0e+000)
1865.326 .... 6967 packets received, 7651 bps, 95.64%, Err 0 (0.0e+000)
1867.481 .... 6975 packets received, 7651 bps, 95.64%, Err 0 (0.0e+000)
1869.637 .... 6983 packets received, 7651 bps, 95.64%, Err 0 (0.0e+000)
1871.824 .... 6991 packets received, 7651 bps, 95.64%, Err 0 (0.0e+000)
1873.978 .... 6999 packets received, 7651 bps, 95.64%, Err 0 (0.0e+000)
1876.162 .... 7007 packets received, 7651 bps, 95.63%, Err 0 (0.0e+000)
1878.316 .... 7015 packets received, 7651 bps, 95.63%, Err 0 (0.0e+000)
1880.500 .... 7023 packets received, 7650 bps, 95.63%, Err 0 (0.0e+000)
1882.669 .... 7031 packets received, 7650 bps, 95.63%, Err 0 (0.0e+000)
1884.824 .... 7039 packets received, 7650 bps, 95.63%, Err 0 (0.0e+000)
1886.992 .... 7047 packets received, 7650 bps, 95.63%, Err 0 (0.0e+000)
1889.146 .... 7055 packets received, 7650 bps, 95.63%, Err 0 (0.0e+000)
1891.332 .... 7063 packets received, 7650 bps, 95.62%, Err 0 (0.0e+000)
1893.504 .... 7071 packets received, 7650 bps, 95.62%, Err 0 (0.0e+000)
1895.677 .... 7079 packets received, 7650 bps, 95.62%, Err 0 (0.0e+000)
1897.820 .... 7087 packets received, 7650 bps, 95.62%, Err 0 (0.0e+000)
1899.989 .... 7095 packets received, 7650 bps, 95.62%, Err 0 (0.0e+000)
1902.155 .... 7103 packets received, 7649 bps, 95.62%, Err 0 (0.0e+000)
1904.249 .... 7111 packets received, 7650 bps, 95.62%, Err 0 (0.0e+000)
1906.388 .... 7119 packets received, 7650 bps, 95.62%, Err 0 (0.0e+000)
1908.496 .... 7127 packets received, 7650 bps, 95.62%, Err 0 (0.0e+000)
1910.599 .... 7135 packets received, 7650 bps, 95.62%, Err 0 (0.0e+000)
1912.718 .... 7143 packets received, 7650 bps, 95.63%, Err 0 (0.0e+000)
1914.838 .... 7151 packets received, 7650 bps, 95.63%, Err 0 (0.0e+000)
1916.950 .... 7159 packets received, 7650 bps, 95.63%, Err 0 (0.0e+000)
1919.080 .... 7167 packets received, 7650 bps, 95.63%, Err 0 (0.0e+000)
1921.173 .... 7175 packets received, 7650 bps, 95.63%, Err 0 (0.0e+000)
1923.306 .... 7183 packets received, 7651 bps, 95.63%, Err 0 (0.0e+000)
1925.408 .... 7191 packets received, 7651 bps, 95.63%, Err 0 (0.0e+000)
1927.526 .... 7199 packets received, 7651 bps, 95.63%, Err 0 (0.0e+000)
1929.647 .... 7207 packets received, 7651 bps, 95.64%, Err 0 (0.0e+000)
1931.753 .... 7215 packets received, 7651 bps, 95.64%, Err 0 (0.0e+000)
1933.875 .... 7223 packets received, 7651 bps, 95.64%, Err 0 (0.0e+000)
1935.990 .... 7231 packets received, 7651 bps, 95.64%, Err 0 (0.0e+000)
1938.108 .... 7239 packets received, 7651 bps, 95.64%, Err 0 (0.0e+000)
1940.210 .... 7247 packets received, 7651 bps, 95.64%, Err 0 (0.0e+000)
1942.331 .... 7255 packets received, 7651 bps, 95.64%, Err 0 (0.0e+000)
1944.432 .... 7263 packets received, 7652 bps, 95.65%, Err 0 (0.0e+000)
1946.553 .... 7271 packets received, 7652 bps, 95.65%, Err 0 (0.0e+000)
1948.669 .... 7279 packets received, 7652 bps, 95.65%, Err 0 (0.0e+000)
1950.779 .... 7287 packets received, 7652 bps, 95.65%, Err 0 (0.0e+000)
1952.926 .... 7295 packets received, 7652 bps, 95.65%, Err 0 (0.0e+000)
1955.013 .... 7303 packets received, 7652 bps, 95.65%, Err 0 (0.0e+000)
1957.133 .... 7311 packets received, 7652 bps, 95.65%, Err 0 (0.0e+000)
1959.251 .... 7319 packets received, 7652 bps, 95.65%, Err 0 (0.0e+000)
1961.357 .... 7327 packets received, 7652 bps, 95.66%, Err 0 (0.0e+000)
1963.463 .... 7335 packets received, 7653 bps, 95.66%, Err 0 (0.0e+000)
1965.583 .... 7343 packets received, 7653 bps, 95.66%, Err 0 (0.0e+000)
1967.704 .... 7351 packets received, 7653 bps, 95.66%, Err 0 (0.0e+000)
1969.821 .... 7359 packets received, 7653 bps, 95.66%, Err 0 (0.0e+000)
1971.921 .... 7367 packets received, 7653 bps, 95.66%, Err 0 (0.0e+000)
1974.025 .... 7375 packets received, 7653 bps, 95.66%, Err 0 (0.0e+000)
1976.161 .... 7383 packets received, 7653 bps, 95.66%, Err 0 (0.0e+000)
1978.269 .... 7391 packets received, 7653 bps, 95.67%, Err 0 (0.0e+000)
1980.374 .... 7399 packets received, 7653 bps, 95.67%, Err 0 (0.0e+000)
1982.489 .... 7407 packets received, 7654 bps, 95.67%, Err 0 (0.0e+000)
1984.605 .... 7415 packets received, 7654 bps, 95.67%, Err 0 (0.0e+000)
1986.739 .... 7423 packets received, 7654 bps, 95.67%, Err 0 (0.0e+000)
1988.827 .... 7431 packets received, 7654 bps, 95.67%, Err 0 (0.0e+000)
1990.960 .... 7439 packets received, 7654 bps, 95.67%, Err 0 (0.0e+000)
1993.068 .... 7447 packets received, 7654 bps, 95.67%, Err 0 (0.0e+000)
1995.170 .... 7455 packets received, 7654 bps, 95.68%, Err 0 (0.0e+000)
1997.318 .... 7463 packets received, 7654 bps, 95.68%, Err 0 (0.0e+000)
1999.411 .... 7471 packets received, 7654 bps, 95.68%, Err 0 (0.0e+000)
2001.539 .... 7479 packets received, 7654 bps, 95.68%, Err 0 (0.0e+000)
2003.695 .... 7487 packets received, 7654 bps, 95.68%, Err 0 (0.0e+000)
2005.860 .... 7495 packets received, 7654 bps, 95.68%, Err 0 (0.0e+000)
2008.045 .... 7503 packets received, 7654 bps, 95.68%, Err 0 (0.0e+000)
2010.215 .... 7511 packets received, 7654 bps, 95.67%, Err 0 (0.0e+000)
2012.388 .... 7519 packets received, 7654 bps, 95.67%, Err 0 (0.0e+000)
2014.558 .... 7527 packets received, 7654 bps, 95.67%, Err 0 (0.0e+000)
2016.713 .... 7535 packets received, 7654 bps, 95.67%, Err 0 (0.0e+000)
2018.891 .... 7543 packets received, 7653 bps, 95.67%, Err 0 (0.0e+000)
2021.048 .... 7551 packets received, 7653 bps, 95.67%, Err 0 (0.0e+000)
2023.216 .... 7559 packets received, 7653 bps, 95.67%, Err 0 (0.0e+000)
2025.392 .... 7567 packets received, 7653 bps, 95.66%, Err 0 (0.0e+000)
2027.565 .... 7575 packets received, 7653 bps, 95.66%, Err 0 (0.0e+000)
2029.728 .... 7583 packets received, 7653 bps, 95.66%, Err 0 (0.0e+000)
2031.897 .... 7591 packets received, 7653 bps, 95.66%, Err 0 (0.0e+000)
2034.060 .... 7599 packets received, 7653 bps, 95.66%, Err 0 (0.0e+000)
2036.225 .... 7607 packets received, 7653 bps, 95.66%, Err 0 (0.0e+000)
2038.394 .... 7615 packets received, 7653 bps, 95.66%, Err 0 (0.0e+000)
2040.564 .... 7623 packets received, 7652 bps, 95.66%, Err 0 (0.0e+000)
2042.729 .... 7631 packets received, 7652 bps, 95.65%, Err 0 (0.0e+000)
2044.895 .... 7639 packets received, 7652 bps, 95.65%, Err 0 (0.0e+000)
2047.074 .... 7647 packets received, 7652 bps, 95.65%, Err 0 (0.0e+000)
2049.247 .... 7655 packets received, 7652 bps, 95.65%, Err 0 (0.0e+000)
2051.403 .... 7663 packets received, 7652 bps, 95.65%, Err 0 (0.0e+000)
2053.575 .... 7671 packets received, 7652 bps, 95.65%, Err 0 (0.0e+000)
2055.750 .... 7679 packets received, 7652 bps, 95.65%, Err 0 (0.0e+000)
2057.889 .... 7687 packets received, 7652 bps, 95.65%, Err 0 (0.0e+000)
2060.080 .... 7695 packets received, 7652 bps, 95.64%, Err 0 (0.0e+000)
2062.239 .... 7703 packets received, 7652 bps, 95.64%, Err 0 (0.0e+000)
2064.409 .... 7711 packets received, 7651 bps, 95.64%, Err 0 (0.0e+000)
2066.579 .... 7719 packets received, 7651 bps, 95.64%, Err 0 (0.0e+000)
2068.752 .... 7727 packets received, 7651 bps, 95.64%, Err 0 (0.0e+000)
2070.902 .... 7735 packets received, 7651 bps, 95.64%, Err 0 (0.0e+000)
2073.082 .... 7743 packets received, 7651 bps, 95.64%, Err 0 (0.0e+000)
2075.253 .... 7751 packets received, 7651 bps, 95.64%, Err 0 (0.0e+000)
2077.403 .... 7759 packets received, 7651 bps, 95.64%, Err 0 (0.0e+000)
2079.575 .... 7767 packets received, 7651 bps, 95.63%, Err 0 (0.0e+000)
2081.757 .... 7775 packets received, 7651 bps, 95.63%, Err 0 (0.0e+000)
2083.921 .... 7783 packets received, 7651 bps, 95.63%, Err 0 (0.0e+000)
2086.082 .... 7791 packets received, 7650 bps, 95.63%, Err 0 (0.0e+000)
2088.251 .... 7799 packets received, 7650 bps, 95.63%, Err 0 (0.0e+000)
2090.436 .... 7807 packets received, 7650 bps, 95.63%, Err 0 (0.0e+000)
2092.608 .... 7815 packets received, 7650 bps, 95.63%, Err 0 (0.0e+000)
2094.765 .... 7823 packets received, 7650 bps, 95.63%, Err 0 (0.0e+000)
2096.924 .... 7831 packets received, 7650 bps, 95.62%, Err 0 (0.0e+000)
2099.109 .... 7839 packets received, 7650 bps, 95.62%, Err 0 (0.0e+000)
2101.266 .... 7847 packets received, 7650 bps, 95.62%, Err 0 (0.0e+000)
2103.376 .... 7855 packets received, 7650 bps, 95.62%, Err 0 (0.0e+000)
2105.496 .... 7863 packets received, 7650 bps, 95.62%, Err 0 (0.0e+000)
2107.619 .... 7871 packets received, 7650 bps, 95.63%, Err 0 (0.0e+000)
2109.724 .... 7879 packets received, 7650 bps, 95.63%, Err 0 (0.0e+000)
2111.826 .... 7887 packets received, 7650 bps, 95.63%, Err 0 (0.0e+000)
2113.960 .... 7895 packets received, 7650 bps, 95.63%, Err 0 (0.0e+000)
2116.063 .... 7903 packets received, 7650 bps, 95.63%, Err 0 (0.0e+000)
2118.179 .... 7911 packets received, 7651 bps, 95.63%, Err 0 (0.0e+000)
2120.285 .... 7919 packets received, 7651 bps, 95.63%, Err 0 (0.0e+000)
2122.407 .... 7927 packets received, 7651 bps, 95.63%, Err 0 (0.0e+000)
2124.529 .... 7935 packets received, 7651 bps, 95.64%, Err 0 (0.0e+000)
2126.632 .... 7943 packets received, 7651 bps, 95.64%, Err 0 (0.0e+000)
2128.749 .... 7951 packets received, 7651 bps, 95.64%, Err 0 (0.0e+000)
2130.870 .... 7959 packets received, 7651 bps, 95.64%, Err 0 (0.0e+000)
2132.974 .... 7967 packets received, 7651 bps, 95.64%, Err 0 (0.0e+000)
2135.093 .... 7975 packets received, 7651 bps, 95.64%, Err 0 (0.0e+000)
2137.210 .... 7983 packets received, 7651 bps, 95.64%, Err 0 (0.0e+000)
2139.326 .... 7991 packets received, 7651 bps, 95.64%, Err 0 (0.0e+000)
2141.443 .... 7999 packets received, 7652 bps, 95.64%, Err 0 (0.0e+000)
2143.561 .... 8007 packets received, 7652 bps, 95.65%, Err 0 (0.0e+000)
2145.665 .... 8015 packets received, 7652 bps, 95.65%, Err 0 (0.0e+000)
2147.805 .... 8023 packets received, 7652 bps, 95.65%, Err 0 (0.0e+000)
2149.894 .... 8031 packets received, 7652 bps, 95.65%, Err 0 (0.0e+000)
2152.011 .... 8039 packets received, 7652 bps, 95.65%, Err 0 (0.0e+000)
2154.129 .... 8047 packets received, 7652 bps, 95.65%, Err 0 (0.0e+000)
2156.251 .... 8055 packets received, 7652 bps, 95.65%, Err 0 (0.0e+000)
2158.367 .... 8063 packets received, 7652 bps, 95.65%, Err 0 (0.0e+000)
2160.468 .... 8071 packets received, 7652 bps, 95.66%, Err 0 (0.0e+000)
2162.594 .... 8079 packets received, 7653 bps, 95.66%, Err 0 (0.0e+000)
2164.698 .... 8087 packets received, 7653 bps, 95.66%, Err 0 (0.0e+000)
2166.804 .... 8095 packets received, 7653 bps, 95.66%, Err 0 (0.0e+000)
2168.923 .... 8103 packets received, 7653 bps, 95.66%, Err 0 (0.0e+000)
2171.030 .... 8111 packets received, 7653 bps, 95.66%, Err 0 (0.0e+000)
2173.152 .... 8119 packets received, 7653 bps, 95.66%, Err 0 (0.0e+000)
2175.278 .... 8127 packets received, 7653 bps, 95.66%, Err 0 (0.0e+000)
2177.380 .... 8135 packets received, 7653 bps, 95.67%, Err 0 (0.0e+000)
2179.515 .... 8143 packets received, 7653 bps, 95.67%, Err 0 (0.0e+000)
2181.622 .... 8151 packets received, 7653 bps, 95.67%, Err 0 (0.0e+000)
2183.728 .... 8159 packets received, 7653 bps, 95.67%, Err 0 (0.0e+000)
2185.861 .... 8167 packets received, 7654 bps, 95.67%, Err 0 (0.0e+000)
2187.970 .... 8175 packets received, 7654 bps, 95.67%, Err 0 (0.0e+000)
2190.088 .... 8183 packets received, 7654 bps, 95.67%, Err 0 (0.0e+000)
2192.197 .... 8191 packets received, 7654 bps, 95.67%, Err 0 (0.0e+000)
2194.313 .... 8199 packets received, 7654 bps, 95.67%, Err 0 (0.0e+000)
2196.421 .... 8207 packets received, 7654 bps, 95.68%, Err 0 (0.0e+000)
2198.533 .... 8215 packets received, 7654 bps, 95.68%, Err 0 (0.0e+000)
2200.640 .... 8223 packets received, 7654 bps, 95.68%, Err 0 (0.0e+000)
2202.764 .... 8231 packets received, 7654 bps, 95.68%, Err 0 (0.0e+000)
2204.888 .... 8239 packets received, 7654 bps, 95.68%, Err 0 (0.0e+000)
2207.058 .... 8247 packets received, 7654 bps, 95.68%, Err 0 (0.0e+000)
2209.200 .... 8255 packets received, 7654 bps, 95.68%, Err 0 (0.0e+000)
2211.386 .... 8263 packets received, 7654 bps, 95.68%, Err 0 (0.0e+000)
2213.551 .... 8271 packets received, 7654 bps, 95.67%, Err 0 (0.0e+000)
2215.719 .... 8279 packets received, 7654 bps, 95.67%, Err 0 (0.0e+000)
2217.881 .... 8287 packets received, 7654 bps, 95.67%, Err 0 (0.0e+000)
2220.053 .... 8295 packets received, 7654 bps, 95.67%, Err 0 (0.0e+000)
2222.208 .... 8303 packets received, 7654 bps, 95.67%, Err 0 (0.0e+000)
2224.392 .... 8311 packets received, 7654 bps, 95.67%, Err 0 (0.0e+000)
2226.562 .... 8319 packets received, 7653 bps, 95.67%, Err 0 (0.0e+000)
2228.731 .... 8327 packets received, 7653 bps, 95.67%, Err 0 (0.0e+000)
2230.886 .... 8335 packets received, 7653 bps, 95.67%, Err 0 (0.0e+000)
2233.050 .... 8343 packets received, 7653 bps, 95.66%, Err 0 (0.0e+000)
2235.227 .... 8351 packets received, 7653 bps, 95.66%, Err 0 (0.0e+000)
2237.414 .... 8359 packets received, 7653 bps, 95.66%, Err 0 (0.0e+000)
2239.567 .... 8367 packets received, 7653 bps, 95.66%, Err 0 (0.0e+000)
2241.721 .... 8375 packets received, 7653 bps, 95.66%, Err 0 (0.0e+000)
2243.895 .... 8383 packets received, 7653 bps, 95.66%, Err 0 (0.0e+000)
2246.068 .... 8391 packets received, 7653 bps, 95.66%, Err 0 (0.0e+000)
2248.251 .... 8399 packets received, 7652 bps, 95.66%, Err 0 (0.0e+000)
2250.421 .... 8407 packets received, 7652 bps, 95.65%, Err 0 (0.0e+000)
2252.591 .... 8415 packets received, 7652 bps, 95.65%, Err 0 (0.0e+000)
2254.743 .... 8423 packets received, 7652 bps, 95.65%, Err 0 (0.0e+000)
2256.910 .... 8431 packets received, 7652 bps, 95.65%, Err 0 (0.0e+000)
2259.080 .... 8439 packets received, 7652 bps, 95.65%, Err 0 (0.0e+000)
2261.248 .... 8447 packets received, 7652 bps, 95.65%, Err 0 (0.0e+000)
2263.418 .... 8455 packets received, 7652 bps, 95.65%, Err 0 (0.0e+000)
2265.574 .... 8463 packets received, 7652 bps, 95.65%, Err 0 (0.0e+000)
2267.757 .... 8471 packets received, 7652 bps, 95.65%, Err 0 (0.0e+000)
2269.931 .... 8479 packets received, 7652 bps, 95.64%, Err 0 (0.0e+000)
2272.101 .... 8487 packets received, 7651 bps, 95.64%, Err 0 (0.0e+000)
2274.253 .... 8495 packets received, 7651 bps, 95.64%, Err 0 (0.0e+000)
2276.420 .... 8503 packets received, 7651 bps, 95.64%, Err 0 (0.0e+000)
2278.591 .... 8511 packets received, 7651 bps, 95.64%, Err 0 (0.0e+000)
2280.746 .... 8519 packets received, 7651 bps, 95.64%, Err 0 (0.0e+000)
2282.912 .... 8527 packets received, 7651 bps, 95.64%, Err 0 (0.0e+000)
2285.081 .... 8535 packets received, 7651 bps, 95.64%, Err 0 (0.0e+000)
2287.253 .... 8543 packets received, 7651 bps, 95.64%, Err 0 (0.0e+000)
2289.425 .... 8551 packets received, 7651 bps, 95.63%, Err 0 (0.0e+000)
2291.599 .... 8559 packets received, 7651 bps, 95.63%, Err 0 (0.0e+000)
2293.768 .... 8567 packets received, 7651 bps, 95.63%, Err 0 (0.0e+000)
2295.936 .... 8575 packets received, 7651 bps, 95.63%, Err 0 (0.0e+000)
2298.105 .... 8583 packets received, 7650 bps, 95.63%, Err 0 (0.0e+000)
2300.279 .... 8591 packets received, 7650 bps, 95.63%, Err 0 (0.0e+000)
2302.428 .... 8599 packets received, 7650 bps, 95.63%, Err 0 (0.0e+000)
2304.517 .... 8607 packets received, 7650 bps, 95.63%, Err 0 (0.0e+000)
2306.654 .... 8615 packets received, 7650 bps, 95.63%, Err 0 (0.0e+000)
2308.760 .... 8623 packets received, 7651 bps, 95.63%, Err 0 (0.0e+000)
2310.876 .... 8631 packets received, 7651 bps, 95.63%, Err 0 (0.0e+000)
2312.993 .... 8639 packets received, 7651 bps, 95.63%, Err 0 (0.0e+000)
2315.094 .... 8647 packets received, 7651 bps, 95.64%, Err 0 (0.0e+000)
2317.212 .... 8655 packets received, 7651 bps, 95.64%, Err 0 (0.0e+000)
2319.315 .... 8663 packets received, 7651 bps, 95.64%, Err 0 (0.0e+000)
2321.419 .... 8671 packets received, 7651 bps, 95.64%, Err 0 (0.0e+000)
2323.550 .... 8679 packets received, 7651 bps, 95.64%, Err 0 (0.0e+000)
2325.659 .... 8687 packets received, 7651 bps, 95.64%, Err 0 (0.0e+000)
2327.772 .... 8695 packets received, 7651 bps, 95.64%, Err 0 (0.0e+000)
2329.878 .... 8703 packets received, 7652 bps, 95.64%, Err 0 (0.0e+000)
2332.014 .... 8711 packets received, 7652 bps, 95.64%, Err 0 (0.0e+000)
2334.129 .... 8719 packets received, 7652 bps, 95.65%, Err 0 (0.0e+000)
2336.213 .... 8727 packets received, 7652 bps, 95.65%, Err 0 (0.0e+000)
2338.346 .... 8735 packets received, 7652 bps, 95.65%, Err 0 (0.0e+000)
2340.462 .... 8743 packets received, 7652 bps, 95.65%, Err 0 (0.0e+000)
2342.577 .... 8751 packets received, 7652 bps, 95.65%, Err 0 (0.0e+000)
2344.684 .... 8759 packets received, 7652 bps, 95.65%, Err 0 (0.0e+000)
2346.795 .... 8767 packets received, 7652 bps, 95.65%, Err 0 (0.0e+000)
2348.929 .... 8775 packets received, 7652 bps, 95.65%, Err 0 (0.0e+000)
2351.034 .... 8783 packets received, 7652 bps, 95.66%, Err 0 (0.0e+000)
2353.140 .... 8791 packets received, 7653 bps, 95.66%, Err 0 (0.0e+000)
2355.246 .... 8799 packets received, 7653 bps, 95.66%, Err 0 (0.0e+000)
2357.366 .... 8807 packets received, 7653 bps, 95.66%, Err 0 (0.0e+000)
2359.483 .... 8815 packets received, 7653 bps, 95.66%, Err 0 (0.0e+000)
2361.591 .... 8823 packets received, 7653 bps, 95.66%, Err 0 (0.0e+000)
2363.695 .... 8831 packets received, 7653 bps, 95.66%, Err 0 (0.0e+000)
2365.816 .... 8839 packets received, 7653 bps, 95.66%, Err 0 (0.0e+000)
2367.937 .... 8847 packets received, 7653 bps, 95.66%, Err 0 (0.0e+000)
2370.053 .... 8855 packets received, 7653 bps, 95.67%, Err 0 (0.0e+000)
2372.151 .... 8863 packets received, 7653 bps, 95.67%, Err 0 (0.0e+000)
2374.269 .... 8871 packets received, 7653 bps, 95.67%, Err 0 (0.0e+000)
2376.371 .... 8879 packets received, 7654 bps, 95.67%, Err 0 (0.0e+000)
2378.503 .... 8887 packets received, 7654 bps, 95.67%, Err 0 (0.0e+000)
2380.616 .... 8895 packets received, 7654 bps, 95.67%, Err 0 (0.0e+000)
2382.706 .... 8903 packets received, 7654 bps, 95.67%, Err 0 (0.0e+000)
2384.840 .... 8911 packets received, 7654 bps, 95.67%, Err 0 (0.0e+000)
2386.943 .... 8919 packets received, 7654 bps, 95.67%, Err 0 (0.0e+000)
2389.078 .... 8927 packets received, 7654 bps, 95.67%, Err 0 (0.0e+000)
2391.172 .... 8935 packets received, 7654 bps, 95.68%, Err 0 (0.0e+000)
2393.293 .... 8943 packets received, 7654 bps, 95.68%, Err 0 (0.0e+000)
2395.409 .... 8951 packets received, 7654 bps, 95.68%, Err 0 (0.0e+000)
2397.523 .... 8959 packets received, 7654 bps, 95.68%, Err 0 (0.0e+000)
2399.640 .... 8967 packets received, 7654 bps, 95.68%, Err 0 (0.0e+000)
2401.765 .... 8975 packets received, 7654 bps, 95.68%, Err 0 (0.0e+000)
2403.934 .... 8983 packets received, 7654 bps, 95.68%, Err 0 (0.0e+000)
2406.106 .... 8991 packets received, 7654 bps, 95.68%, Err 0 (0.0e+000)
2408.289 .... 8999 packets received, 7654 bps, 95.68%, Err 0 (0.0e+000)
2410.443 .... 9007 packets received, 7654 bps, 95.68%, Err 0 (0.0e+000)
2412.616 .... 9015 packets received, 7654 bps, 95.68%, Err 0 (0.0e+000)
2414.782 .... 9023 packets received, 7654 bps, 95.67%, Err 0 (0.0e+000)
2416.952 .... 9031 packets received, 7654 bps, 95.67%, Err 0 (0.0e+000)
2419.122 .... 9039 packets received, 7654 bps, 95.67%, Err 0 (0.0e+000)
2421.291 .... 9047 packets received, 7654 bps, 95.67%, Err 0 (0.0e+000)
2423.448 .... 9055 packets received, 7654 bps, 95.67%, Err 0 (0.0e+000)
2425.621 .... 9063 packets received, 7654 bps, 95.67%, Err 0 (0.0e+000)
2427.791 .... 9071 packets received, 7653 bps, 95.67%, Err 0 (0.0e+000)
2429.961 .... 9079 packets received, 7653 bps, 95.67%, Err 0 (0.0e+000)
2432.129 .... 9087 packets received, 7653 bps, 95.67%, Err 0 (0.0e+000)
2434.302 .... 9095 packets received, 7653 bps, 95.66%, Err 0 (0.0e+000)
2436.459 .... 9103 packets received, 7653 bps, 95.66%, Err 0 (0.0e+000)
2438.636 .... 9111 packets received, 7653 bps, 95.66%, Err 0 (0.0e+000)
2440.799 .... 9119 packets received, 7653 bps, 95.66%, Err 0 (0.0e+000)
2442.961 .... 9127 packets received, 7653 bps, 95.66%, Err 0 (0.0e+000)
2445.132 .... 9135 packets received, 7653 bps, 95.66%, Err 0 (0.0e+000)
2447.307 .... 9143 packets received, 7653 bps, 95.66%, Err 0 (0.0e+000)
2449.478 .... 9151 packets received, 7653 bps, 95.66%, Err 0 (0.0e+000)
2451.650 .... 9159 packets received, 7652 bps, 95.66%, Err 0 (0.0e+000)
2453.795 .... 9167 packets received, 7652 bps, 95.66%, Err 0 (0.0e+000)
2455.965 .... 9175 packets received, 7652 bps, 95.65%, Err 0 (0.0e+000)
2458.148 .... 9183 packets received, 7652 bps, 95.65%, Err 0 (0.0e+000)
2460.301 .... 9191 packets received, 7652 bps, 95.65%, Err 0 (0.0e+000)
2462.467 .... 9199 packets received, 7652 bps, 95.65%, Err 0 (0.0e+000)
2464.651 .... 9207 packets received, 7652 bps, 95.65%, Err 0 (0.0e+000)
2466.806 .... 9215 packets received, 7652 bps, 95.65%, Err 0 (0.0e+000)
2468.978 .... 9223 packets received, 7652 bps, 95.65%, Err 0 (0.0e+000)
2471.146 .... 9231 packets received, 7652 bps, 95.65%, Err 0 (0.0e+000)
2473.331 .... 9239 packets received, 7652 bps, 95.65%, Err 0 (0.0e+000)
2475.470 .... 9247 packets received, 7652 bps, 95.65%, Err 0 (0.0e+000)
2477.665 .... 9255 packets received, 7651 bps, 95.64%, Err 0 (0.0e+000)
2479.805 .... 9263 packets received, 7651 bps, 95.64%, Err 0 (0.0e+000)
2482.003 .... 9271 packets received, 7651 bps, 95.64%, Err 0 (0.0e+000)
2484.160 .... 9279 packets received, 7651 bps, 95.64%, Err 0 (0.0e+000)
2486.332 .... 9287 packets received, 7651 bps, 95.64%, Err 0 (0.0e+000)
2488.501 .... 9295 packets received, 7651 bps, 95.64%, Err 0 (0.0e+000)
2490.656 .... 9303 packets received, 7651 bps, 95.64%, Err 0 (0.0e+000)
2492.840 .... 9311 packets received, 7651 bps, 95.64%, Err 0 (0.0e+000)
2494.987 .... 9319 packets received, 7651 bps, 95.64%, Err 0 (0.0e+000)
2497.166 .... 9327 packets received, 7651 bps, 95.63%, Err 0 (0.0e+000)
2499.336 .... 9335 packets received, 7651 bps, 95.63%, Err 0 (0.0e+000)
2501.488 .... 9343 packets received, 7651 bps, 95.63%, Err 0 (0.0e+000)
2503.607 .... 9351 packets received, 7651 bps, 95.63%, Err 0 (0.0e+000)
2505.724 .... 9359 packets received, 7651 bps, 95.63%, Err 0 (0.0e+000)
2507.846 .... 9367 packets received, 7651 bps, 95.64%, Err 0 (0.0e+000)
2509.950 .... 9375 packets received, 7651 bps, 95.64%, Err 0 (0.0e+000)
2512.069 .... 9383 packets received, 7651 bps, 95.64%, Err 0 (0.0e+000)
2514.178 .... 9391 packets received, 7651 bps, 95.64%, Err 0 (0.0e+000)
2516.299 .... 9399 packets received, 7651 bps, 95.64%, Err 0 (0.0e+000)
2518.415 .... 9407 packets received, 7651 bps, 95.64%, Err 0 (0.0e+000)
2520.530 .... 9415 packets received, 7651 bps, 95.64%, Err 0 (0.0e+000)
2522.631 .... 9423 packets received, 7651 bps, 95.64%, Err 0 (0.0e+000)
2524.750 .... 9431 packets received, 7652 bps, 95.64%, Err 0 (0.0e+000)
2526.870 .... 9439 packets received, 7652 bps, 95.64%, Err 0 (0.0e+000)
2528.974 .... 9447 packets received, 7652 bps, 95.65%, Err 0 (0.0e+000)
2531.079 .... 9455 packets received, 7652 bps, 95.65%, Err 0 (0.0e+000)
2533.214 .... 9463 packets received, 7652 bps, 95.65%, Err 0 (0.0e+000)
2535.316 .... 9471 packets received, 7652 bps, 95.65%, Err 0 (0.0e+000)
2537.420 .... 9479 packets received, 7652 bps, 95.65%, Err 0 (0.0e+000)
2539.548 .... 9487 packets received, 7652 bps, 95.65%, Err 0 (0.0e+000)
2541.674 .... 9495 packets received, 7652 bps, 95.65%, Err 0 (0.0e+000)
2543.761 .... 9503 packets received, 7652 bps, 95.65%, Err 0 (0.0e+000)
2545.885 .... 9511 packets received, 7652 bps, 95.65%, Err 0 (0.0e+000)
2547.998 .... 9519 packets received, 7652 bps, 95.66%, Err 0 (0.0e+000)
2550.123 .... 9527 packets received, 7652 bps, 95.66%, Err 0 (0.0e+000)
2552.236 .... 9535 packets received, 7653 bps, 95.66%, Err 0 (0.0e+000)
2554.333 .... 9543 packets received, 7653 bps, 95.66%, Err 0 (0.0e+000)
2556.454 .... 9551 packets received, 7653 bps, 95.66%, Err 0 (0.0e+000)
2558.561 .... 9559 packets received, 7653 bps, 95.66%, Err 0 (0.0e+000)
2560.681 .... 9567 packets received, 7653 bps, 95.66%, Err 0 (0.0e+000)
2562.802 .... 9575 packets received, 7653 bps, 95.66%, Err 0 (0.0e+000)
2564.908 .... 9583 packets received, 7653 bps, 95.66%, Err 0 (0.0e+000)
2567.032 .... 9591 packets received, 7653 bps, 95.66%, Err 0 (0.0e+000)
2569.150 .... 9599 packets received, 7653 bps, 95.67%, Err 0 (0.0e+000)
2571.251 .... 9607 packets received, 7653 bps, 95.67%, Err 0 (0.0e+000)
2573.373 .... 9615 packets received, 7653 bps, 95.67%, Err 0 (0.0e+000)
2575.491 .... 9623 packets received, 7653 bps, 95.67%, Err 0 (0.0e+000)
2577.593 .... 9631 packets received, 7654 bps, 95.67%, Err 0 (0.0e+000)
2579.714 .... 9639 packets received, 7654 bps, 95.67%, Err 0 (0.0e+000)
2581.833 .... 9647 packets received, 7654 bps, 95.67%, Err 0 (0.0e+000)
2583.938 .... 9655 packets received, 7654 bps, 95.67%, Err 0 (0.0e+000)
2586.057 .... 9663 packets received, 7654 bps, 95.67%, Err 0 (0.0e+000)
2588.168 .... 9671 packets received, 7654 bps, 95.67%, Err 0 (0.0e+000)
2590.274 .... 9679 packets received, 7654 bps, 95.68%, Err 0 (0.0e+000)
2592.422 .... 9687 packets received, 7654 bps, 95.68%, Err 0 (0.0e+000)
2594.511 .... 9695 packets received, 7654 bps, 95.68%, Err 0 (0.0e+000)
2596.622 .... 9703 packets received, 7654 bps, 95.68%, Err 0 (0.0e+000)
2598.744 .... 9711 packets received, 7654 bps, 95.68%, Err 0 (0.0e+000)
2600.854 .... 9719 packets received, 7654 bps, 95.68%, Err 0 (0.0e+000)
2602.982 .... 9727 packets received, 7654 bps, 95.68%, Err 0 (0.0e+000)
2605.160 .... 9735 packets received, 7654 bps, 95.68%, Err 0 (0.0e+000)
2607.321 .... 9743 packets received, 7654 bps, 95.68%, Err 0 (0.0e+000)
2609.493 .... 9751 packets received, 7654 bps, 95.68%, Err 0 (0.0e+000)
2611.660 .... 9759 packets received, 7654 bps, 95.68%, Err 0 (0.0e+000)
2613.821 .... 9767 packets received, 7654 bps, 95.68%, Err 0 (0.0e+000)
2615.989 .... 9775 packets received, 7654 bps, 95.67%, Err 0 (0.0e+000)
2618.162 .... 9783 packets received, 7654 bps, 95.67%, Err 0 (0.0e+000)
2620.314 .... 9791 packets received, 7654 bps, 95.67%, Err 0 (0.0e+000)
2622.484 .... 9799 packets received, 7654 bps, 95.67%, Err 0 (0.0e+000)
2624.671 .... 9807 packets received, 7654 bps, 95.67%, Err 0 (0.0e+000)
2626.830 .... 9815 packets received, 7654 bps, 95.67%, Err 0 (0.0e+000)
2629.001 .... 9823 packets received, 7653 bps, 95.67%, Err 0 (0.0e+000)
2631.172 .... 9831 packets received, 7653 bps, 95.67%, Err 0 (0.0e+000)
2633.342 .... 9839 packets received, 7653 bps, 95.67%, Err 0 (0.0e+000)
2635.517 .... 9847 packets received, 7653 bps, 95.66%, Err 0 (0.0e+000)
2637.656 .... 9855 packets received, 7653 bps, 95.67%, Err 0 (0.0e+000)
2639.839 .... 9863 packets received, 7653 bps, 95.66%, Err 0 (0.0e+000)
2642.009 .... 9871 packets received, 7653 bps, 95.66%, Err 0 (0.0e+000)
2644.164 .... 9879 packets received, 7653 bps, 95.66%, Err 0 (0.0e+000)
2646.353 .... 9887 packets received, 7653 bps, 95.66%, Err 0 (0.0e+000)
2648.513 .... 9895 packets received, 7653 bps, 95.66%, Err 0 (0.0e+000)
2650.688 .... 9903 packets received, 7653 bps, 95.66%, Err 0 (0.0e+000)
2652.846 .... 9911 packets received, 7653 bps, 95.66%, Err 0 (0.0e+000)
2655.018 .... 9919 packets received, 7653 bps, 95.66%, Err 0 (0.0e+000)
2657.190 .... 9927 packets received, 7652 bps, 95.66%, Err 0 (0.0e+000)
2659.344 .... 9935 packets received, 7652 bps, 95.65%, Err 0 (0.0e+000)
2661.517 .... 9943 packets received, 7652 bps, 95.65%, Err 0 (0.0e+000)
2663.686 .... 9951 packets received, 7652 bps, 95.65%, Err 0 (0.0e+000)
2665.842 .... 9959 packets received, 7652 bps, 95.65%, Err 0 (0.0e+000)
2668.011 .... 9967 packets received, 7652 bps, 95.65%, Err 0 (0.0e+000)
2670.191 .... 9975 packets received, 7652 bps, 95.65%, Err 0 (0.0e+000)
2672.345 .... 9983 packets received, 7652 bps, 95.65%, Err 0 (0.0e+000)
2674.515 .... 9991 packets received, 7652 bps, 95.65%, Err 0 (0.0e+000)
2676.705 .... 9999 packets received, 7652 bps, 95.65%, Err 0 (0.0e+000)
2678.874 .... 10007 packets received, 7652 bps, 95.65%, Err 0 (0.0e+000)
2681.030 .... 10015 packets received, 7652 bps, 95.65%, Err 0 (0.0e+000)
2683.198 .... 10023 packets received, 7652 bps, 95.64%, Err 0 (0.0e+000)
2685.358 .... 10031 packets received, 7651 bps, 95.64%, Err 0 (0.0e+000)
2687.544 .... 10039 packets received, 7651 bps, 95.64%, Err 0 (0.0e+000)
2689.712 .... 10047 packets received, 7651 bps, 95.64%, Err 0 (0.0e+000)
2691.881 .... 10055 packets received, 7651 bps, 95.64%, Err 0 (0.0e+000)
2694.041 .... 10063 packets received, 7651 bps, 95.64%, Err 0 (0.0e+000)
2696.202 .... 10071 packets received, 7651 bps, 95.64%, Err 0 (0.0e+000)
2698.387 .... 10079 packets received, 7651 bps, 95.64%, Err 0 (0.0e+000)
2700.530 .... 10087 packets received, 7651 bps, 95.64%, Err 0 (0.0e+000)
2702.679 .... 10095 packets received, 7651 bps, 95.64%, Err 0 (0.0e+000)
2704.789 .... 10103 packets received, 7651 bps, 95.64%, Err 0 (0.0e+000)
2706.896 .... 10111 packets received, 7651 bps, 95.64%, Err 0 (0.0e+000)
2709.021 .... 10119 packets received, 7651 bps, 95.64%, Err 0 (0.0e+000)
2711.125 .... 10127 packets received, 7651 bps, 95.64%, Err 0 (0.0e+000)
2713.229 .... 10135 packets received, 7651 bps, 95.64%, Err 0 (0.0e+000)
2715.361 .... 10143 packets received, 7651 bps, 95.64%, Err 0 (0.0e+000)
2717.464 .... 10151 packets received, 7652 bps, 95.64%, Err 0 (0.0e+000)
2719.580 .... 10159 packets received, 7652 bps, 95.64%, Err 0 (0.0e+000)
2721.703 .... 10167 packets received, 7652 bps, 95.65%, Err 0 (0.0e+000)
2723.806 .... 10175 packets received, 7652 bps, 95.65%, Err 0 (0.0e+000)
2725.924 .... 10183 packets received, 7652 bps, 95.65%, Err 0 (0.0e+000)
2728.046 .... 10191 packets received, 7652 bps, 95.65%, Err 0 (0.0e+000)
2730.152 .... 10199 packets received, 7652 bps, 95.65%, Err 0 (0.0e+000)
2732.270 .... 10207 packets received, 7652 bps, 95.65%, Err 0 (0.0e+000)
2734.381 .... 10215 packets received, 7652 bps, 95.65%, Err 0 (0.0e+000)
2736.494 .... 10223 packets received, 7652 bps, 95.65%, Err 0 (0.0e+000)
2738.620 .... 10231 packets received, 7652 bps, 95.65%, Err 0 (0.0e+000)
2740.713 .... 10239 packets received, 7652 bps, 95.65%, Err 0 (0.0e+000)
2742.849 .... 10247 packets received, 7652 bps, 95.65%, Err 0 (0.0e+000)
2744.950 .... 10255 packets received, 7652 bps, 95.66%, Err 0 (0.0e+000)
2747.084 .... 10263 packets received, 7653 bps, 95.66%, Err 0 (0.0e+000)
2749.194 .... 10271 packets received, 7653 bps, 95.66%, Err 0 (0.0e+000)
2751.319 .... 10279 packets received, 7653 bps, 95.66%, Err 0 (0.0e+000)
2753.425 .... 10287 packets received, 7653 bps, 95.66%, Err 0 (0.0e+000)
2755.534 .... 10295 packets received, 7653 bps, 95.66%, Err 0 (0.0e+000)
2757.643 .... 10303 packets received, 7653 bps, 95.66%, Err 0 (0.0e+000)
2759.764 .... 10311 packets received, 7653 bps, 95.66%, Err 0 (0.0e+000)
2761.870 .... 10319 packets received, 7653 bps, 95.66%, Err 0 (0.0e+000)
2764.008 .... 10327 packets received, 7653 bps, 95.66%, Err 0 (0.0e+000)
2766.102 .... 10335 packets received, 7653 bps, 95.67%, Err 0 (0.0e+000)
2768.207 .... 10343 packets received, 7653 bps, 95.67%, Err 0 (0.0e+000)
2770.326 .... 10351 packets received, 7653 bps, 95.67%, Err 0 (0.0e+000)
2772.451 .... 10359 packets received, 7653 bps, 95.67%, Err 0 (0.0e+000)
2774.558 .... 10367 packets received, 7654 bps, 95.67%, Err 0 (0.0e+000)
2776.661 .... 10375 packets received, 7654 bps, 95.67%, Err 0 (0.0e+000)
2778.782 .... 10383 packets received, 7654 bps, 95.67%, Err 0 (0.0e+000)
2780.895 .... 10391 packets received, 7654 bps, 95.67%, Err 0 (0.0e+000)
2783.014 .... 10399 packets received, 7654 bps, 95.67%, Err 0 (0.0e+000)
2785.117 .... 10407 packets received, 7654 bps, 95.67%, Err 0 (0.0e+000)
2787.250 .... 10415 packets received, 7654 bps, 95.67%, Err 0 (0.0e+000)
2789.352 .... 10423 packets received, 7654 bps, 95.68%, Err 0 (0.0e+000)
2791.456 .... 10431 packets received, 7654 bps, 95.68%, Err 0 (0.0e+000)
2793.574 .... 10439 packets received, 7654 bps, 95.68%, Err 0 (0.0e+000)
2795.435 TCP disconnected.
