C:\Users\Lao Shi\protocol_laoshi\laoshi_selective.exe -af 
=========================================================================
                          Station A                                 
-------------------------------------------------------------------------
Protocol.lib, version 3.0, Build: Oct 19 2009 (jiangy@public3.bta.net.cn)
Channel: 8000 bps, 270 ms propagation delay, bit error rate 1.0E-005
Log file "C:\Users\Lao Shi\protocol_laoshi\laoshi_selective-A.log", TCP port 59144, debug mask 0x00
Station A is waiting for station B on TCP port 59144 ... Done.
New epoch: Mon May 09 21:12:55 2016
=========================================================================
2.425 .... 7 packets received, 6640 bps, 83.00%, Err 1 (5.2e-005)
4.589 .... 15 packets received, 7106 bps, 88.83%, Err 1 (2.7e-005)
6.748 .... 23 packets received, 7267 bps, 90.84%, Err 1 (1.9e-005)
8.937 .... 31 packets received, 7322 bps, 91.52%, Err 1 (1.4e-005)
11.098 .... 39 packets received, 7374 bps, 92.17%, Err 1 (1.1e-005)
13.249 .... 47 packets received, 7414 bps, 92.68%, Err 1 (9.5e-006)
15.424 .... 55 packets received, 7431 bps, 92.89%, Err 2 (1.6e-005)
17.593 .... 63 packets received, 7446 bps, 93.08%, Err 2 (1.4e-005)
19.777 .... 71 packets received, 7453 bps, 93.16%, Err 2 (1.3e-005)
21.917 .... 79 packets received, 7473 bps, 93.41%, Err 2 (1.1e-005)
24.102 .... 87 packets received, 7475 bps, 93.44%, Err 2 (1.0e-005)
26.266 .... 95 packets received, 7483 bps, 93.54%, Err 2 (9.5e-006)
29.787 .... 103 packets received, 7146 bps, 89.32%, Err 3 (1.3e-005)
31.941 .... 115 packets received, 7436 bps, 92.94%, Err 3 (1.2e-005)
34.109 .... 123 packets received, 7443 bps, 93.04%, Err 3 (1.1e-005)
36.266 .... 130 packets received, 7396 bps, 92.44%, Err 4 (1.4e-005)
38.422 .... 138 packets received, 7407 bps, 92.59%, Err 4 (1.3e-005)
40.562 .... 146 packets received, 7420 bps, 92.75%, Err 4 (1.2e-005)
42.746 .... 154 packets received, 7424 bps, 92.81%, Err 4 (1.2e-005)
44.914 .... 162 packets received, 7431 bps, 92.89%, Err 4 (1.1e-005)
47.082 .... 170 packets received, 7437 bps, 92.96%, Err 4 (1.1e-005)
49.234 .... 178 packets received, 7445 bps, 93.06%, Err 4 (1.0e-005)
51.386 .... 186 packets received, 7452 bps, 93.15%, Err 4 (9.7e-006)
53.560 .... 194 packets received, 7455 bps, 93.19%, Err 4 (9.3e-006)
57.072 .... 202 packets received, 7283 bps, 91.03%, Err 5 (1.1e-005)
59.236 .... 214 packets received, 7432 bps, 92.90%, Err 5 (1.1e-005)
61.430 .... 222 packets received, 7433 bps, 92.92%, Err 5 (1.0e-005)
63.586 .... 230 packets received, 7439 bps, 92.99%, Err 5 (9.8e-006)
65.734 .... 238 packets received, 7445 bps, 93.07%, Err 5 (9.5e-006)
67.923 .... 246 packets received, 7447 bps, 93.08%, Err 5 (9.2e-006)
70.082 .... 254 packets received, 7451 bps, 93.14%, Err 5 (8.9e-006)
72.252 .... 262 packets received, 7454 bps, 93.17%, Err 5 (8.7e-006)
74.405 .... 270 packets received, 7458 bps, 93.23%, Err 5 (8.4e-006)
76.588 .... 278 packets received, 7460 bps, 93.25%, Err 5 (8.2e-006)
78.765 .... 286 packets received, 7462 bps, 93.27%, Err 5 (7.9e-006)
80.919 .... 294 packets received, 7465 bps, 93.32%, Err 5 (7.7e-006)
83.075 .... 302 packets received, 7469 bps, 93.36%, Err 5 (7.5e-006)
86.588 .... 310 packets received, 7355 bps, 91.93%, Err 7 (1.0e-005)
88.744 .... 322 packets received, 7453 bps, 93.17%, Err 7 (9.9e-006)
90.921 .... 330 packets received, 7455 bps, 93.19%, Err 7 (9.6e-006)
93.091 .... 338 packets received, 7457 bps, 93.22%, Err 8 (1.1e-005)
95.254 .... 345 packets received, 7438 bps, 92.98%, Err 8 (1.1e-005)
97.413 .... 353 packets received, 7442 bps, 93.02%, Err 8 (1.0e-005)
99.573 .... 361 packets received, 7445 bps, 93.06%, Err 8 (1.0e-005)
101.714 .... 369 packets received, 7449 bps, 93.12%, Err 8 (9.8e-006)
103.857 .... 372 packets received, 7354 bps, 91.93%, Err 9 (1.1e-005)
106.012 .... 384 packets received, 7437 bps, 92.96%, Err 10 (1.2e-005)
108.186 .... 391 packets received, 7420 bps, 92.75%, Err 10 (1.2e-005)
110.355 .... 399 packets received, 7423 bps, 92.78%, Err 10 (1.1e-005)
112.516 .... 407 packets received, 7426 bps, 92.82%, Err 10 (1.1e-005)
114.675 .... 415 packets received, 7429 bps, 92.86%, Err 10 (1.1e-005)
116.845 .... 423 packets received, 7431 bps, 92.89%, Err 10 (1.1e-005)
120.059 .... 430 packets received, 7351 bps, 91.89%, Err 12 (1.2e-005)
122.202 .... 441 packets received, 7407 bps, 92.59%, Err 12 (1.2e-005)
124.364 .... 449 packets received, 7410 bps, 92.62%, Err 12 (1.2e-005)
126.543 .... 457 packets received, 7412 bps, 92.65%, Err 12 (1.2e-005)
128.714 .... 465 packets received, 7414 bps, 92.68%, Err 12 (1.2e-005)
130.870 .... 473 packets received, 7417 bps, 92.71%, Err 12 (1.1e-005)
133.055 .... 481 packets received, 7418 bps, 92.73%, Err 12 (1.1e-005)
135.213 .... 489 packets received, 7421 bps, 92.77%, Err 12 (1.1e-005)
137.381 .... 497 packets received, 7423 bps, 92.79%, Err 12 (1.1e-005)
139.553 .... 505 packets received, 7425 bps, 92.82%, Err 12 (1.1e-005)
141.712 .... 513 packets received, 7428 bps, 92.85%, Err 12 (1.1e-005)
143.879 .... 521 packets received, 7430 bps, 92.87%, Err 12 (1.0e-005)
146.063 .... 529 packets received, 7431 bps, 92.89%, Err 12 (1.0e-005)
149.003 .... 535 packets received, 7367 bps, 92.08%, Err 13 (1.1e-005)
151.175 .... 547 packets received, 7423 bps, 92.79%, Err 13 (1.1e-005)
153.331 .... 555 packets received, 7426 bps, 92.82%, Err 14 (1.1e-005)
155.488 .... 563 packets received, 7428 bps, 92.85%, Err 14 (1.1e-005)
157.663 .... 571 packets received, 7430 bps, 92.87%, Err 14 (1.1e-005)
159.831 .... 579 packets received, 7431 bps, 92.89%, Err 14 (1.1e-005)
162.004 .... 587 packets received, 7433 bps, 92.91%, Err 14 (1.1e-005)
164.175 .... 595 packets received, 7434 bps, 92.93%, Err 14 (1.1e-005)
166.359 .... 603 packets received, 7435 bps, 92.94%, Err 14 (1.1e-005)
168.511 .... 611 packets received, 7438 bps, 92.97%, Err 14 (1.0e-005)
170.654 .... 619 packets received, 7440 bps, 93.00%, Err 14 (1.0e-005)
172.829 .... 627 packets received, 7441 bps, 93.02%, Err 14 (1.0e-005)
174.999 .... 635 packets received, 7443 bps, 93.03%, Err 15 (1.1e-005)
177.168 .... 643 packets received, 7444 bps, 93.05%, Err 15 (1.1e-005)
179.322 .... 651 packets received, 7446 bps, 93.07%, Err 15 (1.0e-005)
181.488 .... 659 packets received, 7447 bps, 93.09%, Err 15 (1.0e-005)
183.629 .... 667 packets received, 7450 bps, 93.12%, Err 15 (1.0e-005)
185.782 .... 675 packets received, 7452 bps, 93.15%, Err 15 (1.0e-005)
187.931 .... 683 packets received, 7454 bps, 93.17%, Err 15 (1.0e-005)
190.078 .... 691 packets received, 7456 bps, 93.20%, Err 16 (1.1e-005)
192.224 .... 699 packets received, 7458 bps, 93.22%, Err 16 (1.0e-005)
194.417 .... 707 packets received, 7458 bps, 93.22%, Err 16 (1.0e-005)
196.588 .... 715 packets received, 7459 bps, 93.23%, Err 16 (1.0e-005)
198.730 .... 723 packets received, 7461 bps, 93.26%, Err 16 (1.0e-005)
200.921 .... 731 packets received, 7461 bps, 93.26%, Err 16 (1.0e-005)
203.068 .... 739 packets received, 7463 bps, 93.29%, Err 16 (9.9e-006)
205.249 .... 747 packets received, 7463 bps, 93.29%, Err 16 (9.7e-006)
207.429 .... 755 packets received, 7464 bps, 93.30%, Err 16 (9.6e-006)
209.586 .... 763 packets received, 7465 bps, 93.32%, Err 16 (9.5e-006)
211.745 .... 771 packets received, 7467 bps, 93.33%, Err 16 (9.4e-006)
213.890 .... 779 packets received, 7468 bps, 93.35%, Err 16 (9.4e-006)
216.072 .... 787 packets received, 7469 bps, 93.36%, Err 16 (9.3e-006)
218.217 .... 795 packets received, 7470 bps, 93.38%, Err 16 (9.2e-006)
220.391 .... 803 packets received, 7471 bps, 93.39%, Err 16 (9.1e-006)
222.554 .... 811 packets received, 7472 bps, 93.40%, Err 16 (9.0e-006)
224.725 .... 819 packets received, 7473 bps, 93.41%, Err 17 (9.5e-006)
226.886 .... 826 packets received, 7465 bps, 93.31%, Err 17 (9.4e-006)
229.036 .... 834 packets received, 7466 bps, 93.33%, Err 17 (9.3e-006)
231.220 .... 842 packets received, 7466 bps, 93.33%, Err 17 (9.2e-006)
233.344 .... 850 packets received, 7469 bps, 93.36%, Err 17 (9.1e-006)
235.515 .... 858 packets received, 7469 bps, 93.37%, Err 17 (9.0e-006)
237.674 .... 866 packets received, 7471 bps, 93.38%, Err 17 (8.9e-006)
239.864 .... 874 packets received, 7471 bps, 93.38%, Err 17 (8.9e-006)
242.009 .... 882 packets received, 7472 bps, 93.40%, Err 17 (8.8e-006)
244.193 .... 890 packets received, 7472 bps, 93.40%, Err 17 (8.7e-006)
246.367 .... 898 packets received, 7473 bps, 93.41%, Err 17 (8.6e-006)
248.527 .... 906 packets received, 7474 bps, 93.42%, Err 17 (8.6e-006)
250.671 .... 914 packets received, 7475 bps, 93.44%, Err 17 (8.5e-006)
252.826 .... 922 packets received, 7476 bps, 93.46%, Err 17 (8.4e-006)
255.532 .... 927 packets received, 7437 bps, 92.97%, Err 18 (8.8e-006)
257.719 .... 939 packets received, 7470 bps, 93.37%, Err 18 (8.7e-006)
259.881 .... 947 packets received, 7471 bps, 93.38%, Err 18 (8.7e-006)
262.054 .... 955 packets received, 7471 bps, 93.39%, Err 18 (8.6e-006)
264.209 .... 963 packets received, 7472 bps, 93.40%, Err 18 (8.5e-006)
266.641 .... 967 packets received, 7435 bps, 92.93%, Err 19 (8.9e-006)
268.810 .... 979 packets received, 7466 bps, 93.33%, Err 19 (8.8e-006)
272.307 .... 987 packets received, 7430 bps, 92.88%, Err 20 (9.2e-006)
274.461 .... 999 packets received, 7462 bps, 93.27%, Err 20 (9.1e-006)
276.619 .... 1007 packets received, 7463 bps, 93.28%, Err 20 (9.0e-006)
279.324 .... 1012 packets received, 7427 bps, 92.84%, Err 22 (9.8e-006)
281.466 .... 1024 packets received, 7458 bps, 93.22%, Err 22 (9.8e-006)
283.637 .... 1032 packets received, 7459 bps, 93.23%, Err 22 (9.7e-006)
285.794 .... 1035 packets received, 7424 bps, 92.80%, Err 23 (1.0e-005)
287.956 .... 1047 packets received, 7453 bps, 93.17%, Err 23 (1.0e-005)
290.089 .... 1055 packets received, 7455 bps, 93.19%, Err 23 (9.9e-006)
293.606 .... 1063 packets received, 7422 bps, 92.77%, Err 24 (1.0e-005)
295.775 .... 1075 packets received, 7450 bps, 93.13%, Err 24 (1.0e-005)
297.945 .... 1083 packets received, 7451 bps, 93.14%, Err 24 (1.0e-005)
300.104 .... 1091 packets received, 7452 bps, 93.15%, Err 24 (1.0e-005)
302.257 .... 1099 packets received, 7453 bps, 93.16%, Err 24 (9.9e-006)
304.412 .... 1102 packets received, 7420 bps, 92.76%, Err 26 (1.1e-005)
306.588 .... 1113 packets received, 7441 bps, 93.02%, Err 26 (1.1e-005)
308.733 .... 1121 packets received, 7443 bps, 93.03%, Err 26 (1.1e-005)
310.890 .... 1129 packets received, 7444 bps, 93.05%, Err 26 (1.0e-005)
313.062 .... 1137 packets received, 7444 bps, 93.05%, Err 26 (1.0e-005)
315.237 .... 1145 packets received, 7445 bps, 93.06%, Err 26 (1.0e-005)
317.378 .... 1153 packets received, 7446 bps, 93.08%, Err 26 (1.0e-005)
319.561 .... 1161 packets received, 7447 bps, 93.09%, Err 26 (1.0e-005)
321.730 .... 1169 packets received, 7448 bps, 93.09%, Err 26 (1.0e-005)
323.900 .... 1177 packets received, 7448 bps, 93.10%, Err 26 (1.0e-005)
326.054 .... 1185 packets received, 7449 bps, 93.12%, Err 26 (1.0e-005)
328.229 .... 1193 packets received, 7450 bps, 93.12%, Err 26 (9.9e-006)
330.403 .... 1201 packets received, 7450 bps, 93.13%, Err 26 (9.8e-006)
332.558 .... 1209 packets received, 7451 bps, 93.14%, Err 27 (1.0e-005)
334.734 .... 1216 packets received, 7446 bps, 93.07%, Err 27 (1.0e-005)
336.895 .... 1224 packets received, 7447 bps, 93.08%, Err 27 (1.0e-005)
339.313 .... 1228 packets received, 7418 bps, 92.72%, Err 28 (1.0e-005)
341.454 .... 1240 packets received, 7443 bps, 93.04%, Err 28 (1.0e-005)
343.612 .... 1247 packets received, 7438 bps, 92.98%, Err 29 (1.1e-005)
345.785 .... 1255 packets received, 7439 bps, 92.98%, Err 29 (1.0e-005)
347.939 .... 1263 packets received, 7440 bps, 93.00%, Err 29 (1.0e-005)
350.095 .... 1271 packets received, 7441 bps, 93.01%, Err 29 (1.0e-005)
352.271 .... 1278 packets received, 7436 bps, 92.94%, Err 30 (1.1e-005)
354.424 .... 1286 packets received, 7437 bps, 92.96%, Err 30 (1.1e-005)
356.591 .... 1294 packets received, 7437 bps, 92.97%, Err 30 (1.1e-005)
358.759 .... 1302 packets received, 7438 bps, 92.98%, Err 30 (1.0e-005)
360.914 .... 1309 packets received, 7433 bps, 92.92%, Err 31 (1.1e-005)
363.054 .... 1317 packets received, 7435 bps, 92.93%, Err 31 (1.1e-005)
365.203 .... 1325 packets received, 7436 bps, 92.95%, Err 31 (1.1e-005)
367.372 .... 1333 packets received, 7437 bps, 92.96%, Err 31 (1.1e-005)
369.545 .... 1341 packets received, 7437 bps, 92.96%, Err 31 (1.0e-005)
371.703 .... 1349 packets received, 7438 bps, 92.98%, Err 31 (1.0e-005)
373.865 .... 1357 packets received, 7439 bps, 92.99%, Err 31 (1.0e-005)
376.049 .... 1365 packets received, 7439 bps, 92.99%, Err 31 (1.0e-005)
378.194 .... 1373 packets received, 7440 bps, 93.00%, Err 31 (1.0e-005)
380.352 .... 1381 packets received, 7441 bps, 93.01%, Err 31 (1.0e-005)
382.515 .... 1389 packets received, 7442 bps, 93.02%, Err 31 (1.0e-005)
385.225 .... 1394 packets received, 7416 bps, 92.70%, Err 32 (1.0e-005)
387.395 .... 1406 packets received, 7438 bps, 92.98%, Err 32 (1.0e-005)
389.550 .... 1414 packets received, 7439 bps, 92.99%, Err 32 (1.0e-005)
391.722 .... 1417 packets received, 7413 bps, 92.67%, Err 33 (1.1e-005)
393.877 .... 1429 packets received, 7435 bps, 92.94%, Err 33 (1.0e-005)
396.029 .... 1437 packets received, 7436 bps, 92.95%, Err 33 (1.0e-005)
398.200 .... 1445 packets received, 7437 bps, 92.96%, Err 33 (1.0e-005)
400.346 .... 1453 packets received, 7438 bps, 92.97%, Err 33 (1.0e-005)
402.508 .... 1461 packets received, 7439 bps, 92.98%, Err 33 (1.0e-005)
404.652 .... 1469 packets received, 7440 bps, 93.00%, Err 34 (1.1e-005)
406.808 .... 1476 packets received, 7436 bps, 92.94%, Err 34 (1.0e-005)
408.986 .... 1484 packets received, 7436 bps, 92.95%, Err 34 (1.0e-005)
411.119 .... 1492 packets received, 7437 bps, 92.97%, Err 34 (1.0e-005)
413.271 .... 1500 packets received, 7438 bps, 92.98%, Err 34 (1.0e-005)
415.447 .... 1508 packets received, 7439 bps, 92.98%, Err 34 (1.0e-005)
417.616 .... 1516 packets received, 7439 bps, 92.99%, Err 34 (1.0e-005)
419.790 .... 1524 packets received, 7440 bps, 93.00%, Err 34 (1.0e-005)
421.939 .... 1532 packets received, 7441 bps, 93.01%, Err 34 (1.0e-005)
424.135 .... 1540 packets received, 7441 bps, 93.01%, Err 34 (1.0e-005)
426.836 .... 1545 packets received, 7418 bps, 92.72%, Err 35 (1.0e-005)
429.000 .... 1557 packets received, 7438 bps, 92.97%, Err 35 (1.0e-005)
431.156 .... 1565 packets received, 7438 bps, 92.98%, Err 35 (1.0e-005)
433.328 .... 1573 packets received, 7439 bps, 92.99%, Err 35 (1.0e-005)
435.488 .... 1581 packets received, 7440 bps, 93.00%, Err 35 (1.0e-005)
437.654 .... 1589 packets received, 7440 bps, 93.00%, Err 35 (1.0e-005)
440.362 .... 1594 packets received, 7418 bps, 92.72%, Err 36 (1.0e-005)
442.549 .... 1606 packets received, 7437 bps, 92.96%, Err 36 (1.0e-005)
444.691 .... 1614 packets received, 7438 bps, 92.97%, Err 36 (1.0e-005)
446.830 .... 1622 packets received, 7439 bps, 92.98%, Err 36 (1.0e-005)
449.012 .... 1630 packets received, 7439 bps, 92.99%, Err 36 (1.0e-005)
451.168 .... 1638 packets received, 7440 bps, 93.00%, Err 37 (1.0e-005)
453.293 .... 1645 packets received, 7437 bps, 92.96%, Err 37 (1.0e-005)
455.477 .... 1653 packets received, 7437 bps, 92.96%, Err 37 (1.0e-005)
457.630 .... 1661 packets received, 7438 bps, 92.97%, Err 37 (1.0e-005)
459.802 .... 1669 packets received, 7438 bps, 92.98%, Err 37 (1.0e-005)
461.987 .... 1677 packets received, 7438 bps, 92.98%, Err 37 (1.0e-005)
464.147 .... 1685 packets received, 7439 bps, 92.99%, Err 37 (1.0e-005)
467.642 .... 1693 packets received, 7419 bps, 92.73%, Err 38 (1.0e-005)
469.813 .... 1705 packets received, 7437 bps, 92.96%, Err 38 (1.0e-005)
471.981 .... 1713 packets received, 7437 bps, 92.96%, Err 38 (1.0e-005)
474.155 .... 1721 packets received, 7438 bps, 92.97%, Err 38 (1.0e-005)
476.299 .... 1729 packets received, 7439 bps, 92.98%, Err 38 (1.0e-005)
478.475 .... 1737 packets received, 7439 bps, 92.99%, Err 38 (9.9e-006)
480.604 .... 1745 packets received, 7440 bps, 93.00%, Err 38 (9.9e-006)
482.794 .... 1753 packets received, 7440 bps, 93.00%, Err 38 (9.8e-006)
484.953 .... 1761 packets received, 7441 bps, 93.01%, Err 38 (9.8e-006)
487.131 .... 1769 packets received, 7441 bps, 93.02%, Err 38 (9.8e-006)
489.291 .... 1777 packets received, 7442 bps, 93.02%, Err 39 (1.0e-005)
491.444 .... 1784 packets received, 7439 bps, 92.98%, Err 40 (1.0e-005)
493.624 .... 1792 packets received, 7439 bps, 92.99%, Err 40 (1.0e-005)
495.788 .... 1800 packets received, 7439 bps, 92.99%, Err 40 (1.0e-005)
497.963 .... 1808 packets received, 7440 bps, 93.00%, Err 40 (1.0e-005)
500.107 .... 1816 packets received, 7441 bps, 93.01%, Err 40 (1.0e-005)
502.267 .... 1819 packets received, 7421 bps, 92.76%, Err 41 (1.0e-005)
504.439 .... 1831 packets received, 7438 bps, 92.97%, Err 41 (1.0e-005)
506.601 .... 1839 packets received, 7438 bps, 92.98%, Err 41 (1.0e-005)
508.782 .... 1847 packets received, 7439 bps, 92.98%, Err 41 (1.0e-005)
510.928 .... 1855 packets received, 7439 bps, 92.99%, Err 42 (1.0e-005)
513.076 .... 1863 packets received, 7440 bps, 93.00%, Err 42 (1.0e-005)
515.220 .... 1871 packets received, 7441 bps, 93.01%, Err 42 (1.0e-005)
517.378 .... 1878 packets received, 7438 bps, 92.97%, Err 43 (1.0e-005)
519.554 .... 1886 packets received, 7438 bps, 92.98%, Err 43 (1.0e-005)
522.796 .... 1893 packets received, 7419 bps, 92.74%, Err 44 (1.1e-005)
526.042 .... 1904 packets received, 7416 bps, 92.71%, Err 45 (1.1e-005)
528.202 .... 1916 packets received, 7433 bps, 92.91%, Err 45 (1.1e-005)
530.365 .... 1924 packets received, 7433 bps, 92.92%, Err 45 (1.1e-005)
532.542 .... 1932 packets received, 7434 bps, 92.92%, Err 45 (1.1e-005)
534.713 .... 1940 packets received, 7434 bps, 92.93%, Err 45 (1.1e-005)
536.874 .... 1948 packets received, 7435 bps, 92.93%, Err 45 (1.0e-005)
539.045 .... 1956 packets received, 7435 bps, 92.94%, Err 45 (1.0e-005)
541.172 .... 1964 packets received, 7436 bps, 92.95%, Err 45 (1.0e-005)
543.334 .... 1972 packets received, 7437 bps, 92.96%, Err 45 (1.0e-005)
545.530 .... 1980 packets received, 7437 bps, 92.96%, Err 45 (1.0e-005)
547.689 .... 1988 packets received, 7437 bps, 92.97%, Err 45 (1.0e-005)
549.860 .... 1996 packets received, 7438 bps, 92.97%, Err 45 (1.0e-005)
552.021 .... 2004 packets received, 7438 bps, 92.98%, Err 45 (1.0e-005)
554.170 .... 2012 packets received, 7439 bps, 92.99%, Err 45 (1.0e-005)
556.329 .... 2020 packets received, 7440 bps, 93.00%, Err 45 (1.0e-005)
558.489 .... 2028 packets received, 7440 bps, 93.00%, Err 45 (1.0e-005)
560.665 .... 2036 packets received, 7441 bps, 93.01%, Err 45 (1.0e-005)
562.822 .... 2044 packets received, 7441 bps, 93.02%, Err 45 (1.0e-005)
564.980 .... 2052 packets received, 7442 bps, 93.02%, Err 45 (1.0e-005)
567.138 .... 2060 packets received, 7442 bps, 93.03%, Err 45 (9.9e-006)
569.314 .... 2068 packets received, 7443 bps, 93.03%, Err 45 (9.9e-006)
571.489 .... 2076 packets received, 7443 bps, 93.04%, Err 45 (9.8e-006)
574.177 .... 2081 packets received, 7426 bps, 92.83%, Err 46 (1.0e-005)
576.359 .... 2093 packets received, 7441 bps, 93.01%, Err 46 (1.0e-005)
578.504 .... 2101 packets received, 7441 bps, 93.02%, Err 46 (9.9e-006)
580.684 .... 2109 packets received, 7442 bps, 93.02%, Err 46 (9.9e-006)
582.866 .... 2117 packets received, 7442 bps, 93.02%, Err 46 (9.9e-006)
585.028 .... 2125 packets received, 7442 bps, 93.03%, Err 46 (9.8e-006)
587.188 .... 2133 packets received, 7443 bps, 93.04%, Err 46 (9.8e-006)
589.359 .... 2141 packets received, 7443 bps, 93.04%, Err 46 (9.8e-006)
591.526 .... 2149 packets received, 7444 bps, 93.05%, Err 46 (9.7e-006)
593.670 .... 2157 packets received, 7444 bps, 93.05%, Err 46 (9.7e-006)
595.824 .... 2165 packets received, 7445 bps, 93.06%, Err 46 (9.7e-006)
597.998 .... 2173 packets received, 7445 bps, 93.07%, Err 46 (9.6e-006)
600.156 .... 2181 packets received, 7446 bps, 93.07%, Err 46 (9.6e-006)
602.331 .... 2189 packets received, 7446 bps, 93.08%, Err 46 (9.5e-006)
604.497 .... 2197 packets received, 7447 bps, 93.08%, Err 46 (9.5e-006)
606.684 .... 2205 packets received, 7447 bps, 93.08%, Err 46 (9.5e-006)
608.830 .... 2213 packets received, 7447 bps, 93.09%, Err 46 (9.4e-006)
610.972 .... 2221 packets received, 7448 bps, 93.10%, Err 46 (9.4e-006)
613.150 .... 2229 packets received, 7448 bps, 93.10%, Err 46 (9.4e-006)
615.296 .... 2232 packets received, 7432 bps, 92.90%, Err 47 (9.5e-006)
618.570 .... 2243 packets received, 7429 bps, 92.87%, Err 48 (9.7e-006)
620.714 .... 2255 packets received, 7443 bps, 93.04%, Err 48 (9.7e-006)
622.841 .... 2263 packets received, 7444 bps, 93.05%, Err 48 (9.6e-006)
626.312 .... 2266 packets received, 7413 bps, 92.66%, Err 51 (1.0e-005)
628.471 .... 2280 packets received, 7433 bps, 92.91%, Err 51 (1.0e-005)
630.645 .... 2288 packets received, 7433 bps, 92.92%, Err 51 (1.0e-005)
632.807 .... 2296 packets received, 7434 bps, 92.92%, Err 51 (1.0e-005)
634.955 .... 2304 packets received, 7434 bps, 92.93%, Err 51 (1.0e-005)
637.102 .... 2312 packets received, 7435 bps, 92.94%, Err 51 (1.0e-005)
639.280 .... 2320 packets received, 7435 bps, 92.94%, Err 51 (1.0e-005)
642.255 .... 2326 packets received, 7420 bps, 92.75%, Err 52 (1.0e-005)
644.403 .... 2338 packets received, 7434 bps, 92.92%, Err 52 (1.0e-005)
646.586 .... 2346 packets received, 7434 bps, 92.92%, Err 52 (1.0e-005)
648.765 .... 2354 packets received, 7434 bps, 92.93%, Err 52 (1.0e-005)
650.913 .... 2362 packets received, 7435 bps, 92.93%, Err 52 (1.0e-005)
653.094 .... 2370 packets received, 7435 bps, 92.94%, Err 52 (1.0e-005)
655.275 .... 2378 packets received, 7435 bps, 92.94%, Err 52 (9.9e-006)
657.430 .... 2386 packets received, 7436 bps, 92.95%, Err 52 (9.9e-006)
659.603 .... 2394 packets received, 7436 bps, 92.95%, Err 52 (9.9e-006)
661.760 .... 2402 packets received, 7437 bps, 92.96%, Err 52 (9.8e-006)
663.936 .... 2410 packets received, 7437 bps, 92.96%, Err 52 (9.8e-006)
666.370 .... 2414 packets received, 7422 bps, 92.78%, Err 54 (1.0e-005)
668.499 .... 2425 packets received, 7432 bps, 92.90%, Err 54 (1.0e-005)
670.667 .... 2433 packets received, 7433 bps, 92.91%, Err 54 (1.0e-005)
672.840 .... 2441 packets received, 7433 bps, 92.91%, Err 54 (1.0e-005)
675.002 .... 2449 packets received, 7433 bps, 92.92%, Err 54 (1.0e-005)
677.171 .... 2457 packets received, 7434 bps, 92.92%, Err 54 (1.0e-005)
679.336 .... 2465 packets received, 7434 bps, 92.93%, Err 54 (9.9e-006)
681.486 .... 2473 packets received, 7435 bps, 92.93%, Err 54 (9.9e-006)
683.676 .... 2481 packets received, 7435 bps, 92.94%, Err 54 (9.9e-006)
685.851 .... 2489 packets received, 7435 bps, 92.94%, Err 54 (9.8e-006)
688.006 .... 2497 packets received, 7436 bps, 92.95%, Err 54 (9.8e-006)
690.180 .... 2505 packets received, 7436 bps, 92.95%, Err 54 (9.8e-006)
692.339 .... 2513 packets received, 7437 bps, 92.96%, Err 54 (9.8e-006)
694.494 .... 2521 packets received, 7437 bps, 92.96%, Err 54 (9.7e-006)
696.654 .... 2524 packets received, 7423 bps, 92.79%, Err 55 (9.9e-006)
698.803 .... 2536 packets received, 7435 bps, 92.94%, Err 55 (9.8e-006)
700.980 .... 2544 packets received, 7435 bps, 92.94%, Err 55 (9.8e-006)
703.152 .... 2552 packets received, 7436 bps, 92.95%, Err 55 (9.8e-006)
705.829 .... 2557 packets received, 7422 bps, 92.78%, Err 56 (9.9e-006)
707.994 .... 2569 packets received, 7434 bps, 92.93%, Err 56 (9.9e-006)
710.158 .... 2577 packets received, 7435 bps, 92.93%, Err 56 (9.9e-006)
712.327 .... 2585 packets received, 7435 bps, 92.94%, Err 56 (9.8e-006)
714.455 .... 2593 packets received, 7436 bps, 92.95%, Err 56 (9.8e-006)
716.636 .... 2601 packets received, 7436 bps, 92.95%, Err 56 (9.8e-006)
718.800 .... 2609 packets received, 7436 bps, 92.95%, Err 56 (9.7e-006)
720.958 .... 2617 packets received, 7437 bps, 92.96%, Err 56 (9.7e-006)
724.198 .... 2624 packets received, 7423 bps, 92.79%, Err 57 (9.8e-006)
726.389 .... 2636 packets received, 7435 bps, 92.93%, Err 57 (9.8e-006)
728.554 .... 2644 packets received, 7435 bps, 92.94%, Err 57 (9.8e-006)
730.715 .... 2652 packets received, 7436 bps, 92.94%, Err 57 (9.8e-006)
732.876 .... 2660 packets received, 7436 bps, 92.95%, Err 57 (9.7e-006)
735.055 .... 2668 packets received, 7436 bps, 92.95%, Err 57 (9.7e-006)
737.227 .... 2676 packets received, 7437 bps, 92.96%, Err 57 (9.7e-006)
739.385 .... 2684 packets received, 7437 bps, 92.96%, Err 57 (9.6e-006)
741.565 .... 2692 packets received, 7437 bps, 92.97%, Err 57 (9.6e-006)
743.726 .... 2700 packets received, 7438 bps, 92.97%, Err 57 (9.6e-006)
745.883 .... 2708 packets received, 7438 bps, 92.98%, Err 57 (9.6e-006)
748.066 .... 2716 packets received, 7438 bps, 92.98%, Err 57 (9.5e-006)
750.212 .... 2724 packets received, 7439 bps, 92.99%, Err 58 (9.7e-006)
752.371 .... 2731 packets received, 7437 bps, 92.96%, Err 58 (9.6e-006)
754.539 .... 2739 packets received, 7437 bps, 92.96%, Err 58 (9.6e-006)
756.681 .... 2747 packets received, 7438 bps, 92.97%, Err 58 (9.6e-006)
758.842 .... 2750 packets received, 7424 bps, 92.81%, Err 60 (9.9e-006)
761.005 .... 2761 packets received, 7433 bps, 92.91%, Err 60 (9.9e-006)
764.244 .... 2768 packets received, 7420 bps, 92.75%, Err 61 (1.0e-005)
766.386 .... 2780 packets received, 7432 bps, 92.89%, Err 61 (9.9e-006)
769.902 .... 2788 packets received, 7419 bps, 92.74%, Err 62 (1.0e-005)
772.044 .... 2800 packets received, 7430 bps, 92.88%, Err 62 (1.0e-005)
774.218 .... 2808 packets received, 7430 bps, 92.88%, Err 62 (1.0e-005)
776.373 .... 2816 packets received, 7431 bps, 92.89%, Err 62 (1.0e-005)
778.546 .... 2824 packets received, 7431 bps, 92.89%, Err 62 (1.0e-005)
780.720 .... 2832 packets received, 7431 bps, 92.89%, Err 62 (9.9e-006)
782.881 .... 2840 packets received, 7432 bps, 92.90%, Err 62 (9.9e-006)
785.021 .... 2848 packets received, 7433 bps, 92.91%, Err 62 (9.9e-006)
789.884 .... 2852 packets received, 7397 bps, 92.46%, Err 64 (1.0e-005)
792.011 .... 2868 packets received, 7419 bps, 92.73%, Err 64 (1.0e-005)
794.415 .... 2875 packets received, 7414 bps, 92.68%, Err 64 (1.0e-005)
796.562 .... 2882 packets received, 7412 bps, 92.65%, Err 65 (1.0e-005)
798.736 .... 2888 packets received, 7407 bps, 92.59%, Err 65 (1.0e-005)
801.159 .... 2895 packets received, 7403 bps, 92.54%, Err 65 (1.0e-005)
803.302 .... 2902 packets received, 7401 bps, 92.51%, Err 65 (1.0e-005)
805.460 .... 2908 packets received, 7396 bps, 92.46%, Err 65 (1.0e-005)
807.587 .... 2914 packets received, 7392 bps, 92.40%, Err 65 (1.0e-005)
809.747 .... 2920 packets received, 7388 bps, 92.35%, Err 65 (1.0e-005)
811.877 .... 2926 packets received, 7383 bps, 92.29%, Err 65 (1.0e-005)
814.036 .... 2932 packets received, 7379 bps, 92.24%, Err 65 (1.0e-005)
816.177 .... 2935 packets received, 7367 bps, 92.09%, Err 66 (1.0e-005)
819.136 .... 2943 packets received, 7360 bps, 92.01%, Err 67 (1.0e-005)
821.297 .... 2955 packets received, 7371 bps, 92.14%, Err 67 (1.0e-005)
823.474 .... 2963 packets received, 7371 bps, 92.14%, Err 67 (1.0e-005)
825.645 .... 2971 packets received, 7372 bps, 92.15%, Err 67 (1.0e-005)
827.826 .... 2979 packets received, 7372 bps, 92.15%, Err 67 (1.0e-005)
829.969 .... 2987 packets received, 7373 bps, 92.16%, Err 67 (1.0e-005)
832.143 .... 2995 packets received, 7373 bps, 92.17%, Err 67 (1.0e-005)
834.315 .... 3003 packets received, 7374 bps, 92.17%, Err 67 (1.0e-005)
836.489 .... 3011 packets received, 7374 bps, 92.18%, Err 67 (1.0e-005)
838.652 .... 3019 packets received, 7375 bps, 92.18%, Err 67 (1.0e-005)
840.802 .... 3027 packets received, 7375 bps, 92.19%, Err 67 (1.0e-005)
844.031 .... 3034 packets received, 7364 bps, 92.05%, Err 68 (1.0e-005)
846.192 .... 3046 packets received, 7374 bps, 92.18%, Err 69 (1.0e-005)
848.370 .... 3054 packets received, 7375 bps, 92.18%, Err 69 (1.0e-005)
850.552 .... 3062 packets received, 7375 bps, 92.19%, Err 69 (1.0e-005)
852.722 .... 3070 packets received, 7376 bps, 92.19%, Err 69 (1.0e-005)
854.885 .... 3078 packets received, 7376 bps, 92.20%, Err 69 (1.0e-005)
857.013 .... 3086 packets received, 7377 bps, 92.21%, Err 69 (1.0e-005)
859.195 .... 3094 packets received, 7377 bps, 92.22%, Err 69 (1.0e-005)
861.350 .... 3102 packets received, 7378 bps, 92.22%, Err 70 (1.0e-005)
863.522 .... 3109 packets received, 7376 bps, 92.20%, Err 70 (1.0e-005)
865.702 .... 3117 packets received, 7376 bps, 92.20%, Err 71 (1.0e-005)
867.869 .... 3125 packets received, 7377 bps, 92.21%, Err 71 (1.0e-005)
870.014 .... 3133 packets received, 7377 bps, 92.22%, Err 71 (1.0e-005)
872.171 .... 3141 packets received, 7378 bps, 92.22%, Err 71 (1.0e-005)
874.338 .... 3149 packets received, 7378 bps, 92.23%, Err 71 (1.0e-005)
876.496 .... 3157 packets received, 7379 bps, 92.24%, Err 71 (1.0e-005)
878.656 .... 3164 packets received, 7377 bps, 92.21%, Err 72 (1.0e-005)
880.816 .... 3172 packets received, 7377 bps, 92.22%, Err 72 (1.0e-005)
882.994 .... 3180 packets received, 7378 bps, 92.22%, Err 72 (1.0e-005)
885.137 .... 3188 packets received, 7379 bps, 92.23%, Err 72 (1.0e-005)
887.314 .... 3196 packets received, 7379 bps, 92.24%, Err 72 (1.0e-005)
889.490 .... 3204 packets received, 7379 bps, 92.24%, Err 72 (1.0e-005)
891.897 .... 3208 packets received, 7369 bps, 92.11%, Err 73 (1.0e-005)
894.042 .... 3220 packets received, 7378 bps, 92.23%, Err 73 (1.0e-005)
896.232 .... 3228 packets received, 7379 bps, 92.23%, Err 73 (1.0e-005)
898.391 .... 3236 packets received, 7379 bps, 92.24%, Err 73 (1.0e-005)
900.564 .... 3244 packets received, 7379 bps, 92.24%, Err 73 (1.0e-005)
902.737 .... 3252 packets received, 7380 bps, 92.25%, Err 73 (1.0e-005)
904.908 .... 3260 packets received, 7380 bps, 92.25%, Err 73 (1.0e-005)
907.055 .... 3268 packets received, 7381 bps, 92.26%, Err 73 (1.0e-005)
909.226 .... 3276 packets received, 7381 bps, 92.27%, Err 74 (1.0e-005)
911.398 .... 3283 packets received, 7379 bps, 92.24%, Err 74 (1.0e-005)
913.569 .... 3291 packets received, 7380 bps, 92.25%, Err 74 (1.0e-005)
915.710 .... 3299 packets received, 7380 bps, 92.26%, Err 74 (1.0e-005)
918.142 .... 3303 packets received, 7370 bps, 92.12%, Err 75 (1.0e-005)
921.650 .... 3315 packets received, 7368 bps, 92.10%, Err 76 (1.0e-005)
923.822 .... 3327 packets received, 7378 bps, 92.22%, Err 76 (1.0e-005)
925.981 .... 3335 packets received, 7378 bps, 92.23%, Err 76 (1.0e-005)
928.146 .... 3343 packets received, 7379 bps, 92.23%, Err 76 (1.0e-005)
930.303 .... 3351 packets received, 7379 bps, 92.24%, Err 76 (1.0e-005)
932.489 .... 3359 packets received, 7379 bps, 92.24%, Err 76 (1.0e-005)
934.650 .... 3362 packets received, 7369 bps, 92.11%, Err 77 (1.0e-005)
937.066 .... 3369 packets received, 7365 bps, 92.06%, Err 78 (1.0e-005)
939.209 .... 3382 packets received, 7377 bps, 92.21%, Err 78 (1.0e-005)
941.358 .... 3390 packets received, 7377 bps, 92.22%, Err 78 (1.0e-005)
944.337 .... 3396 packets received, 7367 bps, 92.09%, Err 80 (1.1e-005)
946.480 .... 3407 packets received, 7374 bps, 92.18%, Err 80 (1.1e-005)
948.640 .... 3410 packets received, 7364 bps, 92.05%, Err 81 (1.1e-005)
950.788 .... 3422 packets received, 7373 bps, 92.16%, Err 81 (1.1e-005)
952.948 .... 3430 packets received, 7374 bps, 92.17%, Err 81 (1.1e-005)
955.105 .... 3438 packets received, 7374 bps, 92.18%, Err 81 (1.1e-005)
957.285 .... 3446 packets received, 7374 bps, 92.18%, Err 81 (1.1e-005)
959.441 .... 3454 packets received, 7375 bps, 92.19%, Err 81 (1.1e-005)
961.579 .... 3462 packets received, 7376 bps, 92.19%, Err 81 (1.1e-005)
963.722 .... 3470 packets received, 7376 bps, 92.20%, Err 81 (1.1e-005)
965.888 .... 3478 packets received, 7377 bps, 92.21%, Err 81 (1.0e-005)
968.063 .... 3485 packets received, 7375 bps, 92.18%, Err 82 (1.1e-005)
970.191 .... 3493 packets received, 7375 bps, 92.19%, Err 82 (1.1e-005)
972.365 .... 3501 packets received, 7376 bps, 92.20%, Err 82 (1.1e-005)
974.552 .... 3509 packets received, 7376 bps, 92.20%, Err 82 (1.1e-005)
976.713 .... 3517 packets received, 7377 bps, 92.21%, Err 82 (1.0e-005)
978.889 .... 3525 packets received, 7377 bps, 92.21%, Err 82 (1.0e-005)
981.040 .... 3533 packets received, 7377 bps, 92.22%, Err 82 (1.0e-005)
983.201 .... 3541 packets received, 7378 bps, 92.22%, Err 82 (1.0e-005)
985.371 .... 3549 packets received, 7378 bps, 92.23%, Err 82 (1.0e-005)
987.539 .... 3557 packets received, 7379 bps, 92.23%, Err 82 (1.0e-005)
989.687 .... 3565 packets received, 7379 bps, 92.24%, Err 82 (1.0e-005)
991.849 .... 3573 packets received, 7380 bps, 92.25%, Err 82 (1.0e-005)
994.028 .... 3581 packets received, 7380 bps, 92.25%, Err 82 (1.0e-005)
996.192 .... 3589 packets received, 7380 bps, 92.25%, Err 82 (1.0e-005)
998.903 .... 3594 packets received, 7371 bps, 92.13%, Err 83 (1.0e-005)
1001.077 .... 3606 packets received, 7379 bps, 92.24%, Err 83 (1.0e-005)
1003.235 .... 3614 packets received, 7380 bps, 92.24%, Err 83 (1.0e-005)
1005.394 .... 3622 packets received, 7380 bps, 92.25%, Err 83 (1.0e-005)
1007.561 .... 3630 packets received, 7380 bps, 92.25%, Err 83 (1.0e-005)
1009.732 .... 3638 packets received, 7381 bps, 92.26%, Err 83 (1.0e-005)
1011.899 .... 3646 packets received, 7381 bps, 92.26%, Err 83 (1.0e-005)
1014.080 .... 3654 packets received, 7381 bps, 92.27%, Err 83 (1.0e-005)
1016.241 .... 3662 packets received, 7382 bps, 92.27%, Err 83 (1.0e-005)
1018.400 .... 3670 packets received, 7382 bps, 92.28%, Err 83 (1.0e-005)
1020.590 .... 3678 packets received, 7383 bps, 92.28%, Err 83 (1.0e-005)
1022.752 .... 3686 packets received, 7383 bps, 92.29%, Err 83 (1.0e-005)
1024.882 .... 3694 packets received, 7384 bps, 92.29%, Err 83 (1.0e-005)
1027.015 .... 3702 packets received, 7384 bps, 92.30%, Err 83 (1.0e-005)
1029.200 .... 3710 packets received, 7384 bps, 92.31%, Err 83 (1.0e-005)
1031.359 .... 3718 packets received, 7385 bps, 92.31%, Err 83 (1.0e-005)
1033.504 .... 3726 packets received, 7385 bps, 92.32%, Err 83 (1.0e-005)
1035.678 .... 3734 packets received, 7386 bps, 92.32%, Err 83 (1.0e-005)
1037.851 .... 3742 packets received, 7386 bps, 92.33%, Err 83 (1.0e-005)
1040.011 .... 3750 packets received, 7386 bps, 92.33%, Err 83 (1.0e-005)
1042.717 .... 3755 packets received, 7377 bps, 92.21%, Err 84 (1.0e-005)
1044.889 .... 3767 packets received, 7385 bps, 92.32%, Err 84 (1.0e-005)
1047.050 .... 3775 packets received, 7386 bps, 92.32%, Err 84 (1.0e-005)
1049.211 .... 3783 packets received, 7386 bps, 92.33%, Err 84 (1.0e-005)
1051.359 .... 3791 packets received, 7387 bps, 92.33%, Err 84 (1.0e-005)
1053.533 .... 3799 packets received, 7387 bps, 92.34%, Err 84 (1.0e-005)
1055.708 .... 3807 packets received, 7387 bps, 92.34%, Err 84 (9.9e-006)
1057.870 .... 3815 packets received, 7388 bps, 92.34%, Err 84 (9.9e-006)
1060.014 .... 3823 packets received, 7388 bps, 92.35%, Err 84 (9.9e-006)
1062.192 .... 3831 packets received, 7388 bps, 92.35%, Err 84 (9.9e-006)
1064.350 .... 3839 packets received, 7389 bps, 92.36%, Err 84 (9.9e-006)
1066.514 .... 3847 packets received, 7389 bps, 92.36%, Err 85 (1.0e-005)
1068.699 .... 3855 packets received, 7389 bps, 92.37%, Err 85 (9.9e-006)
1070.818 .... 3863 packets received, 7390 bps, 92.38%, Err 85 (9.9e-006)
1072.978 .... 3871 packets received, 7390 bps, 92.38%, Err 86 (1.0e-005)
1076.216 .... 3877 packets received, 7380 bps, 92.25%, Err 87 (1.0e-005)
1078.362 .... 3889 packets received, 7388 bps, 92.35%, Err 87 (1.0e-005)
1080.525 .... 3897 packets received, 7388 bps, 92.35%, Err 87 (1.0e-005)
1082.690 .... 3905 packets received, 7388 bps, 92.36%, Err 87 (1.0e-005)
1084.865 .... 3913 packets received, 7389 bps, 92.36%, Err 87 (1.0e-005)
1087.026 .... 3921 packets received, 7389 bps, 92.36%, Err 87 (1.0e-005)
1089.175 .... 3929 packets received, 7390 bps, 92.37%, Err 87 (1.0e-005)
1091.355 .... 3937 packets received, 7390 bps, 92.37%, Err 87 (1.0e-005)
1093.508 .... 3945 packets received, 7390 bps, 92.38%, Err 87 (9.9e-006)
1095.659 .... 3953 packets received, 7391 bps, 92.38%, Err 87 (9.9e-006)
1097.810 .... 3961 packets received, 7391 bps, 92.39%, Err 87 (9.9e-006)
1099.982 .... 3968 packets received, 7390 bps, 92.37%, Err 88 (1.0e-005)
1103.199 .... 3975 packets received, 7381 bps, 92.26%, Err 89 (1.0e-005)
1105.387 .... 3987 packets received, 7389 bps, 92.36%, Err 89 (1.0e-005)
1107.547 .... 3995 packets received, 7389 bps, 92.36%, Err 89 (1.0e-005)
1109.720 .... 4003 packets received, 7389 bps, 92.37%, Err 89 (1.0e-005)
1111.882 .... 4011 packets received, 7390 bps, 92.37%, Err 89 (1.0e-005)
1114.055 .... 4019 packets received, 7390 bps, 92.38%, Err 89 (1.0e-005)
1116.213 .... 4027 packets received, 7390 bps, 92.38%, Err 89 (1.0e-005)
1118.387 .... 4035 packets received, 7391 bps, 92.38%, Err 90 (1.0e-005)
1121.635 .... 4037 packets received, 7373 bps, 92.16%, Err 91 (1.0e-005)
1123.782 .... 4052 packets received, 7386 bps, 92.33%, Err 91 (1.0e-005)
1125.931 .... 4058 packets received, 7383 bps, 92.29%, Err 92 (1.0e-005)
1128.355 .... 4065 packets received, 7380 bps, 92.25%, Err 92 (1.0e-005)
1130.531 .... 4072 packets received, 7378 bps, 92.23%, Err 92 (1.0e-005)
1132.675 .... 4078 packets received, 7375 bps, 92.19%, Err 92 (1.0e-005)
1135.097 .... 4085 packets received, 7372 bps, 92.15%, Err 92 (1.0e-005)
1137.535 .... 4092 packets received, 7369 bps, 92.11%, Err 92 (1.0e-005)
1140.766 .... 4099 packets received, 7361 bps, 92.01%, Err 93 (1.0e-005)
1142.928 .... 4109 packets received, 7365 bps, 92.06%, Err 93 (1.0e-005)
1145.086 .... 4117 packets received, 7365 bps, 92.06%, Err 93 (1.0e-005)
1147.260 .... 4125 packets received, 7365 bps, 92.07%, Err 93 (1.0e-005)
1149.421 .... 4133 packets received, 7366 bps, 92.07%, Err 93 (1.0e-005)
1151.596 .... 4141 packets received, 7366 bps, 92.08%, Err 93 (1.0e-005)
1153.770 .... 4149 packets received, 7366 bps, 92.08%, Err 93 (1.0e-005)
1155.914 .... 4157 packets received, 7367 bps, 92.09%, Err 93 (1.0e-005)
1158.029 .... 4164 packets received, 7366 bps, 92.07%, Err 95 (1.0e-005)
1160.154 .... 4171 packets received, 7365 bps, 92.06%, Err 95 (1.0e-005)
1162.345 .... 4179 packets received, 7365 bps, 92.06%, Err 95 (1.0e-005)
1164.504 .... 4187 packets received, 7365 bps, 92.07%, Err 95 (1.0e-005)
1166.677 .... 4195 packets received, 7366 bps, 92.07%, Err 95 (1.0e-005)
1168.851 .... 4203 packets received, 7366 bps, 92.07%, Err 95 (1.0e-005)
1170.999 .... 4211 packets received, 7366 bps, 92.08%, Err 95 (1.0e-005)
1173.955 .... 4217 packets received, 7358 bps, 91.98%, Err 96 (1.0e-005)
1176.123 .... 4229 packets received, 7366 bps, 92.07%, Err 96 (1.0e-005)
1179.096 .... 4235 packets received, 7358 bps, 91.97%, Err 97 (1.0e-005)
1181.243 .... 4247 packets received, 7365 bps, 92.06%, Err 97 (1.0e-005)
1183.399 .... 4255 packets received, 7365 bps, 92.07%, Err 97 (1.0e-005)
1185.557 .... 4263 packets received, 7366 bps, 92.07%, Err 97 (1.0e-005)
1187.727 .... 4271 packets received, 7366 bps, 92.08%, Err 97 (1.0e-005)
1189.904 .... 4279 packets received, 7366 bps, 92.08%, Err 97 (1.0e-005)
1192.063 .... 4287 packets received, 7367 bps, 92.09%, Err 97 (1.0e-005)
1194.225 .... 4295 packets received, 7367 bps, 92.09%, Err 97 (1.0e-005)
1196.416 .... 4303 packets received, 7367 bps, 92.09%, Err 97 (1.0e-005)
1198.566 .... 4311 packets received, 7368 bps, 92.10%, Err 97 (1.0e-005)
1200.742 .... 4319 packets received, 7368 bps, 92.10%, Err 97 (1.0e-005)
1202.905 .... 4327 packets received, 7369 bps, 92.11%, Err 97 (1.0e-005)
1205.081 .... 4335 packets received, 7369 bps, 92.11%, Err 97 (1.0e-005)
1207.229 .... 4343 packets received, 7369 bps, 92.12%, Err 97 (1.0e-005)
1209.379 .... 4351 packets received, 7370 bps, 92.12%, Err 97 (1.0e-005)
1211.539 .... 4359 packets received, 7370 bps, 92.13%, Err 97 (1.0e-005)
1213.715 .... 4367 packets received, 7370 bps, 92.13%, Err 97 (1.0e-005)
1215.874 .... 4375 packets received, 7371 bps, 92.13%, Err 97 (1.0e-005)
1218.039 .... 4383 packets received, 7371 bps, 92.14%, Err 97 (1.0e-005)
1220.185 .... 4391 packets received, 7372 bps, 92.15%, Err 98 (1.0e-005)
1224.242 .... 4392 packets received, 7349 bps, 91.86%, Err 99 (1.0e-005)
1226.377 .... 4408 packets received, 7363 bps, 92.03%, Err 99 (1.0e-005)
1228.787 .... 4415 packets received, 7360 bps, 92.00%, Err 99 (1.0e-005)
1230.935 .... 4422 packets received, 7359 bps, 91.99%, Err 99 (1.0e-005)
1233.096 .... 4428 packets received, 7356 bps, 91.95%, Err 99 (1.0e-005)
1235.524 .... 4435 packets received, 7353 bps, 91.91%, Err 99 (1.0e-005)
1237.937 .... 4442 packets received, 7350 bps, 91.88%, Err 100 (1.0e-005)
1240.376 .... 4449 packets received, 7347 bps, 91.84%, Err 100 (1.0e-005)
1242.549 .... 4457 packets received, 7348 bps, 91.85%, Err 100 (1.0e-005)
1244.680 .... 4465 packets received, 7348 bps, 91.85%, Err 100 (1.0e-005)
1246.855 .... 4473 packets received, 7349 bps, 91.86%, Err 100 (1.0e-005)
1249.015 .... 4481 packets received, 7349 bps, 91.86%, Err 100 (1.0e-005)
1251.173 .... 4489 packets received, 7349 bps, 91.87%, Err 100 (1.0e-005)
1253.888 .... 4494 packets received, 7342 bps, 91.77%, Err 101 (1.0e-005)
1256.049 .... 4506 packets received, 7349 bps, 91.86%, Err 101 (1.0e-005)
1258.224 .... 4514 packets received, 7349 bps, 91.86%, Err 101 (1.0e-005)
1260.383 .... 4522 packets received, 7349 bps, 91.87%, Err 101 (1.0e-005)
1262.557 .... 4530 packets received, 7350 bps, 91.87%, Err 101 (1.0e-005)
1264.714 .... 4538 packets received, 7350 bps, 91.88%, Err 101 (1.0e-005)
1266.872 .... 4546 packets received, 7351 bps, 91.88%, Err 101 (1.0e-005)
1269.034 .... 4554 packets received, 7351 bps, 91.89%, Err 101 (9.9e-006)
1271.198 .... 4562 packets received, 7351 bps, 91.89%, Err 101 (9.9e-006)
1273.371 .... 4570 packets received, 7352 bps, 91.90%, Err 101 (9.9e-006)
1275.531 .... 4578 packets received, 7352 bps, 91.90%, Err 102 (1.0e-005)
1277.709 .... 4585 packets received, 7351 bps, 91.88%, Err 102 (1.0e-005)
1279.869 .... 4588 packets received, 7343 bps, 91.79%, Err 103 (1.0e-005)
1282.031 .... 4600 packets received, 7350 bps, 91.87%, Err 103 (1.0e-005)
1284.176 .... 4608 packets received, 7350 bps, 91.88%, Err 103 (1.0e-005)
1286.356 .... 4616 packets received, 7351 bps, 91.88%, Err 103 (1.0e-005)
1288.486 .... 4624 packets received, 7351 bps, 91.89%, Err 103 (1.0e-005)
1290.662 .... 4627 packets received, 7344 bps, 91.79%, Err 105 (1.0e-005)
1292.837 .... 4639 packets received, 7350 bps, 91.88%, Err 105 (1.0e-005)
1294.993 .... 4647 packets received, 7351 bps, 91.88%, Err 105 (1.0e-005)
1297.141 .... 4655 packets received, 7351 bps, 91.89%, Err 105 (1.0e-005)
1300.119 .... 4661 packets received, 7344 bps, 91.80%, Err 106 (1.0e-005)
1302.297 .... 4673 packets received, 7350 bps, 91.88%, Err 106 (1.0e-005)
1305.230 .... 4679 packets received, 7343 bps, 91.79%, Err 107 (1.0e-005)
1307.389 .... 4691 packets received, 7350 bps, 91.87%, Err 107 (1.0e-005)
1309.534 .... 4699 packets received, 7350 bps, 91.88%, Err 107 (1.0e-005)
1311.696 .... 4707 packets received, 7351 bps, 91.88%, Err 107 (1.0e-005)
1313.872 .... 4715 packets received, 7351 bps, 91.89%, Err 107 (1.0e-005)
1316.015 .... 4723 packets received, 7351 bps, 91.89%, Err 107 (1.0e-005)
1318.163 .... 4731 packets received, 7352 bps, 91.90%, Err 107 (1.0e-005)
1320.281 .... 4734 packets received, 7345 bps, 91.81%, Err 108 (1.0e-005)
1322.445 .... 4746 packets received, 7351 bps, 91.89%, Err 108 (1.0e-005)
1324.637 .... 4754 packets received, 7352 bps, 91.89%, Err 108 (1.0e-005)
1326.774 .... 4762 packets received, 7352 bps, 91.90%, Err 108 (1.0e-005)
1328.921 .... 4770 packets received, 7353 bps, 91.91%, Err 108 (1.0e-005)
1331.111 .... 4778 packets received, 7353 bps, 91.91%, Err 108 (1.0e-005)
1333.272 .... 4786 packets received, 7353 bps, 91.91%, Err 108 (1.0e-005)
1335.447 .... 4794 packets received, 7353 bps, 91.92%, Err 109 (1.0e-005)
1337.623 .... 4802 packets received, 7354 bps, 91.92%, Err 109 (1.0e-005)
1339.784 .... 4810 packets received, 7354 bps, 91.93%, Err 109 (1.0e-005)
1341.957 .... 4818 packets received, 7354 bps, 91.93%, Err 109 (1.0e-005)
1344.116 .... 4826 packets received, 7355 bps, 91.93%, Err 109 (1.0e-005)
1346.281 .... 4834 packets received, 7355 bps, 91.94%, Err 109 (1.0e-005)
1348.459 .... 4842 packets received, 7355 bps, 91.94%, Err 109 (1.0e-005)
1350.887 .... 4846 packets received, 7348 bps, 91.85%, Err 110 (1.0e-005)
1352.987 .... 4858 packets received, 7355 bps, 91.94%, Err 110 (1.0e-005)
1355.173 .... 4866 packets received, 7355 bps, 91.94%, Err 110 (1.0e-005)
1357.322 .... 4874 packets received, 7356 bps, 91.94%, Err 110 (1.0e-005)
1359.469 .... 4882 packets received, 7356 bps, 91.95%, Err 110 (1.0e-005)
1362.444 .... 4888 packets received, 7349 bps, 91.86%, Err 112 (1.0e-005)
1364.620 .... 4899 packets received, 7354 bps, 91.92%, Err 112 (1.0e-005)
1366.765 .... 4907 packets received, 7354 bps, 91.93%, Err 112 (1.0e-005)
1368.954 .... 4915 packets received, 7354 bps, 91.93%, Err 112 (1.0e-005)
1371.094 .... 4923 packets received, 7355 bps, 91.94%, Err 112 (1.0e-005)
1373.277 .... 4931 packets received, 7355 bps, 91.94%, Err 112 (1.0e-005)
1375.444 .... 4939 packets received, 7355 bps, 91.94%, Err 112 (1.0e-005)
1377.622 .... 4947 packets received, 7356 bps, 91.95%, Err 112 (1.0e-005)
1379.770 .... 4955 packets received, 7356 bps, 91.95%, Err 113 (1.0e-005)
1381.964 .... 4963 packets received, 7356 bps, 91.95%, Err 113 (1.0e-005)
1384.127 .... 4971 packets received, 7357 bps, 91.96%, Err 113 (1.0e-005)
1386.287 .... 4979 packets received, 7357 bps, 91.96%, Err 113 (1.0e-005)
1388.460 .... 4987 packets received, 7357 bps, 91.97%, Err 113 (1.0e-005)
1390.607 .... 4995 packets received, 7358 bps, 91.97%, Err 113 (1.0e-005)
1392.768 .... 5003 packets received, 7358 bps, 91.98%, Err 113 (1.0e-005)
1394.932 .... 5011 packets received, 7358 bps, 91.98%, Err 113 (1.0e-005)
1397.109 .... 5019 packets received, 7359 bps, 91.98%, Err 113 (1.0e-005)
1399.256 .... 5027 packets received, 7359 bps, 91.99%, Err 113 (1.0e-005)
1401.431 .... 5035 packets received, 7359 bps, 91.99%, Err 113 (1.0e-005)
1403.591 .... 5043 packets received, 7360 bps, 92.00%, Err 113 (1.0e-005)
1405.781 .... 5051 packets received, 7360 bps, 92.00%, Err 113 (1.0e-005)
1407.945 .... 5059 packets received, 7360 bps, 92.00%, Err 113 (1.0e-005)
1410.107 .... 5067 packets received, 7361 bps, 92.01%, Err 113 (1.0e-005)
1412.283 .... 5075 packets received, 7361 bps, 92.01%, Err 113 (1.0e-005)
1414.429 .... 5083 packets received, 7361 bps, 92.02%, Err 113 (1.0e-005)
1416.619 .... 5091 packets received, 7361 bps, 92.02%, Err 113 (1.0e-005)
1418.779 .... 5099 packets received, 7362 bps, 92.02%, Err 113 (1.0e-005)
1420.944 .... 5107 packets received, 7362 bps, 92.03%, Err 113 (9.9e-006)
1423.116 .... 5114 packets received, 7361 bps, 92.01%, Err 114 (1.0e-005)
1425.261 .... 5122 packets received, 7361 bps, 92.02%, Err 114 (1.0e-005)
1427.450 .... 5130 packets received, 7362 bps, 92.02%, Err 114 (1.0e-005)
1429.611 .... 5133 packets received, 7355 bps, 91.93%, Err 115 (1.0e-005)
1431.754 .... 5145 packets received, 7361 bps, 92.01%, Err 115 (1.0e-005)
1433.886 .... 5153 packets received, 7361 bps, 92.02%, Err 115 (1.0e-005)
1436.045 .... 5160 packets received, 7360 bps, 92.00%, Err 116 (1.0e-005)
1438.206 .... 5168 packets received, 7361 bps, 92.01%, Err 116 (1.0e-005)
1440.365 .... 5176 packets received, 7361 bps, 92.01%, Err 116 (1.0e-005)
1442.527 .... 5184 packets received, 7361 bps, 92.02%, Err 116 (1.0e-005)
1444.687 .... 5192 packets received, 7362 bps, 92.02%, Err 116 (1.0e-005)
1446.864 .... 5200 packets received, 7362 bps, 92.02%, Err 116 (1.0e-005)
1449.057 .... 5208 packets received, 7362 bps, 92.02%, Err 116 (1.0e-005)
1451.208 .... 5216 packets received, 7362 bps, 92.03%, Err 116 (1.0e-005)
1451.488 ** WARNING: System too busy, sleep 15 ms, but be awakened 69 ms later
1454.441 .... 5223 packets received, 7356 bps, 91.95%, Err 117 (1.0e-005)
1457.382 .... 5233 packets received, 7355 bps, 91.94%, Err 118 (1.0e-005)
1459.542 .... 5245 packets received, 7361 bps, 92.01%, Err 118 (1.0e-005)
1461.706 .... 5253 packets received, 7361 bps, 92.02%, Err 118 (1.0e-005)
1463.837 .... 5261 packets received, 7362 bps, 92.02%, Err 118 (1.0e-005)
1466.015 .... 5269 packets received, 7362 bps, 92.03%, Err 118 (1.0e-005)
1468.155 .... 5277 packets received, 7362 bps, 92.03%, Err 118 (1.0e-005)
1470.336 .... 5285 packets received, 7363 bps, 92.03%, Err 118 (1.0e-005)
1472.487 .... 5293 packets received, 7363 bps, 92.04%, Err 118 (1.0e-005)
1474.669 .... 5301 packets received, 7363 bps, 92.04%, Err 118 (1.0e-005)
1476.838 .... 5309 packets received, 7364 bps, 92.04%, Err 119 (1.0e-005)
1478.979 .... 5316 packets received, 7363 bps, 92.03%, Err 119 (1.0e-005)
1481.125 .... 5324 packets received, 7363 bps, 92.04%, Err 119 (1.0e-005)
1483.301 .... 5332 packets received, 7363 bps, 92.04%, Err 119 (1.0e-005)
1486.234 .... 5338 packets received, 7357 bps, 91.96%, Err 121 (1.0e-005)
1488.395 .... 5349 packets received, 7361 bps, 92.02%, Err 121 (1.0e-005)
1490.573 .... 5357 packets received, 7362 bps, 92.02%, Err 121 (1.0e-005)
1492.755 .... 5365 packets received, 7362 bps, 92.02%, Err 121 (1.0e-005)
1494.911 .... 5373 packets received, 7362 bps, 92.03%, Err 121 (1.0e-005)
1497.068 .... 5381 packets received, 7363 bps, 92.03%, Err 121 (1.0e-005)
1499.243 .... 5389 packets received, 7363 bps, 92.04%, Err 122 (1.0e-005)
1501.404 .... 5397 packets received, 7363 bps, 92.04%, Err 123 (1.0e-005)
1503.590 .... 5404 packets received, 7362 bps, 92.02%, Err 123 (1.0e-005)
1505.734 .... 5412 packets received, 7362 bps, 92.03%, Err 123 (1.0e-005)
1507.904 .... 5420 packets received, 7363 bps, 92.03%, Err 123 (1.0e-005)
1510.045 .... 5428 packets received, 7363 bps, 92.04%, Err 123 (1.0e-005)
1512.227 .... 5436 packets received, 7363 bps, 92.04%, Err 124 (1.0e-005)
1515.460 .... 5439 packets received, 7352 bps, 91.89%, Err 126 (1.0e-005)
1517.614 .... 5453 packets received, 7360 bps, 92.00%, Err 126 (1.0e-005)
1519.748 .... 5461 packets received, 7360 bps, 92.01%, Err 126 (1.0e-005)
1521.916 .... 5469 packets received, 7361 bps, 92.01%, Err 126 (1.0e-005)
1524.082 .... 5477 packets received, 7361 bps, 92.01%, Err 126 (1.0e-005)
1526.233 .... 5485 packets received, 7361 bps, 92.02%, Err 126 (1.0e-005)
1528.407 .... 5493 packets received, 7362 bps, 92.02%, Err 126 (1.0e-005)
1530.546 .... 5500 packets received, 7361 bps, 92.01%, Err 127 (1.0e-005)
1532.722 .... 5508 packets received, 7361 bps, 92.01%, Err 127 (1.0e-005)
1535.694 .... 5514 packets received, 7355 bps, 91.93%, Err 128 (1.0e-005)
1537.844 .... 5526 packets received, 7360 bps, 92.01%, Err 128 (1.0e-005)
1539.992 .... 5534 packets received, 7361 bps, 92.01%, Err 128 (1.0e-005)
1542.150 .... 5542 packets received, 7361 bps, 92.01%, Err 128 (1.0e-005)
1544.329 .... 5550 packets received, 7361 bps, 92.02%, Err 128 (1.0e-005)
1546.474 .... 5558 packets received, 7362 bps, 92.02%, Err 128 (1.0e-005)
1548.665 .... 5566 packets received, 7362 bps, 92.02%, Err 128 (1.0e-005)
1550.809 .... 5574 packets received, 7362 bps, 92.03%, Err 128 (1.0e-005)
1552.999 .... 5582 packets received, 7362 bps, 92.03%, Err 129 (1.0e-005)
1555.140 .... 5589 packets received, 7362 bps, 92.02%, Err 129 (1.0e-005)
1557.283 .... 5597 packets received, 7362 bps, 92.02%, Err 129 (1.0e-005)
1559.473 .... 5604 packets received, 7361 bps, 92.01%, Err 130 (1.0e-005)
1561.615 .... 5612 packets received, 7361 bps, 92.01%, Err 130 (1.0e-005)
1563.805 .... 5620 packets received, 7361 bps, 92.02%, Err 130 (1.0e-005)
1565.963 .... 5628 packets received, 7362 bps, 92.02%, Err 130 (1.0e-005)
1568.121 .... 5636 packets received, 7362 bps, 92.02%, Err 130 (1.0e-005)
1570.280 .... 5644 packets received, 7362 bps, 92.03%, Err 130 (1.0e-005)
1572.466 .... 5652 packets received, 7362 bps, 92.03%, Err 130 (1.0e-005)
1574.631 .... 5660 packets received, 7363 bps, 92.03%, Err 130 (1.0e-005)
1576.798 .... 5668 packets received, 7363 bps, 92.04%, Err 130 (1.0e-005)
1579.512 .... 5673 packets received, 7357 bps, 91.96%, Err 131 (1.0e-005)
1581.672 .... 5685 packets received, 7362 bps, 92.03%, Err 131 (1.0e-005)
1583.813 .... 5693 packets received, 7363 bps, 92.03%, Err 131 (1.0e-005)
1585.987 .... 5701 packets received, 7363 bps, 92.04%, Err 131 (1.0e-005)
1588.161 .... 5709 packets received, 7363 bps, 92.04%, Err 131 (1.0e-005)
1590.326 .... 5717 packets received, 7364 bps, 92.04%, Err 131 (1.0e-005)
1592.472 .... 5725 packets received, 7364 bps, 92.05%, Err 131 (1.0e-005)
1594.622 .... 5733 packets received, 7364 bps, 92.05%, Err 131 (1.0e-005)
1596.794 .... 5741 packets received, 7364 bps, 92.06%, Err 131 (1.0e-005)
1598.980 .... 5749 packets received, 7365 bps, 92.06%, Err 131 (1.0e-005)
1601.137 .... 5757 packets received, 7365 bps, 92.06%, Err 131 (1.0e-005)
1603.295 .... 5765 packets received, 7365 bps, 92.07%, Err 131 (1.0e-005)
1606.243 .... 5771 packets received, 7359 bps, 91.99%, Err 132 (1.0e-005)
1609.462 .... 5782 packets received, 7359 bps, 91.98%, Err 133 (1.0e-005)
1611.635 .... 5794 packets received, 7364 bps, 92.05%, Err 133 (1.0e-005)
1613.801 .... 5802 packets received, 7364 bps, 92.05%, Err 133 (1.0e-005)
1616.482 .... 5807 packets received, 7358 bps, 91.98%, Err 134 (1.0e-005)
1618.667 .... 5819 packets received, 7364 bps, 92.05%, Err 134 (1.0e-005)
1621.640 .... 5825 packets received, 7358 bps, 91.97%, Err 135 (1.0e-005)
1623.812 .... 5837 packets received, 7363 bps, 92.04%, Err 135 (1.0e-005)
1626.470 .... 5842 packets received, 7357 bps, 91.97%, Err 136 (1.0e-005)
1628.662 .... 5854 packets received, 7362 bps, 92.03%, Err 137 (1.1e-005)
1630.809 .... 5861 packets received, 7362 bps, 92.02%, Err 137 (1.1e-005)
1632.921 .... 5869 packets received, 7362 bps, 92.03%, Err 137 (1.0e-005)
1635.111 .... 5877 packets received, 7362 bps, 92.03%, Err 137 (1.0e-005)
1637.283 .... 5885 packets received, 7362 bps, 92.03%, Err 137 (1.0e-005)
1639.707 .... 5889 packets received, 7357 bps, 91.96%, Err 138 (1.1e-005)
1641.853 .... 5901 packets received, 7362 bps, 92.02%, Err 138 (1.1e-005)
1643.979 .... 5909 packets received, 7362 bps, 92.03%, Err 138 (1.0e-005)
1646.166 .... 5917 packets received, 7363 bps, 92.03%, Err 138 (1.0e-005)
1648.306 .... 5925 packets received, 7363 bps, 92.04%, Err 138 (1.0e-005)
1650.466 .... 5933 packets received, 7363 bps, 92.04%, Err 138 (1.0e-005)
1652.627 .... 5941 packets received, 7364 bps, 92.04%, Err 138 (1.0e-005)
1654.782 .... 5949 packets received, 7364 bps, 92.05%, Err 138 (1.0e-005)
1656.922 .... 5957 packets received, 7364 bps, 92.05%, Err 138 (1.0e-005)
1659.081 .... 5965 packets received, 7364 bps, 92.06%, Err 138 (1.0e-005)
1661.182 .... 5968 packets received, 7359 bps, 91.99%, Err 139 (1.0e-005)
1663.326 .... 5980 packets received, 7364 bps, 92.05%, Err 139 (1.0e-005)
1665.487 .... 5988 packets received, 7364 bps, 92.06%, Err 139 (1.0e-005)
1667.646 .... 5996 packets received, 7365 bps, 92.06%, Err 139 (1.0e-005)
1669.803 .... 6004 packets received, 7365 bps, 92.06%, Err 139 (1.0e-005)
1671.952 .... 6012 packets received, 7365 bps, 92.07%, Err 139 (1.0e-005)
1674.079 .... 6020 packets received, 7366 bps, 92.07%, Err 139 (1.0e-005)
1676.219 .... 6028 packets received, 7366 bps, 92.08%, Err 139 (1.0e-005)
1678.406 .... 6036 packets received, 7366 bps, 92.08%, Err 139 (1.0e-005)
1680.545 .... 6044 packets received, 7367 bps, 92.08%, Err 139 (1.0e-005)
1682.709 .... 6052 packets received, 7367 bps, 92.09%, Err 139 (1.0e-005)
1685.396 .... 6057 packets received, 7361 bps, 92.02%, Err 140 (1.0e-005)
1687.536 .... 6069 packets received, 7367 bps, 92.08%, Err 140 (1.0e-005)
1689.673 .... 6077 packets received, 7367 bps, 92.09%, Err 140 (1.0e-005)
1691.843 .... 6085 packets received, 7367 bps, 92.09%, Err 140 (1.0e-005)
1693.981 .... 6093 packets received, 7368 bps, 92.09%, Err 140 (1.0e-005)
1696.134 .... 6101 packets received, 7368 bps, 92.10%, Err 140 (1.0e-005)
1698.289 .... 6109 packets received, 7368 bps, 92.10%, Err 140 (1.0e-005)
1700.459 .... 6117 packets received, 7368 bps, 92.10%, Err 140 (1.0e-005)
1703.171 .... 6122 packets received, 7363 bps, 92.03%, Err 141 (1.0e-005)
1705.340 .... 6134 packets received, 7368 bps, 92.10%, Err 141 (1.0e-005)
1707.495 .... 6142 packets received, 7368 bps, 92.10%, Err 141 (1.0e-005)
1709.679 .... 6150 packets received, 7368 bps, 92.10%, Err 141 (1.0e-005)
1711.857 .... 6158 packets received, 7368 bps, 92.10%, Err 141 (1.0e-005)
1713.996 .... 6166 packets received, 7369 bps, 92.11%, Err 141 (1.0e-005)
1717.531 .... 6174 packets received, 7363 bps, 92.04%, Err 143 (1.0e-005)
1719.679 .... 6185 packets received, 7367 bps, 92.09%, Err 143 (1.0e-005)
1721.830 .... 6193 packets received, 7367 bps, 92.09%, Err 143 (1.0e-005)
1723.992 .... 6201 packets received, 7368 bps, 92.09%, Err 143 (1.0e-005)
1726.163 .... 6209 packets received, 7368 bps, 92.10%, Err 143 (1.0e-005)
1728.322 .... 6212 packets received, 7362 bps, 92.03%, Err 144 (1.0e-005)
1730.465 .... 6224 packets received, 7367 bps, 92.09%, Err 144 (1.0e-005)
1732.635 .... 6232 packets received, 7367 bps, 92.09%, Err 144 (1.0e-005)
1734.794 .... 6240 packets received, 7368 bps, 92.10%, Err 144 (1.0e-005)
1736.962 .... 6248 packets received, 7368 bps, 92.10%, Err 144 (1.0e-005)
1739.148 .... 6256 packets received, 7368 bps, 92.10%, Err 144 (1.0e-005)
1741.291 .... 6264 packets received, 7368 bps, 92.11%, Err 144 (1.0e-005)
1743.446 .... 6272 packets received, 7369 bps, 92.11%, Err 144 (1.0e-005)
1746.677 .... 6279 packets received, 7363 bps, 92.04%, Err 145 (1.0e-005)
1748.848 .... 6291 packets received, 7368 bps, 92.10%, Err 145 (1.0e-005)
1751.017 .... 6299 packets received, 7368 bps, 92.11%, Err 145 (1.0e-005)
1753.199 .... 6307 packets received, 7369 bps, 92.11%, Err 145 (1.0e-005)
1755.371 .... 6315 packets received, 7369 bps, 92.11%, Err 145 (1.0e-005)
1757.481 .... 6323 packets received, 7369 bps, 92.12%, Err 145 (1.0e-005)
1759.610 .... 6331 packets received, 7370 bps, 92.12%, Err 145 (1.0e-005)
1761.767 .... 6339 packets received, 7370 bps, 92.13%, Err 145 (1.0e-005)
1764.206 .... 6343 packets received, 7364 bps, 92.06%, Err 146 (1.0e-005)
1766.364 .... 6355 packets received, 7369 bps, 92.12%, Err 146 (1.0e-005)
1768.533 .... 6363 packets received, 7370 bps, 92.12%, Err 146 (1.0e-005)
1770.688 .... 6371 packets received, 7370 bps, 92.12%, Err 146 (1.0e-005)
1773.928 .... 6378 packets received, 7365 bps, 92.06%, Err 147 (1.0e-005)
1776.054 .... 6390 packets received, 7370 bps, 92.12%, Err 147 (1.0e-005)
1778.191 .... 6398 packets received, 7370 bps, 92.12%, Err 147 (1.0e-005)
1780.358 .... 6406 packets received, 7370 bps, 92.13%, Err 147 (1.0e-005)
1782.526 .... 6414 packets received, 7370 bps, 92.13%, Err 147 (1.0e-005)
1784.679 .... 6422 packets received, 7371 bps, 92.13%, Err 147 (1.0e-005)
1786.834 .... 6430 packets received, 7371 bps, 92.14%, Err 147 (1.0e-005)
1788.990 .... 6438 packets received, 7371 bps, 92.14%, Err 147 (1.0e-005)
1791.142 .... 6446 packets received, 7371 bps, 92.14%, Err 147 (1.0e-005)
1793.300 .... 6454 packets received, 7372 bps, 92.15%, Err 147 (1.0e-005)
1795.482 .... 6462 packets received, 7372 bps, 92.15%, Err 147 (1.0e-005)
1797.651 .... 6470 packets received, 7372 bps, 92.15%, Err 147 (1.0e-005)
1799.823 .... 6478 packets received, 7372 bps, 92.15%, Err 147 (1.0e-005)
1801.992 .... 6486 packets received, 7373 bps, 92.16%, Err 147 (1.0e-005)
1804.670 .... 6491 packets received, 7367 bps, 92.09%, Err 148 (1.0e-005)
1806.827 .... 6503 packets received, 7372 bps, 92.15%, Err 148 (1.0e-005)
1808.981 .... 6511 packets received, 7372 bps, 92.15%, Err 148 (1.0e-005)
1811.163 .... 6519 packets received, 7373 bps, 92.16%, Err 148 (1.0e-005)
1813.344 .... 6527 packets received, 7373 bps, 92.16%, Err 148 (1.0e-005)
1815.499 .... 6530 packets received, 7367 bps, 92.09%, Err 149 (1.0e-005)
1817.638 .... 6541 packets received, 7371 bps, 92.14%, Err 150 (1.0e-005)
1819.792 .... 6549 packets received, 7371 bps, 92.14%, Err 150 (1.0e-005)
1821.960 .... 6557 packets received, 7372 bps, 92.14%, Err 150 (1.0e-005)
1824.119 .... 6565 packets received, 7372 bps, 92.15%, Err 150 (1.0e-005)
1826.303 .... 6573 packets received, 7372 bps, 92.15%, Err 150 (1.0e-005)
1829.281 .... 6579 packets received, 7367 bps, 92.08%, Err 151 (1.0e-005)
1831.432 .... 6590 packets received, 7370 bps, 92.13%, Err 152 (1.0e-005)
1833.561 .... 6598 packets received, 7371 bps, 92.13%, Err 152 (1.0e-005)
1835.733 .... 6606 packets received, 7371 bps, 92.14%, Err 152 (1.0e-005)
1839.247 .... 6614 packets received, 7366 bps, 92.07%, Err 153 (1.0e-005)
1841.404 .... 6626 packets received, 7370 bps, 92.13%, Err 153 (1.0e-005)
1843.573 .... 6634 packets received, 7371 bps, 92.13%, Err 153 (1.0e-005)
1845.745 .... 6642 packets received, 7371 bps, 92.14%, Err 153 (1.0e-005)
1847.915 .... 6650 packets received, 7371 bps, 92.14%, Err 153 (1.0e-005)
1850.069 .... 6658 packets received, 7371 bps, 92.14%, Err 153 (1.0e-005)
1852.238 .... 6666 packets received, 7372 bps, 92.14%, Err 153 (1.0e-005)
1854.392 .... 6674 packets received, 7372 bps, 92.15%, Err 153 (1.0e-005)
1856.533 .... 6681 packets received, 7371 bps, 92.14%, Err 154 (1.0e-005)
1858.701 .... 6689 packets received, 7371 bps, 92.14%, Err 155 (1.0e-005)
1860.840 .... 6697 packets received, 7372 bps, 92.15%, Err 155 (1.0e-005)
1862.995 .... 6705 packets received, 7372 bps, 92.15%, Err 155 (1.0e-005)
1865.151 .... 6713 packets received, 7372 bps, 92.15%, Err 155 (1.0e-005)
1867.336 .... 6721 packets received, 7372 bps, 92.15%, Err 155 (1.0e-005)
1869.506 .... 6729 packets received, 7373 bps, 92.16%, Err 155 (1.0e-005)
1871.631 .... 6737 packets received, 7373 bps, 92.16%, Err 155 (1.0e-005)
1873.813 .... 6745 packets received, 7373 bps, 92.16%, Err 156 (1.0e-005)
1875.954 .... 6752 packets received, 7372 bps, 92.15%, Err 156 (1.0e-005)
1878.061 .... 6760 packets received, 7373 bps, 92.16%, Err 156 (1.0e-005)
1880.198 .... 6768 packets received, 7373 bps, 92.16%, Err 156 (1.0e-005)
1882.369 .... 6776 packets received, 7373 bps, 92.17%, Err 156 (1.0e-005)
1884.536 .... 6784 packets received, 7373 bps, 92.17%, Err 156 (1.0e-005)
1886.717 .... 6792 packets received, 7374 bps, 92.17%, Err 156 (1.0e-005)
1888.839 .... 6800 packets received, 7374 bps, 92.18%, Err 157 (1.0e-005)
1891.000 .... 6807 packets received, 7373 bps, 92.16%, Err 157 (1.0e-005)
1893.175 .... 6815 packets received, 7373 bps, 92.17%, Err 157 (1.0e-005)
1895.316 .... 6823 packets received, 7374 bps, 92.17%, Err 157 (1.0e-005)
1898.810 .... 6831 packets received, 7369 bps, 92.11%, Err 158 (1.0e-005)
1900.967 .... 6843 packets received, 7373 bps, 92.17%, Err 158 (1.0e-005)
1903.152 .... 6851 packets received, 7373 bps, 92.17%, Err 158 (1.0e-005)
1905.307 .... 6859 packets received, 7374 bps, 92.17%, Err 158 (1.0e-005)
1907.461 .... 6867 packets received, 7374 bps, 92.17%, Err 158 (1.0e-005)
1909.631 .... 6875 packets received, 7374 bps, 92.18%, Err 158 (1.0e-005)
1911.786 .... 6883 packets received, 7374 bps, 92.18%, Err 158 (1.0e-005)
1913.913 .... 6891 packets received, 7375 bps, 92.19%, Err 158 (1.0e-005)
1917.442 .... 6899 packets received, 7370 bps, 92.12%, Err 159 (1.0e-005)
1919.557 .... 6911 packets received, 7374 bps, 92.18%, Err 159 (1.0e-005)
1921.727 .... 6919 packets received, 7375 bps, 92.18%, Err 159 (1.0e-005)
1923.887 .... 6927 packets received, 7375 bps, 92.19%, Err 159 (1.0e-005)
1926.033 .... 6935 packets received, 7375 bps, 92.19%, Err 159 (1.0e-005)
1928.180 .... 6943 packets received, 7375 bps, 92.19%, Err 159 (1.0e-005)
1930.348 .... 6951 packets received, 7376 bps, 92.20%, Err 159 (1.0e-005)
1932.506 .... 6959 packets received, 7376 bps, 92.20%, Err 159 (1.0e-005)
1934.678 .... 6967 packets received, 7376 bps, 92.20%, Err 159 (1.0e-005)
1936.859 .... 6975 packets received, 7376 bps, 92.20%, Err 159 (1.0e-005)
1939.031 .... 6983 packets received, 7376 bps, 92.21%, Err 159 (1.0e-005)
1941.187 .... 6991 packets received, 7377 bps, 92.21%, Err 159 (1.0e-005)
1943.361 .... 6999 packets received, 7377 bps, 92.21%, Err 159 (1.0e-005)
1945.487 .... 7002 packets received, 7372 bps, 92.15%, Err 161 (1.0e-005)
1947.662 .... 7013 packets received, 7375 bps, 92.19%, Err 161 (1.0e-005)
1949.783 .... 7021 packets received, 7376 bps, 92.20%, Err 161 (1.0e-005)
1951.951 .... 7029 packets received, 7376 bps, 92.20%, Err 161 (1.0e-005)
1954.126 .... 7037 packets received, 7376 bps, 92.20%, Err 161 (1.0e-005)
1957.090 .... 7043 packets received, 7371 bps, 92.14%, Err 162 (1.0e-005)
1959.263 .... 7055 packets received, 7376 bps, 92.19%, Err 162 (1.0e-005)
1961.402 .... 7063 packets received, 7376 bps, 92.20%, Err 162 (1.0e-005)
1963.583 .... 7071 packets received, 7376 bps, 92.20%, Err 162 (1.0e-005)
1965.758 .... 7079 packets received, 7376 bps, 92.20%, Err 162 (1.0e-005)
1967.933 .... 7087 packets received, 7376 bps, 92.20%, Err 162 (1.0e-005)
1970.089 .... 7095 packets received, 7377 bps, 92.21%, Err 162 (1.0e-005)
1972.244 .... 7103 packets received, 7377 bps, 92.21%, Err 162 (1.0e-005)
1974.426 .... 7111 packets received, 7377 bps, 92.21%, Err 162 (1.0e-005)
1977.922 .... 7119 packets received, 7372 bps, 92.15%, Err 163 (1.0e-005)
1980.617 .... 7128 packets received, 7371 bps, 92.14%, Err 164 (1.0e-005)
1982.787 .... 7140 packets received, 7376 bps, 92.20%, Err 164 (1.0e-005)
1984.926 .... 7148 packets received, 7376 bps, 92.20%, Err 164 (1.0e-005)
1987.098 .... 7156 packets received, 7376 bps, 92.20%, Err 164 (1.0e-005)
1989.252 .... 7164 packets received, 7377 bps, 92.21%, Err 164 (1.0e-005)
1991.440 .... 7172 packets received, 7377 bps, 92.21%, Err 165 (1.0e-005)
1993.581 .... 7179 packets received, 7376 bps, 92.20%, Err 166 (1.0e-005)
1995.734 .... 7187 packets received, 7376 bps, 92.20%, Err 167 (1.0e-005)
1997.906 .... 7195 packets received, 7376 bps, 92.20%, Err 167 (1.0e-005)
2000.080 .... 7203 packets received, 7377 bps, 92.21%, Err 167 (1.0e-005)
2002.189 .... 7211 packets received, 7377 bps, 92.21%, Err 167 (1.0e-005)
2004.360 .... 7219 packets received, 7377 bps, 92.21%, Err 167 (1.0e-005)
2006.503 .... 7227 packets received, 7377 bps, 92.22%, Err 167 (1.0e-005)
2008.687 .... 7235 packets received, 7378 bps, 92.22%, Err 167 (1.0e-005)
2011.663 .... 7241 packets received, 7373 bps, 92.16%, Err 168 (1.0e-005)
2013.832 .... 7253 packets received, 7377 bps, 92.21%, Err 168 (1.0e-005)
2016.003 .... 7261 packets received, 7377 bps, 92.22%, Err 168 (1.0e-005)
2018.164 .... 7269 packets received, 7377 bps, 92.22%, Err 168 (1.0e-005)
2020.336 .... 7277 packets received, 7378 bps, 92.22%, Err 168 (1.0e-005)
2022.491 .... 7285 packets received, 7378 bps, 92.22%, Err 168 (1.0e-005)
2024.660 .... 7293 packets received, 7378 bps, 92.23%, Err 168 (1.0e-005)
2026.846 .... 7301 packets received, 7378 bps, 92.23%, Err 168 (1.0e-005)
2028.969 .... 7309 packets received, 7379 bps, 92.23%, Err 168 (1.0e-005)
2031.142 .... 7317 packets received, 7379 bps, 92.23%, Err 168 (1.0e-005)
2033.312 .... 7325 packets received, 7379 bps, 92.24%, Err 168 (1.0e-005)
2035.480 .... 7333 packets received, 7379 bps, 92.24%, Err 168 (1.0e-005)
2037.652 .... 7341 packets received, 7379 bps, 92.24%, Err 168 (1.0e-005)
2039.823 .... 7349 packets received, 7379 bps, 92.24%, Err 168 (1.0e-005)
2041.992 .... 7357 packets received, 7380 bps, 92.25%, Err 168 (1.0e-005)
2044.156 .... 7365 packets received, 7380 bps, 92.25%, Err 168 (1.0e-005)
2046.328 .... 7373 packets received, 7380 bps, 92.25%, Err 168 (1.0e-005)
2048.487 .... 7381 packets received, 7380 bps, 92.25%, Err 168 (1.0e-005)
2050.644 .... 7388 packets received, 7379 bps, 92.24%, Err 169 (1.0e-005)
2052.801 .... 7396 packets received, 7380 bps, 92.25%, Err 169 (1.0e-005)
2054.988 .... 7404 packets received, 7380 bps, 92.25%, Err 169 (1.0e-005)
2057.161 .... 7412 packets received, 7380 bps, 92.25%, Err 169 (1.0e-005)
2059.331 .... 7420 packets received, 7380 bps, 92.25%, Err 169 (1.0e-005)
2061.486 .... 7428 packets received, 7380 bps, 92.25%, Err 169 (1.0e-005)
2063.656 .... 7436 packets received, 7381 bps, 92.26%, Err 169 (1.0e-005)
2065.811 .... 7444 packets received, 7381 bps, 92.26%, Err 169 (1.0e-005)
2067.966 .... 7452 packets received, 7381 bps, 92.26%, Err 169 (1.0e-005)
2070.124 .... 7460 packets received, 7381 bps, 92.27%, Err 169 (1.0e-005)
2072.310 .... 7468 packets received, 7381 bps, 92.27%, Err 169 (1.0e-005)
2074.480 .... 7476 packets received, 7382 bps, 92.27%, Err 169 (1.0e-005)
2076.636 .... 7484 packets received, 7382 bps, 92.27%, Err 169 (1.0e-005)
2078.811 .... 7492 packets received, 7382 bps, 92.27%, Err 169 (1.0e-005)
2080.983 .... 7500 packets received, 7382 bps, 92.28%, Err 169 (1.0e-005)
2083.139 .... 7508 packets received, 7382 bps, 92.28%, Err 169 (1.0e-005)
2085.309 .... 7516 packets received, 7382 bps, 92.28%, Err 169 (1.0e-005)
2087.478 .... 7519 packets received, 7378 bps, 92.22%, Err 170 (1.0e-005)
2089.647 .... 7531 packets received, 7382 bps, 92.27%, Err 170 (1.0e-005)
2091.789 .... 7539 packets received, 7382 bps, 92.28%, Err 170 (1.0e-005)
2093.950 .... 7547 packets received, 7382 bps, 92.28%, Err 170 (1.0e-005)
2096.122 .... 7554 packets received, 7382 bps, 92.27%, Err 171 (1.0e-005)
2098.279 .... 7562 packets received, 7382 bps, 92.27%, Err 171 (1.0e-005)
2100.451 .... 7570 packets received, 7382 bps, 92.27%, Err 171 (1.0e-005)
2102.622 .... 7578 packets received, 7382 bps, 92.28%, Err 171 (1.0e-005)
2104.778 .... 7581 packets received, 7377 bps, 92.22%, Err 172 (1.0e-005)
2106.933 .... 7592 packets received, 7381 bps, 92.26%, Err 173 (1.0e-005)
2109.090 .... 7600 packets received, 7381 bps, 92.26%, Err 173 (1.0e-005)
2111.236 .... 7608 packets received, 7381 bps, 92.26%, Err 173 (1.0e-005)
2113.396 .... 7616 packets received, 7381 bps, 92.27%, Err 173 (1.0e-005)
2115.559 .... 7624 packets received, 7381 bps, 92.27%, Err 173 (1.0e-005)
2117.736 .... 7632 packets received, 7382 bps, 92.27%, Err 173 (1.0e-005)
2119.882 .... 7640 packets received, 7382 bps, 92.27%, Err 173 (1.0e-005)
2122.069 .... 7648 packets received, 7382 bps, 92.27%, Err 174 (1.0e-005)
2124.228 .... 7655 packets received, 7381 bps, 92.27%, Err 174 (1.0e-005)
2126.390 .... 7663 packets received, 7381 bps, 92.27%, Err 174 (1.0e-005)
2128.531 .... 7671 packets received, 7382 bps, 92.27%, Err 174 (1.0e-005)
2130.665 .... 7679 packets received, 7382 bps, 92.27%, Err 174 (1.0e-005)
2132.843 .... 7687 packets received, 7382 bps, 92.28%, Err 175 (1.0e-005)
2135.006 .... 7694 packets received, 7381 bps, 92.27%, Err 175 (1.0e-005)
2137.165 .... 7702 packets received, 7382 bps, 92.27%, Err 175 (1.0e-005)
2139.343 .... 7710 packets received, 7382 bps, 92.27%, Err 175 (1.0e-005)
2142.314 .... 7716 packets received, 7377 bps, 92.22%, Err 176 (1.0e-005)
2144.466 .... 7728 packets received, 7381 bps, 92.27%, Err 176 (1.0e-005)
2146.653 .... 7736 packets received, 7381 bps, 92.27%, Err 176 (1.0e-005)
2148.798 .... 7744 packets received, 7382 bps, 92.27%, Err 176 (1.0e-005)
2150.954 .... 7752 packets received, 7382 bps, 92.27%, Err 176 (1.0e-005)
2153.129 .... 7760 packets received, 7382 bps, 92.28%, Err 176 (1.0e-005)
2155.282 .... 7768 packets received, 7382 bps, 92.28%, Err 176 (1.0e-005)
2157.438 .... 7776 packets received, 7382 bps, 92.28%, Err 176 (1.0e-005)
2159.624 .... 7784 packets received, 7383 bps, 92.28%, Err 176 (1.0e-005)
2161.781 .... 7792 packets received, 7383 bps, 92.28%, Err 176 (1.0e-005)
2163.966 .... 7800 packets received, 7383 bps, 92.29%, Err 176 (1.0e-005)
2166.119 .... 7808 packets received, 7383 bps, 92.29%, Err 176 (1.0e-005)
2168.291 .... 7816 packets received, 7383 bps, 92.29%, Err 176 (1.0e-005)
2170.462 .... 7824 packets received, 7383 bps, 92.29%, Err 176 (1.0e-005)
2172.629 .... 7832 packets received, 7384 bps, 92.30%, Err 176 (1.0e-005)
2174.803 .... 7840 packets received, 7384 bps, 92.30%, Err 176 (1.0e-005)
2176.943 .... 7848 packets received, 7384 bps, 92.30%, Err 176 (1.0e-005)
2179.111 .... 7856 packets received, 7384 bps, 92.30%, Err 176 (1.0e-005)
2181.279 .... 7864 packets received, 7384 bps, 92.30%, Err 176 (1.0e-005)
2183.431 .... 7872 packets received, 7385 bps, 92.31%, Err 176 (1.0e-005)
2185.601 .... 7880 packets received, 7385 bps, 92.31%, Err 176 (1.0e-005)
2187.785 .... 7888 packets received, 7385 bps, 92.31%, Err 176 (1.0e-005)
2189.955 .... 7896 packets received, 7385 bps, 92.31%, Err 176 (1.0e-005)
2192.113 .... 7904 packets received, 7385 bps, 92.32%, Err 176 (1.0e-005)
2194.288 .... 7912 packets received, 7385 bps, 92.32%, Err 176 (1.0e-005)
2196.463 .... 7920 packets received, 7386 bps, 92.32%, Err 176 (1.0e-005)
2198.852 .... 7924 packets received, 7381 bps, 92.27%, Err 177 (1.0e-005)
2201.030 .... 7936 packets received, 7385 bps, 92.31%, Err 177 (1.0e-005)
2203.216 .... 7944 packets received, 7385 bps, 92.32%, Err 177 (1.0e-005)
2205.349 .... 7952 packets received, 7386 bps, 92.32%, Err 177 (1.0e-005)
2207.503 .... 7955 packets received, 7381 bps, 92.26%, Err 178 (1.0e-005)
2209.683 .... 7967 packets received, 7385 bps, 92.31%, Err 178 (1.0e-005)
2211.840 .... 7975 packets received, 7385 bps, 92.31%, Err 178 (1.0e-005)
2213.981 .... 7983 packets received, 7385 bps, 92.32%, Err 178 (1.0e-005)
2216.421 .... 7987 packets received, 7381 bps, 92.26%, Err 179 (1.0e-005)
2218.580 .... 7999 packets received, 7385 bps, 92.31%, Err 179 (1.0e-005)
2221.003 .... 8003 packets received, 7380 bps, 92.26%, Err 180 (1.0e-005)
2223.192 .... 8015 packets received, 7384 bps, 92.30%, Err 180 (1.0e-005)
2225.338 .... 8023 packets received, 7385 bps, 92.31%, Err 180 (1.0e-005)
2227.519 .... 8031 packets received, 7385 bps, 92.31%, Err 180 (1.0e-005)
2230.491 .... 8037 packets received, 7380 bps, 92.25%, Err 181 (1.0e-005)
2232.648 .... 8049 packets received, 7384 bps, 92.30%, Err 181 (1.0e-005)
2234.805 .... 8057 packets received, 7384 bps, 92.31%, Err 181 (1.0e-005)
2236.979 .... 8065 packets received, 7385 bps, 92.31%, Err 181 (1.0e-005)
2239.136 .... 8068 packets received, 7380 bps, 92.25%, Err 182 (1.0e-005)
2241.273 .... 8080 packets received, 7384 bps, 92.30%, Err 182 (1.0e-005)
2243.445 .... 8088 packets received, 7384 bps, 92.30%, Err 183 (1.0e-005)
