C:\Users\Lao Shi\protocol_laoshi\laoshi_selective.exe -au 
=========================================================================
                          Station A                                 
-------------------------------------------------------------------------
Protocol.lib, version 3.0, Build: Oct 19 2009 (jiangy@public3.bta.net.cn)
Channel: 8000 bps, 270 ms propagation delay, bit error rate 0
Log file "C:\Users\Lao Shi\protocol_laoshi\laoshi_selective-A.log", TCP port 59144, debug mask 0x00
Station A is waiting for station B on TCP port 59144 ... Done.
New epoch: Mon May 09 20:25:00 2016
=========================================================================
3.161 .... 7 packets received, 6926 bps, 86.57%, Err 0 (0.0e+000)
5.317 .... 15 packets received, 7269 bps, 90.87%, Err 0 (0.0e+000)
7.485 .... 23 packets received, 7367 bps, 92.09%, Err 0 (0.0e+000)
9.656 .... 31 packets received, 7412 bps, 92.66%, Err 0 (0.0e+000)
11.815 .... 39 packets received, 7448 bps, 93.10%, Err 0 (0.0e+000)
13.988 .... 47 packets received, 7463 bps, 93.29%, Err 0 (0.0e+000)
16.144 .... 55 packets received, 7483 bps, 93.54%, Err 0 (0.0e+000)
18.311 .... 63 packets received, 7493 bps, 93.66%, Err 0 (0.0e+000)
20.495 .... 71 packets received, 7494 bps, 93.67%, Err 0 (0.0e+000)
22.664 .... 79 packets received, 7500 bps, 93.75%, Err 0 (0.0e+000)
24.832 .... 87 packets received, 7505 bps, 93.81%, Err 0 (0.0e+000)
26.987 .... 95 packets received, 7513 bps, 93.91%, Err 0 (0.0e+000)
29.154 .... 103 packets received, 7517 bps, 93.96%, Err 0 (0.0e+000)
31.322 .... 111 packets received, 7520 bps, 94.00%, Err 0 (0.0e+000)
33.498 .... 119 packets received, 7520 bps, 94.00%, Err 0 (0.0e+000)
35.655 .... 127 packets received, 7525 bps, 94.06%, Err 0 (0.0e+000)
37.824 .... 135 packets received, 7527 bps, 94.08%, Err 0 (0.0e+000)
40.009 .... 143 packets received, 7525 bps, 94.06%, Err 0 (0.0e+000)
42.162 .... 151 packets received, 7530 bps, 94.12%, Err 0 (0.0e+000)
44.349 .... 159 packets received, 7528 bps, 94.10%, Err 0 (0.0e+000)
46.488 .... 167 packets received, 7534 bps, 94.17%, Err 0 (0.0e+000)
48.675 .... 175 packets received, 7532 bps, 94.15%, Err 0 (0.0e+000)
50.829 .... 183 packets received, 7535 bps, 94.19%, Err 0 (0.0e+000)
53.011 .... 191 packets received, 7534 bps, 94.18%, Err 0 (0.0e+000)
55.181 .... 199 packets received, 7535 bps, 94.18%, Err 0 (0.0e+000)
57.350 .... 207 packets received, 7535 bps, 94.19%, Err 0 (0.0e+000)
59.519 .... 215 packets received, 7536 bps, 94.20%, Err 0 (0.0e+000)
61.685 .... 223 packets received, 7537 bps, 94.21%, Err 0 (0.0e+000)
63.853 .... 231 packets received, 7538 bps, 94.22%, Err 0 (0.0e+000)
66.018 .... 239 packets received, 7539 bps, 94.24%, Err 0 (0.0e+000)
68.187 .... 247 packets received, 7539 bps, 94.24%, Err 0 (0.0e+000)
70.356 .... 255 packets received, 7540 bps, 94.25%, Err 0 (0.0e+000)
72.531 .... 263 packets received, 7540 bps, 94.24%, Err 0 (0.0e+000)
74.690 .... 271 packets received, 7541 bps, 94.26%, Err 0 (0.0e+000)
76.862 .... 279 packets received, 7541 bps, 94.26%, Err 0 (0.0e+000)
79.028 .... 287 packets received, 7542 bps, 94.27%, Err 0 (0.0e+000)
81.199 .... 295 packets received, 7542 bps, 94.27%, Err 0 (0.0e+000)
83.370 .... 303 packets received, 7542 bps, 94.27%, Err 0 (0.0e+000)
85.536 .... 311 packets received, 7543 bps, 94.28%, Err 0 (0.0e+000)
87.692 .... 319 packets received, 7544 bps, 94.30%, Err 0 (0.0e+000)
89.871 .... 327 packets received, 7543 bps, 94.29%, Err 0 (0.0e+000)
92.041 .... 335 packets received, 7543 bps, 94.29%, Err 0 (0.0e+000)
94.211 .... 343 packets received, 7544 bps, 94.30%, Err 0 (0.0e+000)
96.365 .... 351 packets received, 7545 bps, 94.31%, Err 0 (0.0e+000)
98.524 .... 359 packets received, 7546 bps, 94.33%, Err 0 (0.0e+000)
104.494 .... 367 packets received, 7269 bps, 90.86%, Err 0 (0.0e+000)
108.597 .... 368 packets received, 7010 bps, 87.63%, Err 0 (0.0e+000)
112.642 .... 369 packets received, 6775 bps, 84.68%, Err 0 (0.0e+000)
116.661 .... 370 packets received, 6557 bps, 81.96%, Err 0 (0.0e+000)
120.709 .... 371 packets received, 6352 bps, 79.40%, Err 0 (0.0e+000)
124.827 .... 372 packets received, 6157 bps, 76.96%, Err 0 (0.0e+000)
128.987 .... 373 packets received, 5973 bps, 74.66%, Err 0 (0.0e+000)
133.031 .... 374 packets received, 5805 bps, 72.57%, Err 0 (0.0e+000)
137.082 .... 375 packets received, 5647 bps, 70.59%, Err 0 (0.0e+000)
141.186 .... 376 packets received, 5497 bps, 68.71%, Err 0 (0.0e+000)
145.368 .... 377 packets received, 5351 bps, 66.89%, Err 0 (0.0e+000)
149.402 .... 378 packets received, 5220 bps, 65.25%, Err 0 (0.0e+000)
153.456 .... 379 packets received, 5094 bps, 63.68%, Err 0 (0.0e+000)
157.516 .... 380 packets received, 4975 bps, 62.19%, Err 0 (0.0e+000)
161.579 .... 381 packets received, 4862 bps, 60.77%, Err 0 (0.0e+000)
165.733 .... 382 packets received, 4752 bps, 59.40%, Err 0 (0.0e+000)
169.855 .... 383 packets received, 4648 bps, 58.10%, Err 0 (0.0e+000)
173.903 .... 384 packets received, 4551 bps, 56.88%, Err 0 (0.0e+000)
178.007 .... 385 packets received, 4457 bps, 55.71%, Err 0 (0.0e+000)
182.085 .... 386 packets received, 4368 bps, 54.60%, Err 0 (0.0e+000)
186.146 .... 387 packets received, 4283 bps, 53.54%, Err 0 (0.0e+000)
190.265 .... 388 packets received, 4200 bps, 52.51%, Err 0 (0.0e+000)
194.398 .... 389 packets received, 4121 bps, 51.52%, Err 0 (0.0e+000)
198.554 .... 390 packets received, 4045 bps, 50.56%, Err 0 (0.0e+000)
200.800 .... 392 packets received, 4020 bps, 50.25%, Err 0 (0.0e+000)
202.970 .... 400 packets received, 4058 bps, 50.72%, Err 0 (0.0e+000)
205.140 .... 408 packets received, 4095 bps, 51.19%, Err 0 (0.0e+000)
207.312 .... 416 packets received, 4131 bps, 51.64%, Err 0 (0.0e+000)
209.483 .... 424 packets received, 4167 bps, 52.09%, Err 0 (0.0e+000)
211.639 .... 432 packets received, 4202 bps, 52.53%, Err 0 (0.0e+000)
213.819 .... 440 packets received, 4236 bps, 52.95%, Err 0 (0.0e+000)
215.975 .... 448 packets received, 4270 bps, 53.37%, Err 0 (0.0e+000)
218.158 .... 456 packets received, 4302 bps, 53.78%, Err 0 (0.0e+000)
220.323 .... 464 packets received, 4335 bps, 54.18%, Err 0 (0.0e+000)
222.483 .... 472 packets received, 4366 bps, 54.58%, Err 0 (0.0e+000)
224.659 .... 480 packets received, 4397 bps, 54.96%, Err 0 (0.0e+000)
226.829 .... 488 packets received, 4427 bps, 55.34%, Err 0 (0.0e+000)
228.972 .... 496 packets received, 4458 bps, 55.72%, Err 0 (0.0e+000)
231.157 .... 504 packets received, 4487 bps, 56.08%, Err 0 (0.0e+000)
233.311 .... 512 packets received, 4515 bps, 56.44%, Err 0 (0.0e+000)
235.480 .... 520 packets received, 4544 bps, 56.79%, Err 0 (0.0e+000)
237.656 .... 528 packets received, 4571 bps, 57.14%, Err 0 (0.0e+000)
239.816 .... 536 packets received, 4598 bps, 57.48%, Err 0 (0.0e+000)
242.000 .... 544 packets received, 4625 bps, 57.81%, Err 0 (0.0e+000)
244.170 .... 552 packets received, 4651 bps, 58.13%, Err 0 (0.0e+000)
246.344 .... 560 packets received, 4676 bps, 58.45%, Err 0 (0.0e+000)
248.500 .... 568 packets received, 4702 bps, 58.77%, Err 0 (0.0e+000)
250.657 .... 576 packets received, 4727 bps, 59.08%, Err 0 (0.0e+000)
252.839 .... 584 packets received, 4751 bps, 59.39%, Err 0 (0.0e+000)
254.992 .... 592 packets received, 4775 bps, 59.69%, Err 0 (0.0e+000)
257.181 .... 600 packets received, 4798 bps, 59.98%, Err 0 (0.0e+000)
259.350 .... 608 packets received, 4821 bps, 60.27%, Err 0 (0.0e+000)
261.505 .... 616 packets received, 4844 bps, 60.56%, Err 0 (0.0e+000)
263.673 .... 624 packets received, 4867 bps, 60.84%, Err 0 (0.0e+000)
265.844 .... 632 packets received, 4889 bps, 61.11%, Err 0 (0.0e+000)
268.000 .... 640 packets received, 4911 bps, 61.38%, Err 0 (0.0e+000)
270.188 .... 648 packets received, 4932 bps, 61.65%, Err 0 (0.0e+000)
272.345 .... 656 packets received, 4953 bps, 61.91%, Err 0 (0.0e+000)
274.514 .... 664 packets received, 4974 bps, 62.17%, Err 0 (0.0e+000)
276.677 .... 672 packets received, 4994 bps, 62.42%, Err 0 (0.0e+000)
278.845 .... 680 packets received, 5014 bps, 62.67%, Err 0 (0.0e+000)
281.030 .... 688 packets received, 5033 bps, 62.92%, Err 0 (0.0e+000)
283.186 .... 696 packets received, 5053 bps, 63.16%, Err 0 (0.0e+000)
285.356 .... 704 packets received, 5072 bps, 63.40%, Err 0 (0.0e+000)
287.520 .... 712 packets received, 5091 bps, 63.64%, Err 0 (0.0e+000)
289.674 .... 720 packets received, 5110 bps, 63.87%, Err 0 (0.0e+000)
291.860 .... 728 packets received, 5128 bps, 64.09%, Err 0 (0.0e+000)
294.034 .... 736 packets received, 5145 bps, 64.32%, Err 0 (0.0e+000)
296.208 .... 744 packets received, 5163 bps, 64.54%, Err 0 (0.0e+000)
298.351 .... 752 packets received, 5181 bps, 64.76%, Err 0 (0.0e+000)
300.537 .... 760 packets received, 5198 bps, 64.97%, Err 0 (0.0e+000)
304.616 .... 761 packets received, 5135 bps, 64.18%, Err 0 (0.0e+000)
308.666 .... 762 packets received, 5074 bps, 63.42%, Err 0 (0.0e+000)
312.695 .... 763 packets received, 5015 bps, 62.68%, Err 0 (0.0e+000)
316.793 .... 764 packets received, 4956 bps, 61.95%, Err 0 (0.0e+000)
320.880 .... 765 packets received, 4899 bps, 61.24%, Err 0 (0.0e+000)
325.062 .... 766 packets received, 4842 bps, 60.53%, Err 0 (0.0e+000)
329.066 .... 767 packets received, 4789 bps, 59.87%, Err 0 (0.0e+000)
333.184 .... 768 packets received, 4736 bps, 59.20%, Err 0 (0.0e+000)
337.266 .... 769 packets received, 4685 bps, 58.56%, Err 0 (0.0e+000)
341.296 .... 770 packets received, 4635 bps, 57.94%, Err 0 (0.0e+000)
345.418 .... 771 packets received, 4586 bps, 57.32%, Err 0 (0.0e+000)
349.512 .... 772 packets received, 4538 bps, 56.72%, Err 0 (0.0e+000)
353.636 .... 773 packets received, 4491 bps, 56.13%, Err 0 (0.0e+000)
357.642 .... 774 packets received, 4446 bps, 55.57%, Err 0 (0.0e+000)
361.721 .... 775 packets received, 4401 bps, 55.01%, Err 0 (0.0e+000)
365.807 .... 776 packets received, 4357 bps, 54.47%, Err 0 (0.0e+000)
369.878 .... 777 packets received, 4315 bps, 53.94%, Err 0 (0.0e+000)
373.936 .... 778 packets received, 4273 bps, 53.42%, Err 0 (0.0e+000)
378.019 .... 779 packets received, 4233 bps, 52.91%, Err 0 (0.0e+000)
382.182 .... 780 packets received, 4192 bps, 52.40%, Err 0 (0.0e+000)
386.203 .... 781 packets received, 4153 bps, 51.92%, Err 0 (0.0e+000)
390.329 .... 782 packets received, 4115 bps, 51.43%, Err 0 (0.0e+000)
394.398 .... 783 packets received, 4077 bps, 50.96%, Err 0 (0.0e+000)
398.428 .... 784 packets received, 4041 bps, 50.51%, Err 0 (0.0e+000)
400.536 .... 785 packets received, 4025 bps, 50.31%, Err 0 (0.0e+000)
402.694 .... 793 packets received, 4044 bps, 50.55%, Err 0 (0.0e+000)
404.869 .... 801 packets received, 4063 bps, 50.78%, Err 0 (0.0e+000)
407.042 .... 809 packets received, 4081 bps, 51.02%, Err 0 (0.0e+000)
409.197 .... 817 packets received, 4100 bps, 51.25%, Err 0 (0.0e+000)
411.370 .... 825 packets received, 4118 bps, 51.48%, Err 0 (0.0e+000)
413.567 .... 833 packets received, 4136 bps, 51.70%, Err 0 (0.0e+000)
415.723 .... 841 packets received, 4154 bps, 51.92%, Err 0 (0.0e+000)
417.876 .... 849 packets received, 4172 bps, 52.15%, Err 0 (0.0e+000)
420.046 .... 857 packets received, 4189 bps, 52.37%, Err 0 (0.0e+000)
422.203 .... 865 packets received, 4207 bps, 52.58%, Err 0 (0.0e+000)
424.392 .... 873 packets received, 4224 bps, 52.80%, Err 0 (0.0e+000)
426.554 .... 881 packets received, 4241 bps, 53.01%, Err 0 (0.0e+000)
428.726 .... 889 packets received, 4258 bps, 53.22%, Err 0 (0.0e+000)
430.886 .... 897 packets received, 4274 bps, 53.43%, Err 0 (0.0e+000)
433.054 .... 905 packets received, 4291 bps, 53.63%, Err 0 (0.0e+000)
435.224 .... 913 packets received, 4307 bps, 53.84%, Err 0 (0.0e+000)
437.391 .... 921 packets received, 4323 bps, 54.04%, Err 0 (0.0e+000)
439.567 .... 929 packets received, 4339 bps, 54.24%, Err 0 (0.0e+000)
441.736 .... 937 packets received, 4355 bps, 54.44%, Err 0 (0.0e+000)
443.910 .... 945 packets received, 4371 bps, 54.63%, Err 0 (0.0e+000)
446.068 .... 953 packets received, 4386 bps, 54.83%, Err 0 (0.0e+000)
448.226 .... 961 packets received, 4402 bps, 55.02%, Err 0 (0.0e+000)
450.399 .... 969 packets received, 4417 bps, 55.21%, Err 0 (0.0e+000)
452.570 .... 977 packets received, 4432 bps, 55.40%, Err 0 (0.0e+000)
454.740 .... 985 packets received, 4447 bps, 55.58%, Err 0 (0.0e+000)
456.911 .... 993 packets received, 4462 bps, 55.77%, Err 0 (0.0e+000)
459.072 .... 1001 packets received, 4476 bps, 55.95%, Err 0 (0.0e+000)
461.245 .... 1009 packets received, 4491 bps, 56.13%, Err 0 (0.0e+000)
463.404 .... 1017 packets received, 4505 bps, 56.32%, Err 0 (0.0e+000)
465.563 .... 1025 packets received, 4520 bps, 56.49%, Err 0 (0.0e+000)
467.736 .... 1033 packets received, 4534 bps, 56.67%, Err 0 (0.0e+000)
469.918 .... 1041 packets received, 4547 bps, 56.84%, Err 0 (0.0e+000)
472.076 .... 1049 packets received, 4561 bps, 57.02%, Err 0 (0.0e+000)
474.247 .... 1057 packets received, 4575 bps, 57.19%, Err 0 (0.0e+000)
476.401 .... 1065 packets received, 4589 bps, 57.36%, Err 0 (0.0e+000)
478.587 .... 1073 packets received, 4602 bps, 57.53%, Err 0 (0.0e+000)
480.745 .... 1081 packets received, 4616 bps, 57.69%, Err 0 (0.0e+000)
482.930 .... 1089 packets received, 4629 bps, 57.86%, Err 0 (0.0e+000)
485.099 .... 1097 packets received, 4642 bps, 58.02%, Err 0 (0.0e+000)
487.255 .... 1105 packets received, 4655 bps, 58.19%, Err 0 (0.0e+000)
489.430 .... 1113 packets received, 4668 bps, 58.35%, Err 0 (0.0e+000)
491.596 .... 1121 packets received, 4680 bps, 58.51%, Err 0 (0.0e+000)
493.769 .... 1129 packets received, 4693 bps, 58.66%, Err 0 (0.0e+000)
495.912 .... 1137 packets received, 4706 bps, 58.82%, Err 0 (0.0e+000)
498.086 .... 1145 packets received, 4718 bps, 58.98%, Err 0 (0.0e+000)
500.267 .... 1153 packets received, 4730 bps, 59.13%, Err 0 (0.0e+000)
504.588 .... 1155 packets received, 4698 bps, 58.73%, Err 0 (0.0e+000)
508.696 .... 1156 packets received, 4664 bps, 58.30%, Err 0 (0.0e+000)
512.797 .... 1157 packets received, 4631 bps, 57.88%, Err 0 (0.0e+000)
516.841 .... 1158 packets received, 4598 bps, 57.48%, Err 0 (0.0e+000)
520.995 .... 1159 packets received, 4566 bps, 57.07%, Err 0 (0.0e+000)
525.054 .... 1160 packets received, 4534 bps, 56.68%, Err 0 (0.0e+000)
529.059 .... 1161 packets received, 4504 bps, 56.29%, Err 0 (0.0e+000)
533.201 .... 1162 packets received, 4472 bps, 55.90%, Err 0 (0.0e+000)
537.207 .... 1163 packets received, 4443 bps, 55.53%, Err 0 (0.0e+000)
541.333 .... 1164 packets received, 4413 bps, 55.16%, Err 0 (0.0e+000)
545.565 .... 1165 packets received, 4382 bps, 54.78%, Err 0 (0.0e+000)
549.602 .... 1166 packets received, 4354 bps, 54.42%, Err 0 (0.0e+000)
553.714 .... 1167 packets received, 4325 bps, 54.06%, Err 0 (0.0e+000)
557.809 .... 1168 packets received, 4297 bps, 53.71%, Err 0 (0.0e+000)
561.922 .... 1169 packets received, 4269 bps, 53.36%, Err 0 (0.0e+000)
565.999 .... 1170 packets received, 4242 bps, 53.02%, Err 0 (0.0e+000)
570.114 .... 1171 packets received, 4215 bps, 52.68%, Err 0 (0.0e+000)
574.193 .... 1172 packets received, 4188 bps, 52.35%, Err 0 (0.0e+000)
578.305 .... 1173 packets received, 4162 bps, 52.02%, Err 0 (0.0e+000)
582.462 .... 1174 packets received, 4136 bps, 51.70%, Err 0 (0.0e+000)
586.550 .... 1175 packets received, 4110 bps, 51.38%, Err 0 (0.0e+000)
590.684 .... 1176 packets received, 4085 bps, 51.06%, Err 0 (0.0e+000)
594.748 .... 1177 packets received, 4060 bps, 50.76%, Err 0 (0.0e+000)
598.913 .... 1178 packets received, 4036 bps, 50.44%, Err 0 (0.0e+000)
601.070 .... 1181 packets received, 4031 bps, 50.39%, Err 0 (0.0e+000)
603.195 .... 1189 packets received, 4044 bps, 50.55%, Err 0 (0.0e+000)
605.349 .... 1197 packets received, 4057 bps, 50.71%, Err 0 (0.0e+000)
607.520 .... 1205 packets received, 4069 bps, 50.87%, Err 0 (0.0e+000)
609.694 .... 1213 packets received, 4082 bps, 51.02%, Err 0 (0.0e+000)
611.852 .... 1221 packets received, 4094 bps, 51.18%, Err 0 (0.0e+000)
614.009 .... 1229 packets received, 4107 bps, 51.33%, Err 0 (0.0e+000)
616.178 .... 1237 packets received, 4119 bps, 51.48%, Err 0 (0.0e+000)
618.354 .... 1245 packets received, 4131 bps, 51.63%, Err 0 (0.0e+000)
620.529 .... 1253 packets received, 4143 bps, 51.78%, Err 0 (0.0e+000)
622.690 .... 1261 packets received, 4155 bps, 51.93%, Err 0 (0.0e+000)
624.858 .... 1269 packets received, 4166 bps, 52.08%, Err 0 (0.0e+000)
627.024 .... 1277 packets received, 4178 bps, 52.23%, Err 0 (0.0e+000)
629.198 .... 1285 packets received, 4190 bps, 52.37%, Err 0 (0.0e+000)
631.367 .... 1293 packets received, 4201 bps, 52.52%, Err 0 (0.0e+000)
633.522 .... 1301 packets received, 4213 bps, 52.66%, Err 0 (0.0e+000)
635.697 .... 1309 packets received, 4224 bps, 52.81%, Err 0 (0.0e+000)
637.854 .... 1317 packets received, 4236 bps, 52.95%, Err 0 (0.0e+000)
640.030 .... 1325 packets received, 4247 bps, 53.09%, Err 0 (0.0e+000)
642.215 .... 1333 packets received, 4258 bps, 53.23%, Err 0 (0.0e+000)
644.374 .... 1341 packets received, 4269 bps, 53.37%, Err 0 (0.0e+000)
646.527 .... 1349 packets received, 4280 bps, 53.51%, Err 0 (0.0e+000)
648.699 .... 1357 packets received, 4291 bps, 53.64%, Err 0 (0.0e+000)
650.870 .... 1365 packets received, 4302 bps, 53.78%, Err 0 (0.0e+000)
653.056 .... 1373 packets received, 4313 bps, 53.91%, Err 0 (0.0e+000)
655.212 .... 1381 packets received, 4324 bps, 54.05%, Err 0 (0.0e+000)
657.368 .... 1389 packets received, 4335 bps, 54.18%, Err 0 (0.0e+000)
659.537 .... 1397 packets received, 4345 bps, 54.31%, Err 0 (0.0e+000)
661.719 .... 1405 packets received, 4356 bps, 54.45%, Err 0 (0.0e+000)
663.879 .... 1413 packets received, 4366 bps, 54.58%, Err 0 (0.0e+000)
666.049 .... 1421 packets received, 4377 bps, 54.71%, Err 0 (0.0e+000)
668.234 .... 1429 packets received, 4387 bps, 54.83%, Err 0 (0.0e+000)
670.375 .... 1437 packets received, 4397 bps, 54.97%, Err 0 (0.0e+000)
672.561 .... 1445 packets received, 4407 bps, 55.09%, Err 0 (0.0e+000)
674.717 .... 1453 packets received, 4418 bps, 55.22%, Err 0 (0.0e+000)
676.905 .... 1461 packets received, 4427 bps, 55.34%, Err 0 (0.0e+000)
679.059 .... 1469 packets received, 4438 bps, 55.47%, Err 0 (0.0e+000)
681.227 .... 1477 packets received, 4447 bps, 55.59%, Err 0 (0.0e+000)
683.405 .... 1485 packets received, 4457 bps, 55.72%, Err 0 (0.0e+000)
685.577 .... 1493 packets received, 4467 bps, 55.84%, Err 0 (0.0e+000)
687.734 .... 1501 packets received, 4477 bps, 55.96%, Err 0 (0.0e+000)
689.890 .... 1509 packets received, 4487 bps, 56.08%, Err 0 (0.0e+000)
692.080 .... 1517 packets received, 4496 bps, 56.20%, Err 0 (0.0e+000)
694.239 .... 1525 packets received, 4506 bps, 56.32%, Err 0 (0.0e+000)
696.401 .... 1533 packets received, 4515 bps, 56.44%, Err 0 (0.0e+000)
698.585 .... 1541 packets received, 4525 bps, 56.56%, Err 0 (0.0e+000)
704.454 .... 1549 packets received, 4510 bps, 56.38%, Err 0 (0.0e+000)
708.552 .... 1550 packets received, 4487 bps, 56.09%, Err 0 (0.0e+000)
712.679 .... 1551 packets received, 4464 bps, 55.80%, Err 0 (0.0e+000)
716.805 .... 1552 packets received, 4441 bps, 55.51%, Err 0 (0.0e+000)
720.879 .... 1553 packets received, 4419 bps, 55.23%, Err 0 (0.0e+000)
725.014 .... 1554 packets received, 4396 bps, 54.95%, Err 0 (0.0e+000)
729.090 .... 1555 packets received, 4375 bps, 54.68%, Err 0 (0.0e+000)
733.157 .... 1556 packets received, 4353 bps, 54.41%, Err 0 (0.0e+000)
737.284 .... 1557 packets received, 4331 bps, 54.14%, Err 0 (0.0e+000)
741.394 .... 1558 packets received, 4310 bps, 53.88%, Err 0 (0.0e+000)
745.404 .... 1559 packets received, 4290 bps, 53.62%, Err 0 (0.0e+000)
749.421 .... 1560 packets received, 4269 bps, 53.37%, Err 0 (0.0e+000)
753.536 .... 1561 packets received, 4249 bps, 53.11%, Err 0 (0.0e+000)
757.620 .... 1562 packets received, 4228 bps, 52.86%, Err 0 (0.0e+000)
761.724 .... 1563 packets received, 4208 bps, 52.60%, Err 0 (0.0e+000)
765.781 .... 1564 packets received, 4189 bps, 52.36%, Err 0 (0.0e+000)
769.812 .... 1565 packets received, 4169 bps, 52.12%, Err 0 (0.0e+000)
773.942 .... 1566 packets received, 4150 bps, 51.87%, Err 0 (0.0e+000)
777.993 .... 1567 packets received, 4131 bps, 51.63%, Err 0 (0.0e+000)
782.097 .... 1568 packets received, 4112 bps, 51.40%, Err 0 (0.0e+000)
786.165 .... 1569 packets received, 4093 bps, 51.16%, Err 0 (0.0e+000)
790.416 .... 1570 packets received, 4074 bps, 50.92%, Err 0 (0.0e+000)
794.490 .... 1571 packets received, 4055 bps, 50.69%, Err 0 (0.0e+000)
798.520 .... 1572 packets received, 4037 bps, 50.47%, Err 0 (0.0e+000)
800.540 .... 1573 packets received, 4030 bps, 50.37%, Err 0 (0.0e+000)
802.652 .... 1581 packets received, 4039 bps, 50.49%, Err 0 (0.0e+000)
804.760 .... 1589 packets received, 4049 bps, 50.62%, Err 0 (0.0e+000)
806.885 .... 1597 packets received, 4059 bps, 50.74%, Err 0 (0.0e+000)
809.026 .... 1605 packets received, 4068 bps, 50.86%, Err 0 (0.0e+000)
811.181 .... 1613 packets received, 4078 bps, 50.97%, Err 0 (0.0e+000)
813.367 .... 1621 packets received, 4087 bps, 51.09%, Err 0 (0.0e+000)
815.528 .... 1629 packets received, 4096 bps, 51.20%, Err 0 (0.0e+000)
817.690 .... 1637 packets received, 4106 bps, 51.32%, Err 0 (0.0e+000)
819.867 .... 1645 packets received, 4115 bps, 51.43%, Err 0 (0.0e+000)
822.042 .... 1653 packets received, 4124 bps, 51.55%, Err 0 (0.0e+000)
824.200 .... 1661 packets received, 4133 bps, 51.66%, Err 0 (0.0e+000)
826.373 .... 1669 packets received, 4142 bps, 51.77%, Err 0 (0.0e+000)
828.532 .... 1677 packets received, 4151 bps, 51.88%, Err 0 (0.0e+000)
830.710 .... 1685 packets received, 4160 bps, 51.99%, Err 0 (0.0e+000)
832.869 .... 1693 packets received, 4168 bps, 52.11%, Err 0 (0.0e+000)
835.042 .... 1701 packets received, 4177 bps, 52.22%, Err 0 (0.0e+000)
837.211 .... 1709 packets received, 4186 bps, 52.33%, Err 0 (0.0e+000)
839.385 .... 1717 packets received, 4195 bps, 52.43%, Err 0 (0.0e+000)
841.545 .... 1725 packets received, 4203 bps, 52.54%, Err 0 (0.0e+000)
843.718 .... 1733 packets received, 4212 bps, 52.65%, Err 0 (0.0e+000)
845.890 .... 1741 packets received, 4221 bps, 52.76%, Err 0 (0.0e+000)
848.050 .... 1749 packets received, 4229 bps, 52.86%, Err 0 (0.0e+000)
850.208 .... 1757 packets received, 4238 bps, 52.97%, Err 0 (0.0e+000)
852.383 .... 1765 packets received, 4246 bps, 53.08%, Err 0 (0.0e+000)
854.554 .... 1773 packets received, 4255 bps, 53.18%, Err 0 (0.0e+000)
856.710 .... 1781 packets received, 4263 bps, 53.29%, Err 0 (0.0e+000)
858.883 .... 1789 packets received, 4271 bps, 53.39%, Err 0 (0.0e+000)
861.043 .... 1797 packets received, 4280 bps, 53.50%, Err 0 (0.0e+000)
863.214 .... 1805 packets received, 4288 bps, 53.60%, Err 0 (0.0e+000)
865.378 .... 1813 packets received, 4296 bps, 53.70%, Err 0 (0.0e+000)
867.556 .... 1821 packets received, 4304 bps, 53.80%, Err 0 (0.0e+000)
869.721 .... 1829 packets received, 4312 bps, 53.90%, Err 0 (0.0e+000)
871.894 .... 1837 packets received, 4320 bps, 54.00%, Err 0 (0.0e+000)
874.065 .... 1845 packets received, 4328 bps, 54.10%, Err 0 (0.0e+000)
876.239 .... 1853 packets received, 4336 bps, 54.20%, Err 0 (0.0e+000)
878.411 .... 1861 packets received, 4344 bps, 54.30%, Err 0 (0.0e+000)
880.556 .... 1869 packets received, 4352 bps, 54.40%, Err 0 (0.0e+000)
882.736 .... 1877 packets received, 4360 bps, 54.50%, Err 0 (0.0e+000)
884.899 .... 1885 packets received, 4368 bps, 54.60%, Err 0 (0.0e+000)
887.059 .... 1893 packets received, 4376 bps, 54.70%, Err 0 (0.0e+000)
889.233 .... 1901 packets received, 4384 bps, 54.79%, Err 0 (0.0e+000)
891.405 .... 1909 packets received, 4391 bps, 54.89%, Err 0 (0.0e+000)
893.582 .... 1917 packets received, 4399 bps, 54.99%, Err 0 (0.0e+000)
895.727 .... 1925 packets received, 4407 bps, 55.08%, Err 0 (0.0e+000)
897.912 .... 1933 packets received, 4414 bps, 55.18%, Err 0 (0.0e+000)
900.085 .... 1941 packets received, 4422 bps, 55.27%, Err 0 (0.0e+000)
904.505 .... 1943 packets received, 4405 bps, 55.06%, Err 0 (0.0e+000)
908.576 .... 1944 packets received, 4387 bps, 54.84%, Err 0 (0.0e+000)
912.751 .... 1945 packets received, 4369 bps, 54.62%, Err 0 (0.0e+000)
916.845 .... 1946 packets received, 4352 bps, 54.40%, Err 0 (0.0e+000)
921.035 .... 1947 packets received, 4334 bps, 54.18%, Err 0 (0.0e+000)
925.202 .... 1948 packets received, 4317 bps, 53.96%, Err 0 (0.0e+000)
929.270 .... 1949 packets received, 4300 bps, 53.76%, Err 0 (0.0e+000)
933.330 .... 1950 packets received, 4284 bps, 53.55%, Err 0 (0.0e+000)
937.470 .... 1951 packets received, 4267 bps, 53.34%, Err 0 (0.0e+000)
941.582 .... 1952 packets received, 4251 bps, 53.13%, Err 0 (0.0e+000)
945.629 .... 1953 packets received, 4235 bps, 52.93%, Err 0 (0.0e+000)
949.756 .... 1954 packets received, 4218 bps, 52.73%, Err 0 (0.0e+000)
953.836 .... 1955 packets received, 4202 bps, 52.53%, Err 0 (0.0e+000)
957.884 .... 1956 packets received, 4187 bps, 52.33%, Err 0 (0.0e+000)
962.025 .... 1957 packets received, 4171 bps, 52.14%, Err 0 (0.0e+000)
966.119 .... 1958 packets received, 4155 bps, 51.94%, Err 0 (0.0e+000)
970.232 .... 1959 packets received, 4140 bps, 51.75%, Err 0 (0.0e+000)
974.309 .... 1960 packets received, 4125 bps, 51.56%, Err 0 (0.0e+000)
978.421 .... 1961 packets received, 4109 bps, 51.37%, Err 0 (0.0e+000)
982.488 .... 1962 packets received, 4094 bps, 51.18%, Err 0 (0.0e+000)
986.551 .... 1963 packets received, 4080 bps, 50.99%, Err 0 (0.0e+000)
990.642 .... 1964 packets received, 4065 bps, 50.81%, Err 0 (0.0e+000)
994.779 .... 1965 packets received, 4050 bps, 50.62%, Err 0 (0.0e+000)
998.897 .... 1966 packets received, 4035 bps, 50.44%, Err 0 (0.0e+000)
1001.070 .... 1969 packets received, 4033 bps, 50.41%, Err 0 (0.0e+000)
1003.230 .... 1977 packets received, 4040 bps, 50.50%, Err 0 (0.0e+000)
1005.415 .... 1985 packets received, 4048 bps, 50.60%, Err 0 (0.0e+000)
1007.570 .... 1993 packets received, 4055 bps, 50.69%, Err 0 (0.0e+000)
1009.755 .... 2001 packets received, 4063 bps, 50.79%, Err 0 (0.0e+000)
1011.925 .... 2009 packets received, 4070 bps, 50.88%, Err 0 (0.0e+000)
1014.095 .... 2017 packets received, 4078 bps, 50.97%, Err 0 (0.0e+000)
1016.251 .... 2025 packets received, 4085 bps, 51.07%, Err 0 (0.0e+000)
1018.420 .... 2033 packets received, 4093 bps, 51.16%, Err 0 (0.0e+000)
1020.590 .... 2041 packets received, 4100 bps, 51.25%, Err 0 (0.0e+000)
1022.747 .... 2049 packets received, 4107 bps, 51.34%, Err 0 (0.0e+000)
1024.931 .... 2057 packets received, 4115 bps, 51.43%, Err 0 (0.0e+000)
1027.104 .... 2065 packets received, 4122 bps, 51.52%, Err 0 (0.0e+000)
1029.259 .... 2073 packets received, 4129 bps, 51.61%, Err 0 (0.0e+000)
1031.411 .... 2081 packets received, 4136 bps, 51.71%, Err 0 (0.0e+000)
1033.578 .... 2089 packets received, 4144 bps, 51.80%, Err 0 (0.0e+000)
1035.766 .... 2097 packets received, 4151 bps, 51.88%, Err 0 (0.0e+000)
1037.919 .... 2105 packets received, 4158 bps, 51.97%, Err 0 (0.0e+000)
1040.103 .... 2113 packets received, 4165 bps, 52.06%, Err 0 (0.0e+000)
1042.258 .... 2121 packets received, 4172 bps, 52.15%, Err 0 (0.0e+000)
1044.424 .... 2129 packets received, 4179 bps, 52.24%, Err 0 (0.0e+000)
1046.613 .... 2137 packets received, 4186 bps, 52.33%, Err 0 (0.0e+000)
1048.759 .... 2145 packets received, 4193 bps, 52.41%, Err 0 (0.0e+000)
1050.948 .... 2153 packets received, 4200 bps, 52.50%, Err 0 (0.0e+000)
1053.118 .... 2161 packets received, 4207 bps, 52.59%, Err 0 (0.0e+000)
1055.276 .... 2169 packets received, 4214 bps, 52.67%, Err 0 (0.0e+000)
1057.446 .... 2177 packets received, 4221 bps, 52.76%, Err 0 (0.0e+000)
1059.615 .... 2185 packets received, 4227 bps, 52.84%, Err 0 (0.0e+000)
1061.770 .... 2193 packets received, 4234 bps, 52.93%, Err 0 (0.0e+000)
1063.944 .... 2201 packets received, 4241 bps, 53.01%, Err 0 (0.0e+000)
1066.114 .... 2209 packets received, 4248 bps, 53.10%, Err 0 (0.0e+000)
1068.296 .... 2217 packets received, 4254 bps, 53.18%, Err 0 (0.0e+000)
1070.439 .... 2225 packets received, 4261 bps, 53.27%, Err 0 (0.0e+000)
1072.605 .... 2233 packets received, 4268 bps, 53.35%, Err 0 (0.0e+000)
1074.786 .... 2241 packets received, 4275 bps, 53.43%, Err 0 (0.0e+000)
1076.940 .... 2249 packets received, 4281 bps, 53.52%, Err 0 (0.0e+000)
1079.127 .... 2257 packets received, 4288 bps, 53.60%, Err 0 (0.0e+000)
1081.296 .... 2265 packets received, 4294 bps, 53.68%, Err 0 (0.0e+000)
1083.452 .... 2273 packets received, 4301 bps, 53.76%, Err 0 (0.0e+000)
1085.625 .... 2281 packets received, 4307 bps, 53.84%, Err 0 (0.0e+000)
1087.780 .... 2289 packets received, 4314 bps, 53.92%, Err 0 (0.0e+000)
1089.965 .... 2297 packets received, 4320 bps, 54.00%, Err 0 (0.0e+000)
1092.134 .... 2305 packets received, 4327 bps, 54.08%, Err 0 (0.0e+000)
1094.304 .... 2313 packets received, 4333 bps, 54.16%, Err 0 (0.0e+000)
1096.473 .... 2321 packets received, 4339 bps, 54.24%, Err 0 (0.0e+000)
1098.631 .... 2329 packets received, 4346 bps, 54.32%, Err 0 (0.0e+000)
1104.561 .... 2337 packets received, 4337 bps, 54.22%, Err 0 (0.0e+000)
1108.654 .... 2338 packets received, 4323 bps, 54.04%, Err 0 (0.0e+000)
1112.684 .... 2339 packets received, 4309 bps, 53.87%, Err 0 (0.0e+000)
1116.797 .... 2340 packets received, 4295 bps, 53.69%, Err 0 (0.0e+000)
1120.879 .... 2341 packets received, 4281 bps, 53.52%, Err 0 (0.0e+000)
1124.968 .... 2342 packets received, 4268 bps, 53.35%, Err 0 (0.0e+000)
1129.062 .... 2343 packets received, 4254 bps, 53.18%, Err 0 (0.0e+000)
1133.245 .... 2344 packets received, 4240 bps, 53.00%, Err 0 (0.0e+000)
1137.331 .... 2345 packets received, 4227 bps, 52.83%, Err 0 (0.0e+000)
1141.354 .... 2346 packets received, 4214 bps, 52.67%, Err 0 (0.0e+000)
1145.494 .... 2347 packets received, 4200 bps, 52.50%, Err 0 (0.0e+000)
1149.570 .... 2348 packets received, 4187 bps, 52.34%, Err 0 (0.0e+000)
1153.703 .... 2349 packets received, 4174 bps, 52.17%, Err 0 (0.0e+000)
1157.798 .... 2350 packets received, 4161 bps, 52.01%, Err 0 (0.0e+000)
1161.944 .... 2351 packets received, 4148 bps, 51.85%, Err 0 (0.0e+000)
1165.977 .... 2352 packets received, 4135 bps, 51.69%, Err 0 (0.0e+000)
1170.088 .... 2353 packets received, 4122 bps, 51.53%, Err 0 (0.0e+000)
1174.175 .... 2354 packets received, 4110 bps, 51.37%, Err 0 (0.0e+000)
1178.287 .... 2355 packets received, 4097 bps, 51.21%, Err 0 (0.0e+000)
1182.484 .... 2356 packets received, 4084 bps, 51.05%, Err 0 (0.0e+000)
1186.545 .... 2357 packets received, 4072 bps, 50.90%, Err 0 (0.0e+000)
1190.752 .... 2358 packets received, 4059 bps, 50.74%, Err 0 (0.0e+000)
1194.883 .... 2359 packets received, 4047 bps, 50.59%, Err 0 (0.0e+000)
1198.949 .... 2360 packets received, 4035 bps, 50.44%, Err 0 (0.0e+000)
1201.074 .... 2363 packets received, 4033 bps, 50.41%, Err 0 (0.0e+000)
1203.170 .... 2371 packets received, 4040 bps, 50.49%, Err 0 (0.0e+000)
1205.310 .... 2379 packets received, 4046 bps, 50.57%, Err 0 (0.0e+000)
1207.478 .... 2387 packets received, 4052 bps, 50.65%, Err 0 (0.0e+000)
1209.650 .... 2395 packets received, 4059 bps, 50.73%, Err 0 (0.0e+000)
1211.824 .... 2403 packets received, 4065 bps, 50.81%, Err 0 (0.0e+000)
1213.993 .... 2411 packets received, 4071 bps, 50.89%, Err 0 (0.0e+000)
1216.166 .... 2419 packets received, 4077 bps, 50.97%, Err 0 (0.0e+000)
1218.334 .... 2427 packets received, 4083 bps, 51.04%, Err 0 (0.0e+000)
1220.490 .... 2435 packets received, 4090 bps, 51.12%, Err 0 (0.0e+000)
1222.666 .... 2443 packets received, 4096 bps, 51.20%, Err 0 (0.0e+000)
1224.835 .... 2451 packets received, 4102 bps, 51.27%, Err 0 (0.0e+000)
1227.005 .... 2459 packets received, 4108 bps, 51.35%, Err 0 (0.0e+000)
1229.176 .... 2467 packets received, 4114 bps, 51.43%, Err 0 (0.0e+000)
1231.331 .... 2475 packets received, 4120 bps, 51.50%, Err 0 (0.0e+000)
1233.509 .... 2483 packets received, 4126 bps, 51.58%, Err 0 (0.0e+000)
1235.664 .... 2491 packets received, 4132 bps, 51.65%, Err 0 (0.0e+000)
1237.835 .... 2499 packets received, 4138 bps, 51.73%, Err 0 (0.0e+000)
1240.006 .... 2507 packets received, 4144 bps, 51.80%, Err 0 (0.0e+000)
1242.164 .... 2515 packets received, 4150 bps, 51.88%, Err 0 (0.0e+000)
1244.351 .... 2523 packets received, 4156 bps, 51.95%, Err 0 (0.0e+000)
1246.507 .... 2531 packets received, 4162 bps, 52.03%, Err 0 (0.0e+000)
1248.678 .... 2539 packets received, 4168 bps, 52.10%, Err 0 (0.0e+000)
1250.831 .... 2547 packets received, 4174 bps, 52.17%, Err 0 (0.0e+000)
1253.014 .... 2555 packets received, 4180 bps, 52.25%, Err 0 (0.0e+000)
1255.173 .... 2563 packets received, 4186 bps, 52.32%, Err 0 (0.0e+000)
1257.359 .... 2571 packets received, 4191 bps, 52.39%, Err 0 (0.0e+000)
1259.528 .... 2579 packets received, 4197 bps, 52.46%, Err 0 (0.0e+000)
1261.684 .... 2587 packets received, 4203 bps, 52.54%, Err 0 (0.0e+000)
1263.836 .... 2595 packets received, 4209 bps, 52.61%, Err 0 (0.0e+000)
1266.024 .... 2603 packets received, 4214 bps, 52.68%, Err 0 (0.0e+000)
1268.181 .... 2611 packets received, 4220 bps, 52.75%, Err 0 (0.0e+000)
1270.366 .... 2619 packets received, 4226 bps, 52.82%, Err 0 (0.0e+000)
1272.522 .... 2627 packets received, 4232 bps, 52.89%, Err 0 (0.0e+000)
1274.695 .... 2635 packets received, 4237 bps, 52.96%, Err 0 (0.0e+000)
1276.865 .... 2643 packets received, 4243 bps, 53.04%, Err 0 (0.0e+000)
1279.036 .... 2651 packets received, 4248 bps, 53.11%, Err 0 (0.0e+000)
1281.203 .... 2659 packets received, 4254 bps, 53.18%, Err 0 (0.0e+000)
1283.373 .... 2667 packets received, 4260 bps, 53.25%, Err 0 (0.0e+000)
1285.529 .... 2675 packets received, 4265 bps, 53.32%, Err 0 (0.0e+000)
1287.699 .... 2683 packets received, 4271 bps, 53.38%, Err 0 (0.0e+000)
1289.865 .... 2691 packets received, 4276 bps, 53.45%, Err 0 (0.0e+000)
1292.048 .... 2699 packets received, 4282 bps, 53.52%, Err 0 (0.0e+000)
1294.207 .... 2707 packets received, 4287 bps, 53.59%, Err 0 (0.0e+000)
1296.376 .... 2715 packets received, 4293 bps, 53.66%, Err 0 (0.0e+000)
1298.530 .... 2723 packets received, 4298 bps, 53.73%, Err 0 (0.0e+000)
1304.443 .... 2731 packets received, 4291 bps, 53.64%, Err 0 (0.0e+000)
1308.554 .... 2732 packets received, 4279 bps, 53.49%, Err 0 (0.0e+000)
1312.663 .... 2733 packets received, 4268 bps, 53.34%, Err 0 (0.0e+000)
1316.679 .... 2734 packets received, 4256 bps, 53.20%, Err 0 (0.0e+000)
1320.730 .... 2735 packets received, 4245 bps, 53.06%, Err 0 (0.0e+000)
1324.821 .... 2736 packets received, 4233 bps, 52.91%, Err 0 (0.0e+000)
1328.947 .... 2737 packets received, 4221 bps, 52.77%, Err 0 (0.0e+000)
1332.995 .... 2738 packets received, 4210 bps, 52.63%, Err 0 (0.0e+000)
1337.060 .... 2739 packets received, 4199 bps, 52.49%, Err 0 (0.0e+000)
1341.139 .... 2740 packets received, 4188 bps, 52.34%, Err 0 (0.0e+000)
1345.154 .... 2741 packets received, 4177 bps, 52.21%, Err 0 (0.0e+000)
1349.219 .... 2742 packets received, 4165 bps, 52.07%, Err 0 (0.0e+000)
1353.303 .... 2743 packets received, 4154 bps, 51.93%, Err 0 (0.0e+000)
1357.462 .... 2744 packets received, 4143 bps, 51.79%, Err 0 (0.0e+000)
1361.647 .... 2745 packets received, 4132 bps, 51.65%, Err 0 (0.0e+000)
1365.754 .... 2746 packets received, 4121 bps, 51.51%, Err 0 (0.0e+000)
1369.909 .... 2747 packets received, 4110 bps, 51.38%, Err 0 (0.0e+000)
1373.997 .... 2748 packets received, 4099 bps, 51.24%, Err 0 (0.0e+000)
1378.141 .... 2749 packets received, 4088 bps, 51.11%, Err 0 (0.0e+000)
1382.249 .... 2750 packets received, 4078 bps, 50.97%, Err 0 (0.0e+000)
1386.374 .... 2751 packets received, 4067 bps, 50.84%, Err 0 (0.0e+000)
1390.512 .... 2752 packets received, 4056 bps, 50.71%, Err 0 (0.0e+000)
1394.637 .... 2753 packets received, 4046 bps, 50.57%, Err 0 (0.0e+000)
1398.690 .... 2754 packets received, 4036 bps, 50.45%, Err 0 (0.0e+000)
1400.804 .... 2756 packets received, 4032 bps, 50.41%, Err 0 (0.0e+000)
1402.975 .... 2764 packets received, 4038 bps, 50.47%, Err 0 (0.0e+000)
1405.147 .... 2772 packets received, 4043 bps, 50.54%, Err 0 (0.0e+000)
1407.300 .... 2780 packets received, 4049 bps, 50.61%, Err 0 (0.0e+000)
1409.489 .... 2788 packets received, 4054 bps, 50.68%, Err 0 (0.0e+000)
1411.629 .... 2796 packets received, 4060 bps, 50.74%, Err 0 (0.0e+000)
1413.816 .... 2804 packets received, 4065 bps, 50.81%, Err 0 (0.0e+000)
1415.963 .... 2812 packets received, 4070 bps, 50.88%, Err 0 (0.0e+000)
1418.153 .... 2820 packets received, 4076 bps, 50.94%, Err 0 (0.0e+000)
1420.321 .... 2828 packets received, 4081 bps, 51.01%, Err 0 (0.0e+000)
1422.490 .... 2836 packets received, 4086 bps, 51.08%, Err 0 (0.0e+000)
1424.647 .... 2844 packets received, 4092 bps, 51.14%, Err 0 (0.0e+000)
1426.822 .... 2852 packets received, 4097 bps, 51.21%, Err 0 (0.0e+000)
1428.996 .... 2860 packets received, 4102 bps, 51.28%, Err 0 (0.0e+000)
1431.150 .... 2868 packets received, 4107 bps, 51.34%, Err 0 (0.0e+000)
1433.321 .... 2876 packets received, 4113 bps, 51.41%, Err 0 (0.0e+000)
1435.480 .... 2884 packets received, 4118 bps, 51.47%, Err 0 (0.0e+000)
1437.648 .... 2892 packets received, 4123 bps, 51.54%, Err 0 (0.0e+000)
1439.833 .... 2900 packets received, 4128 bps, 51.60%, Err 0 (0.0e+000)
1441.992 .... 2908 packets received, 4133 bps, 51.67%, Err 0 (0.0e+000)
1444.163 .... 2916 packets received, 4138 bps, 51.73%, Err 0 (0.0e+000)
1446.318 .... 2924 packets received, 4144 bps, 51.79%, Err 0 (0.0e+000)
1448.500 .... 2932 packets received, 4149 bps, 51.86%, Err 0 (0.0e+000)
1450.671 .... 2940 packets received, 4154 bps, 51.92%, Err 0 (0.0e+000)
1452.827 .... 2948 packets received, 4159 bps, 51.99%, Err 0 (0.0e+000)
1455.011 .... 2956 packets received, 4164 bps, 52.05%, Err 0 (0.0e+000)
1457.181 .... 2964 packets received, 4169 bps, 52.11%, Err 0 (0.0e+000)
1459.348 .... 2972 packets received, 4174 bps, 52.17%, Err 0 (0.0e+000)
1461.500 .... 2980 packets received, 4179 bps, 52.24%, Err 0 (0.0e+000)
1463.685 .... 2988 packets received, 4184 bps, 52.30%, Err 0 (0.0e+000)
1465.854 .... 2996 packets received, 4189 bps, 52.36%, Err 0 (0.0e+000)
1467.994 .... 3004 packets received, 4194 bps, 52.43%, Err 0 (0.0e+000)
1470.175 .... 3012 packets received, 4199 bps, 52.49%, Err 0 (0.0e+000)
1472.343 .... 3020 packets received, 4204 bps, 52.55%, Err 0 (0.0e+000)
1474.511 .... 3028 packets received, 4209 bps, 52.61%, Err 0 (0.0e+000)
1476.685 .... 3036 packets received, 4214 bps, 52.67%, Err 0 (0.0e+000)
1478.867 .... 3044 packets received, 4219 bps, 52.73%, Err 0 (0.0e+000)
1481.023 .... 3052 packets received, 4224 bps, 52.79%, Err 0 (0.0e+000)
1483.183 .... 3060 packets received, 4228 bps, 52.86%, Err 0 (0.0e+000)
1485.355 .... 3068 packets received, 4233 bps, 52.92%, Err 0 (0.0e+000)
1487.532 .... 3076 packets received, 4238 bps, 52.98%, Err 0 (0.0e+000)
1489.699 .... 3084 packets received, 4243 bps, 53.04%, Err 0 (0.0e+000)
1491.854 .... 3092 packets received, 4248 bps, 53.10%, Err 0 (0.0e+000)
1494.020 .... 3100 packets received, 4253 bps, 53.16%, Err 0 (0.0e+000)
1496.189 .... 3108 packets received, 4257 bps, 53.22%, Err 0 (0.0e+000)
1498.373 .... 3116 packets received, 4262 bps, 53.28%, Err 0 (0.0e+000)
1500.532 .... 3124 packets received, 4267 bps, 53.34%, Err 0 (0.0e+000)
1504.568 .... 3125 packets received, 4257 bps, 53.21%, Err 0 (0.0e+000)
1508.711 .... 3126 packets received, 4246 bps, 53.08%, Err 0 (0.0e+000)
1512.869 .... 3127 packets received, 4236 bps, 52.95%, Err 0 (0.0e+000)
1516.997 .... 3128 packets received, 4226 bps, 52.82%, Err 0 (0.0e+000)
1521.169 .... 3129 packets received, 4216 bps, 52.70%, Err 0 (0.0e+000)
1525.262 .... 3130 packets received, 4206 bps, 52.57%, Err 0 (0.0e+000)
1529.327 .... 3131 packets received, 4196 bps, 52.45%, Err 0 (0.0e+000)
1533.408 .... 3132 packets received, 4186 bps, 52.33%, Err 0 (0.0e+000)
1537.498 .... 3133 packets received, 4176 bps, 52.20%, Err 0 (0.0e+000)
1541.634 .... 3134 packets received, 4166 bps, 52.08%, Err 0 (0.0e+000)
1545.684 .... 3135 packets received, 4157 bps, 51.96%, Err 0 (0.0e+000)
1549.759 .... 3136 packets received, 4147 bps, 51.84%, Err 0 (0.0e+000)
1553.815 .... 3137 packets received, 4138 bps, 51.72%, Err 0 (0.0e+000)
1557.885 .... 3138 packets received, 4128 bps, 51.60%, Err 0 (0.0e+000)
1561.993 .... 3139 packets received, 4119 bps, 51.48%, Err 0 (0.0e+000)
1566.159 .... 3140 packets received, 4109 bps, 51.36%, Err 0 (0.0e+000)
1570.222 .... 3141 packets received, 4100 bps, 51.24%, Err 0 (0.0e+000)
1574.393 .... 3142 packets received, 4090 bps, 51.13%, Err 0 (0.0e+000)
1578.470 .... 3143 packets received, 4081 bps, 51.01%, Err 0 (0.0e+000)
1582.567 .... 3144 packets received, 4071 bps, 50.89%, Err 0 (0.0e+000)
1586.591 .... 3145 packets received, 4062 bps, 50.78%, Err 0 (0.0e+000)
1590.765 .... 3146 packets received, 4053 bps, 50.66%, Err 0 (0.0e+000)
1594.829 .... 3147 packets received, 4044 bps, 50.55%, Err 0 (0.0e+000)
1598.943 .... 3148 packets received, 4035 bps, 50.44%, Err 0 (0.0e+000)
1601.053 .... 3151 packets received, 4033 bps, 50.42%, Err 0 (0.0e+000)
1603.160 .... 3159 packets received, 4038 bps, 50.48%, Err 0 (0.0e+000)
1605.328 .... 3167 packets received, 4043 bps, 50.54%, Err 0 (0.0e+000)
1607.497 .... 3175 packets received, 4048 bps, 50.60%, Err 0 (0.0e+000)
1609.664 .... 3183 packets received, 4053 bps, 50.66%, Err 0 (0.0e+000)
1611.833 .... 3191 packets received, 4057 bps, 50.72%, Err 0 (0.0e+000)
1614.001 .... 3199 packets received, 4062 bps, 50.77%, Err 0 (0.0e+000)
1616.158 .... 3207 packets received, 4067 bps, 50.83%, Err 0 (0.0e+000)
1618.325 .... 3215 packets received, 4071 bps, 50.89%, Err 0 (0.0e+000)
1620.512 .... 3223 packets received, 4076 bps, 50.95%, Err 0 (0.0e+000)
1622.657 .... 3231 packets received, 4081 bps, 51.01%, Err 0 (0.0e+000)
1624.842 .... 3239 packets received, 4085 bps, 51.07%, Err 0 (0.0e+000)
1627.007 .... 3247 packets received, 4090 bps, 51.12%, Err 0 (0.0e+000)
1629.160 .... 3255 packets received, 4095 bps, 51.18%, Err 0 (0.0e+000)
1631.329 .... 3263 packets received, 4099 bps, 51.24%, Err 0 (0.0e+000)
1633.500 .... 3271 packets received, 4104 bps, 51.30%, Err 0 (0.0e+000)
1635.670 .... 3279 packets received, 4108 bps, 51.35%, Err 0 (0.0e+000)
1637.855 .... 3287 packets received, 4113 bps, 51.41%, Err 0 (0.0e+000)
1640.025 .... 3295 packets received, 4117 bps, 51.47%, Err 0 (0.0e+000)
1642.183 .... 3303 packets received, 4122 bps, 51.52%, Err 0 (0.0e+000)
1644.355 .... 3311 packets received, 4126 bps, 51.58%, Err 0 (0.0e+000)
1646.528 .... 3319 packets received, 4131 bps, 51.64%, Err 0 (0.0e+000)
1648.685 .... 3327 packets received, 4136 bps, 51.69%, Err 0 (0.0e+000)
1650.860 .... 3335 packets received, 4140 bps, 51.75%, Err 0 (0.0e+000)
1653.017 .... 3343 packets received, 4145 bps, 51.81%, Err 0 (0.0e+000)
1655.188 .... 3351 packets received, 4149 bps, 51.86%, Err 0 (0.0e+000)
1657.342 .... 3359 packets received, 4153 bps, 51.92%, Err 0 (0.0e+000)
1659.532 .... 3367 packets received, 4158 bps, 51.97%, Err 0 (0.0e+000)
1661.705 .... 3375 packets received, 4162 bps, 52.03%, Err 0 (0.0e+000)
1663.859 .... 3383 packets received, 4167 bps, 52.08%, Err 0 (0.0e+000)
1666.029 .... 3391 packets received, 4171 bps, 52.14%, Err 0 (0.0e+000)
1668.180 .... 3399 packets received, 4176 bps, 52.20%, Err 0 (0.0e+000)
1670.349 .... 3407 packets received, 4180 bps, 52.25%, Err 0 (0.0e+000)
1672.535 .... 3415 packets received, 4184 bps, 52.30%, Err 0 (0.0e+000)
1674.707 .... 3423 packets received, 4189 bps, 52.36%, Err 0 (0.0e+000)
1676.863 .... 3431 packets received, 4193 bps, 52.41%, Err 0 (0.0e+000)
1679.030 .... 3439 packets received, 4197 bps, 52.47%, Err 0 (0.0e+000)
1681.214 .... 3447 packets received, 4202 bps, 52.52%, Err 0 (0.0e+000)
1683.383 .... 3455 packets received, 4206 bps, 52.58%, Err 0 (0.0e+000)
1685.552 .... 3463 packets received, 4210 bps, 52.63%, Err 0 (0.0e+000)
1687.708 .... 3471 packets received, 4215 bps, 52.68%, Err 0 (0.0e+000)
1689.864 .... 3479 packets received, 4219 bps, 52.74%, Err 0 (0.0e+000)
1692.049 .... 3487 packets received, 4223 bps, 52.79%, Err 0 (0.0e+000)
1694.220 .... 3495 packets received, 4228 bps, 52.84%, Err 0 (0.0e+000)
1696.388 .... 3503 packets received, 4232 bps, 52.90%, Err 0 (0.0e+000)
1698.545 .... 3511 packets received, 4236 bps, 52.95%, Err 0 (0.0e+000)
1704.488 .... 3519 packets received, 4231 bps, 52.89%, Err 0 (0.0e+000)
1708.572 .... 3520 packets received, 4222 bps, 52.77%, Err 0 (0.0e+000)
1712.740 .... 3521 packets received, 4213 bps, 52.66%, Err 0 (0.0e+000)
1716.773 .... 3522 packets received, 4204 bps, 52.55%, Err 0 (0.0e+000)
1720.805 .... 3523 packets received, 4196 bps, 52.44%, Err 0 (0.0e+000)
1724.932 .... 3524 packets received, 4187 bps, 52.33%, Err 0 (0.0e+000)
1729.060 .... 3525 packets received, 4178 bps, 52.22%, Err 0 (0.0e+000)
1733.141 .... 3526 packets received, 4169 bps, 52.11%, Err 0 (0.0e+000)
1737.235 .... 3527 packets received, 4161 bps, 52.01%, Err 0 (0.0e+000)
1741.313 .... 3528 packets received, 4152 bps, 51.90%, Err 0 (0.0e+000)
1745.384 .... 3529 packets received, 4143 bps, 51.79%, Err 0 (0.0e+000)
1749.478 .... 3530 packets received, 4135 bps, 51.69%, Err 0 (0.0e+000)
1753.614 .... 3531 packets received, 4126 bps, 51.58%, Err 0 (0.0e+000)
1757.689 .... 3532 packets received, 4118 bps, 51.47%, Err 0 (0.0e+000)
1761.828 .... 3533 packets received, 4109 bps, 51.37%, Err 0 (0.0e+000)
1765.857 .... 3534 packets received, 4101 bps, 51.26%, Err 0 (0.0e+000)
1769.931 .... 3535 packets received, 4093 bps, 51.16%, Err 0 (0.0e+000)
1773.960 .... 3536 packets received, 4085 bps, 51.06%, Err 0 (0.0e+000)
1778.081 .... 3537 packets received, 4076 bps, 50.96%, Err 0 (0.0e+000)
1782.178 .... 3538 packets received, 4068 bps, 50.85%, Err 0 (0.0e+000)
1786.254 .... 3539 packets received, 4060 bps, 50.75%, Err 0 (0.0e+000)
1790.432 .... 3540 packets received, 4052 bps, 50.65%, Err 0 (0.0e+000)
1794.576 .... 3541 packets received, 4044 bps, 50.54%, Err 0 (0.0e+000)
1798.595 .... 3542 packets received, 4036 bps, 50.45%, Err 0 (0.0e+000)
1800.801 .... 3544 packets received, 4033 bps, 50.41%, Err 0 (0.0e+000)
1802.971 .... 3552 packets received, 4037 bps, 50.46%, Err 0 (0.0e+000)
1805.144 .... 3560 packets received, 4041 bps, 50.52%, Err 0 (0.0e+000)
1807.297 .... 3568 packets received, 4046 bps, 50.57%, Err 0 (0.0e+000)
1809.466 .... 3576 packets received, 4050 bps, 50.62%, Err 0 (0.0e+000)
1811.639 .... 3584 packets received, 4054 bps, 50.68%, Err 0 (0.0e+000)
1813.793 .... 3592 packets received, 4058 bps, 50.73%, Err 0 (0.0e+000)
1815.977 .... 3600 packets received, 4062 bps, 50.78%, Err 0 (0.0e+000)
1818.147 .... 3608 packets received, 4067 bps, 50.83%, Err 0 (0.0e+000)
1820.303 .... 3616 packets received, 4071 bps, 50.88%, Err 0 (0.0e+000)
1822.490 .... 3624 packets received, 4075 bps, 50.94%, Err 0 (0.0e+000)
1824.650 .... 3632 packets received, 4079 bps, 50.99%, Err 0 (0.0e+000)
1826.824 .... 3640 packets received, 4083 bps, 51.04%, Err 0 (0.0e+000)
1828.979 .... 3648 packets received, 4087 bps, 51.09%, Err 0 (0.0e+000)
1831.161 .... 3656 packets received, 4091 bps, 51.14%, Err 0 (0.0e+000)
1833.317 .... 3664 packets received, 4095 bps, 51.19%, Err 0 (0.0e+000)
1835.489 .... 3672 packets received, 4100 bps, 51.24%, Err 0 (0.0e+000)
1837.660 .... 3680 packets received, 4104 bps, 51.30%, Err 0 (0.0e+000)
1839.819 .... 3688 packets received, 4108 bps, 51.35%, Err 0 (0.0e+000)
1841.996 .... 3696 packets received, 4112 bps, 51.40%, Err 0 (0.0e+000)
1844.166 .... 3704 packets received, 4116 bps, 51.45%, Err 0 (0.0e+000)
1846.336 .... 3712 packets received, 4120 bps, 51.50%, Err 0 (0.0e+000)
1848.504 .... 3720 packets received, 4124 bps, 51.55%, Err 0 (0.0e+000)
1850.662 .... 3728 packets received, 4128 bps, 51.60%, Err 0 (0.0e+000)
1852.831 .... 3736 packets received, 4132 bps, 51.65%, Err 0 (0.0e+000)
1855.000 .... 3744 packets received, 4136 bps, 51.70%, Err 0 (0.0e+000)
1857.167 .... 3752 packets received, 4140 bps, 51.75%, Err 0 (0.0e+000)
1859.323 .... 3760 packets received, 4144 bps, 51.80%, Err 0 (0.0e+000)
1861.508 .... 3768 packets received, 4148 bps, 51.85%, Err 0 (0.0e+000)
1863.678 .... 3776 packets received, 4152 bps, 51.90%, Err 0 (0.0e+000)
1865.849 .... 3784 packets received, 4156 bps, 51.95%, Err 0 (0.0e+000)
1868.019 .... 3792 packets received, 4160 bps, 52.00%, Err 0 (0.0e+000)
1870.176 .... 3800 packets received, 4164 bps, 52.05%, Err 0 (0.0e+000)
1872.333 .... 3808 packets received, 4168 bps, 52.10%, Err 0 (0.0e+000)
1874.518 .... 3816 packets received, 4172 bps, 52.14%, Err 0 (0.0e+000)
1876.700 .... 3824 packets received, 4175 bps, 52.19%, Err 0 (0.0e+000)
1878.855 .... 3832 packets received, 4179 bps, 52.24%, Err 0 (0.0e+000)
1881.006 .... 3840 packets received, 4183 bps, 52.29%, Err 0 (0.0e+000)
1883.191 .... 3848 packets received, 4187 bps, 52.34%, Err 0 (0.0e+000)
1885.361 .... 3856 packets received, 4191 bps, 52.39%, Err 0 (0.0e+000)
1887.516 .... 3864 packets received, 4195 bps, 52.44%, Err 0 (0.0e+000)
1889.701 .... 3872 packets received, 4199 bps, 52.48%, Err 0 (0.0e+000)
1891.854 .... 3880 packets received, 4203 bps, 52.53%, Err 0 (0.0e+000)
1894.031 .... 3888 packets received, 4206 bps, 52.58%, Err 0 (0.0e+000)
1896.188 .... 3896 packets received, 4210 bps, 52.63%, Err 0 (0.0e+000)
1898.359 .... 3904 packets received, 4214 bps, 52.68%, Err 0 (0.0e+000)
1900.514 .... 3912 packets received, 4218 bps, 52.73%, Err 0 (0.0e+000)
1904.600 .... 3913 packets received, 4210 bps, 52.63%, Err 0 (0.0e+000)
1908.713 .... 3914 packets received, 4202 bps, 52.53%, Err 0 (0.0e+000)
1912.798 .... 3915 packets received, 4194 bps, 52.43%, Err 0 (0.0e+000)
1916.873 .... 3916 packets received, 4186 bps, 52.33%, Err 0 (0.0e+000)
1921.010 .... 3917 packets received, 4178 bps, 52.23%, Err 0 (0.0e+000)
1925.138 .... 3918 packets received, 4170 bps, 52.13%, Err 0 (0.0e+000)
1929.203 .... 3919 packets received, 4163 bps, 52.03%, Err 0 (0.0e+000)
1933.278 .... 3920 packets received, 4155 bps, 51.94%, Err 0 (0.0e+000)
1937.351 .... 3921 packets received, 4147 bps, 51.84%, Err 0 (0.0e+000)
1941.476 .... 3922 packets received, 4140 bps, 51.74%, Err 0 (0.0e+000)
1945.595 .... 3923 packets received, 4132 bps, 51.65%, Err 0 (0.0e+000)
1949.707 .... 3924 packets received, 4124 bps, 51.55%, Err 0 (0.0e+000)
1953.821 .... 3925 packets received, 4116 bps, 51.46%, Err 0 (0.0e+000)
1957.874 .... 3926 packets received, 4109 bps, 51.36%, Err 0 (0.0e+000)
1961.976 .... 3927 packets received, 4101 bps, 51.27%, Err 0 (0.0e+000)
1966.091 .... 3928 packets received, 4094 bps, 51.17%, Err 0 (0.0e+000)
1970.284 .... 3929 packets received, 4086 bps, 51.08%, Err 0 (0.0e+000)
1974.408 .... 3930 packets received, 4079 bps, 50.98%, Err 0 (0.0e+000)
1978.411 .... 3931 packets received, 4072 bps, 50.89%, Err 0 (0.0e+000)
1982.556 .... 3932 packets received, 4064 bps, 50.80%, Err 0 (0.0e+000)
1986.652 .... 3933 packets received, 4057 bps, 50.71%, Err 0 (0.0e+000)
1990.745 .... 3934 packets received, 4049 bps, 50.62%, Err 0 (0.0e+000)
1994.766 .... 3935 packets received, 4042 bps, 50.53%, Err 0 (0.0e+000)
1998.833 .... 3936 packets received, 4035 bps, 50.44%, Err 0 (0.0e+000)
2001.066 .... 3939 packets received, 4034 bps, 50.42%, Err 0 (0.0e+000)
2003.186 .... 3947 packets received, 4037 bps, 50.47%, Err 0 (0.0e+000)
2005.351 .... 3955 packets received, 4041 bps, 50.52%, Err 0 (0.0e+000)
2007.507 .... 3963 packets received, 4045 bps, 50.56%, Err 0 (0.0e+000)
2009.676 .... 3971 packets received, 4049 bps, 50.61%, Err 0 (0.0e+000)
2011.864 .... 3979 packets received, 4053 bps, 50.66%, Err 0 (0.0e+000)
2014.035 .... 3987 packets received, 4056 bps, 50.71%, Err 0 (0.0e+000)
2016.190 .... 3995 packets received, 4060 bps, 50.75%, Err 0 (0.0e+000)
2018.351 .... 4003 packets received, 4064 bps, 50.80%, Err 0 (0.0e+000)
2020.522 .... 4011 packets received, 4068 bps, 50.85%, Err 0 (0.0e+000)
2022.692 .... 4019 packets received, 4071 bps, 50.89%, Err 0 (0.0e+000)
2024.854 .... 4027 packets received, 4075 bps, 50.94%, Err 0 (0.0e+000)
2027.025 .... 4035 packets received, 4079 bps, 50.99%, Err 0 (0.0e+000)
2029.187 .... 4043 packets received, 4083 bps, 51.03%, Err 0 (0.0e+000)
2031.361 .... 4051 packets received, 4086 bps, 51.08%, Err 0 (0.0e+000)
2033.526 .... 4059 packets received, 4090 bps, 51.13%, Err 0 (0.0e+000)
2035.690 .... 4067 packets received, 4094 bps, 51.17%, Err 0 (0.0e+000)
2037.860 .... 4075 packets received, 4097 bps, 51.22%, Err 0 (0.0e+000)
2040.032 .... 4083 packets received, 4101 bps, 51.26%, Err 0 (0.0e+000)
2042.194 .... 4091 packets received, 4105 bps, 51.31%, Err 0 (0.0e+000)
2044.362 .... 4099 packets received, 4108 bps, 51.36%, Err 0 (0.0e+000)
2046.539 .... 4107 packets received, 4112 bps, 51.40%, Err 0 (0.0e+000)
2048.709 .... 4115 packets received, 4116 bps, 51.45%, Err 0 (0.0e+000)
2050.864 .... 4123 packets received, 4119 bps, 51.49%, Err 0 (0.0e+000)
2053.051 .... 4131 packets received, 4123 bps, 51.54%, Err 0 (0.0e+000)
2055.194 .... 4139 packets received, 4127 bps, 51.58%, Err 0 (0.0e+000)
2057.380 .... 4147 packets received, 4130 bps, 51.63%, Err 0 (0.0e+000)
2059.541 .... 4155 packets received, 4134 bps, 51.67%, Err 0 (0.0e+000)
2061.715 .... 4163 packets received, 4137 bps, 51.72%, Err 0 (0.0e+000)
2063.884 .... 4171 packets received, 4141 bps, 51.76%, Err 0 (0.0e+000)
2066.041 .... 4179 packets received, 4145 bps, 51.81%, Err 0 (0.0e+000)
2068.213 .... 4187 packets received, 4148 bps, 51.85%, Err 0 (0.0e+000)
2070.391 .... 4195 packets received, 4152 bps, 51.90%, Err 0 (0.0e+000)
2072.555 .... 4203 packets received, 4155 bps, 51.94%, Err 0 (0.0e+000)
2074.723 .... 4211 packets received, 4159 bps, 51.99%, Err 0 (0.0e+000)
2076.894 .... 4219 packets received, 4162 bps, 52.03%, Err 0 (0.0e+000)
2079.067 .... 4227 packets received, 4166 bps, 52.08%, Err 0 (0.0e+000)
2081.218 .... 4235 packets received, 4170 bps, 52.12%, Err 0 (0.0e+000)
2083.395 .... 4243 packets received, 4173 bps, 52.16%, Err 0 (0.0e+000)
2085.556 .... 4251 packets received, 4177 bps, 52.21%, Err 0 (0.0e+000)
2087.740 .... 4259 packets received, 4180 bps, 52.25%, Err 0 (0.0e+000)
2089.883 .... 4267 packets received, 4184 bps, 52.30%, Err 0 (0.0e+000)
2092.052 .... 4275 packets received, 4187 bps, 52.34%, Err 0 (0.0e+000)
2094.239 .... 4283 packets received, 4191 bps, 52.38%, Err 0 (0.0e+000)
2096.384 .... 4291 packets received, 4194 bps, 52.43%, Err 0 (0.0e+000)
2098.558 .... 4299 packets received, 4198 bps, 52.47%, Err 0 (0.0e+000)
2104.537 .... 4307 packets received, 4193 bps, 52.42%, Err 0 (0.0e+000)
2108.611 .... 4308 packets received, 4186 bps, 52.33%, Err 0 (0.0e+000)
2112.842 .... 4309 packets received, 4179 bps, 52.24%, Err 0 (0.0e+000)
2116.983 .... 4310 packets received, 4172 bps, 52.15%, Err 0 (0.0e+000)
2121.065 .... 4311 packets received, 4165 bps, 52.06%, Err 0 (0.0e+000)
2125.210 .... 4312 packets received, 4157 bps, 51.97%, Err 0 (0.0e+000)
2129.319 .... 4313 packets received, 4150 bps, 51.88%, Err 0 (0.0e+000)
2133.479 .... 4314 packets received, 4143 bps, 51.79%, Err 0 (0.0e+000)
2137.696 .... 4315 packets received, 4136 bps, 51.70%, Err 0 (0.0e+000)
2141.790 .... 4316 packets received, 4129 bps, 51.61%, Err 0 (0.0e+000)
2145.963 .... 4317 packets received, 4122 bps, 51.53%, Err 0 (0.0e+000)
2150.080 .... 4318 packets received, 4115 bps, 51.44%, Err 0 (0.0e+000)
2154.222 .... 4319 packets received, 4108 bps, 51.35%, Err 0 (0.0e+000)
2158.359 .... 4320 packets received, 4101 bps, 51.26%, Err 0 (0.0e+000)
2162.504 .... 4321 packets received, 4094 bps, 51.18%, Err 0 (0.0e+000)
2166.556 .... 4322 packets received, 4088 bps, 51.09%, Err 0 (0.0e+000)
2170.580 .... 4323 packets received, 4081 bps, 51.01%, Err 0 (0.0e+000)
2174.738 .... 4324 packets received, 4074 bps, 50.93%, Err 0 (0.0e+000)
2178.747 .... 4325 packets received, 4067 bps, 50.84%, Err 0 (0.0e+000)
2182.770 .... 4326 packets received, 4061 bps, 50.76%, Err 0 (0.0e+000)
2186.912 .... 4327 packets received, 4054 bps, 50.68%, Err 0 (0.0e+000)
2191.076 .... 4328 packets received, 4047 bps, 50.59%, Err 0 (0.0e+000)
2195.209 .... 4329 packets received, 4041 bps, 50.51%, Err 0 (0.0e+000)
2199.305 .... 4330 packets received, 4034 bps, 50.43%, Err 0 (0.0e+000)
2201.342 .... 4334 packets received, 4034 bps, 50.43%, Err 0 (0.0e+000)
2203.514 .... 4342 packets received, 4038 bps, 50.47%, Err 0 (0.0e+000)
2205.671 .... 4350 packets received, 4041 bps, 50.51%, Err 0 (0.0e+000)
2207.860 .... 4358 packets received, 4044 bps, 50.56%, Err 0 (0.0e+000)
2210.016 .... 4366 packets received, 4048 bps, 50.60%, Err 0 (0.0e+000)
2212.185 .... 4374 packets received, 4051 bps, 50.64%, Err 0 (0.0e+000)
2214.342 .... 4382 packets received, 4055 bps, 50.69%, Err 0 (0.0e+000)
2216.515 .... 4390 packets received, 4058 bps, 50.73%, Err 0 (0.0e+000)
2218.686 .... 4398 packets received, 4062 bps, 50.77%, Err 0 (0.0e+000)
2220.855 .... 4406 packets received, 4065 bps, 50.81%, Err 0 (0.0e+000)
2223.022 .... 4414 packets received, 4068 bps, 50.86%, Err 0 (0.0e+000)
2225.190 .... 4422 packets received, 4072 bps, 50.90%, Err 0 (0.0e+000)
2227.347 .... 4430 packets received, 4075 bps, 50.94%, Err 0 (0.0e+000)
2229.531 .... 4438 packets received, 4079 bps, 50.98%, Err 0 (0.0e+000)
2231.699 .... 4446 packets received, 4082 bps, 51.03%, Err 0 (0.0e+000)
2233.867 .... 4454 packets received, 4085 bps, 51.07%, Err 0 (0.0e+000)
2236.026 .... 4462 packets received, 4089 bps, 51.11%, Err 0 (0.0e+000)
2238.199 .... 4470 packets received, 4092 bps, 51.15%, Err 0 (0.0e+000)
2240.366 .... 4478 packets received, 4095 bps, 51.19%, Err 0 (0.0e+000)
2242.536 .... 4486 packets received, 4099 bps, 51.24%, Err 0 (0.0e+000)
2244.714 .... 4494 packets received, 4102 bps, 51.28%, Err 0 (0.0e+000)
2246.867 .... 4502 packets received, 4106 bps, 51.32%, Err 0 (0.0e+000)
2249.021 .... 4510 packets received, 4109 bps, 51.36%, Err 0 (0.0e+000)
2251.206 .... 4518 packets received, 4112 bps, 51.40%, Err 0 (0.0e+000)
2253.371 .... 4526 packets received, 4115 bps, 51.44%, Err 0 (0.0e+000)
2255.528 .... 4534 packets received, 4119 bps, 51.49%, Err 0 (0.0e+000)
2257.708 .... 4542 packets received, 4122 bps, 51.53%, Err 0 (0.0e+000)
2259.867 .... 4550 packets received, 4125 bps, 51.57%, Err 0 (0.0e+000)
2262.049 .... 4558 packets received, 4129 bps, 51.61%, Err 0 (0.0e+000)
2264.218 .... 4566 packets received, 4132 bps, 51.65%, Err 0 (0.0e+000)
2266.376 .... 4574 packets received, 4135 bps, 51.69%, Err 0 (0.0e+000)
2268.562 .... 4582 packets received, 4139 bps, 51.73%, Err 0 (0.0e+000)
2270.718 .... 4590 packets received, 4142 bps, 51.77%, Err 0 (0.0e+000)
2272.886 .... 4598 packets received, 4145 bps, 51.81%, Err 0 (0.0e+000)
2275.053 .... 4606 packets received, 4148 bps, 51.85%, Err 0 (0.0e+000)
2277.222 .... 4614 packets received, 4152 bps, 51.89%, Err 0 (0.0e+000)
2279.392 .... 4622 packets received, 4155 bps, 51.93%, Err 0 (0.0e+000)
2281.546 .... 4630 packets received, 4158 bps, 51.98%, Err 0 (0.0e+000)
2283.712 .... 4638 packets received, 4161 bps, 52.02%, Err 0 (0.0e+000)
2285.897 .... 4646 packets received, 4164 bps, 52.06%, Err 0 (0.0e+000)
2288.053 .... 4654 packets received, 4168 bps, 52.10%, Err 0 (0.0e+000)
2290.243 .... 4662 packets received, 4171 bps, 52.14%, Err 0 (0.0e+000)
2292.385 .... 4670 packets received, 4174 bps, 52.18%, Err 0 (0.0e+000)
2294.555 .... 4678 packets received, 4177 bps, 52.22%, Err 0 (0.0e+000)
2296.736 .... 4686 packets received, 4180 bps, 52.26%, Err 0 (0.0e+000)
2298.907 .... 4694 packets received, 4184 bps, 52.30%, Err 0 (0.0e+000)
2304.608 .... 4701 packets received, 4180 bps, 52.24%, Err 0 (0.0e+000)
2308.690 .... 4702 packets received, 4173 bps, 52.16%, Err 0 (0.0e+000)
2312.842 .... 4703 packets received, 4166 bps, 52.08%, Err 0 (0.0e+000)
2316.890 .... 4704 packets received, 4160 bps, 52.00%, Err 0 (0.0e+000)
2321.014 .... 4705 packets received, 4154 bps, 51.92%, Err 0 (0.0e+000)
2325.089 .... 4706 packets received, 4147 bps, 51.84%, Err 0 (0.0e+000)
2329.225 .... 4707 packets received, 4141 bps, 51.76%, Err 0 (0.0e+000)
2333.290 .... 4708 packets received, 4134 bps, 51.68%, Err 0 (0.0e+000)
2337.320 .... 4709 packets received, 4128 bps, 51.60%, Err 0 (0.0e+000)
2341.400 .... 4710 packets received, 4122 bps, 51.52%, Err 0 (0.0e+000)
2345.550 .... 4711 packets received, 4115 bps, 51.44%, Err 0 (0.0e+000)
2349.758 .... 4712 packets received, 4109 bps, 51.36%, Err 0 (0.0e+000)
2353.823 .... 4713 packets received, 4103 bps, 51.28%, Err 0 (0.0e+000)
2358.024 .... 4714 packets received, 4096 bps, 51.20%, Err 0 (0.0e+000)
2362.225 .... 4715 packets received, 4090 bps, 51.12%, Err 0 (0.0e+000)
2366.290 .... 4716 packets received, 4084 bps, 51.04%, Err 0 (0.0e+000)
2370.430 .... 4717 packets received, 4077 bps, 50.97%, Err 0 (0.0e+000)
2374.550 .... 4718 packets received, 4071 bps, 50.89%, Err 0 (0.0e+000)
2378.628 .... 4719 packets received, 4065 bps, 50.81%, Err 0 (0.0e+000)
2382.674 .... 4720 packets received, 4059 bps, 50.74%, Err 0 (0.0e+000)
2386.743 .... 4721 packets received, 4053 bps, 50.66%, Err 0 (0.0e+000)
2390.848 .... 4722 packets received, 4047 bps, 50.58%, Err 0 (0.0e+000)
2394.862 .... 4723 packets received, 4041 bps, 50.51%, Err 0 (0.0e+000)
2398.938 .... 4724 packets received, 4035 bps, 50.43%, Err 0 (0.0e+000)
2401.067 .... 4727 packets received, 4034 bps, 50.42%, Err 0 (0.0e+000)
2403.177 .... 4735 packets received, 4037 bps, 50.46%, Err 0 (0.0e+000)
2405.315 .... 4743 packets received, 4040 bps, 50.50%, Err 0 (0.0e+000)
2407.485 .... 4751 packets received, 4043 bps, 50.54%, Err 0 (0.0e+000)
2409.656 .... 4759 packets received, 4047 bps, 50.58%, Err 0 (0.0e+000)
2411.827 .... 4767 packets received, 4050 bps, 50.62%, Err 0 (0.0e+000)
2413.999 .... 4775 packets received, 4053 bps, 50.66%, Err 0 (0.0e+000)
2416.168 .... 4783 packets received, 4056 bps, 50.70%, Err 0 (0.0e+000)
2418.322 .... 4791 packets received, 4059 bps, 50.74%, Err 0 (0.0e+000)
2420.478 .... 4799 packets received, 4062 bps, 50.78%, Err 0 (0.0e+000)
2422.661 .... 4807 packets received, 4065 bps, 50.82%, Err 0 (0.0e+000)
2424.818 .... 4815 packets received, 4069 bps, 50.86%, Err 0 (0.0e+000)
2426.990 .... 4823 packets received, 4072 bps, 50.90%, Err 0 (0.0e+000)
2429.159 .... 4831 packets received, 4075 bps, 50.93%, Err 0 (0.0e+000)
2431.329 .... 4839 packets received, 4078 bps, 50.97%, Err 0 (0.0e+000)
2433.486 .... 4847 packets received, 4081 bps, 51.01%, Err 0 (0.0e+000)
2435.669 .... 4855 packets received, 4084 bps, 51.05%, Err 0 (0.0e+000)
2437.818 .... 4863 packets received, 4087 bps, 51.09%, Err 0 (0.0e+000)
2439.986 .... 4871 packets received, 4090 bps, 51.13%, Err 0 (0.0e+000)
2442.164 .... 4879 packets received, 4093 bps, 51.17%, Err 0 (0.0e+000)
2444.323 .... 4887 packets received, 4096 bps, 51.21%, Err 0 (0.0e+000)
2446.494 .... 4895 packets received, 4100 bps, 51.24%, Err 0 (0.0e+000)
2448.664 .... 4903 packets received, 4103 bps, 51.28%, Err 0 (0.0e+000)
2450.831 .... 4911 packets received, 4106 bps, 51.32%, Err 0 (0.0e+000)
2453.009 .... 4919 packets received, 4109 bps, 51.36%, Err 0 (0.0e+000)
2455.164 .... 4927 packets received, 4112 bps, 51.40%, Err 0 (0.0e+000)
2457.337 .... 4935 packets received, 4115 bps, 51.43%, Err 0 (0.0e+000)
2459.506 .... 4943 packets received, 4118 bps, 51.47%, Err 0 (0.0e+000)
2461.681 .... 4951 packets received, 4121 bps, 51.51%, Err 0 (0.0e+000)
2463.852 .... 4959 packets received, 4124 bps, 51.55%, Err 0 (0.0e+000)
2466.021 .... 4967 packets received, 4127 bps, 51.59%, Err 0 (0.0e+000)
2468.175 .... 4975 packets received, 4130 bps, 51.62%, Err 0 (0.0e+000)
2470.344 .... 4983 packets received, 4133 bps, 51.66%, Err 0 (0.0e+000)
2472.515 .... 4991 packets received, 4136 bps, 51.70%, Err 0 (0.0e+000)
2474.685 .... 4999 packets received, 4139 bps, 51.74%, Err 0 (0.0e+000)
2476.836 .... 5007 packets received, 4142 bps, 51.77%, Err 0 (0.0e+000)
2479.005 .... 5015 packets received, 4145 bps, 51.81%, Err 0 (0.0e+000)
2481.175 .... 5023 packets received, 4148 bps, 51.85%, Err 0 (0.0e+000)
2483.359 .... 5031 packets received, 4151 bps, 51.89%, Err 0 (0.0e+000)
2485.533 .... 5039 packets received, 4154 bps, 51.92%, Err 0 (0.0e+000)
2487.703 .... 5047 packets received, 4157 bps, 51.96%, Err 0 (0.0e+000)
2489.871 .... 5055 packets received, 4160 bps, 52.00%, Err 0 (0.0e+000)
2492.040 .... 5063 packets received, 4163 bps, 52.03%, Err 0 (0.0e+000)
2494.195 .... 5071 packets received, 4166 bps, 52.07%, Err 0 (0.0e+000)
2496.373 .... 5079 packets received, 4169 bps, 52.11%, Err 0 (0.0e+000)
2498.529 .... 5087 packets received, 4172 bps, 52.14%, Err 0 (0.0e+000)
2504.501 .... 5095 packets received, 4168 bps, 52.10%, Err 0 (0.0e+000)
2508.578 .... 5096 packets received, 4162 bps, 52.03%, Err 0 (0.0e+000)
2512.821 .... 5097 packets received, 4156 bps, 51.95%, Err 0 (0.0e+000)
2516.871 .... 5098 packets received, 4150 bps, 51.88%, Err 0 (0.0e+000)
2520.932 .... 5099 packets received, 4144 bps, 51.80%, Err 0 (0.0e+000)
2525.053 .... 5100 packets received, 4138 bps, 51.73%, Err 0 (0.0e+000)
2529.089 .... 5101 packets received, 4132 bps, 51.66%, Err 0 (0.0e+000)
2533.121 .... 5102 packets received, 4127 bps, 51.58%, Err 0 (0.0e+000)
2537.241 .... 5103 packets received, 4121 bps, 51.51%, Err 0 (0.0e+000)
2541.322 .... 5104 packets received, 4115 bps, 51.44%, Err 0 (0.0e+000)
2545.444 .... 5105 packets received, 4109 bps, 51.36%, Err 0 (0.0e+000)
2549.597 .... 5106 packets received, 4103 bps, 51.29%, Err 0 (0.0e+000)
2553.663 .... 5107 packets received, 4097 bps, 51.22%, Err 0 (0.0e+000)
2557.755 .... 5108 packets received, 4092 bps, 51.15%, Err 0 (0.0e+000)
2561.836 .... 5109 packets received, 4086 bps, 51.08%, Err 0 (0.0e+000)
2565.906 .... 5110 packets received, 4080 bps, 51.00%, Err 0 (0.0e+000)
2569.940 .... 5111 packets received, 4075 bps, 50.93%, Err 0 (0.0e+000)
2574.070 .... 5112 packets received, 4069 bps, 50.86%, Err 0 (0.0e+000)
2578.140 .... 5113 packets received, 4063 bps, 50.79%, Err 0 (0.0e+000)
2582.230 .... 5114 packets received, 4058 bps, 50.72%, Err 0 (0.0e+000)
2586.291 .... 5115 packets received, 4052 bps, 50.65%, Err 0 (0.0e+000)
2590.532 .... 5116 packets received, 4046 bps, 50.58%, Err 0 (0.0e+000)
2594.598 .... 5117 packets received, 4041 bps, 50.51%, Err 0 (0.0e+000)
2598.693 .... 5118 packets received, 4035 bps, 50.44%, Err 0 (0.0e+000)
2600.807 .... 5120 packets received, 4033 bps, 50.42%, Err 0 (0.0e+000)
2602.966 .... 5128 packets received, 4036 bps, 50.45%, Err 0 (0.0e+000)
2605.129 .... 5136 packets received, 4039 bps, 50.49%, Err 0 (0.0e+000)
2607.290 .... 5144 packets received, 4042 bps, 50.53%, Err 0 (0.0e+000)
2609.462 .... 5152 packets received, 4045 bps, 50.56%, Err 0 (0.0e+000)
2611.631 .... 5160 packets received, 4048 bps, 50.60%, Err 0 (0.0e+000)
2613.820 .... 5168 packets received, 4051 bps, 50.64%, Err 0 (0.0e+000)
2615.974 .... 5176 packets received, 4054 bps, 50.67%, Err 0 (0.0e+000)
2618.131 .... 5184 packets received, 4057 bps, 50.71%, Err 0 (0.0e+000)
2620.314 .... 5192 packets received, 4060 bps, 50.75%, Err 0 (0.0e+000)
2622.484 .... 5200 packets received, 4063 bps, 50.78%, Err 0 (0.0e+000)
2624.657 .... 5208 packets received, 4065 bps, 50.82%, Err 0 (0.0e+000)
2626.816 .... 5216 packets received, 4068 bps, 50.85%, Err 0 (0.0e+000)
2628.970 .... 5224 packets received, 4071 bps, 50.89%, Err 0 (0.0e+000)
2631.141 .... 5232 packets received, 4074 bps, 50.93%, Err 0 (0.0e+000)
2633.327 .... 5240 packets received, 4077 bps, 50.96%, Err 0 (0.0e+000)
2635.502 .... 5248 packets received, 4080 bps, 51.00%, Err 0 (0.0e+000)
2637.654 .... 5256 packets received, 4083 bps, 51.03%, Err 0 (0.0e+000)
2639.824 .... 5264 packets received, 4086 bps, 51.07%, Err 0 (0.0e+000)
2641.995 .... 5272 packets received, 4088 bps, 51.10%, Err 0 (0.0e+000)
2644.163 .... 5280 packets received, 4091 bps, 51.14%, Err 0 (0.0e+000)
2646.325 .... 5288 packets received, 4094 bps, 51.18%, Err 0 (0.0e+000)
2648.484 .... 5296 packets received, 4097 bps, 51.21%, Err 0 (0.0e+000)
2650.657 .... 5304 packets received, 4100 bps, 51.25%, Err 0 (0.0e+000)
2652.831 .... 5312 packets received, 4103 bps, 51.28%, Err 0 (0.0e+000)
2655.001 .... 5320 packets received, 4105 bps, 51.32%, Err 0 (0.0e+000)
2657.175 .... 5328 packets received, 4108 bps, 51.35%, Err 0 (0.0e+000)
2659.329 .... 5336 packets received, 4111 bps, 51.39%, Err 0 (0.0e+000)
2661.515 .... 5344 packets received, 4114 bps, 51.42%, Err 0 (0.0e+000)
2663.671 .... 5352 packets received, 4117 bps, 51.46%, Err 0 (0.0e+000)
2665.842 .... 5360 packets received, 4119 bps, 51.49%, Err 0 (0.0e+000)
2668.011 .... 5368 packets received, 4122 bps, 51.53%, Err 0 (0.0e+000)
2670.176 .... 5376 packets received, 4125 bps, 51.56%, Err 0 (0.0e+000)
2672.345 .... 5384 packets received, 4128 bps, 51.60%, Err 0 (0.0e+000)
2674.500 .... 5392 packets received, 4131 bps, 51.63%, Err 0 (0.0e+000)
2676.674 .... 5400 packets received, 4133 bps, 51.67%, Err 0 (0.0e+000)
2678.844 .... 5408 packets received, 4136 bps, 51.70%, Err 0 (0.0e+000)
2681.029 .... 5416 packets received, 4139 bps, 51.74%, Err 0 (0.0e+000)
2683.183 .... 5424 packets received, 4142 bps, 51.77%, Err 0 (0.0e+000)
2685.357 .... 5432 packets received, 4144 bps, 51.81%, Err 0 (0.0e+000)
2687.511 .... 5440 packets received, 4147 bps, 51.84%, Err 0 (0.0e+000)
2689.696 .... 5448 packets received, 4150 bps, 51.87%, Err 0 (0.0e+000)
2691.850 .... 5456 packets received, 4153 bps, 51.91%, Err 0 (0.0e+000)
2694.026 .... 5464 packets received, 4155 bps, 51.94%, Err 0 (0.0e+000)
2696.202 .... 5472 packets received, 4158 bps, 51.98%, Err 0 (0.0e+000)
2698.355 .... 5480 packets received, 4161 bps, 52.01%, Err 0 (0.0e+000)
2700.530 .... 5488 packets received, 4164 bps, 52.05%, Err 0 (0.0e+000)
2704.491 .... 5489 packets received, 4158 bps, 51.98%, Err 0 (0.0e+000)
2708.607 .... 5490 packets received, 4153 bps, 51.91%, Err 0 (0.0e+000)
2712.704 .... 5491 packets received, 4147 bps, 51.84%, Err 0 (0.0e+000)
2716.794 .... 5492 packets received, 4142 bps, 51.77%, Err 0 (0.0e+000)
2720.923 .... 5493 packets received, 4136 bps, 51.70%, Err 0 (0.0e+000)
2725.020 .... 5494 packets received, 4131 bps, 51.63%, Err 0 (0.0e+000)
2729.115 .... 5495 packets received, 4125 bps, 51.57%, Err 0 (0.0e+000)
2733.199 .... 5496 packets received, 4120 bps, 51.50%, Err 0 (0.0e+000)
2737.269 .... 5497 packets received, 4114 bps, 51.43%, Err 0 (0.0e+000)
2741.346 .... 5498 packets received, 4109 bps, 51.36%, Err 0 (0.0e+000)
2745.455 .... 5499 packets received, 4104 bps, 51.30%, Err 0 (0.0e+000)
2749.566 .... 5500 packets received, 4098 bps, 51.23%, Err 0 (0.0e+000)
2753.702 .... 5501 packets received, 4093 bps, 51.16%, Err 0 (0.0e+000)
2757.850 .... 5502 packets received, 4087 bps, 51.09%, Err 0 (0.0e+000)
2761.911 .... 5503 packets received, 4082 bps, 51.03%, Err 0 (0.0e+000)
2766.001 .... 5504 packets received, 4077 bps, 50.96%, Err 0 (0.0e+000)
2770.071 .... 5505 packets received, 4072 bps, 50.90%, Err 0 (0.0e+000)
2774.150 .... 5506 packets received, 4066 bps, 50.83%, Err 0 (0.0e+000)
2778.354 .... 5507 packets received, 4061 bps, 50.76%, Err 0 (0.0e+000)
2782.360 .... 5508 packets received, 4056 bps, 50.70%, Err 0 (0.0e+000)
2786.546 .... 5509 packets received, 4050 bps, 50.63%, Err 0 (0.0e+000)
2790.620 .... 5510 packets received, 4045 bps, 50.57%, Err 0 (0.0e+000)
2794.714 .... 5511 packets received, 4040 bps, 50.50%, Err 0 (0.0e+000)
