C:\Users\Lao Shi\protocol_laoshi\laoshi_selective.exe -bf 
=========================================================================
                          Station B                                 
-------------------------------------------------------------------------
Protocol.lib, version 3.0, Build: Oct 19 2009 (jiangy@public3.bta.net.cn)
Channel: 8000 bps, 270 ms propagation delay, bit error rate 1.0E-005
Log file "C:\Users\Lao Shi\protocol_laoshi\laoshi_selective-B.log", TCP port 59144, debug mask 0x00
Station B is connecting station A (TCP port 59144) ... Done.
New epoch: Mon May 09 21:12:55 2016
=========================================================================
2.418 .... 8 packets received, 7663 bps, 95.79%, Err 0 (0.0e+000)
4.562 .... 16 packets received, 7652 bps, 95.66%, Err 0 (0.0e+000)
6.734 .... 24 packets received, 7616 bps, 95.20%, Err 0 (0.0e+000)
8.906 .... 32 packets received, 7597 bps, 94.97%, Err 0 (0.0e+000)
11.083 .... 40 packets received, 7583 bps, 94.79%, Err 0 (0.0e+000)
13.245 .... 48 packets received, 7582 bps, 94.78%, Err 1 (9.5e-006)
15.417 .... 56 packets received, 7577 bps, 94.71%, Err 1 (8.1e-006)
17.575 .... 64 packets received, 7579 bps, 94.73%, Err 1 (7.1e-006)
19.746 .... 72 packets received, 7575 bps, 94.69%, Err 2 (1.3e-005)
21.902 .... 80 packets received, 7577 bps, 94.72%, Err 2 (1.1e-005)
24.086 .... 88 packets received, 7571 bps, 94.63%, Err 3 (1.6e-005)
26.251 .... 96 packets received, 7570 bps, 94.63%, Err 3 (1.4e-005)
28.417 .... 104 packets received, 7570 bps, 94.62%, Err 3 (1.3e-005)
30.573 .... 112 packets received, 7572 bps, 94.65%, Err 4 (1.6e-005)
32.724 .... 120 packets received, 7575 bps, 94.69%, Err 4 (1.5e-005)
34.909 .... 128 packets received, 7570 bps, 94.63%, Err 4 (1.4e-005)
37.021 .... 136 packets received, 7581 bps, 94.76%, Err 4 (1.4e-005)
39.207 .... 144 packets received, 7576 bps, 94.70%, Err 4 (1.3e-005)
41.376 .... 152 packets received, 7575 bps, 94.69%, Err 4 (1.2e-005)
43.545 .... 160 packets received, 7574 bps, 94.67%, Err 4 (1.1e-005)
45.698 .... 168 packets received, 7575 bps, 94.69%, Err 4 (1.1e-005)
47.882 .... 171 packets received, 7357 bps, 91.96%, Err 5 (1.3e-005)
50.033 .... 183 packets received, 7533 bps, 94.16%, Err 5 (1.2e-005)
52.205 .... 191 packets received, 7533 bps, 94.17%, Err 5 (1.2e-005)
54.361 .... 199 packets received, 7536 bps, 94.20%, Err 5 (1.2e-005)
56.545 .... 207 packets received, 7535 bps, 94.18%, Err 5 (1.1e-005)
58.683 .... 215 packets received, 7539 bps, 94.24%, Err 5 (1.1e-005)
60.864 .... 223 packets received, 7538 bps, 94.23%, Err 5 (1.0e-005)
63.031 .... 231 packets received, 7539 bps, 94.24%, Err 5 (9.9e-006)
65.192 .... 239 packets received, 7541 bps, 94.26%, Err 5 (9.6e-006)
67.352 .... 247 packets received, 7542 bps, 94.27%, Err 5 (9.3e-006)
69.511 .... 255 packets received, 7543 bps, 94.29%, Err 5 (9.0e-006)
71.696 .... 263 packets received, 7542 bps, 94.28%, Err 5 (8.7e-006)
73.851 .... 271 packets received, 7544 bps, 94.30%, Err 5 (8.5e-006)
76.032 .... 279 packets received, 7543 bps, 94.29%, Err 5 (8.2e-006)
78.180 .... 287 packets received, 7545 bps, 94.32%, Err 5 (8.0e-006)
80.350 .... 295 packets received, 7545 bps, 94.32%, Err 5 (7.8e-006)
82.519 .... 303 packets received, 7546 bps, 94.32%, Err 5 (7.6e-006)
84.709 .... 311 packets received, 7544 bps, 94.30%, Err 5 (7.4e-006)
86.850 .... 319 packets received, 7547 bps, 94.33%, Err 5 (7.2e-006)
89.021 .... 327 packets received, 7547 bps, 94.33%, Err 5 (7.0e-006)
91.173 .... 335 packets received, 7548 bps, 94.35%, Err 5 (6.9e-006)
93.351 .... 343 packets received, 7548 bps, 94.35%, Err 5 (6.7e-006)
95.480 .... 351 packets received, 7551 bps, 94.39%, Err 6 (7.9e-006)
97.645 .... 359 packets received, 7551 bps, 94.39%, Err 6 (7.7e-006)
99.804 .... 362 packets received, 7449 bps, 93.12%, Err 7 (8.8e-006)
102.794 .... 372 packets received, 7432 bps, 92.90%, Err 8 (9.7e-006)
104.921 .... 384 packets received, 7516 bps, 93.94%, Err 8 (9.5e-006)
107.107 .... 392 packets received, 7515 bps, 93.94%, Err 8 (9.3e-006)
109.230 .... 400 packets received, 7519 bps, 93.99%, Err 8 (9.2e-006)
111.406 .... 408 packets received, 7519 bps, 93.99%, Err 8 (9.0e-006)
113.564 .... 416 packets received, 7521 bps, 94.01%, Err 8 (8.8e-006)
115.753 .... 424 packets received, 7520 bps, 94.00%, Err 8 (8.6e-006)
118.184 .... 428 packets received, 7434 bps, 92.93%, Err 9 (9.5e-006)
120.336 .... 440 packets received, 7506 bps, 93.82%, Err 9 (9.4e-006)
122.467 .... 448 packets received, 7509 bps, 93.86%, Err 9 (9.2e-006)
124.624 .... 456 packets received, 7511 bps, 93.88%, Err 9 (9.0e-006)
126.800 .... 464 packets received, 7511 bps, 93.89%, Err 9 (8.9e-006)
128.955 .... 472 packets received, 7512 bps, 93.90%, Err 9 (8.7e-006)
131.130 .... 480 packets received, 7513 bps, 93.91%, Err 9 (8.6e-006)
133.286 .... 488 packets received, 7514 bps, 93.93%, Err 9 (8.4e-006)
135.459 .... 496 packets received, 7515 bps, 93.93%, Err 9 (8.3e-006)
137.628 .... 504 packets received, 7515 bps, 93.94%, Err 9 (8.2e-006)
139.799 .... 512 packets received, 7516 bps, 93.95%, Err 9 (8.0e-006)
141.973 .... 520 packets received, 7516 bps, 93.95%, Err 9 (7.9e-006)
144.125 .... 528 packets received, 7517 bps, 93.97%, Err 9 (7.8e-006)
146.309 .... 536 packets received, 7517 bps, 93.96%, Err 9 (7.7e-006)
148.479 .... 544 packets received, 7518 bps, 93.97%, Err 9 (7.6e-006)
150.882 .... 548 packets received, 7452 bps, 93.15%, Err 11 (9.1e-006)
153.041 .... 560 packets received, 7508 bps, 93.85%, Err 11 (9.0e-006)
155.210 .... 568 packets received, 7508 bps, 93.85%, Err 11 (8.9e-006)
157.371 .... 576 packets received, 7509 bps, 93.87%, Err 11 (8.7e-006)
159.556 .... 584 packets received, 7509 bps, 93.86%, Err 12 (9.4e-006)
161.710 .... 592 packets received, 7510 bps, 93.88%, Err 12 (9.3e-006)
163.899 .... 600 packets received, 7510 bps, 93.88%, Err 12 (9.2e-006)
166.038 .... 608 packets received, 7512 bps, 93.90%, Err 12 (9.0e-006)
168.220 .... 616 packets received, 7512 bps, 93.90%, Err 13 (9.7e-006)
170.376 .... 623 packets received, 7501 bps, 93.76%, Err 13 (9.5e-006)
172.552 .... 630 packets received, 7490 bps, 93.62%, Err 14 (1.0e-005)
174.705 .... 637 packets received, 7479 bps, 93.49%, Err 14 (1.0e-005)
176.844 .... 643 packets received, 7458 bps, 93.23%, Err 14 (9.9e-006)
179.278 .... 650 packets received, 7437 bps, 92.96%, Err 14 (9.8e-006)
181.443 .... 656 packets received, 7416 bps, 92.70%, Err 14 (9.6e-006)
183.860 .... 663 packets received, 7396 bps, 92.45%, Err 15 (1.0e-005)
186.013 .... 669 packets received, 7377 bps, 92.21%, Err 15 (1.0e-005)
188.164 .... 672 packets received, 7325 bps, 91.56%, Err 16 (1.1e-005)
190.356 .... 684 packets received, 7370 bps, 92.12%, Err 16 (1.1e-005)
192.502 .... 692 packets received, 7373 bps, 92.16%, Err 16 (1.0e-005)
194.695 .... 700 packets received, 7374 bps, 92.17%, Err 16 (1.0e-005)
196.835 .... 708 packets received, 7377 bps, 92.21%, Err 16 (1.0e-005)
199.022 .... 716 packets received, 7378 bps, 92.23%, Err 16 (1.0e-005)
201.200 .... 724 packets received, 7380 bps, 92.25%, Err 16 (9.9e-006)
203.363 .... 732 packets received, 7382 bps, 92.27%, Err 16 (9.8e-006)
205.528 .... 740 packets received, 7384 bps, 92.30%, Err 16 (9.7e-006)
207.692 .... 748 packets received, 7386 bps, 92.32%, Err 16 (9.6e-006)
209.849 .... 756 packets received, 7388 bps, 92.35%, Err 16 (9.5e-006)
212.838 .... 762 packets received, 7342 bps, 91.77%, Err 17 (1.0e-005)
215.005 .... 774 packets received, 7382 bps, 92.28%, Err 17 (9.9e-006)
217.152 .... 782 packets received, 7385 bps, 92.31%, Err 17 (9.8e-006)
219.325 .... 790 packets received, 7386 bps, 92.33%, Err 17 (9.7e-006)
221.500 .... 798 packets received, 7388 bps, 92.35%, Err 17 (9.6e-006)
223.663 .... 806 packets received, 7389 bps, 92.37%, Err 17 (9.5e-006)
226.081 .... 810 packets received, 7347 bps, 91.83%, Err 18 (1.0e-005)
228.246 .... 822 packets received, 7385 bps, 92.31%, Err 18 (9.9e-006)
230.421 .... 830 packets received, 7386 bps, 92.33%, Err 18 (9.8e-006)
233.127 .... 835 packets received, 7344 bps, 91.80%, Err 19 (1.0e-005)
235.267 .... 847 packets received, 7382 bps, 92.27%, Err 19 (1.0e-005)
237.444 .... 855 packets received, 7383 bps, 92.29%, Err 19 (1.0e-005)
239.586 .... 863 packets received, 7386 bps, 92.32%, Err 19 (9.9e-006)
241.778 .... 871 packets received, 7386 bps, 92.33%, Err 19 (9.8e-006)
243.934 .... 879 packets received, 7388 bps, 92.35%, Err 19 (9.7e-006)
246.105 .... 887 packets received, 7390 bps, 92.37%, Err 19 (9.7e-006)
249.081 .... 893 packets received, 7351 bps, 91.88%, Err 20 (1.0e-005)
251.239 .... 905 packets received, 7385 bps, 92.32%, Err 20 (1.0e-005)
253.395 .... 913 packets received, 7387 bps, 92.34%, Err 20 (9.9e-006)
255.548 .... 921 packets received, 7389 bps, 92.36%, Err 20 (9.8e-006)
257.688 .... 929 packets received, 7391 bps, 92.39%, Err 20 (9.7e-006)
259.867 .... 937 packets received, 7392 bps, 92.41%, Err 20 (9.6e-006)
262.022 .... 945 packets received, 7394 bps, 92.43%, Err 20 (9.5e-006)
264.195 .... 953 packets received, 7395 bps, 92.44%, Err 20 (9.5e-006)
266.365 .... 961 packets received, 7397 bps, 92.46%, Err 20 (9.4e-006)
268.505 .... 969 packets received, 7399 bps, 92.48%, Err 20 (9.3e-006)
270.674 .... 977 packets received, 7400 bps, 92.50%, Err 21 (9.7e-006)
272.829 .... 984 packets received, 7394 bps, 92.43%, Err 21 (9.6e-006)
275.001 .... 992 packets received, 7395 bps, 92.44%, Err 21 (9.5e-006)
277.163 .... 999 packets received, 7389 bps, 92.37%, Err 22 (9.9e-006)
279.832 .... 1004 packets received, 7355 bps, 91.94%, Err 23 (1.0e-005)
281.994 .... 1016 packets received, 7386 bps, 92.33%, Err 23 (1.0e-005)
284.165 .... 1024 packets received, 7387 bps, 92.34%, Err 23 (1.0e-005)
286.310 .... 1032 packets received, 7389 bps, 92.37%, Err 23 (1.0e-005)
289.292 .... 1038 packets received, 7355 bps, 91.94%, Err 24 (1.0e-005)
291.445 .... 1050 packets received, 7386 bps, 92.32%, Err 24 (1.0e-005)
293.616 .... 1058 packets received, 7387 bps, 92.33%, Err 24 (1.0e-005)
295.772 .... 1066 packets received, 7388 bps, 92.35%, Err 24 (1.0e-005)
297.930 .... 1074 packets received, 7390 bps, 92.37%, Err 24 (1.0e-005)
301.180 .... 1081 packets received, 7358 bps, 91.97%, Err 25 (1.0e-005)
303.335 .... 1093 packets received, 7386 bps, 92.33%, Err 25 (1.0e-005)
305.491 .... 1101 packets received, 7388 bps, 92.35%, Err 25 (1.0e-005)
307.622 .... 1109 packets received, 7390 bps, 92.37%, Err 25 (1.0e-005)
309.795 .... 1117 packets received, 7391 bps, 92.39%, Err 25 (1.0e-005)
311.952 .... 1125 packets received, 7392 bps, 92.40%, Err 25 (1.0e-005)
314.141 .... 1133 packets received, 7393 bps, 92.41%, Err 25 (9.9e-006)
316.287 .... 1141 packets received, 7395 bps, 92.43%, Err 25 (9.9e-006)
318.455 .... 1149 packets received, 7396 bps, 92.45%, Err 25 (9.8e-006)
320.626 .... 1157 packets received, 7397 bps, 92.46%, Err 25 (9.7e-006)
322.798 .... 1165 packets received, 7398 bps, 92.47%, Err 25 (9.7e-006)
324.972 .... 1173 packets received, 7399 bps, 92.48%, Err 25 (9.6e-006)
327.146 .... 1181 packets received, 7400 bps, 92.50%, Err 25 (9.6e-006)
329.305 .... 1189 packets received, 7401 bps, 92.51%, Err 25 (9.5e-006)
331.479 .... 1197 packets received, 7402 bps, 92.52%, Err 25 (9.4e-006)
333.641 .... 1205 packets received, 7403 bps, 92.54%, Err 25 (9.4e-006)
335.784 .... 1213 packets received, 7404 bps, 92.56%, Err 25 (9.3e-006)
337.943 .... 1221 packets received, 7406 bps, 92.57%, Err 25 (9.2e-006)
340.084 .... 1229 packets received, 7407 bps, 92.59%, Err 26 (9.6e-006)
342.274 .... 1237 packets received, 7408 bps, 92.60%, Err 26 (9.5e-006)
344.413 .... 1245 packets received, 7409 bps, 92.62%, Err 27 (9.8e-006)
346.570 .... 1253 packets received, 7410 bps, 92.63%, Err 27 (9.7e-006)
348.743 .... 1261 packets received, 7411 bps, 92.64%, Err 27 (9.7e-006)
350.896 .... 1269 packets received, 7412 bps, 92.66%, Err 27 (9.6e-006)
353.046 .... 1277 packets received, 7414 bps, 92.67%, Err 27 (9.6e-006)
355.214 .... 1285 packets received, 7415 bps, 92.68%, Err 27 (9.5e-006)
357.371 .... 1293 packets received, 7416 bps, 92.70%, Err 27 (9.4e-006)
359.551 .... 1301 packets received, 7416 bps, 92.70%, Err 28 (9.7e-006)
361.704 .... 1308 packets received, 7412 bps, 92.65%, Err 28 (9.7e-006)
365.219 .... 1316 packets received, 7385 bps, 92.32%, Err 29 (9.9e-006)
367.389 .... 1328 packets received, 7409 bps, 92.61%, Err 29 (9.9e-006)
369.532 .... 1336 packets received, 7410 bps, 92.62%, Err 29 (9.8e-006)
371.707 .... 1344 packets received, 7411 bps, 92.63%, Err 29 (9.8e-006)
373.881 .... 1352 packets received, 7411 bps, 92.64%, Err 29 (9.7e-006)
376.049 .... 1360 packets received, 7412 bps, 92.65%, Err 29 (9.6e-006)
379.027 .... 1366 packets received, 7386 bps, 92.33%, Err 30 (9.9e-006)
381.188 .... 1378 packets received, 7409 bps, 92.61%, Err 30 (9.8e-006)
383.347 .... 1386 packets received, 7410 bps, 92.63%, Err 30 (9.8e-006)
385.502 .... 1394 packets received, 7411 bps, 92.64%, Err 30 (9.7e-006)
387.642 .... 1402 packets received, 7412 bps, 92.66%, Err 30 (9.7e-006)
389.827 .... 1410 packets received, 7413 bps, 92.66%, Err 30 (9.6e-006)
391.968 .... 1418 packets received, 7414 bps, 92.68%, Err 30 (9.6e-006)
395.477 .... 1426 packets received, 7390 bps, 92.37%, Err 31 (9.8e-006)
397.647 .... 1438 packets received, 7411 bps, 92.64%, Err 31 (9.7e-006)
399.819 .... 1441 packets received, 7386 bps, 92.33%, Err 32 (1.0e-005)
403.328 .... 1453 packets received, 7383 bps, 92.29%, Err 33 (1.0e-005)
405.467 .... 1465 packets received, 7405 bps, 92.56%, Err 33 (1.0e-005)
407.625 .... 1473 packets received, 7406 bps, 92.57%, Err 33 (1.0e-005)
410.051 .... 1477 packets received, 7382 bps, 92.27%, Err 34 (1.0e-005)
412.233 .... 1489 packets received, 7402 bps, 92.53%, Err 34 (1.0e-005)
414.384 .... 1497 packets received, 7404 bps, 92.54%, Err 34 (1.0e-005)
416.554 .... 1505 packets received, 7404 bps, 92.55%, Err 34 (1.0e-005)
418.709 .... 1513 packets received, 7405 bps, 92.57%, Err 34 (1.0e-005)
420.891 .... 1521 packets received, 7406 bps, 92.57%, Err 34 (1.0e-005)
423.051 .... 1529 packets received, 7407 bps, 92.59%, Err 34 (1.0e-005)
425.220 .... 1537 packets received, 7408 bps, 92.59%, Err 34 (1.0e-005)
427.347 .... 1545 packets received, 7409 bps, 92.61%, Err 34 (9.9e-006)
429.527 .... 1553 packets received, 7410 bps, 92.62%, Err 34 (9.9e-006)
431.680 .... 1561 packets received, 7411 bps, 92.63%, Err 34 (9.8e-006)
433.855 .... 1569 packets received, 7411 bps, 92.64%, Err 34 (9.8e-006)
436.040 .... 1577 packets received, 7412 bps, 92.65%, Err 34 (9.7e-006)
438.192 .... 1585 packets received, 7413 bps, 92.66%, Err 34 (9.7e-006)
440.361 .... 1593 packets received, 7413 bps, 92.67%, Err 34 (9.7e-006)
442.518 .... 1601 packets received, 7414 bps, 92.68%, Err 34 (9.6e-006)
445.213 .... 1606 packets received, 7392 bps, 92.40%, Err 35 (9.8e-006)
447.384 .... 1618 packets received, 7411 bps, 92.64%, Err 35 (9.8e-006)
449.536 .... 1626 packets received, 7412 bps, 92.65%, Err 35 (9.7e-006)
451.720 .... 1629 packets received, 7390 bps, 92.38%, Err 36 (1.0e-005)
453.846 .... 1641 packets received, 7410 bps, 92.62%, Err 36 (9.9e-006)
456.029 .... 1649 packets received, 7410 bps, 92.63%, Err 36 (9.9e-006)
458.169 .... 1657 packets received, 7411 bps, 92.64%, Err 36 (9.8e-006)
460.357 .... 1665 packets received, 7412 bps, 92.65%, Err 36 (9.8e-006)
462.528 .... 1673 packets received, 7412 bps, 92.65%, Err 36 (9.7e-006)
465.752 .... 1680 packets received, 7392 bps, 92.40%, Err 37 (9.9e-006)
467.920 .... 1692 packets received, 7410 bps, 92.63%, Err 37 (9.9e-006)
470.074 .... 1700 packets received, 7411 bps, 92.64%, Err 37 (9.8e-006)
472.229 .... 1708 packets received, 7412 bps, 92.65%, Err 38 (1.0e-005)
474.402 .... 1716 packets received, 7412 bps, 92.65%, Err 38 (1.0e-005)
476.591 .... 1724 packets received, 7413 bps, 92.66%, Err 38 (1.0e-005)
478.753 .... 1731 packets received, 7409 bps, 92.61%, Err 39 (1.0e-005)
480.912 .... 1739 packets received, 7410 bps, 92.62%, Err 39 (1.0e-005)
483.087 .... 1747 packets received, 7411 bps, 92.63%, Err 39 (1.0e-005)
485.246 .... 1755 packets received, 7411 bps, 92.64%, Err 39 (1.0e-005)
487.424 .... 1763 packets received, 7412 bps, 92.65%, Err 39 (1.0e-005)
489.582 .... 1771 packets received, 7413 bps, 92.66%, Err 39 (1.0e-005)
491.719 .... 1779 packets received, 7414 bps, 92.67%, Err 39 (9.9e-006)
493.895 .... 1787 packets received, 7414 bps, 92.68%, Err 39 (9.9e-006)
496.053 .... 1795 packets received, 7415 bps, 92.69%, Err 39 (9.8e-006)
498.210 .... 1803 packets received, 7416 bps, 92.70%, Err 39 (9.8e-006)
500.401 .... 1811 packets received, 7416 bps, 92.70%, Err 40 (1.0e-005)
502.546 .... 1818 packets received, 7413 bps, 92.66%, Err 40 (9.9e-006)
504.690 .... 1826 packets received, 7414 bps, 92.67%, Err 40 (9.9e-006)
506.866 .... 1834 packets received, 7414 bps, 92.68%, Err 40 (9.9e-006)
509.045 .... 1842 packets received, 7415 bps, 92.69%, Err 40 (9.8e-006)
511.192 .... 1850 packets received, 7416 bps, 92.70%, Err 40 (9.8e-006)
514.725 .... 1854 packets received, 7381 bps, 92.26%, Err 42 (1.0e-005)
516.870 .... 1869 packets received, 7410 bps, 92.62%, Err 42 (1.0e-005)
519.028 .... 1877 packets received, 7410 bps, 92.63%, Err 42 (1.0e-005)
521.192 .... 1885 packets received, 7411 bps, 92.64%, Err 42 (1.0e-005)
523.321 .... 1893 packets received, 7412 bps, 92.65%, Err 42 (1.0e-005)
525.494 .... 1901 packets received, 7413 bps, 92.66%, Err 42 (1.0e-005)
527.640 .... 1909 packets received, 7414 bps, 92.67%, Err 42 (1.0e-005)
529.805 .... 1917 packets received, 7414 bps, 92.68%, Err 43 (1.0e-005)
531.971 .... 1925 packets received, 7415 bps, 92.69%, Err 43 (1.0e-005)
534.144 .... 1933 packets received, 7415 bps, 92.69%, Err 43 (1.0e-005)
536.318 .... 1941 packets received, 7416 bps, 92.70%, Err 43 (1.0e-005)
538.490 .... 1949 packets received, 7416 bps, 92.70%, Err 43 (1.0e-005)
540.926 .... 1953 packets received, 7398 bps, 92.48%, Err 44 (1.0e-005)
543.087 .... 1965 packets received, 7414 bps, 92.67%, Err 44 (1.0e-005)
545.235 .... 1973 packets received, 7415 bps, 92.68%, Err 44 (1.0e-005)
547.428 .... 1981 packets received, 7415 bps, 92.69%, Err 44 (1.0e-005)
549.582 .... 1989 packets received, 7416 bps, 92.70%, Err 44 (1.0e-005)
551.759 .... 1997 packets received, 7416 bps, 92.70%, Err 44 (1.0e-005)
553.923 .... 2000 packets received, 7398 bps, 92.48%, Err 45 (1.0e-005)
556.071 .... 2012 packets received, 7414 bps, 92.67%, Err 45 (1.0e-005)
558.254 .... 2020 packets received, 7414 bps, 92.68%, Err 45 (1.0e-005)
560.412 .... 2028 packets received, 7415 bps, 92.69%, Err 45 (1.0e-005)
563.657 .... 2035 packets received, 7398 bps, 92.47%, Err 47 (1.0e-005)
565.811 .... 2047 packets received, 7413 bps, 92.66%, Err 47 (1.0e-005)
567.971 .... 2055 packets received, 7414 bps, 92.67%, Err 47 (1.0e-005)
570.148 .... 2063 packets received, 7414 bps, 92.68%, Err 47 (1.0e-005)
572.292 .... 2071 packets received, 7415 bps, 92.69%, Err 47 (1.0e-005)
574.444 .... 2079 packets received, 7416 bps, 92.70%, Err 47 (1.0e-005)
576.609 .... 2087 packets received, 7416 bps, 92.70%, Err 47 (1.0e-005)
578.798 .... 2095 packets received, 7416 bps, 92.71%, Err 47 (1.0e-005)
580.948 .... 2103 packets received, 7417 bps, 92.72%, Err 47 (1.0e-005)
583.129 .... 2111 packets received, 7418 bps, 92.72%, Err 47 (1.0e-005)
585.275 .... 2119 packets received, 7418 bps, 92.73%, Err 47 (1.0e-005)
587.466 .... 2127 packets received, 7419 bps, 92.73%, Err 47 (1.0e-005)
589.638 .... 2135 packets received, 7419 bps, 92.74%, Err 47 (1.0e-005)
591.805 .... 2143 packets received, 7420 bps, 92.74%, Err 47 (9.9e-006)
593.965 .... 2150 packets received, 7417 bps, 92.71%, Err 48 (1.0e-005)
596.132 .... 2158 packets received, 7417 bps, 92.72%, Err 48 (1.0e-005)
598.278 .... 2166 packets received, 7418 bps, 92.73%, Err 48 (1.0e-005)
600.465 .... 2174 packets received, 7418 bps, 92.73%, Err 48 (1.0e-005)
602.624 .... 2182 packets received, 7419 bps, 92.74%, Err 48 (1.0e-005)
604.807 .... 2190 packets received, 7419 bps, 92.74%, Err 48 (9.9e-006)
607.486 .... 2195 packets received, 7403 bps, 92.54%, Err 49 (1.0e-005)
609.660 .... 2207 packets received, 7417 bps, 92.72%, Err 49 (1.0e-005)
611.807 .... 2215 packets received, 7418 bps, 92.73%, Err 49 (1.0e-005)
613.969 .... 2223 packets received, 7419 bps, 92.73%, Err 49 (1.0e-005)
616.129 .... 2231 packets received, 7419 bps, 92.74%, Err 49 (9.9e-006)
618.276 .... 2239 packets received, 7420 bps, 92.75%, Err 49 (9.9e-006)
620.420 .... 2242 packets received, 7404 bps, 92.55%, Err 51 (1.0e-005)
623.671 .... 2251 packets received, 7395 bps, 92.44%, Err 52 (1.0e-005)
625.786 .... 2264 packets received, 7413 bps, 92.66%, Err 52 (1.0e-005)
627.932 .... 2267 packets received, 7397 bps, 92.46%, Err 53 (1.1e-005)
630.089 .... 2279 packets received, 7411 bps, 92.64%, Err 53 (1.1e-005)
632.267 .... 2287 packets received, 7411 bps, 92.64%, Err 54 (1.1e-005)
634.955 .... 2292 packets received, 7396 bps, 92.45%, Err 55 (1.1e-005)
637.133 .... 2304 packets received, 7409 bps, 92.62%, Err 55 (1.1e-005)
639.280 .... 2312 packets received, 7410 bps, 92.62%, Err 55 (1.1e-005)
641.470 .... 2320 packets received, 7410 bps, 92.63%, Err 55 (1.1e-005)
643.601 .... 2328 packets received, 7411 bps, 92.64%, Err 55 (1.1e-005)
645.755 .... 2336 packets received, 7412 bps, 92.65%, Err 55 (1.1e-005)
647.932 .... 2344 packets received, 7412 bps, 92.65%, Err 55 (1.1e-005)
650.112 .... 2352 packets received, 7413 bps, 92.66%, Err 55 (1.1e-005)
652.276 .... 2360 packets received, 7413 bps, 92.66%, Err 55 (1.1e-005)
654.451 .... 2368 packets received, 7413 bps, 92.67%, Err 55 (1.1e-005)
656.613 .... 2376 packets received, 7414 bps, 92.67%, Err 55 (1.0e-005)
658.786 .... 2384 packets received, 7414 bps, 92.68%, Err 55 (1.0e-005)
660.943 .... 2392 packets received, 7415 bps, 92.69%, Err 56 (1.1e-005)
663.101 .... 2400 packets received, 7416 bps, 92.69%, Err 56 (1.1e-005)
665.278 .... 2408 packets received, 7416 bps, 92.70%, Err 56 (1.1e-005)
667.435 .... 2416 packets received, 7417 bps, 92.71%, Err 56 (1.0e-005)
669.567 .... 2424 packets received, 7417 bps, 92.72%, Err 56 (1.0e-005)
671.738 .... 2432 packets received, 7418 bps, 92.72%, Err 56 (1.0e-005)
673.887 .... 2440 packets received, 7418 bps, 92.73%, Err 56 (1.0e-005)
676.071 .... 2448 packets received, 7419 bps, 92.73%, Err 56 (1.0e-005)
678.223 .... 2456 packets received, 7419 bps, 92.74%, Err 56 (1.0e-005)
680.404 .... 2464 packets received, 7420 bps, 92.75%, Err 56 (1.0e-005)
682.566 .... 2472 packets received, 7420 bps, 92.75%, Err 56 (1.0e-005)
684.725 .... 2480 packets received, 7421 bps, 92.76%, Err 56 (1.0e-005)
686.899 .... 2488 packets received, 7421 bps, 92.76%, Err 56 (1.0e-005)
689.085 .... 2496 packets received, 7421 bps, 92.77%, Err 56 (1.0e-005)
691.245 .... 2504 packets received, 7422 bps, 92.77%, Err 56 (1.0e-005)
694.756 .... 2512 packets received, 7408 bps, 92.60%, Err 57 (1.0e-005)
696.902 .... 2524 packets received, 7420 bps, 92.75%, Err 57 (1.0e-005)
699.081 .... 2532 packets received, 7421 bps, 92.76%, Err 57 (1.0e-005)
701.245 .... 2540 packets received, 7421 bps, 92.76%, Err 57 (1.0e-005)
704.196 .... 2546 packets received, 7407 bps, 92.59%, Err 58 (1.0e-005)
706.342 .... 2558 packets received, 7420 bps, 92.75%, Err 58 (1.0e-005)
708.507 .... 2566 packets received, 7420 bps, 92.75%, Err 58 (1.0e-005)
710.689 .... 2574 packets received, 7420 bps, 92.76%, Err 58 (1.0e-005)
712.851 .... 2576 packets received, 7404 bps, 92.55%, Err 59 (1.0e-005)
715.026 .... 2589 packets received, 7418 bps, 92.73%, Err 59 (1.0e-005)
717.192 .... 2597 packets received, 7419 bps, 92.74%, Err 59 (1.0e-005)
719.356 .... 2605 packets received, 7419 bps, 92.74%, Err 59 (1.0e-005)
721.514 .... 2613 packets received, 7420 bps, 92.75%, Err 59 (1.0e-005)
723.675 .... 2621 packets received, 7420 bps, 92.75%, Err 59 (1.0e-005)
725.833 .... 2629 packets received, 7421 bps, 92.76%, Err 59 (1.0e-005)
727.999 .... 2637 packets received, 7421 bps, 92.77%, Err 59 (1.0e-005)
730.158 .... 2645 packets received, 7422 bps, 92.77%, Err 59 (1.0e-005)
732.334 .... 2653 packets received, 7422 bps, 92.78%, Err 59 (1.0e-005)
734.511 .... 2661 packets received, 7422 bps, 92.78%, Err 59 (1.0e-005)
736.668 .... 2669 packets received, 7423 bps, 92.79%, Err 59 (1.0e-005)
738.847 .... 2677 packets received, 7423 bps, 92.79%, Err 59 (1.0e-005)
740.993 .... 2685 packets received, 7424 bps, 92.80%, Err 59 (1.0e-005)
743.170 .... 2693 packets received, 7424 bps, 92.80%, Err 59 (9.9e-006)
745.337 .... 2701 packets received, 7424 bps, 92.81%, Err 59 (9.9e-006)
747.511 .... 2709 packets received, 7425 bps, 92.81%, Err 59 (9.9e-006)
749.935 .... 2713 packets received, 7412 bps, 92.65%, Err 60 (1.0e-005)
752.093 .... 2725 packets received, 7423 bps, 92.79%, Err 60 (1.0e-005)
754.232 .... 2733 packets received, 7424 bps, 92.80%, Err 60 (9.9e-006)
756.419 .... 2741 packets received, 7424 bps, 92.80%, Err 60 (9.9e-006)
758.563 .... 2748 packets received, 7422 bps, 92.77%, Err 61 (1.0e-005)
760.711 .... 2756 packets received, 7422 bps, 92.78%, Err 61 (1.0e-005)
762.871 .... 2764 packets received, 7423 bps, 92.79%, Err 61 (1.0e-005)
765.016 .... 2772 packets received, 7424 bps, 92.79%, Err 61 (1.0e-005)
767.187 .... 2780 packets received, 7424 bps, 92.80%, Err 61 (9.9e-006)
769.345 .... 2788 packets received, 7424 bps, 92.80%, Err 61 (9.9e-006)
771.490 .... 2796 packets received, 7425 bps, 92.81%, Err 61 (9.9e-006)
773.662 .... 2804 packets received, 7425 bps, 92.82%, Err 61 (9.9e-006)
775.819 .... 2812 packets received, 7426 bps, 92.82%, Err 61 (9.8e-006)
777.992 .... 2820 packets received, 7426 bps, 92.83%, Err 61 (9.8e-006)
780.150 .... 2828 packets received, 7427 bps, 92.83%, Err 61 (9.8e-006)
782.308 .... 2836 packets received, 7427 bps, 92.84%, Err 61 (9.7e-006)
784.479 .... 2843 packets received, 7425 bps, 92.81%, Err 62 (9.9e-006)
786.662 .... 2851 packets received, 7425 bps, 92.81%, Err 62 (9.9e-006)
788.773 .... 2859 packets received, 7426 bps, 92.82%, Err 62 (9.8e-006)
790.901 .... 2867 packets received, 7427 bps, 92.83%, Err 62 (9.8e-006)
793.041 .... 2875 packets received, 7427 bps, 92.84%, Err 62 (9.8e-006)
795.216 .... 2883 packets received, 7427 bps, 92.84%, Err 62 (9.7e-006)
797.396 .... 2891 packets received, 7428 bps, 92.85%, Err 62 (9.7e-006)
799.571 .... 2899 packets received, 7428 bps, 92.85%, Err 62 (9.7e-006)
801.731 .... 2907 packets received, 7428 bps, 92.86%, Err 62 (9.7e-006)
803.902 .... 2915 packets received, 7429 bps, 92.86%, Err 63 (9.8e-006)
806.031 .... 2922 packets received, 7427 bps, 92.84%, Err 63 (9.8e-006)
809.239 .... 2929 packets received, 7415 bps, 92.69%, Err 64 (9.9e-006)
811.399 .... 2941 packets received, 7426 bps, 92.82%, Err 64 (9.9e-006)
813.542 .... 2949 packets received, 7426 bps, 92.83%, Err 64 (9.8e-006)
815.684 .... 2957 packets received, 7427 bps, 92.84%, Err 64 (9.8e-006)
817.813 .... 2960 packets received, 7415 bps, 92.69%, Err 65 (9.9e-006)
819.976 .... 2972 packets received, 7426 bps, 92.82%, Err 65 (9.9e-006)
822.150 .... 2980 packets received, 7426 bps, 92.82%, Err 65 (9.9e-006)
824.314 .... 2988 packets received, 7426 bps, 92.83%, Err 65 (9.9e-006)
826.479 .... 2996 packets received, 7427 bps, 92.83%, Err 65 (9.8e-006)
828.649 .... 3004 packets received, 7427 bps, 92.84%, Err 65 (9.8e-006)
830.804 .... 3012 packets received, 7427 bps, 92.84%, Err 65 (9.8e-006)
832.967 .... 3020 packets received, 7428 bps, 92.85%, Err 65 (9.8e-006)
835.162 .... 3028 packets received, 7428 bps, 92.85%, Err 65 (9.7e-006)
837.309 .... 3036 packets received, 7428 bps, 92.85%, Err 65 (9.7e-006)
839.485 .... 3043 packets received, 7426 bps, 92.83%, Err 66 (9.8e-006)
841.636 .... 3051 packets received, 7427 bps, 92.83%, Err 66 (9.8e-006)
843.798 .... 3059 packets received, 7427 bps, 92.84%, Err 66 (9.8e-006)
845.944 .... 3067 packets received, 7428 bps, 92.84%, Err 66 (9.8e-006)
848.102 .... 3075 packets received, 7428 bps, 92.85%, Err 66 (9.7e-006)
850.259 .... 3083 packets received, 7428 bps, 92.85%, Err 66 (9.7e-006)
852.428 .... 3091 packets received, 7429 bps, 92.86%, Err 66 (9.7e-006)
854.854 .... 3096 packets received, 7420 bps, 92.75%, Err 68 (9.9e-006)
857.044 .... 3107 packets received, 7427 bps, 92.84%, Err 68 (9.9e-006)
859.195 .... 3115 packets received, 7427 bps, 92.84%, Err 68 (9.9e-006)
861.366 .... 3123 packets received, 7428 bps, 92.85%, Err 68 (9.9e-006)
863.522 .... 3131 packets received, 7428 bps, 92.85%, Err 68 (9.8e-006)
865.671 .... 3139 packets received, 7429 bps, 92.86%, Err 68 (9.8e-006)
869.206 .... 3147 packets received, 7417 bps, 92.72%, Err 69 (9.9e-006)
871.364 .... 3159 packets received, 7427 bps, 92.84%, Err 69 (9.9e-006)
873.522 .... 3167 packets received, 7428 bps, 92.84%, Err 69 (9.9e-006)
875.692 .... 3175 packets received, 7428 bps, 92.85%, Err 69 (9.8e-006)
878.933 .... 3182 packets received, 7417 bps, 92.71%, Err 70 (1.0e-005)
881.109 .... 3194 packets received, 7426 bps, 92.83%, Err 70 (9.9e-006)
883.270 .... 3202 packets received, 7427 bps, 92.83%, Err 70 (9.9e-006)
885.431 .... 3210 packets received, 7427 bps, 92.84%, Err 70 (9.9e-006)
887.607 .... 3218 packets received, 7427 bps, 92.84%, Err 70 (9.9e-006)
890.044 .... 3222 packets received, 7416 bps, 92.70%, Err 71 (1.0e-005)
892.190 .... 3234 packets received, 7426 bps, 92.82%, Err 71 (9.9e-006)
894.349 .... 3242 packets received, 7426 bps, 92.83%, Err 71 (9.9e-006)
896.509 .... 3250 packets received, 7427 bps, 92.83%, Err 71 (9.9e-006)
898.682 .... 3258 packets received, 7427 bps, 92.84%, Err 71 (9.9e-006)
900.855 .... 3266 packets received, 7427 bps, 92.84%, Err 71 (9.9e-006)
903.000 .... 3274 packets received, 7428 bps, 92.85%, Err 71 (9.8e-006)
905.173 .... 3282 packets received, 7428 bps, 92.85%, Err 71 (9.8e-006)
907.349 .... 3290 packets received, 7428 bps, 92.85%, Err 71 (9.8e-006)
909.504 .... 3298 packets received, 7429 bps, 92.86%, Err 71 (9.8e-006)
911.662 .... 3306 packets received, 7429 bps, 92.86%, Err 71 (9.7e-006)
914.909 .... 3313 packets received, 7418 bps, 92.73%, Err 72 (9.8e-006)
917.067 .... 3325 packets received, 7428 bps, 92.85%, Err 72 (9.8e-006)
919.216 .... 3333 packets received, 7428 bps, 92.85%, Err 72 (9.8e-006)
921.379 .... 3341 packets received, 7428 bps, 92.86%, Err 72 (9.8e-006)
923.514 .... 3349 packets received, 7429 bps, 92.86%, Err 72 (9.7e-006)
925.688 .... 3357 packets received, 7429 bps, 92.87%, Err 72 (9.7e-006)
927.868 .... 3365 packets received, 7430 bps, 92.87%, Err 72 (9.7e-006)
930.036 .... 3373 packets received, 7430 bps, 92.87%, Err 72 (9.7e-006)
932.194 .... 3381 packets received, 7430 bps, 92.88%, Err 72 (9.7e-006)
934.342 .... 3389 packets received, 7431 bps, 92.88%, Err 72 (9.6e-006)
936.492 .... 3397 packets received, 7431 bps, 92.89%, Err 72 (9.6e-006)
938.640 .... 3405 packets received, 7432 bps, 92.89%, Err 72 (9.6e-006)
940.818 .... 3413 packets received, 7432 bps, 92.90%, Err 72 (9.6e-006)
942.977 .... 3421 packets received, 7432 bps, 92.90%, Err 72 (9.5e-006)
945.109 .... 3429 packets received, 7433 bps, 92.91%, Err 72 (9.5e-006)
947.267 .... 3437 packets received, 7433 bps, 92.91%, Err 73 (9.6e-006)
949.382 .... 3444 packets received, 7432 bps, 92.89%, Err 73 (9.6e-006)
951.561 .... 3452 packets received, 7432 bps, 92.90%, Err 74 (9.7e-006)
953.733 .... 3460 packets received, 7432 bps, 92.90%, Err 74 (9.7e-006)
955.909 .... 3468 packets received, 7432 bps, 92.90%, Err 74 (9.7e-006)
958.056 .... 3476 packets received, 7433 bps, 92.91%, Err 74 (9.7e-006)
960.227 .... 3479 packets received, 7422 bps, 92.78%, Err 75 (9.8e-006)
962.383 .... 3486 packets received, 7421 bps, 92.76%, Err 76 (9.9e-006)
964.554 .... 3498 packets received, 7429 bps, 92.87%, Err 77 (1.0e-005)
968.048 .... 3505 packets received, 7417 bps, 92.72%, Err 78 (1.0e-005)
970.222 .... 3516 packets received, 7424 bps, 92.80%, Err 78 (1.0e-005)
972.380 .... 3524 packets received, 7424 bps, 92.80%, Err 78 (1.0e-005)
974.541 .... 3532 packets received, 7425 bps, 92.81%, Err 78 (1.0e-005)
976.716 .... 3540 packets received, 7425 bps, 92.81%, Err 78 (1.0e-005)
978.877 .... 3548 packets received, 7425 bps, 92.82%, Err 78 (1.0e-005)
981.056 .... 3556 packets received, 7425 bps, 92.82%, Err 78 (9.9e-006)
983.202 .... 3563 packets received, 7424 bps, 92.80%, Err 79 (1.0e-005)
985.371 .... 3571 packets received, 7424 bps, 92.80%, Err 79 (1.0e-005)
987.554 .... 3579 packets received, 7424 bps, 92.80%, Err 79 (1.0e-005)
989.717 .... 3587 packets received, 7425 bps, 92.81%, Err 79 (1.0e-005)
991.879 .... 3595 packets received, 7425 bps, 92.81%, Err 79 (1.0e-005)
994.054 .... 3603 packets received, 7425 bps, 92.81%, Err 79 (9.9e-006)
996.218 .... 3611 packets received, 7425 bps, 92.82%, Err 79 (9.9e-006)
998.395 .... 3619 packets received, 7426 bps, 92.82%, Err 79 (9.9e-006)
1000.521 .... 3627 packets received, 7426 bps, 92.83%, Err 79 (9.9e-006)
1002.679 .... 3635 packets received, 7427 bps, 92.83%, Err 79 (9.8e-006)
1004.865 .... 3643 packets received, 7427 bps, 92.84%, Err 79 (9.8e-006)
1007.030 .... 3651 packets received, 7427 bps, 92.84%, Err 79 (9.8e-006)
1009.196 .... 3659 packets received, 7427 bps, 92.84%, Err 79 (9.8e-006)
1011.365 .... 3667 packets received, 7428 bps, 92.85%, Err 79 (9.8e-006)
1013.530 .... 3675 packets received, 7428 bps, 92.85%, Err 79 (9.7e-006)
1015.690 .... 3683 packets received, 7428 bps, 92.85%, Err 79 (9.7e-006)
1017.878 .... 3691 packets received, 7428 bps, 92.86%, Err 79 (9.7e-006)
1020.036 .... 3699 packets received, 7429 bps, 92.86%, Err 79 (9.7e-006)
1022.195 .... 3707 packets received, 7429 bps, 92.86%, Err 79 (9.7e-006)
1024.636 .... 3711 packets received, 7419 bps, 92.74%, Err 81 (9.9e-006)
1026.785 .... 3722 packets received, 7426 bps, 92.82%, Err 81 (9.9e-006)
1028.955 .... 3730 packets received, 7426 bps, 92.83%, Err 81 (9.8e-006)
1031.668 .... 3735 packets received, 7416 bps, 92.71%, Err 82 (9.9e-006)
1033.813 .... 3747 packets received, 7425 bps, 92.81%, Err 82 (9.9e-006)
1035.971 .... 3755 packets received, 7425 bps, 92.82%, Err 82 (9.9e-006)
1038.129 .... 3763 packets received, 7426 bps, 92.82%, Err 82 (9.9e-006)
1040.306 .... 3771 packets received, 7426 bps, 92.82%, Err 82 (9.9e-006)
1042.455 .... 3779 packets received, 7426 bps, 92.83%, Err 82 (9.8e-006)
1044.611 .... 3787 packets received, 7427 bps, 92.83%, Err 82 (9.8e-006)
1046.786 .... 3795 packets received, 7427 bps, 92.83%, Err 82 (9.8e-006)
1049.487 .... 3800 packets received, 7417 bps, 92.72%, Err 83 (9.9e-006)
1051.649 .... 3812 packets received, 7426 bps, 92.82%, Err 83 (9.9e-006)
1053.811 .... 3819 packets received, 7424 bps, 92.80%, Err 84 (1.0e-005)
1055.972 .... 3826 packets received, 7422 bps, 92.78%, Err 84 (9.9e-006)
1058.130 .... 3832 packets received, 7419 bps, 92.73%, Err 84 (9.9e-006)
1060.278 .... 3838 packets received, 7415 bps, 92.69%, Err 85 (1.0e-005)
1062.441 .... 3846 packets received, 7416 bps, 92.70%, Err 85 (1.0e-005)
1064.598 .... 3854 packets received, 7416 bps, 92.70%, Err 85 (1.0e-005)
1066.791 .... 3862 packets received, 7416 bps, 92.70%, Err 85 (1.0e-005)
1070.308 .... 3870 packets received, 7407 bps, 92.59%, Err 86 (1.0e-005)
1072.466 .... 3881 packets received, 7413 bps, 92.66%, Err 87 (1.0e-005)
1074.612 .... 3889 packets received, 7414 bps, 92.67%, Err 87 (1.0e-005)
1077.267 .... 3894 packets received, 7405 bps, 92.56%, Err 88 (1.0e-005)
1079.441 .... 3906 packets received, 7413 bps, 92.66%, Err 88 (1.0e-005)
1081.595 .... 3914 packets received, 7413 bps, 92.66%, Err 88 (1.0e-005)
1083.769 .... 3922 packets received, 7413 bps, 92.67%, Err 88 (1.0e-005)
1085.945 .... 3930 packets received, 7414 bps, 92.67%, Err 88 (1.0e-005)
1088.108 .... 3938 packets received, 7414 bps, 92.67%, Err 89 (1.0e-005)
1090.271 .... 3946 packets received, 7414 bps, 92.68%, Err 90 (1.0e-005)
1092.437 .... 3953 packets received, 7413 bps, 92.66%, Err 90 (1.0e-005)
1094.602 .... 3961 packets received, 7413 bps, 92.66%, Err 90 (1.0e-005)
1097.577 .... 3967 packets received, 7404 bps, 92.55%, Err 91 (1.0e-005)
1099.734 .... 3979 packets received, 7412 bps, 92.65%, Err 91 (1.0e-005)
1101.899 .... 3987 packets received, 7412 bps, 92.65%, Err 91 (1.0e-005)
1104.030 .... 3995 packets received, 7413 bps, 92.66%, Err 91 (1.0e-005)
1106.187 .... 4003 packets received, 7413 bps, 92.66%, Err 91 (1.0e-005)
1108.348 .... 4011 packets received, 7413 bps, 92.67%, Err 91 (1.0e-005)
1110.537 .... 4019 packets received, 7414 bps, 92.67%, Err 91 (1.0e-005)
1112.684 .... 4027 packets received, 7414 bps, 92.67%, Err 91 (1.0e-005)
1114.872 .... 4035 packets received, 7414 bps, 92.68%, Err 91 (1.0e-005)
1117.031 .... 4043 packets received, 7414 bps, 92.68%, Err 91 (1.0e-005)
1119.202 .... 4051 packets received, 7415 bps, 92.68%, Err 92 (1.0e-005)
1121.342 .... 4059 packets received, 7415 bps, 92.69%, Err 92 (1.0e-005)
1123.473 .... 4067 packets received, 7416 bps, 92.70%, Err 92 (1.0e-005)
1125.643 .... 4075 packets received, 7416 bps, 92.70%, Err 92 (1.0e-005)
1127.817 .... 4083 packets received, 7416 bps, 92.70%, Err 92 (1.0e-005)
1129.991 .... 4091 packets received, 7416 bps, 92.70%, Err 92 (1.0e-005)
1132.150 .... 4099 packets received, 7417 bps, 92.71%, Err 92 (1.0e-005)
1134.325 .... 4107 packets received, 7417 bps, 92.71%, Err 92 (1.0e-005)
1136.471 .... 4115 packets received, 7417 bps, 92.72%, Err 92 (1.0e-005)
1138.645 .... 4123 packets received, 7418 bps, 92.72%, Err 92 (1.0e-005)
1140.797 .... 4131 packets received, 7418 bps, 92.72%, Err 92 (1.0e-005)
1142.930 .... 4139 packets received, 7418 bps, 92.73%, Err 92 (1.0e-005)
1145.118 .... 4147 packets received, 7419 bps, 92.73%, Err 92 (1.0e-005)
1147.276 .... 4155 packets received, 7419 bps, 92.74%, Err 92 (1.0e-005)
1149.451 .... 4163 packets received, 7419 bps, 92.74%, Err 92 (1.0e-005)
1151.611 .... 4171 packets received, 7419 bps, 92.74%, Err 92 (1.0e-005)
1153.771 .... 4179 packets received, 7420 bps, 92.75%, Err 93 (1.0e-005)
1157.813 .... 4180 packets received, 7396 bps, 92.44%, Err 94 (1.0e-005)
1159.954 .... 4196 packets received, 7410 bps, 92.63%, Err 94 (1.0e-005)
1162.361 .... 4203 packets received, 7407 bps, 92.59%, Err 94 (1.0e-005)
1164.489 .... 4210 packets received, 7406 bps, 92.57%, Err 94 (1.0e-005)
1166.646 .... 4216 packets received, 7403 bps, 92.53%, Err 94 (1.0e-005)
1169.098 .... 4223 packets received, 7400 bps, 92.49%, Err 95 (1.0e-005)
1171.246 .... 4229 packets received, 7396 bps, 92.46%, Err 95 (1.0e-005)
1173.394 .... 4237 packets received, 7397 bps, 92.46%, Err 95 (1.0e-005)
1175.552 .... 4245 packets received, 7397 bps, 92.47%, Err 95 (1.0e-005)
1177.725 .... 4253 packets received, 7397 bps, 92.47%, Err 95 (1.0e-005)
1179.867 .... 4261 packets received, 7398 bps, 92.47%, Err 95 (1.0e-005)
1182.029 .... 4269 packets received, 7398 bps, 92.48%, Err 95 (1.0e-005)
1184.185 .... 4277 packets received, 7399 bps, 92.48%, Err 95 (1.0e-005)
1186.372 .... 4285 packets received, 7399 bps, 92.49%, Err 95 (1.0e-005)
1188.527 .... 4293 packets received, 7399 bps, 92.49%, Err 95 (1.0e-005)
1190.690 .... 4301 packets received, 7400 bps, 92.49%, Err 95 (1.0e-005)
1192.865 .... 4309 packets received, 7400 bps, 92.50%, Err 95 (1.0e-005)
1195.027 .... 4317 packets received, 7400 bps, 92.50%, Err 95 (9.9e-006)
1197.204 .... 4325 packets received, 7400 bps, 92.50%, Err 95 (9.9e-006)
1199.369 .... 4333 packets received, 7401 bps, 92.51%, Err 95 (9.9e-006)
1201.546 .... 4341 packets received, 7401 bps, 92.51%, Err 95 (9.9e-006)
1203.708 .... 4349 packets received, 7401 bps, 92.51%, Err 95 (9.9e-006)
1205.869 .... 4357 packets received, 7401 bps, 92.52%, Err 95 (9.8e-006)
1208.020 .... 4364 packets received, 7400 bps, 92.50%, Err 96 (9.9e-006)
1210.211 .... 4372 packets received, 7400 bps, 92.50%, Err 96 (9.9e-006)
1212.370 .... 4380 packets received, 7401 bps, 92.51%, Err 96 (9.9e-006)
1215.613 .... 4387 packets received, 7393 bps, 92.41%, Err 98 (1.0e-005)
1217.791 .... 4399 packets received, 7400 bps, 92.50%, Err 98 (1.0e-005)
1219.938 .... 4407 packets received, 7400 bps, 92.50%, Err 98 (1.0e-005)
1222.081 .... 4415 packets received, 7400 bps, 92.51%, Err 98 (1.0e-005)
1224.211 .... 4423 packets received, 7401 bps, 92.51%, Err 98 (1.0e-005)
1226.331 .... 4430 packets received, 7400 bps, 92.50%, Err 99 (1.0e-005)
1229.871 .... 4438 packets received, 7392 bps, 92.40%, Err 100 (1.0e-005)
1232.015 .... 4450 packets received, 7399 bps, 92.49%, Err 100 (1.0e-005)
1234.197 .... 4458 packets received, 7399 bps, 92.49%, Err 100 (1.0e-005)
1236.358 .... 4466 packets received, 7400 bps, 92.49%, Err 100 (1.0e-005)
1238.523 .... 4474 packets received, 7400 bps, 92.50%, Err 100 (1.0e-005)
1240.684 .... 4482 packets received, 7400 bps, 92.50%, Err 101 (1.0e-005)
1243.075 .... 4486 packets received, 7392 bps, 92.41%, Err 102 (1.0e-005)
1245.237 .... 4497 packets received, 7398 bps, 92.47%, Err 102 (1.0e-005)
1247.411 .... 4505 packets received, 7398 bps, 92.47%, Err 102 (1.0e-005)
1249.586 .... 4513 packets received, 7398 bps, 92.48%, Err 102 (1.0e-005)
1251.758 .... 4521 packets received, 7398 bps, 92.48%, Err 102 (1.0e-005)
1253.890 .... 4529 packets received, 7399 bps, 92.49%, Err 102 (1.0e-005)
1256.047 .... 4537 packets received, 7399 bps, 92.49%, Err 102 (1.0e-005)
1258.221 .... 4545 packets received, 7400 bps, 92.49%, Err 102 (1.0e-005)
1260.397 .... 4553 packets received, 7400 bps, 92.50%, Err 102 (1.0e-005)
1263.079 .... 4558 packets received, 7392 bps, 92.40%, Err 103 (1.0e-005)
1265.269 .... 4570 packets received, 7399 bps, 92.48%, Err 103 (1.0e-005)
1267.428 .... 4578 packets received, 7399 bps, 92.49%, Err 103 (1.0e-005)
1269.603 .... 4586 packets received, 7399 bps, 92.49%, Err 103 (1.0e-005)
1271.765 .... 4594 packets received, 7400 bps, 92.50%, Err 103 (1.0e-005)
1273.942 .... 4602 packets received, 7400 bps, 92.50%, Err 103 (1.0e-005)
1276.103 .... 4610 packets received, 7400 bps, 92.50%, Err 103 (1.0e-005)
1278.248 .... 4618 packets received, 7401 bps, 92.51%, Err 103 (1.0e-005)
1280.378 .... 4626 packets received, 7401 bps, 92.51%, Err 103 (1.0e-005)
1282.557 .... 4634 packets received, 7401 bps, 92.52%, Err 103 (1.0e-005)
1284.717 .... 4642 packets received, 7402 bps, 92.52%, Err 103 (1.0e-005)
1286.881 .... 4649 packets received, 7400 bps, 92.50%, Err 104 (1.0e-005)
1289.041 .... 4657 packets received, 7401 bps, 92.51%, Err 104 (1.0e-005)
1291.187 .... 4665 packets received, 7401 bps, 92.51%, Err 104 (1.0e-005)
1293.344 .... 4673 packets received, 7401 bps, 92.52%, Err 104 (1.0e-005)
1296.585 .... 4680 packets received, 7394 bps, 92.42%, Err 105 (1.0e-005)
1298.775 .... 4692 packets received, 7400 bps, 92.50%, Err 106 (1.0e-005)
1300.906 .... 4699 packets received, 7399 bps, 92.49%, Err 107 (1.0e-005)
1303.053 .... 4705 packets received, 7396 bps, 92.46%, Err 107 (1.0e-005)
1305.476 .... 4712 packets received, 7394 bps, 92.42%, Err 107 (1.0e-005)
1307.637 .... 4719 packets received, 7392 bps, 92.41%, Err 107 (1.0e-005)
1309.766 .... 4725 packets received, 7390 bps, 92.37%, Err 107 (1.0e-005)
1312.191 .... 4732 packets received, 7387 bps, 92.34%, Err 107 (1.0e-005)
1314.626 .... 4739 packets received, 7384 bps, 92.30%, Err 107 (1.0e-005)
1316.774 .... 4745 packets received, 7382 bps, 92.27%, Err 108 (1.0e-005)
1319.214 .... 4749 packets received, 7374 bps, 92.18%, Err 109 (1.0e-005)
1321.347 .... 4761 packets received, 7381 bps, 92.26%, Err 109 (1.0e-005)
1323.524 .... 4769 packets received, 7381 bps, 92.26%, Err 109 (1.0e-005)
1326.234 .... 4774 packets received, 7374 bps, 92.17%, Err 110 (1.0e-005)
1328.395 .... 4786 packets received, 7380 bps, 92.25%, Err 110 (1.0e-005)
1330.556 .... 4794 packets received, 7381 bps, 92.26%, Err 110 (1.0e-005)
1332.717 .... 4802 packets received, 7381 bps, 92.26%, Err 110 (1.0e-005)
1334.905 .... 4810 packets received, 7381 bps, 92.26%, Err 110 (1.0e-005)
1337.082 .... 4818 packets received, 7381 bps, 92.27%, Err 110 (1.0e-005)
1339.229 .... 4826 packets received, 7382 bps, 92.27%, Err 110 (1.0e-005)
1341.403 .... 4834 packets received, 7382 bps, 92.27%, Err 110 (1.0e-005)
1343.577 .... 4842 packets received, 7382 bps, 92.28%, Err 110 (1.0e-005)
1345.755 .... 4850 packets received, 7382 bps, 92.28%, Err 110 (1.0e-005)
1347.904 .... 4858 packets received, 7383 bps, 92.28%, Err 110 (1.0e-005)
1350.887 .... 4864 packets received, 7376 bps, 92.19%, Err 112 (1.0e-005)
1353.033 .... 4875 packets received, 7381 bps, 92.26%, Err 112 (1.0e-005)
1356.271 .... 4882 packets received, 7373 bps, 92.17%, Err 113 (1.0e-005)
1358.419 .... 4894 packets received, 7380 bps, 92.25%, Err 113 (1.0e-005)
1360.593 .... 4902 packets received, 7380 bps, 92.25%, Err 113 (1.0e-005)
1362.735 .... 4910 packets received, 7381 bps, 92.26%, Err 113 (1.0e-005)
1364.866 .... 4918 packets received, 7381 bps, 92.26%, Err 113 (1.0e-005)
1367.029 .... 4926 packets received, 7381 bps, 92.27%, Err 113 (1.0e-005)
1369.185 .... 4934 packets received, 7382 bps, 92.27%, Err 113 (1.0e-005)
1371.372 .... 4942 packets received, 7382 bps, 92.27%, Err 113 (1.0e-005)
1373.542 .... 4950 packets received, 7382 bps, 92.28%, Err 113 (1.0e-005)
1375.691 .... 4958 packets received, 7383 bps, 92.28%, Err 113 (1.0e-005)
1377.871 .... 4966 packets received, 7383 bps, 92.28%, Err 113 (1.0e-005)
1380.046 .... 4974 packets received, 7383 bps, 92.29%, Err 113 (1.0e-005)
1382.212 .... 4982 packets received, 7383 bps, 92.29%, Err 113 (1.0e-005)
1384.359 .... 4990 packets received, 7384 bps, 92.30%, Err 113 (1.0e-005)
1386.535 .... 4998 packets received, 7384 bps, 92.30%, Err 113 (1.0e-005)
1390.067 .... 5006 packets received, 7377 bps, 92.21%, Err 114 (1.0e-005)
1392.212 .... 5018 packets received, 7383 bps, 92.29%, Err 114 (1.0e-005)
1394.391 .... 5026 packets received, 7383 bps, 92.29%, Err 114 (1.0e-005)
1396.566 .... 5034 packets received, 7384 bps, 92.30%, Err 114 (1.0e-005)
1398.728 .... 5042 packets received, 7384 bps, 92.30%, Err 114 (1.0e-005)
1400.906 .... 5050 packets received, 7384 bps, 92.30%, Err 114 (1.0e-005)
1403.065 .... 5058 packets received, 7384 bps, 92.31%, Err 114 (1.0e-005)
1405.241 .... 5066 packets received, 7385 bps, 92.31%, Err 114 (1.0e-005)
1407.391 .... 5074 packets received, 7385 bps, 92.31%, Err 114 (1.0e-005)
1409.552 .... 5082 packets received, 7385 bps, 92.32%, Err 114 (1.0e-005)
1411.745 .... 5090 packets received, 7385 bps, 92.32%, Err 114 (1.0e-005)
1413.905 .... 5098 packets received, 7386 bps, 92.32%, Err 114 (1.0e-005)
1416.078 .... 5106 packets received, 7386 bps, 92.33%, Err 114 (1.0e-005)
1418.239 .... 5114 packets received, 7386 bps, 92.33%, Err 114 (1.0e-005)
1420.414 .... 5122 packets received, 7387 bps, 92.33%, Err 114 (1.0e-005)
1422.576 .... 5130 packets received, 7387 bps, 92.34%, Err 114 (1.0e-005)
1424.722 .... 5138 packets received, 7387 bps, 92.34%, Err 114 (1.0e-005)
1426.895 .... 5146 packets received, 7387 bps, 92.34%, Err 115 (1.0e-005)
1429.040 .... 5153 packets received, 7386 bps, 92.33%, Err 115 (1.0e-005)
1431.183 .... 5159 packets received, 7384 bps, 92.30%, Err 115 (1.0e-005)
1433.855 .... 5163 packets received, 7376 bps, 92.20%, Err 116 (1.0e-005)
1436.015 .... 5174 packets received, 7380 bps, 92.26%, Err 116 (1.0e-005)
1438.175 .... 5182 packets received, 7381 bps, 92.26%, Err 116 (1.0e-005)
1440.349 .... 5190 packets received, 7381 bps, 92.26%, Err 116 (1.0e-005)
1442.526 .... 5198 packets received, 7381 bps, 92.26%, Err 116 (1.0e-005)
1444.685 .... 5206 packets received, 7382 bps, 92.27%, Err 116 (1.0e-005)
1446.849 .... 5214 packets received, 7382 bps, 92.27%, Err 116 (1.0e-005)
1449.015 .... 5222 packets received, 7382 bps, 92.28%, Err 116 (1.0e-005)
1451.192 .... 5230 packets received, 7382 bps, 92.28%, Err 116 (1.0e-005)
1451.486 ** WARNING: System too busy, sleep 15 ms, but be awakened 69 ms later
1453.344 .... 5238 packets received, 7383 bps, 92.28%, Err 116 (1.0e-005)
1455.472 .... 5241 packets received, 7376 bps, 92.20%, Err 117 (1.0e-005)
1457.617 .... 5253 packets received, 7382 bps, 92.28%, Err 117 (1.0e-005)
1459.789 .... 5261 packets received, 7382 bps, 92.28%, Err 117 (1.0e-005)
1461.953 .... 5268 packets received, 7381 bps, 92.26%, Err 118 (1.0e-005)
1464.115 .... 5276 packets received, 7381 bps, 92.27%, Err 118 (1.0e-005)
1467.363 .... 5283 packets received, 7375 bps, 92.19%, Err 119 (1.0e-005)
1469.515 .... 5295 packets received, 7381 bps, 92.26%, Err 119 (1.0e-005)
1471.697 .... 5303 packets received, 7381 bps, 92.26%, Err 119 (1.0e-005)
1473.864 .... 5311 packets received, 7381 bps, 92.27%, Err 119 (1.0e-005)
1476.034 .... 5319 packets received, 7382 bps, 92.27%, Err 119 (1.0e-005)
1478.203 .... 5327 packets received, 7382 bps, 92.27%, Err 120 (1.0e-005)
1480.323 .... 5334 packets received, 7381 bps, 92.26%, Err 120 (1.0e-005)
1482.498 .... 5342 packets received, 7381 bps, 92.26%, Err 120 (1.0e-005)
1485.476 .... 5348 packets received, 7375 bps, 92.18%, Err 121 (1.0e-005)
1487.608 .... 5360 packets received, 7381 bps, 92.26%, Err 121 (1.0e-005)
1489.741 .... 5368 packets received, 7381 bps, 92.26%, Err 121 (1.0e-005)
1491.919 .... 5376 packets received, 7381 bps, 92.26%, Err 121 (1.0e-005)
1494.074 .... 5384 packets received, 7381 bps, 92.27%, Err 121 (1.0e-005)
1496.246 .... 5392 packets received, 7382 bps, 92.27%, Err 121 (1.0e-005)
1498.435 .... 5400 packets received, 7382 bps, 92.27%, Err 121 (1.0e-005)
1500.580 .... 5408 packets received, 7382 bps, 92.28%, Err 121 (1.0e-005)
1502.753 .... 5416 packets received, 7382 bps, 92.28%, Err 121 (1.0e-005)
1504.908 .... 5424 packets received, 7383 bps, 92.28%, Err 121 (1.0e-005)
1508.431 .... 5432 packets received, 7376 bps, 92.21%, Err 122 (1.0e-005)
1510.573 .... 5444 packets received, 7382 bps, 92.28%, Err 122 (1.0e-005)
1512.754 .... 5452 packets received, 7382 bps, 92.28%, Err 122 (1.0e-005)
1514.891 .... 5460 packets received, 7383 bps, 92.29%, Err 122 (1.0e-005)
1517.026 .... 5468 packets received, 7383 bps, 92.29%, Err 122 (1.0e-005)
1519.191 .... 5476 packets received, 7383 bps, 92.29%, Err 122 (1.0e-005)
1521.346 .... 5484 packets received, 7384 bps, 92.30%, Err 122 (1.0e-005)
1523.527 .... 5492 packets received, 7384 bps, 92.30%, Err 122 (1.0e-005)
1525.690 .... 5500 packets received, 7384 bps, 92.30%, Err 122 (1.0e-005)
1527.849 .... 5508 packets received, 7385 bps, 92.31%, Err 122 (1.0e-005)
1530.015 .... 5511 packets received, 7378 bps, 92.23%, Err 123 (1.0e-005)
1532.153 .... 5523 packets received, 7384 bps, 92.30%, Err 123 (1.0e-005)
1534.319 .... 5531 packets received, 7384 bps, 92.30%, Err 123 (1.0e-005)
1536.456 .... 5539 packets received, 7384 bps, 92.31%, Err 123 (1.0e-005)
1538.635 .... 5547 packets received, 7385 bps, 92.31%, Err 123 (1.0e-005)
1541.057 .... 5551 packets received, 7378 bps, 92.23%, Err 124 (1.0e-005)
1543.233 .... 5563 packets received, 7384 bps, 92.30%, Err 124 (1.0e-005)
1545.407 .... 5571 packets received, 7384 bps, 92.30%, Err 124 (1.0e-005)
1547.582 .... 5579 packets received, 7384 bps, 92.30%, Err 124 (1.0e-005)
1549.744 .... 5587 packets received, 7385 bps, 92.31%, Err 124 (1.0e-005)
1551.903 .... 5595 packets received, 7385 bps, 92.31%, Err 124 (1.0e-005)
1554.062 .... 5598 packets received, 7379 bps, 92.23%, Err 125 (1.0e-005)
1556.220 .... 5610 packets received, 7384 bps, 92.30%, Err 125 (1.0e-005)
1558.395 .... 5618 packets received, 7384 bps, 92.30%, Err 125 (1.0e-005)
1560.521 .... 5626 packets received, 7385 bps, 92.31%, Err 125 (1.0e-005)
1562.696 .... 5634 packets received, 7385 bps, 92.31%, Err 125 (1.0e-005)
1564.853 .... 5642 packets received, 7385 bps, 92.32%, Err 125 (1.0e-005)
1567.043 .... 5650 packets received, 7385 bps, 92.32%, Err 125 (1.0e-005)
1569.199 .... 5658 packets received, 7386 bps, 92.32%, Err 125 (1.0e-005)
1571.359 .... 5666 packets received, 7386 bps, 92.32%, Err 125 (9.9e-006)
1573.532 .... 5674 packets received, 7386 bps, 92.33%, Err 125 (9.9e-006)
1575.715 .... 5682 packets received, 7386 bps, 92.33%, Err 125 (9.9e-006)
1577.880 .... 5690 packets received, 7387 bps, 92.33%, Err 125 (9.9e-006)
1580.021 .... 5698 packets received, 7387 bps, 92.34%, Err 125 (9.9e-006)
1582.182 .... 5706 packets received, 7387 bps, 92.34%, Err 125 (9.9e-006)
1584.353 .... 5714 packets received, 7387 bps, 92.34%, Err 125 (9.9e-006)
1586.525 .... 5722 packets received, 7388 bps, 92.35%, Err 125 (9.8e-006)
1588.685 .... 5730 packets received, 7388 bps, 92.35%, Err 125 (9.8e-006)
1591.100 .... 5734 packets received, 7382 bps, 92.27%, Err 126 (9.9e-006)
1593.277 .... 5746 packets received, 7387 bps, 92.34%, Err 127 (1.0e-005)
1595.454 .... 5754 packets received, 7387 bps, 92.34%, Err 127 (1.0e-005)
1597.625 .... 5762 packets received, 7388 bps, 92.35%, Err 127 (9.9e-006)
1599.782 .... 5770 packets received, 7388 bps, 92.35%, Err 127 (9.9e-006)
1601.938 .... 5778 packets received, 7388 bps, 92.35%, Err 127 (9.9e-006)
1604.393 .... 5782 packets received, 7382 bps, 92.27%, Err 129 (1.0e-005)
1606.536 .... 5793 packets received, 7386 bps, 92.33%, Err 129 (1.0e-005)
1608.955 .... 5797 packets received, 7380 bps, 92.25%, Err 130 (1.0e-005)
1611.111 .... 5809 packets received, 7386 bps, 92.32%, Err 130 (1.0e-005)
1613.259 .... 5817 packets received, 7386 bps, 92.32%, Err 130 (1.0e-005)
1615.435 .... 5825 packets received, 7386 bps, 92.33%, Err 130 (1.0e-005)
1617.561 .... 5833 packets received, 7386 bps, 92.33%, Err 130 (1.0e-005)
1619.731 .... 5841 packets received, 7387 bps, 92.33%, Err 130 (1.0e-005)
1621.887 .... 5849 packets received, 7387 bps, 92.34%, Err 130 (1.0e-005)
1624.045 .... 5857 packets received, 7387 bps, 92.34%, Err 130 (1.0e-005)
1626.222 .... 5864 packets received, 7386 bps, 92.33%, Err 131 (1.0e-005)
1628.369 .... 5872 packets received, 7386 bps, 92.33%, Err 131 (1.0e-005)
1630.777 .... 5876 packets received, 7381 bps, 92.26%, Err 133 (1.0e-005)
1632.937 .... 5887 packets received, 7385 bps, 92.31%, Err 133 (1.0e-005)
1635.080 .... 5893 packets received, 7382 bps, 92.28%, Err 133 (1.0e-005)
1637.252 .... 5900 packets received, 7381 bps, 92.27%, Err 133 (1.0e-005)
1639.397 .... 5906 packets received, 7379 bps, 92.24%, Err 133 (1.0e-005)
1641.530 .... 5912 packets received, 7377 bps, 92.21%, Err 133 (1.0e-005)
1643.701 .... 5918 packets received, 7375 bps, 92.19%, Err 133 (1.0e-005)
1645.858 .... 5924 packets received, 7373 bps, 92.16%, Err 133 (1.0e-005)
1648.014 .... 5930 packets received, 7371 bps, 92.13%, Err 133 (1.0e-005)
1650.155 .... 5936 packets received, 7368 bps, 92.10%, Err 133 (1.0e-005)
1652.303 .... 5942 packets received, 7366 bps, 92.08%, Err 133 (1.0e-005)
1654.721 .... 5949 packets received, 7364 bps, 92.05%, Err 133 (1.0e-005)
1657.170 .... 5956 packets received, 7362 bps, 92.02%, Err 133 (1.0e-005)
1662.246 .... 5960 packets received, 7344 bps, 91.80%, Err 135 (1.0e-005)
1664.393 .... 5976 packets received, 7355 bps, 91.93%, Err 135 (1.0e-005)
1666.800 .... 5981 packets received, 7350 bps, 91.88%, Err 135 (1.0e-005)
1669.221 .... 5986 packets received, 7346 bps, 91.82%, Err 135 (1.0e-005)
1671.896 .... 5991 packets received, 7340 bps, 91.75%, Err 135 (1.0e-005)
1674.063 .... 5997 packets received, 7338 bps, 91.72%, Err 135 (1.0e-005)
1676.217 .... 6003 packets received, 7336 bps, 91.70%, Err 135 (1.0e-005)
1678.637 .... 6010 packets received, 7334 bps, 91.67%, Err 135 (1.0e-005)
1680.793 .... 6016 packets received, 7332 bps, 91.64%, Err 135 (1.0e-005)
1682.938 .... 6022 packets received, 7330 bps, 91.62%, Err 135 (1.0e-005)
1685.104 .... 6029 packets received, 7329 bps, 91.61%, Err 135 (1.0e-005)
1687.229 .... 6035 packets received, 7327 bps, 91.58%, Err 135 (1.0e-005)
1689.656 .... 6042 packets received, 7325 bps, 91.56%, Err 135 (1.0e-005)
1691.797 .... 6048 packets received, 7323 bps, 91.53%, Err 136 (1.0e-005)
1694.797 .... 6054 packets received, 7317 bps, 91.46%, Err 137 (1.0e-005)
1696.965 .... 6066 packets received, 7322 bps, 91.53%, Err 137 (1.0e-005)
1699.122 .... 6074 packets received, 7322 bps, 91.53%, Err 137 (1.0e-005)
1701.290 .... 6082 packets received, 7323 bps, 91.53%, Err 137 (1.0e-005)
1703.446 .... 6090 packets received, 7323 bps, 91.54%, Err 137 (1.0e-005)
1705.585 .... 6098 packets received, 7323 bps, 91.54%, Err 137 (1.0e-005)
1707.772 .... 6106 packets received, 7324 bps, 91.55%, Err 137 (1.0e-005)
1709.925 .... 6114 packets received, 7324 bps, 91.55%, Err 137 (1.0e-005)
1712.104 .... 6122 packets received, 7324 bps, 91.55%, Err 137 (1.0e-005)
1714.275 .... 6130 packets received, 7325 bps, 91.56%, Err 137 (1.0e-005)
1716.435 .... 6138 packets received, 7325 bps, 91.56%, Err 137 (1.0e-005)
1718.569 .... 6146 packets received, 7325 bps, 91.57%, Err 137 (1.0e-005)
1720.721 .... 6154 packets received, 7326 bps, 91.57%, Err 137 (1.0e-005)
1722.881 .... 6162 packets received, 7326 bps, 91.58%, Err 137 (9.9e-006)
1725.069 .... 6170 packets received, 7326 bps, 91.58%, Err 137 (9.9e-006)
1727.228 .... 6178 packets received, 7327 bps, 91.58%, Err 137 (9.9e-006)
1729.353 .... 6186 packets received, 7327 bps, 91.59%, Err 137 (9.9e-006)
1731.529 .... 6194 packets received, 7327 bps, 91.59%, Err 137 (9.9e-006)
1733.715 .... 6202 packets received, 7327 bps, 91.59%, Err 137 (9.9e-006)
1735.870 .... 6210 packets received, 7328 bps, 91.60%, Err 137 (9.9e-006)
1738.040 .... 6218 packets received, 7328 bps, 91.60%, Err 137 (9.9e-006)
1740.998 .... 6224 packets received, 7323 bps, 91.53%, Err 138 (9.9e-006)
1743.184 .... 6236 packets received, 7328 bps, 91.60%, Err 138 (9.9e-006)
1745.354 .... 6244 packets received, 7328 bps, 91.60%, Err 138 (9.9e-006)
1747.492 .... 6252 packets received, 7328 bps, 91.60%, Err 138 (9.9e-006)
1749.662 .... 6260 packets received, 7329 bps, 91.61%, Err 138 (9.9e-006)
1751.814 .... 6268 packets received, 7329 bps, 91.61%, Err 138 (9.8e-006)
1753.985 .... 6276 packets received, 7329 bps, 91.61%, Err 138 (9.8e-006)
1758.585 .... 6279 packets received, 7314 bps, 91.42%, Err 140 (1.0e-005)
1760.714 .... 6295 packets received, 7323 bps, 91.54%, Err 140 (9.9e-006)
1763.134 .... 6302 packets received, 7321 bps, 91.52%, Err 140 (9.9e-006)
1765.278 .... 6309 packets received, 7321 bps, 91.51%, Err 140 (9.9e-006)
1767.419 .... 6314 packets received, 7318 bps, 91.47%, Err 141 (1.0e-005)
1769.851 .... 6321 packets received, 7316 bps, 91.44%, Err 142 (1.0e-005)
1772.003 .... 6327 packets received, 7314 bps, 91.42%, Err 142 (1.0e-005)
1774.408 .... 6334 packets received, 7312 bps, 91.40%, Err 142 (1.0e-005)
1776.561 .... 6340 packets received, 7310 bps, 91.37%, Err 142 (1.0e-005)
1778.729 .... 6347 packets received, 7309 bps, 91.36%, Err 142 (1.0e-005)
1780.881 .... 6353 packets received, 7307 bps, 91.34%, Err 142 (1.0e-005)
1784.110 .... 6359 packets received, 7301 bps, 91.26%, Err 143 (1.0e-005)
1786.279 .... 6370 packets received, 7304 bps, 91.31%, Err 144 (1.0e-005)
1788.450 .... 6377 packets received, 7304 bps, 91.30%, Err 144 (1.0e-005)
1790.606 .... 6385 packets received, 7304 bps, 91.30%, Err 144 (1.0e-005)
1792.761 .... 6393 packets received, 7304 bps, 91.30%, Err 144 (1.0e-005)
1794.929 .... 6401 packets received, 7305 bps, 91.31%, Err 144 (1.0e-005)
1797.098 .... 6409 packets received, 7305 bps, 91.31%, Err 144 (1.0e-005)
1799.283 .... 6417 packets received, 7305 bps, 91.31%, Err 144 (1.0e-005)
1801.454 .... 6425 packets received, 7305 bps, 91.32%, Err 144 (1.0e-005)
1803.886 .... 6429 packets received, 7300 bps, 91.25%, Err 145 (1.0e-005)
1806.025 .... 6441 packets received, 7305 bps, 91.31%, Err 145 (1.0e-005)
1808.181 .... 6449 packets received, 7305 bps, 91.32%, Err 145 (1.0e-005)
1810.365 .... 6457 packets received, 7306 bps, 91.32%, Err 145 (1.0e-005)
1812.523 .... 6465 packets received, 7306 bps, 91.33%, Err 145 (1.0e-005)
1814.700 .... 6473 packets received, 7306 bps, 91.33%, Err 145 (1.0e-005)
1816.836 .... 6480 packets received, 7306 bps, 91.32%, Err 146 (1.0e-005)
1818.976 .... 6488 packets received, 7306 bps, 91.33%, Err 146 (1.0e-005)
1821.129 .... 6496 packets received, 7306 bps, 91.33%, Err 146 (1.0e-005)
1823.300 .... 6504 packets received, 7307 bps, 91.33%, Err 146 (1.0e-005)
1825.473 .... 6512 packets received, 7307 bps, 91.34%, Err 146 (1.0e-005)
1827.648 .... 6520 packets received, 7307 bps, 91.34%, Err 146 (1.0e-005)
1829.789 .... 6528 packets received, 7308 bps, 91.35%, Err 146 (1.0e-005)
1831.924 .... 6536 packets received, 7308 bps, 91.35%, Err 146 (1.0e-005)
1834.086 .... 6544 packets received, 7308 bps, 91.35%, Err 146 (1.0e-005)
1836.257 .... 6552 packets received, 7309 bps, 91.36%, Err 146 (9.9e-006)
1838.428 .... 6560 packets received, 7309 bps, 91.36%, Err 146 (9.9e-006)
1840.572 .... 6568 packets received, 7309 bps, 91.37%, Err 146 (9.9e-006)
1842.741 .... 6576 packets received, 7310 bps, 91.37%, Err 146 (9.9e-006)
1844.911 .... 6584 packets received, 7310 bps, 91.37%, Err 146 (9.9e-006)
1847.082 .... 6592 packets received, 7310 bps, 91.38%, Err 146 (9.9e-006)
1849.238 .... 6600 packets received, 7310 bps, 91.38%, Err 146 (9.9e-006)
1851.408 .... 6608 packets received, 7311 bps, 91.38%, Err 146 (9.9e-006)
1853.578 .... 6616 packets received, 7311 bps, 91.39%, Err 146 (9.8e-006)
1856.268 .... 6621 packets received, 7306 bps, 91.32%, Err 147 (9.9e-006)
1859.240 .... 6631 packets received, 7305 bps, 91.32%, Err 149 (1.0e-005)
1861.394 .... 6642 packets received, 7309 bps, 91.36%, Err 149 (1.0e-005)
1863.550 .... 6650 packets received, 7309 bps, 91.37%, Err 150 (1.0e-005)
1865.722 .... 6658 packets received, 7310 bps, 91.37%, Err 150 (1.0e-005)
1867.889 .... 6666 packets received, 7310 bps, 91.37%, Err 150 (1.0e-005)
1870.322 .... 6670 packets received, 7305 bps, 91.31%, Err 151 (1.0e-005)
1872.477 .... 6682 packets received, 7309 bps, 91.37%, Err 151 (1.0e-005)
1874.634 .... 6690 packets received, 7310 bps, 91.37%, Err 152 (1.0e-005)
1878.654 .... 6691 packets received, 7295 bps, 91.19%, Err 153 (1.0e-005)
1880.777 .... 6707 packets received, 7304 bps, 91.31%, Err 153 (1.0e-005)
1883.194 .... 6714 packets received, 7303 bps, 91.28%, Err 153 (1.0e-005)
1885.349 .... 6721 packets received, 7302 bps, 91.27%, Err 153 (1.0e-005)
1888.035 .... 6725 packets received, 7296 bps, 91.20%, Err 154 (1.0e-005)
1890.211 .... 6736 packets received, 7299 bps, 91.24%, Err 154 (1.0e-005)
1892.355 .... 6744 packets received, 7300 bps, 91.25%, Err 154 (1.0e-005)
1895.867 .... 6747 packets received, 7289 bps, 91.12%, Err 156 (1.0e-005)
1898.009 .... 6762 packets received, 7297 bps, 91.22%, Err 156 (1.0e-005)
1900.150 .... 6768 packets received, 7296 bps, 91.20%, Err 156 (1.0e-005)
1902.581 .... 6775 packets received, 7294 bps, 91.17%, Err 157 (1.0e-005)
1905.001 .... 6782 packets received, 7292 bps, 91.15%, Err 157 (1.0e-005)
1907.169 .... 6789 packets received, 7291 bps, 91.14%, Err 157 (1.0e-005)
1909.307 .... 6795 packets received, 7290 bps, 91.12%, Err 157 (1.0e-005)
1911.477 .... 6801 packets received, 7288 bps, 91.10%, Err 157 (1.0e-005)
1913.635 .... 6808 packets received, 7287 bps, 91.09%, Err 157 (1.0e-005)
1915.778 .... 6814 packets received, 7285 bps, 91.07%, Err 157 (1.0e-005)
1917.922 .... 6820 packets received, 7284 bps, 91.05%, Err 157 (1.0e-005)
1920.343 .... 6827 packets received, 7282 bps, 91.02%, Err 157 (1.0e-005)
1922.498 .... 6833 packets received, 7280 bps, 91.00%, Err 157 (1.0e-005)
1924.655 .... 6840 packets received, 7279 bps, 90.99%, Err 157 (1.0e-005)
1926.792 .... 6843 packets received, 7275 bps, 90.93%, Err 158 (1.0e-005)
1928.966 .... 6853 packets received, 7277 bps, 90.96%, Err 158 (1.0e-005)
1931.151 .... 6861 packets received, 7277 bps, 90.96%, Err 158 (1.0e-005)
1933.322 .... 6869 packets received, 7277 bps, 90.97%, Err 158 (1.0e-005)
1935.476 .... 6877 packets received, 7278 bps, 90.97%, Err 158 (1.0e-005)
1937.645 .... 6885 packets received, 7278 bps, 90.98%, Err 158 (1.0e-005)
1939.816 .... 6893 packets received, 7278 bps, 90.98%, Err 158 (1.0e-005)
1941.984 .... 6901 packets received, 7279 bps, 90.98%, Err 158 (1.0e-005)
1944.679 .... 6906 packets received, 7274 bps, 90.92%, Err 159 (1.0e-005)
1946.818 .... 6918 packets received, 7279 bps, 90.98%, Err 159 (1.0e-005)
1949.231 .... 6922 packets received, 7274 bps, 90.92%, Err 160 (1.0e-005)
1951.383 .... 6934 packets received, 7278 bps, 90.98%, Err 160 (1.0e-005)
1953.556 .... 6942 packets received, 7279 bps, 90.98%, Err 160 (1.0e-005)
1955.732 .... 6950 packets received, 7279 bps, 90.99%, Err 160 (1.0e-005)
1957.877 .... 6958 packets received, 7279 bps, 90.99%, Err 160 (1.0e-005)
1960.047 .... 6966 packets received, 7280 bps, 91.00%, Err 160 (1.0e-005)
1962.200 .... 6974 packets received, 7280 bps, 91.00%, Err 160 (1.0e-005)
1964.373 .... 6982 packets received, 7280 bps, 91.00%, Err 161 (1.0e-005)
1966.546 .... 6990 packets received, 7281 bps, 91.01%, Err 161 (1.0e-005)
1968.704 .... 6998 packets received, 7281 bps, 91.01%, Err 161 (1.0e-005)
1970.888 .... 7006 packets received, 7281 bps, 91.01%, Err 161 (1.0e-005)
1973.042 .... 7014 packets received, 7282 bps, 91.02%, Err 161 (1.0e-005)
1975.473 .... 7018 packets received, 7277 bps, 90.96%, Err 162 (1.0e-005)
1977.660 .... 7030 packets received, 7281 bps, 91.01%, Err 162 (1.0e-005)
1979.799 .... 7038 packets received, 7281 bps, 91.02%, Err 162 (1.0e-005)
1981.940 .... 7046 packets received, 7282 bps, 91.02%, Err 162 (1.0e-005)
1984.093 .... 7054 packets received, 7282 bps, 91.03%, Err 162 (1.0e-005)
1986.265 .... 7062 packets received, 7283 bps, 91.03%, Err 162 (1.0e-005)
1988.453 .... 7070 packets received, 7283 bps, 91.03%, Err 162 (1.0e-005)
1990.591 .... 7078 packets received, 7283 bps, 91.04%, Err 162 (1.0e-005)
1992.779 .... 7086 packets received, 7283 bps, 91.04%, Err 162 (1.0e-005)
1995.734 .... 7092 packets received, 7279 bps, 90.98%, Err 163 (1.0e-005)
1997.876 .... 7104 packets received, 7283 bps, 91.04%, Err 163 (1.0e-005)
2000.589 .... 7109 packets received, 7278 bps, 90.98%, Err 166 (1.0e-005)
2002.745 .... 7120 packets received, 7282 bps, 91.02%, Err 166 (1.0e-005)
2004.901 .... 7128 packets received, 7282 bps, 91.03%, Err 166 (1.0e-005)
2007.088 .... 7136 packets received, 7282 bps, 91.03%, Err 166 (1.0e-005)
2009.242 .... 7144 packets received, 7283 bps, 91.04%, Err 166 (1.0e-005)
2011.403 .... 7152 packets received, 7283 bps, 91.04%, Err 166 (1.0e-005)
2013.555 .... 7160 packets received, 7283 bps, 91.04%, Err 166 (1.0e-005)
2015.711 .... 7168 packets received, 7284 bps, 91.05%, Err 166 (1.0e-005)
2017.902 .... 7176 packets received, 7284 bps, 91.05%, Err 166 (1.0e-005)
2020.045 .... 7184 packets received, 7284 bps, 91.06%, Err 166 (1.0e-005)
2022.225 .... 7192 packets received, 7285 bps, 91.06%, Err 166 (1.0e-005)
2024.397 .... 7200 packets received, 7285 bps, 91.06%, Err 166 (1.0e-005)
2027.645 .... 7207 packets received, 7280 bps, 91.00%, Err 167 (1.0e-005)
2029.817 .... 7219 packets received, 7285 bps, 91.06%, Err 167 (1.0e-005)
2031.973 .... 7227 packets received, 7285 bps, 91.06%, Err 167 (1.0e-005)
2034.144 .... 7235 packets received, 7285 bps, 91.07%, Err 167 (1.0e-005)
2036.297 .... 7243 packets received, 7286 bps, 91.07%, Err 167 (1.0e-005)
2038.470 .... 7251 packets received, 7286 bps, 91.07%, Err 167 (1.0e-005)
2040.638 .... 7259 packets received, 7286 bps, 91.08%, Err 167 (1.0e-005)
2042.800 .... 7267 packets received, 7286 bps, 91.08%, Err 167 (1.0e-005)
2044.975 .... 7275 packets received, 7287 bps, 91.08%, Err 168 (1.0e-005)
2047.162 .... 7283 packets received, 7287 bps, 91.09%, Err 168 (1.0e-005)
2049.316 .... 7291 packets received, 7287 bps, 91.09%, Err 168 (1.0e-005)
2051.460 .... 7299 packets received, 7288 bps, 91.10%, Err 168 (1.0e-005)
2053.633 .... 7307 packets received, 7288 bps, 91.10%, Err 168 (1.0e-005)
2055.805 .... 7315 packets received, 7288 bps, 91.10%, Err 168 (1.0e-005)
2057.961 .... 7323 packets received, 7289 bps, 91.11%, Err 168 (1.0e-005)
2060.117 .... 7331 packets received, 7289 bps, 91.11%, Err 168 (1.0e-005)
2062.286 .... 7339 packets received, 7289 bps, 91.11%, Err 168 (1.0e-005)
2065.272 .... 7345 packets received, 7285 bps, 91.06%, Err 169 (1.0e-005)
2067.428 .... 7357 packets received, 7289 bps, 91.11%, Err 169 (1.0e-005)
2069.614 .... 7365 packets received, 7289 bps, 91.11%, Err 169 (1.0e-005)
2071.773 .... 7373 packets received, 7289 bps, 91.12%, Err 169 (1.0e-005)
2073.941 .... 7381 packets received, 7290 bps, 91.12%, Err 169 (1.0e-005)
2076.098 .... 7389 packets received, 7290 bps, 91.12%, Err 169 (1.0e-005)
2078.288 .... 7397 packets received, 7290 bps, 91.13%, Err 169 (1.0e-005)
2080.446 .... 7405 packets received, 7290 bps, 91.13%, Err 169 (1.0e-005)
2082.616 .... 7413 packets received, 7291 bps, 91.13%, Err 169 (1.0e-005)
2084.770 .... 7421 packets received, 7291 bps, 91.14%, Err 169 (1.0e-005)
2086.943 .... 7429 packets received, 7291 bps, 91.14%, Err 169 (1.0e-005)
2090.156 .... 7436 packets received, 7287 bps, 91.09%, Err 170 (1.0e-005)
2092.330 .... 7448 packets received, 7291 bps, 91.14%, Err 170 (1.0e-005)
2094.519 .... 7456 packets received, 7291 bps, 91.14%, Err 170 (1.0e-005)
2096.661 .... 7464 packets received, 7292 bps, 91.15%, Err 170 (1.0e-005)
2098.803 .... 7472 packets received, 7292 bps, 91.15%, Err 170 (1.0e-005)
2100.990 .... 7480 packets received, 7292 bps, 91.15%, Err 170 (1.0e-005)
2103.162 .... 7488 packets received, 7293 bps, 91.16%, Err 170 (1.0e-005)
2105.301 .... 7496 packets received, 7293 bps, 91.16%, Err 170 (1.0e-005)
2107.425 .... 7504 packets received, 7293 bps, 91.17%, Err 170 (1.0e-005)
2110.959 .... 7512 packets received, 7289 bps, 91.11%, Err 171 (1.0e-005)
2113.133 .... 7524 packets received, 7293 bps, 91.16%, Err 171 (1.0e-005)
2115.282 .... 7532 packets received, 7293 bps, 91.17%, Err 171 (1.0e-005)
2117.443 .... 7540 packets received, 7294 bps, 91.17%, Err 171 (1.0e-005)
2119.635 .... 7548 packets received, 7294 bps, 91.17%, Err 171 (1.0e-005)
2121.794 .... 7556 packets received, 7294 bps, 91.18%, Err 171 (1.0e-005)
2123.952 .... 7564 packets received, 7294 bps, 91.18%, Err 171 (1.0e-005)
2126.909 .... 7570 packets received, 7290 bps, 91.13%, Err 172 (1.0e-005)
2129.343 .... 7578 packets received, 7289 bps, 91.12%, Err 173 (1.0e-005)
2131.507 .... 7590 packets received, 7294 bps, 91.17%, Err 173 (1.0e-005)
2133.668 .... 7598 packets received, 7294 bps, 91.17%, Err 173 (1.0e-005)
2135.812 .... 7606 packets received, 7294 bps, 91.18%, Err 173 (1.0e-005)
2137.972 .... 7614 packets received, 7295 bps, 91.18%, Err 173 (1.0e-005)
2140.149 .... 7622 packets received, 7295 bps, 91.18%, Err 173 (1.0e-005)
2142.311 .... 7630 packets received, 7295 bps, 91.19%, Err 173 (1.0e-005)
2144.466 .... 7638 packets received, 7295 bps, 91.19%, Err 173 (1.0e-005)
2146.622 .... 7646 packets received, 7296 bps, 91.20%, Err 173 (1.0e-005)
2148.797 .... 7654 packets received, 7296 bps, 91.20%, Err 174 (1.0e-005)
2150.954 .... 7661 packets received, 7295 bps, 91.19%, Err 174 (1.0e-005)
2153.129 .... 7669 packets received, 7296 bps, 91.19%, Err 174 (1.0e-005)
2155.296 .... 7677 packets received, 7296 bps, 91.20%, Err 174 (1.0e-005)
2157.469 .... 7685 packets received, 7296 bps, 91.20%, Err 174 (1.0e-005)
2159.638 .... 7693 packets received, 7296 bps, 91.20%, Err 174 (1.0e-005)
2161.795 .... 7701 packets received, 7297 bps, 91.21%, Err 174 (1.0e-005)
2163.950 .... 7709 packets received, 7297 bps, 91.21%, Err 174 (1.0e-005)
2166.134 .... 7717 packets received, 7297 bps, 91.21%, Err 174 (1.0e-005)
2168.307 .... 7725 packets received, 7297 bps, 91.22%, Err 175 (1.0e-005)
2170.462 .... 7733 packets received, 7298 bps, 91.22%, Err 175 (1.0e-005)
2172.631 .... 7741 packets received, 7298 bps, 91.22%, Err 175 (1.0e-005)
2174.787 .... 7749 packets received, 7298 bps, 91.23%, Err 176 (1.0e-005)
2176.959 .... 7756 packets received, 7297 bps, 91.22%, Err 176 (1.0e-005)
2179.131 .... 7764 packets received, 7298 bps, 91.22%, Err 176 (1.0e-005)
2181.302 .... 7772 packets received, 7298 bps, 91.22%, Err 176 (1.0e-005)
2183.462 .... 7780 packets received, 7298 bps, 91.23%, Err 176 (1.0e-005)
2185.632 .... 7788 packets received, 7299 bps, 91.23%, Err 176 (1.0e-005)
2187.785 .... 7796 packets received, 7299 bps, 91.24%, Err 176 (1.0e-005)
2189.956 .... 7804 packets received, 7299 bps, 91.24%, Err 176 (1.0e-005)
2192.128 .... 7812 packets received, 7299 bps, 91.24%, Err 176 (1.0e-005)
2194.290 .... 7820 packets received, 7300 bps, 91.24%, Err 176 (1.0e-005)
2196.463 .... 7828 packets received, 7300 bps, 91.25%, Err 176 (1.0e-005)
2198.635 .... 7835 packets received, 7299 bps, 91.24%, Err 177 (1.0e-005)
2200.779 .... 7843 packets received, 7299 bps, 91.24%, Err 177 (1.0e-005)
2203.756 .... 7849 packets received, 7295 bps, 91.19%, Err 178 (1.0e-005)
2205.918 .... 7861 packets received, 7299 bps, 91.24%, Err 178 (1.0e-005)
2208.064 .... 7869 packets received, 7299 bps, 91.24%, Err 178 (1.0e-005)
2210.222 .... 7877 packets received, 7300 bps, 91.25%, Err 179 (1.0e-005)
2212.376 .... 7884 packets received, 7299 bps, 91.24%, Err 179 (1.0e-005)
2214.538 .... 7892 packets received, 7299 bps, 91.24%, Err 179 (1.0e-005)
2216.683 .... 7900 packets received, 7300 bps, 91.25%, Err 179 (1.0e-005)
2218.858 .... 7908 packets received, 7300 bps, 91.25%, Err 179 (1.0e-005)
2221.002 .... 7916 packets received, 7300 bps, 91.25%, Err 179 (1.0e-005)
2223.161 .... 7924 packets received, 7301 bps, 91.26%, Err 179 (1.0e-005)
2225.337 .... 7932 packets received, 7301 bps, 91.26%, Err 179 (1.0e-005)
2227.488 .... 7940 packets received, 7301 bps, 91.26%, Err 179 (1.0e-005)
2229.673 .... 7948 packets received, 7301 bps, 91.27%, Err 179 (1.0e-005)
2231.801 .... 7956 packets received, 7302 bps, 91.27%, Err 179 (1.0e-005)
2233.970 .... 7964 packets received, 7302 bps, 91.27%, Err 179 (1.0e-005)
2236.147 .... 7972 packets received, 7302 bps, 91.28%, Err 179 (1.0e-005)
2238.289 .... 7980 packets received, 7302 bps, 91.28%, Err 179 (1.0e-005)
2240.441 .... 7988 packets received, 7303 bps, 91.28%, Err 179 (1.0e-005)
2242.615 .... 7996 packets received, 7303 bps, 91.29%, Err 179 (1.0e-005)
2244.783 .... 8004 packets received, 7303 bps, 91.29%, Err 179 (1.0e-005)
2244.847 TCP Disconnected.
