C:\Users\Lao Shi\protocol_laoshi\laoshi_selective.exe -afu 
=========================================================================
                          Station A                                 
-------------------------------------------------------------------------
Protocol.lib, version 3.0, Build: Oct 19 2009 (jiangy@public3.bta.net.cn)
Channel: 8000 bps, 270 ms propagation delay, bit error rate 0
Log file "C:\Users\Lao Shi\protocol_laoshi\laoshi_selective-A.log", TCP port 59144, debug mask 0x00
Station A is waiting for station B on TCP port 59144 ... Done.
New epoch: Mon May 09 20:06:19 2016
=========================================================================
2.430 .... 8 packets received, 7606 bps, 95.08%, Err 0 (0.0e+000)
4.601 .... 16 packets received, 7576 bps, 94.71%, Err 0 (0.0e+000)
6.772 .... 24 packets received, 7567 bps, 94.58%, Err 0 (0.0e+000)
8.940 .... 32 packets received, 7564 bps, 94.55%, Err 0 (0.0e+000)
11.108 .... 40 packets received, 7563 bps, 94.53%, Err 0 (0.0e+000)
13.278 .... 48 packets received, 7561 bps, 94.51%, Err 0 (0.0e+000)
15.452 .... 56 packets received, 7557 bps, 94.46%, Err 0 (0.0e+000)
17.607 .... 64 packets received, 7563 bps, 94.54%, Err 0 (0.0e+000)
19.778 .... 72 packets received, 7561 bps, 94.51%, Err 0 (0.0e+000)
21.947 .... 80 packets received, 7560 bps, 94.50%, Err 0 (0.0e+000)
24.114 .... 88 packets received, 7560 bps, 94.50%, Err 0 (0.0e+000)
26.269 .... 96 packets received, 7564 bps, 94.55%, Err 0 (0.0e+000)
28.454 .... 104 packets received, 7559 bps, 94.49%, Err 0 (0.0e+000)
30.623 .... 112 packets received, 7558 bps, 94.48%, Err 0 (0.0e+000)
32.778 .... 120 packets received, 7561 bps, 94.52%, Err 0 (0.0e+000)
34.948 .... 128 packets received, 7561 bps, 94.51%, Err 0 (0.0e+000)
37.131 .... 136 packets received, 7557 bps, 94.47%, Err 0 (0.0e+000)
39.286 .... 144 packets received, 7560 bps, 94.50%, Err 0 (0.0e+000)
41.443 .... 152 packets received, 7562 bps, 94.52%, Err 0 (0.0e+000)
43.618 .... 160 packets received, 7560 bps, 94.50%, Err 0 (0.0e+000)
45.785 .... 168 packets received, 7560 bps, 94.50%, Err 0 (0.0e+000)
47.955 .... 176 packets received, 7560 bps, 94.50%, Err 0 (0.0e+000)
50.126 .... 184 packets received, 7559 bps, 94.49%, Err 0 (0.0e+000)
52.298 .... 192 packets received, 7559 bps, 94.48%, Err 0 (0.0e+000)
54.469 .... 200 packets received, 7558 bps, 94.48%, Err 0 (0.0e+000)
56.645 .... 208 packets received, 7557 bps, 94.46%, Err 0 (0.0e+000)
58.790 .... 216 packets received, 7560 bps, 94.50%, Err 0 (0.0e+000)
60.981 .... 224 packets received, 7557 bps, 94.46%, Err 0 (0.0e+000)
63.136 .... 232 packets received, 7559 bps, 94.48%, Err 0 (0.0e+000)
65.314 .... 240 packets received, 7557 bps, 94.47%, Err 0 (0.0e+000)
67.484 .... 248 packets received, 7557 bps, 94.46%, Err 0 (0.0e+000)
69.654 .... 256 packets received, 7557 bps, 94.46%, Err 0 (0.0e+000)
71.808 .... 264 packets received, 7558 bps, 94.48%, Err 0 (0.0e+000)
73.966 .... 272 packets received, 7559 bps, 94.49%, Err 0 (0.0e+000)
76.151 .... 280 packets received, 7558 bps, 94.47%, Err 0 (0.0e+000)
78.304 .... 288 packets received, 7559 bps, 94.49%, Err 0 (0.0e+000)
80.485 .... 296 packets received, 7558 bps, 94.47%, Err 0 (0.0e+000)
82.638 .... 304 packets received, 7559 bps, 94.49%, Err 0 (0.0e+000)
84.813 .... 312 packets received, 7559 bps, 94.48%, Err 0 (0.0e+000)
86.992 .... 320 packets received, 7558 bps, 94.47%, Err 0 (0.0e+000)
89.161 .... 328 packets received, 7557 bps, 94.47%, Err 0 (0.0e+000)
91.314 .... 336 packets received, 7559 bps, 94.48%, Err 0 (0.0e+000)
93.500 .... 344 packets received, 7557 bps, 94.46%, Err 0 (0.0e+000)
95.672 .... 352 packets received, 7557 bps, 94.46%, Err 0 (0.0e+000)
97.812 .... 360 packets received, 7559 bps, 94.49%, Err 0 (0.0e+000)
99.995 .... 368 packets received, 7558 bps, 94.47%, Err 0 (0.0e+000)
102.154 .... 376 packets received, 7559 bps, 94.48%, Err 0 (0.0e+000)
104.324 .... 384 packets received, 7558 bps, 94.48%, Err 0 (0.0e+000)
106.481 .... 392 packets received, 7559 bps, 94.49%, Err 0 (0.0e+000)
108.669 .... 400 packets received, 7558 bps, 94.47%, Err 0 (0.0e+000)
110.840 .... 408 packets received, 7557 bps, 94.47%, Err 0 (0.0e+000)
113.011 .... 416 packets received, 7557 bps, 94.47%, Err 0 (0.0e+000)
115.160 .... 424 packets received, 7559 bps, 94.48%, Err 0 (0.0e+000)
117.345 .... 432 packets received, 7557 bps, 94.47%, Err 0 (0.0e+000)
119.510 .... 440 packets received, 7558 bps, 94.47%, Err 0 (0.0e+000)
121.664 .... 448 packets received, 7558 bps, 94.48%, Err 0 (0.0e+000)
123.848 .... 456 packets received, 7557 bps, 94.47%, Err 0 (0.0e+000)
126.019 .... 464 packets received, 7557 bps, 94.47%, Err 0 (0.0e+000)
128.179 .... 472 packets received, 7558 bps, 94.47%, Err 0 (0.0e+000)
130.351 .... 480 packets received, 7557 bps, 94.47%, Err 0 (0.0e+000)
132.512 .... 488 packets received, 7558 bps, 94.47%, Err 0 (0.0e+000)
134.693 .... 496 packets received, 7557 bps, 94.46%, Err 0 (0.0e+000)
136.838 .... 504 packets received, 7558 bps, 94.48%, Err 0 (0.0e+000)
139.023 .... 512 packets received, 7557 bps, 94.47%, Err 0 (0.0e+000)
141.194 .... 520 packets received, 7557 bps, 94.47%, Err 0 (0.0e+000)
143.351 .... 528 packets received, 7558 bps, 94.47%, Err 0 (0.0e+000)
145.506 .... 536 packets received, 7559 bps, 94.48%, Err 0 (0.0e+000)
147.682 .... 544 packets received, 7558 bps, 94.48%, Err 0 (0.0e+000)
149.869 .... 552 packets received, 7557 bps, 94.46%, Err 0 (0.0e+000)
152.011 .... 560 packets received, 7558 bps, 94.48%, Err 0 (0.0e+000)
154.192 .... 568 packets received, 7558 bps, 94.47%, Err 0 (0.0e+000)
156.354 .... 576 packets received, 7558 bps, 94.48%, Err 0 (0.0e+000)
158.528 .... 584 packets received, 7558 bps, 94.47%, Err 0 (0.0e+000)
160.698 .... 592 packets received, 7558 bps, 94.47%, Err 0 (0.0e+000)
162.859 .... 600 packets received, 7558 bps, 94.47%, Err 0 (0.0e+000)
165.028 .... 608 packets received, 7558 bps, 94.47%, Err 0 (0.0e+000)
167.204 .... 616 packets received, 7558 bps, 94.47%, Err 0 (0.0e+000)
169.361 .... 624 packets received, 7558 bps, 94.48%, Err 0 (0.0e+000)
171.549 .... 632 packets received, 7557 bps, 94.46%, Err 0 (0.0e+000)
173.713 .... 640 packets received, 7557 bps, 94.47%, Err 0 (0.0e+000)
175.887 .... 648 packets received, 7557 bps, 94.46%, Err 0 (0.0e+000)
178.047 .... 656 packets received, 7557 bps, 94.47%, Err 0 (0.0e+000)
180.202 .... 664 packets received, 7558 bps, 94.47%, Err 0 (0.0e+000)
182.373 .... 672 packets received, 7558 bps, 94.47%, Err 0 (0.0e+000)
184.559 .... 680 packets received, 7557 bps, 94.46%, Err 0 (0.0e+000)
186.698 .... 688 packets received, 7558 bps, 94.48%, Err 0 (0.0e+000)
188.882 .... 696 packets received, 7558 bps, 94.47%, Err 0 (0.0e+000)
191.049 .... 704 packets received, 7558 bps, 94.47%, Err 0 (0.0e+000)
193.218 .... 712 packets received, 7558 bps, 94.47%, Err 0 (0.0e+000)
195.372 .... 720 packets received, 7558 bps, 94.48%, Err 0 (0.0e+000)
197.552 .... 728 packets received, 7558 bps, 94.47%, Err 0 (0.0e+000)
199.710 .... 736 packets received, 7558 bps, 94.48%, Err 0 (0.0e+000)
201.883 .... 744 packets received, 7558 bps, 94.47%, Err 0 (0.0e+000)
204.069 .... 752 packets received, 7557 bps, 94.46%, Err 0 (0.0e+000)
206.223 .... 760 packets received, 7558 bps, 94.47%, Err 0 (0.0e+000)
208.390 .... 768 packets received, 7558 bps, 94.47%, Err 0 (0.0e+000)
210.561 .... 776 packets received, 7558 bps, 94.47%, Err 0 (0.0e+000)
212.716 .... 784 packets received, 7558 bps, 94.48%, Err 0 (0.0e+000)
214.900 .... 792 packets received, 7557 bps, 94.47%, Err 0 (0.0e+000)
217.068 .... 800 packets received, 7557 bps, 94.47%, Err 0 (0.0e+000)
219.223 .... 808 packets received, 7558 bps, 94.47%, Err 0 (0.0e+000)
221.409 .... 816 packets received, 7557 bps, 94.47%, Err 0 (0.0e+000)
223.569 .... 824 packets received, 7558 bps, 94.47%, Err 0 (0.0e+000)
225.741 .... 832 packets received, 7557 bps, 94.47%, Err 0 (0.0e+000)
227.892 .... 840 packets received, 7558 bps, 94.47%, Err 0 (0.0e+000)
230.076 .... 848 packets received, 7557 bps, 94.47%, Err 0 (0.0e+000)
232.227 .... 856 packets received, 7558 bps, 94.48%, Err 0 (0.0e+000)
234.423 .... 864 packets received, 7557 bps, 94.46%, Err 0 (0.0e+000)
236.576 .... 872 packets received, 7558 bps, 94.47%, Err 0 (0.0e+000)
238.746 .... 880 packets received, 7558 bps, 94.47%, Err 0 (0.0e+000)
240.912 .... 888 packets received, 7558 bps, 94.47%, Err 0 (0.0e+000)
243.071 .... 896 packets received, 7558 bps, 94.47%, Err 0 (0.0e+000)
245.259 .... 904 packets received, 7557 bps, 94.47%, Err 0 (0.0e+000)
247.429 .... 912 packets received, 7557 bps, 94.46%, Err 0 (0.0e+000)
249.576 .... 920 packets received, 7558 bps, 94.47%, Err 0 (0.0e+000)
251.759 .... 928 packets received, 7557 bps, 94.47%, Err 0 (0.0e+000)
253.920 .... 936 packets received, 7558 bps, 94.47%, Err 0 (0.0e+000)
256.078 .... 944 packets received, 7558 bps, 94.47%, Err 0 (0.0e+000)
258.246 .... 952 packets received, 7558 bps, 94.47%, Err 0 (0.0e+000)
260.418 .... 960 packets received, 7558 bps, 94.47%, Err 0 (0.0e+000)
262.584 .... 968 packets received, 7558 bps, 94.47%, Err 0 (0.0e+000)
264.769 .... 976 packets received, 7557 bps, 94.47%, Err 0 (0.0e+000)
266.931 .... 984 packets received, 7557 bps, 94.47%, Err 0 (0.0e+000)
269.088 .... 992 packets received, 7558 bps, 94.47%, Err 0 (0.0e+000)
271.274 .... 1000 packets received, 7557 bps, 94.47%, Err 0 (0.0e+000)
273.430 .... 1008 packets received, 7558 bps, 94.47%, Err 0 (0.0e+000)
275.604 .... 1016 packets received, 7557 bps, 94.47%, Err 0 (0.0e+000)
277.773 .... 1024 packets received, 7557 bps, 94.47%, Err 0 (0.0e+000)
279.935 .... 1032 packets received, 7558 bps, 94.47%, Err 0 (0.0e+000)
282.107 .... 1040 packets received, 7557 bps, 94.47%, Err 0 (0.0e+000)
284.278 .... 1048 packets received, 7557 bps, 94.47%, Err 0 (0.0e+000)
286.447 .... 1056 packets received, 7557 bps, 94.47%, Err 0 (0.0e+000)
288.605 .... 1064 packets received, 7558 bps, 94.47%, Err 0 (0.0e+000)
290.776 .... 1072 packets received, 7558 bps, 94.47%, Err 0 (0.0e+000)
292.948 .... 1080 packets received, 7557 bps, 94.47%, Err 0 (0.0e+000)
295.114 .... 1088 packets received, 7557 bps, 94.47%, Err 0 (0.0e+000)
297.283 .... 1096 packets received, 7557 bps, 94.47%, Err 0 (0.0e+000)
299.455 .... 1104 packets received, 7557 bps, 94.47%, Err 0 (0.0e+000)
301.608 .... 1112 packets received, 7558 bps, 94.47%, Err 0 (0.0e+000)
303.777 .... 1120 packets received, 7558 bps, 94.47%, Err 0 (0.0e+000)
305.957 .... 1128 packets received, 7557 bps, 94.47%, Err 0 (0.0e+000)
308.126 .... 1136 packets received, 7557 bps, 94.47%, Err 0 (0.0e+000)
310.300 .... 1144 packets received, 7557 bps, 94.46%, Err 0 (0.0e+000)
312.445 .... 1152 packets received, 7558 bps, 94.47%, Err 0 (0.0e+000)
314.612 .... 1160 packets received, 7558 bps, 94.47%, Err 0 (0.0e+000)
316.801 .... 1168 packets received, 7557 bps, 94.47%, Err 0 (0.0e+000)
318.960 .... 1176 packets received, 7557 bps, 94.47%, Err 0 (0.0e+000)
321.136 .... 1184 packets received, 7557 bps, 94.47%, Err 0 (0.0e+000)
323.293 .... 1192 packets received, 7558 bps, 94.47%, Err 0 (0.0e+000)
325.479 .... 1200 packets received, 7557 bps, 94.46%, Err 0 (0.0e+000)
327.623 .... 1208 packets received, 7558 bps, 94.47%, Err 0 (0.0e+000)
329.810 .... 1216 packets received, 7557 bps, 94.47%, Err 0 (0.0e+000)
331.970 .... 1224 packets received, 7557 bps, 94.47%, Err 0 (0.0e+000)
334.146 .... 1232 packets received, 7557 bps, 94.47%, Err 0 (0.0e+000)
336.306 .... 1240 packets received, 7557 bps, 94.47%, Err 0 (0.0e+000)
338.479 .... 1248 packets received, 7557 bps, 94.47%, Err 0 (0.0e+000)
340.641 .... 1256 packets received, 7557 bps, 94.47%, Err 0 (0.0e+000)
342.818 .... 1264 packets received, 7557 bps, 94.47%, Err 0 (0.0e+000)
344.987 .... 1272 packets received, 7557 bps, 94.47%, Err 0 (0.0e+000)
347.143 .... 1280 packets received, 7557 bps, 94.47%, Err 0 (0.0e+000)
349.315 .... 1288 packets received, 7557 bps, 94.47%, Err 0 (0.0e+000)
351.477 .... 1296 packets received, 7558 bps, 94.47%, Err 0 (0.0e+000)
353.651 .... 1304 packets received, 7557 bps, 94.47%, Err 0 (0.0e+000)
355.828 .... 1312 packets received, 7557 bps, 94.46%, Err 0 (0.0e+000)
357.971 .... 1320 packets received, 7558 bps, 94.47%, Err 0 (0.0e+000)
360.164 .... 1328 packets received, 7557 bps, 94.46%, Err 0 (0.0e+000)
362.334 .... 1336 packets received, 7557 bps, 94.46%, Err 0 (0.0e+000)
364.475 .... 1344 packets received, 7558 bps, 94.47%, Err 0 (0.0e+000)
366.645 .... 1352 packets received, 7558 bps, 94.47%, Err 0 (0.0e+000)
368.816 .... 1360 packets received, 7558 bps, 94.47%, Err 0 (0.0e+000)
371.003 .... 1368 packets received, 7557 bps, 94.47%, Err 0 (0.0e+000)
373.155 .... 1376 packets received, 7558 bps, 94.47%, Err 0 (0.0e+000)
375.328 .... 1384 packets received, 7557 bps, 94.47%, Err 0 (0.0e+000)
377.486 .... 1392 packets received, 7558 bps, 94.47%, Err 0 (0.0e+000)
379.663 .... 1400 packets received, 7557 bps, 94.47%, Err 0 (0.0e+000)
381.837 .... 1408 packets received, 7557 bps, 94.47%, Err 0 (0.0e+000)
383.996 .... 1416 packets received, 7558 bps, 94.47%, Err 0 (0.0e+000)
386.169 .... 1424 packets received, 7557 bps, 94.47%, Err 0 (0.0e+000)
388.339 .... 1432 packets received, 7557 bps, 94.47%, Err 0 (0.0e+000)
390.509 .... 1440 packets received, 7557 bps, 94.47%, Err 0 (0.0e+000)
392.666 .... 1448 packets received, 7558 bps, 94.47%, Err 0 (0.0e+000)
394.836 .... 1456 packets received, 7558 bps, 94.47%, Err 0 (0.0e+000)
397.005 .... 1464 packets received, 7557 bps, 94.47%, Err 0 (0.0e+000)
399.183 .... 1472 packets received, 7557 bps, 94.47%, Err 0 (0.0e+000)
401.346 .... 1480 packets received, 7557 bps, 94.47%, Err 0 (0.0e+000)
403.518 .... 1488 packets received, 7557 bps, 94.47%, Err 0 (0.0e+000)
405.673 .... 1496 packets received, 7558 bps, 94.47%, Err 0 (0.0e+000)
407.859 .... 1504 packets received, 7557 bps, 94.47%, Err 0 (0.0e+000)
410.010 .... 1512 packets received, 7558 bps, 94.47%, Err 0 (0.0e+000)
412.178 .... 1520 packets received, 7558 bps, 94.47%, Err 0 (0.0e+000)
414.345 .... 1528 packets received, 7558 bps, 94.47%, Err 0 (0.0e+000)
416.518 .... 1536 packets received, 7557 bps, 94.47%, Err 0 (0.0e+000)
418.680 .... 1544 packets received, 7558 bps, 94.47%, Err 0 (0.0e+000)
420.847 .... 1552 packets received, 7558 bps, 94.47%, Err 0 (0.0e+000)
423.016 .... 1560 packets received, 7558 bps, 94.47%, Err 0 (0.0e+000)
425.190 .... 1568 packets received, 7557 bps, 94.47%, Err 0 (0.0e+000)
427.357 .... 1576 packets received, 7557 bps, 94.47%, Err 0 (0.0e+000)
429.541 .... 1584 packets received, 7557 bps, 94.46%, Err 0 (0.0e+000)
431.711 .... 1592 packets received, 7557 bps, 94.46%, Err 0 (0.0e+000)
433.869 .... 1600 packets received, 7557 bps, 94.47%, Err 0 (0.0e+000)
436.028 .... 1608 packets received, 7557 bps, 94.47%, Err 0 (0.0e+000)
438.200 .... 1616 packets received, 7557 bps, 94.47%, Err 0 (0.0e+000)
440.369 .... 1624 packets received, 7557 bps, 94.47%, Err 0 (0.0e+000)
442.540 .... 1632 packets received, 7557 bps, 94.47%, Err 0 (0.0e+000)
444.693 .... 1640 packets received, 7558 bps, 94.47%, Err 0 (0.0e+000)
446.863 .... 1648 packets received, 7558 bps, 94.47%, Err 0 (0.0e+000)
449.033 .... 1656 packets received, 7558 bps, 94.47%, Err 0 (0.0e+000)
451.218 .... 1664 packets received, 7557 bps, 94.47%, Err 0 (0.0e+000)
453.359 .... 1672 packets received, 7558 bps, 94.47%, Err 0 (0.0e+000)
455.548 .... 1680 packets received, 7557 bps, 94.47%, Err 0 (0.0e+000)
457.720 .... 1688 packets received, 7557 bps, 94.47%, Err 0 (0.0e+000)
459.875 .... 1696 packets received, 7557 bps, 94.47%, Err 0 (0.0e+000)
462.037 .... 1704 packets received, 7558 bps, 94.47%, Err 0 (0.0e+000)
464.222 .... 1712 packets received, 7557 bps, 94.47%, Err 0 (0.0e+000)
466.393 .... 1720 packets received, 7557 bps, 94.47%, Err 0 (0.0e+000)
468.564 .... 1728 packets received, 7557 bps, 94.46%, Err 0 (0.0e+000)
470.723 .... 1736 packets received, 7557 bps, 94.47%, Err 0 (0.0e+000)
472.888 .... 1744 packets received, 7557 bps, 94.47%, Err 0 (0.0e+000)
475.065 .... 1752 packets received, 7557 bps, 94.47%, Err 0 (0.0e+000)
477.232 .... 1760 packets received, 7557 bps, 94.47%, Err 0 (0.0e+000)
479.401 .... 1768 packets received, 7557 bps, 94.47%, Err 0 (0.0e+000)
481.559 .... 1776 packets received, 7557 bps, 94.47%, Err 0 (0.0e+000)
483.733 .... 1784 packets received, 7557 bps, 94.47%, Err 0 (0.0e+000)
485.906 .... 1792 packets received, 7557 bps, 94.47%, Err 0 (0.0e+000)
488.060 .... 1800 packets received, 7557 bps, 94.47%, Err 0 (0.0e+000)
490.227 .... 1808 packets received, 7557 bps, 94.47%, Err 0 (0.0e+000)
492.413 .... 1816 packets received, 7557 bps, 94.46%, Err 0 (0.0e+000)
494.572 .... 1824 packets received, 7557 bps, 94.47%, Err 0 (0.0e+000)
496.743 .... 1832 packets received, 7557 bps, 94.47%, Err 0 (0.0e+000)
498.917 .... 1840 packets received, 7557 bps, 94.46%, Err 0 (0.0e+000)
501.077 .... 1848 packets received, 7557 bps, 94.47%, Err 0 (0.0e+000)
503.237 .... 1856 packets received, 7557 bps, 94.47%, Err 0 (0.0e+000)
505.408 .... 1864 packets received, 7557 bps, 94.47%, Err 0 (0.0e+000)
507.580 .... 1872 packets received, 7557 bps, 94.47%, Err 0 (0.0e+000)
509.752 .... 1880 packets received, 7557 bps, 94.47%, Err 0 (0.0e+000)
511.924 .... 1888 packets received, 7557 bps, 94.46%, Err 0 (0.0e+000)
514.108 .... 1896 packets received, 7557 bps, 94.46%, Err 0 (0.0e+000)
516.246 .... 1904 packets received, 7557 bps, 94.47%, Err 0 (0.0e+000)
518.413 .... 1912 packets received, 7557 bps, 94.47%, Err 0 (0.0e+000)
520.584 .... 1920 packets received, 7557 bps, 94.47%, Err 0 (0.0e+000)
522.763 .... 1928 packets received, 7557 bps, 94.47%, Err 0 (0.0e+000)
524.922 .... 1936 packets received, 7557 bps, 94.47%, Err 0 (0.0e+000)
527.100 .... 1944 packets received, 7557 bps, 94.46%, Err 0 (0.0e+000)
529.257 .... 1952 packets received, 7557 bps, 94.47%, Err 0 (0.0e+000)
531.414 .... 1960 packets received, 7558 bps, 94.47%, Err 0 (0.0e+000)
533.594 .... 1968 packets received, 7557 bps, 94.47%, Err 0 (0.0e+000)
535.764 .... 1976 packets received, 7557 bps, 94.47%, Err 0 (0.0e+000)
537.921 .... 1984 packets received, 7557 bps, 94.47%, Err 0 (0.0e+000)
540.105 .... 1992 packets received, 7557 bps, 94.47%, Err 0 (0.0e+000)
542.278 .... 2000 packets received, 7557 bps, 94.46%, Err 0 (0.0e+000)
544.433 .... 2008 packets received, 7557 bps, 94.47%, Err 0 (0.0e+000)
546.603 .... 2016 packets received, 7557 bps, 94.47%, Err 0 (0.0e+000)
548.773 .... 2024 packets received, 7557 bps, 94.47%, Err 0 (0.0e+000)
550.947 .... 2032 packets received, 7557 bps, 94.47%, Err 0 (0.0e+000)
553.106 .... 2040 packets received, 7557 bps, 94.47%, Err 0 (0.0e+000)
555.274 .... 2048 packets received, 7557 bps, 94.47%, Err 0 (0.0e+000)
557.429 .... 2056 packets received, 7558 bps, 94.47%, Err 0 (0.0e+000)
559.616 .... 2064 packets received, 7557 bps, 94.47%, Err 0 (0.0e+000)
561.774 .... 2072 packets received, 7557 bps, 94.47%, Err 0 (0.0e+000)
563.957 .... 2080 packets received, 7557 bps, 94.46%, Err 0 (0.0e+000)
566.098 .... 2088 packets received, 7558 bps, 94.47%, Err 0 (0.0e+000)
568.286 .... 2096 packets received, 7557 bps, 94.47%, Err 0 (0.0e+000)
570.439 .... 2104 packets received, 7557 bps, 94.47%, Err 0 (0.0e+000)
572.628 .... 2112 packets received, 7557 bps, 94.46%, Err 0 (0.0e+000)
574.783 .... 2120 packets received, 7557 bps, 94.47%, Err 0 (0.0e+000)
576.953 .... 2128 packets received, 7557 bps, 94.47%, Err 0 (0.0e+000)
579.109 .... 2136 packets received, 7557 bps, 94.47%, Err 0 (0.0e+000)
581.297 .... 2144 packets received, 7557 bps, 94.47%, Err 0 (0.0e+000)
583.469 .... 2152 packets received, 7557 bps, 94.46%, Err 0 (0.0e+000)
585.625 .... 2160 packets received, 7557 bps, 94.47%, Err 0 (0.0e+000)
587.780 .... 2168 packets received, 7558 bps, 94.47%, Err 0 (0.0e+000)
589.970 .... 2176 packets received, 7557 bps, 94.47%, Err 0 (0.0e+000)
592.125 .... 2184 packets received, 7557 bps, 94.47%, Err 0 (0.0e+000)
594.309 .... 2192 packets received, 7557 bps, 94.46%, Err 0 (0.0e+000)
596.478 .... 2200 packets received, 7557 bps, 94.46%, Err 0 (0.0e+000)
598.630 .... 2208 packets received, 7557 bps, 94.47%, Err 0 (0.0e+000)
600.786 .... 2216 packets received, 7558 bps, 94.47%, Err 0 (0.0e+000)
602.975 .... 2224 packets received, 7557 bps, 94.47%, Err 0 (0.0e+000)
605.145 .... 2232 packets received, 7557 bps, 94.47%, Err 0 (0.0e+000)
607.317 .... 2240 packets received, 7557 bps, 94.46%, Err 0 (0.0e+000)
609.478 .... 2248 packets received, 7557 bps, 94.47%, Err 0 (0.0e+000)
611.648 .... 2256 packets received, 7557 bps, 94.47%, Err 0 (0.0e+000)
613.820 .... 2264 packets received, 7557 bps, 94.46%, Err 0 (0.0e+000)
615.976 .... 2272 packets received, 7557 bps, 94.47%, Err 0 (0.0e+000)
618.134 .... 2280 packets received, 7557 bps, 94.47%, Err 0 (0.0e+000)
620.314 .... 2288 packets received, 7557 bps, 94.47%, Err 0 (0.0e+000)
622.470 .... 2296 packets received, 7557 bps, 94.47%, Err 0 (0.0e+000)
624.658 .... 2304 packets received, 7557 bps, 94.47%, Err 0 (0.0e+000)
626.819 .... 2312 packets received, 7557 bps, 94.47%, Err 0 (0.0e+000)
628.983 .... 2320 packets received, 7557 bps, 94.47%, Err 0 (0.0e+000)
631.157 .... 2328 packets received, 7557 bps, 94.47%, Err 0 (0.0e+000)
633.324 .... 2336 packets received, 7557 bps, 94.47%, Err 0 (0.0e+000)
635.503 .... 2344 packets received, 7557 bps, 94.46%, Err 0 (0.0e+000)
637.666 .... 2352 packets received, 7557 bps, 94.47%, Err 0 (0.0e+000)
639.832 .... 2360 packets received, 7557 bps, 94.47%, Err 0 (0.0e+000)
641.986 .... 2368 packets received, 7557 bps, 94.47%, Err 0 (0.0e+000)
644.165 .... 2376 packets received, 7557 bps, 94.47%, Err 0 (0.0e+000)
646.329 .... 2384 packets received, 7557 bps, 94.47%, Err 0 (0.0e+000)
648.491 .... 2392 packets received, 7557 bps, 94.47%, Err 0 (0.0e+000)
650.671 .... 2400 packets received, 7557 bps, 94.47%, Err 0 (0.0e+000)
652.838 .... 2408 packets received, 7557 bps, 94.47%, Err 0 (0.0e+000)
654.996 .... 2416 packets received, 7557 bps, 94.47%, Err 0 (0.0e+000)
657.171 .... 2424 packets received, 7557 bps, 94.47%, Err 0 (0.0e+000)
659.333 .... 2432 packets received, 7557 bps, 94.47%, Err 0 (0.0e+000)
661.498 .... 2440 packets received, 7557 bps, 94.47%, Err 0 (0.0e+000)
663.687 .... 2448 packets received, 7557 bps, 94.46%, Err 0 (0.0e+000)
665.847 .... 2456 packets received, 7557 bps, 94.47%, Err 0 (0.0e+000)
668.021 .... 2464 packets received, 7557 bps, 94.46%, Err 0 (0.0e+000)
670.183 .... 2472 packets received, 7557 bps, 94.47%, Err 0 (0.0e+000)
672.350 .... 2480 packets received, 7557 bps, 94.47%, Err 0 (0.0e+000)
674.511 .... 2488 packets received, 7557 bps, 94.47%, Err 0 (0.0e+000)
676.694 .... 2496 packets received, 7557 bps, 94.46%, Err 0 (0.0e+000)
678.837 .... 2504 packets received, 7557 bps, 94.47%, Err 0 (0.0e+000)
681.022 .... 2512 packets received, 7557 bps, 94.47%, Err 0 (0.0e+000)
683.177 .... 2520 packets received, 7557 bps, 94.47%, Err 0 (0.0e+000)
685.347 .... 2528 packets received, 7557 bps, 94.47%, Err 0 (0.0e+000)
687.529 .... 2536 packets received, 7557 bps, 94.47%, Err 0 (0.0e+000)
689.701 .... 2544 packets received, 7557 bps, 94.46%, Err 0 (0.0e+000)
691.842 .... 2552 packets received, 7557 bps, 94.47%, Err 0 (0.0e+000)
694.022 .... 2560 packets received, 7557 bps, 94.47%, Err 0 (0.0e+000)
696.206 .... 2568 packets received, 7557 bps, 94.46%, Err 0 (0.0e+000)
698.359 .... 2576 packets received, 7557 bps, 94.47%, Err 0 (0.0e+000)
700.526 .... 2584 packets received, 7557 bps, 94.47%, Err 0 (0.0e+000)
702.704 .... 2592 packets received, 7557 bps, 94.47%, Err 0 (0.0e+000)
704.854 .... 2600 packets received, 7557 bps, 94.47%, Err 0 (0.0e+000)
707.031 .... 2608 packets received, 7557 bps, 94.47%, Err 0 (0.0e+000)
709.203 .... 2616 packets received, 7557 bps, 94.47%, Err 0 (0.0e+000)
711.367 .... 2624 packets received, 7557 bps, 94.47%, Err 0 (0.0e+000)
713.541 .... 2632 packets received, 7557 bps, 94.47%, Err 0 (0.0e+000)
715.713 .... 2640 packets received, 7557 bps, 94.47%, Err 0 (0.0e+000)
717.882 .... 2648 packets received, 7557 bps, 94.47%, Err 0 (0.0e+000)
720.056 .... 2656 packets received, 7557 bps, 94.46%, Err 0 (0.0e+000)
722.194 .... 2664 packets received, 7557 bps, 94.47%, Err 0 (0.0e+000)
724.379 .... 2672 packets received, 7557 bps, 94.47%, Err 0 (0.0e+000)
726.538 .... 2680 packets received, 7557 bps, 94.47%, Err 0 (0.0e+000)
728.714 .... 2688 packets received, 7557 bps, 94.47%, Err 0 (0.0e+000)
730.870 .... 2696 packets received, 7557 bps, 94.47%, Err 0 (0.0e+000)
733.053 .... 2704 packets received, 7557 bps, 94.47%, Err 0 (0.0e+000)
735.223 .... 2712 packets received, 7557 bps, 94.47%, Err 0 (0.0e+000)
737.394 .... 2720 packets received, 7557 bps, 94.47%, Err 0 (0.0e+000)
739.566 .... 2728 packets received, 7557 bps, 94.46%, Err 0 (0.0e+000)
741.726 .... 2736 packets received, 7557 bps, 94.47%, Err 0 (0.0e+000)
743.884 .... 2744 packets received, 7557 bps, 94.47%, Err 0 (0.0e+000)
746.043 .... 2752 packets received, 7557 bps, 94.47%, Err 0 (0.0e+000)
748.214 .... 2760 packets received, 7557 bps, 94.47%, Err 0 (0.0e+000)
750.397 .... 2768 packets received, 7557 bps, 94.47%, Err 0 (0.0e+000)
752.550 .... 2776 packets received, 7557 bps, 94.47%, Err 0 (0.0e+000)
754.730 .... 2784 packets received, 7557 bps, 94.47%, Err 0 (0.0e+000)
756.899 .... 2792 packets received, 7557 bps, 94.47%, Err 0 (0.0e+000)
759.071 .... 2800 packets received, 7557 bps, 94.47%, Err 0 (0.0e+000)
761.227 .... 2808 packets received, 7557 bps, 94.47%, Err 0 (0.0e+000)
763.395 .... 2816 packets received, 7557 bps, 94.47%, Err 0 (0.0e+000)
765.564 .... 2824 packets received, 7557 bps, 94.47%, Err 0 (0.0e+000)
767.725 .... 2832 packets received, 7557 bps, 94.47%, Err 0 (0.0e+000)
769.912 .... 2840 packets received, 7557 bps, 94.47%, Err 0 (0.0e+000)
772.070 .... 2848 packets received, 7557 bps, 94.47%, Err 0 (0.0e+000)
774.251 .... 2856 packets received, 7557 bps, 94.47%, Err 0 (0.0e+000)
776.402 .... 2864 packets received, 7557 bps, 94.47%, Err 0 (0.0e+000)
778.569 .... 2872 packets received, 7557 bps, 94.47%, Err 0 (0.0e+000)
780.752 .... 2880 packets received, 7557 bps, 94.47%, Err 0 (0.0e+000)
782.921 .... 2888 packets received, 7557 bps, 94.47%, Err 0 (0.0e+000)
785.090 .... 2896 packets received, 7557 bps, 94.47%, Err 0 (0.0e+000)
787.257 .... 2904 packets received, 7557 bps, 94.47%, Err 0 (0.0e+000)
789.429 .... 2912 packets received, 7557 bps, 94.46%, Err 0 (0.0e+000)
791.586 .... 2920 packets received, 7557 bps, 94.47%, Err 0 (0.0e+000)
793.755 .... 2928 packets received, 7557 bps, 94.47%, Err 0 (0.0e+000)
795.927 .... 2936 packets received, 7557 bps, 94.47%, Err 0 (0.0e+000)
798.083 .... 2944 packets received, 7557 bps, 94.47%, Err 0 (0.0e+000)
800.256 .... 2952 packets received, 7557 bps, 94.47%, Err 0 (0.0e+000)
802.421 .... 2960 packets received, 7557 bps, 94.47%, Err 0 (0.0e+000)
804.593 .... 2968 packets received, 7557 bps, 94.47%, Err 0 (0.0e+000)
806.768 .... 2976 packets received, 7557 bps, 94.47%, Err 0 (0.0e+000)
808.928 .... 2984 packets received, 7557 bps, 94.47%, Err 0 (0.0e+000)
811.097 .... 2992 packets received, 7557 bps, 94.47%, Err 0 (0.0e+000)
813.268 .... 3000 packets received, 7557 bps, 94.47%, Err 0 (0.0e+000)
815.441 .... 3008 packets received, 7557 bps, 94.47%, Err 0 (0.0e+000)
817.610 .... 3016 packets received, 7557 bps, 94.47%, Err 0 (0.0e+000)
819.762 .... 3024 packets received, 7557 bps, 94.47%, Err 0 (0.0e+000)
821.925 .... 3032 packets received, 7557 bps, 94.47%, Err 0 (0.0e+000)
824.111 .... 3040 packets received, 7557 bps, 94.47%, Err 0 (0.0e+000)
826.283 .... 3048 packets received, 7557 bps, 94.47%, Err 0 (0.0e+000)
828.443 .... 3056 packets received, 7557 bps, 94.47%, Err 0 (0.0e+000)
830.612 .... 3064 packets received, 7557 bps, 94.47%, Err 0 (0.0e+000)
832.783 .... 3072 packets received, 7557 bps, 94.47%, Err 0 (0.0e+000)
834.958 .... 3080 packets received, 7557 bps, 94.46%, Err 0 (0.0e+000)
837.125 .... 3088 packets received, 7557 bps, 94.46%, Err 0 (0.0e+000)
839.286 .... 3096 packets received, 7557 bps, 94.47%, Err 0 (0.0e+000)
841.461 .... 3104 packets received, 7557 bps, 94.46%, Err 0 (0.0e+000)
843.629 .... 3112 packets received, 7557 bps, 94.46%, Err 0 (0.0e+000)
845.785 .... 3120 packets received, 7557 bps, 94.47%, Err 0 (0.0e+000)
847.955 .... 3128 packets received, 7557 bps, 94.47%, Err 0 (0.0e+000)
850.111 .... 3136 packets received, 7557 bps, 94.47%, Err 0 (0.0e+000)
852.283 .... 3144 packets received, 7557 bps, 94.47%, Err 0 (0.0e+000)
854.456 .... 3152 packets received, 7557 bps, 94.47%, Err 0 (0.0e+000)
856.626 .... 3160 packets received, 7557 bps, 94.47%, Err 0 (0.0e+000)
858.793 .... 3168 packets received, 7557 bps, 94.47%, Err 0 (0.0e+000)
860.961 .... 3176 packets received, 7557 bps, 94.47%, Err 0 (0.0e+000)
863.132 .... 3184 packets received, 7557 bps, 94.47%, Err 0 (0.0e+000)
865.289 .... 3192 packets received, 7557 bps, 94.47%, Err 0 (0.0e+000)
867.475 .... 3200 packets received, 7557 bps, 94.47%, Err 0 (0.0e+000)
869.632 .... 3208 packets received, 7557 bps, 94.47%, Err 0 (0.0e+000)
871.790 .... 3216 packets received, 7557 bps, 94.47%, Err 0 (0.0e+000)
873.982 .... 3224 packets received, 7557 bps, 94.46%, Err 0 (0.0e+000)
876.138 .... 3232 packets received, 7557 bps, 94.47%, Err 0 (0.0e+000)
878.293 .... 3240 packets received, 7557 bps, 94.47%, Err 0 (0.0e+000)
880.469 .... 3248 packets received, 7557 bps, 94.47%, Err 0 (0.0e+000)
882.626 .... 3256 packets received, 7557 bps, 94.47%, Err 0 (0.0e+000)
884.798 .... 3264 packets received, 7557 bps, 94.47%, Err 0 (0.0e+000)
886.966 .... 3272 packets received, 7557 bps, 94.47%, Err 0 (0.0e+000)
889.155 .... 3280 packets received, 7557 bps, 94.47%, Err 0 (0.0e+000)
891.309 .... 3288 packets received, 7557 bps, 94.47%, Err 0 (0.0e+000)
893.480 .... 3296 packets received, 7557 bps, 94.47%, Err 0 (0.0e+000)
895.651 .... 3304 packets received, 7557 bps, 94.47%, Err 0 (0.0e+000)
897.800 .... 3312 packets received, 7557 bps, 94.47%, Err 0 (0.0e+000)
899.999 .... 3320 packets received, 7557 bps, 94.46%, Err 0 (0.0e+000)
902.140 .... 3328 packets received, 7557 bps, 94.47%, Err 0 (0.0e+000)
904.311 .... 3336 packets received, 7557 bps, 94.47%, Err 0 (0.0e+000)
906.495 .... 3344 packets received, 7557 bps, 94.47%, Err 0 (0.0e+000)
908.649 .... 3352 packets received, 7557 bps, 94.47%, Err 0 (0.0e+000)
910.817 .... 3360 packets received, 7557 bps, 94.47%, Err 0 (0.0e+000)
913.002 .... 3368 packets received, 7557 bps, 94.47%, Err 0 (0.0e+000)
915.157 .... 3376 packets received, 7557 bps, 94.47%, Err 0 (0.0e+000)
917.341 .... 3384 packets received, 7557 bps, 94.46%, Err 0 (0.0e+000)
919.496 .... 3392 packets received, 7557 bps, 94.47%, Err 0 (0.0e+000)
921.664 .... 3400 packets received, 7557 bps, 94.47%, Err 0 (0.0e+000)
923.831 .... 3408 packets received, 7557 bps, 94.47%, Err 0 (0.0e+000)
926.001 .... 3416 packets received, 7557 bps, 94.47%, Err 0 (0.0e+000)
928.160 .... 3424 packets received, 7557 bps, 94.47%, Err 0 (0.0e+000)
930.345 .... 3432 packets received, 7557 bps, 94.47%, Err 0 (0.0e+000)
932.514 .... 3440 packets received, 7557 bps, 94.47%, Err 0 (0.0e+000)
934.671 .... 3448 packets received, 7557 bps, 94.47%, Err 0 (0.0e+000)
936.834 .... 3456 packets received, 7557 bps, 94.47%, Err 0 (0.0e+000)
939.004 .... 3464 packets received, 7557 bps, 94.47%, Err 0 (0.0e+000)
941.174 .... 3472 packets received, 7557 bps, 94.47%, Err 0 (0.0e+000)
943.345 .... 3480 packets received, 7557 bps, 94.47%, Err 0 (0.0e+000)
945.517 .... 3488 packets received, 7557 bps, 94.47%, Err 0 (0.0e+000)
947.673 .... 3496 packets received, 7557 bps, 94.47%, Err 0 (0.0e+000)
949.852 .... 3504 packets received, 7557 bps, 94.47%, Err 0 (0.0e+000)
952.026 .... 3512 packets received, 7557 bps, 94.47%, Err 0 (0.0e+000)
954.171 .... 3520 packets received, 7557 bps, 94.47%, Err 0 (0.0e+000)
956.362 .... 3528 packets received, 7557 bps, 94.47%, Err 0 (0.0e+000)
958.518 .... 3536 packets received, 7557 bps, 94.47%, Err 0 (0.0e+000)
960.688 .... 3544 packets received, 7557 bps, 94.47%, Err 0 (0.0e+000)
962.858 .... 3552 packets received, 7557 bps, 94.47%, Err 0 (0.0e+000)
965.029 .... 3560 packets received, 7557 bps, 94.47%, Err 0 (0.0e+000)
967.186 .... 3568 packets received, 7557 bps, 94.47%, Err 0 (0.0e+000)
969.373 .... 3576 packets received, 7557 bps, 94.46%, Err 0 (0.0e+000)
971.532 .... 3584 packets received, 7557 bps, 94.47%, Err 0 (0.0e+000)
973.706 .... 3592 packets received, 7557 bps, 94.47%, Err 0 (0.0e+000)
975.864 .... 3600 packets received, 7557 bps, 94.47%, Err 0 (0.0e+000)
978.046 .... 3608 packets received, 7557 bps, 94.46%, Err 0 (0.0e+000)
980.203 .... 3616 packets received, 7557 bps, 94.47%, Err 0 (0.0e+000)
982.375 .... 3624 packets received, 7557 bps, 94.47%, Err 0 (0.0e+000)
984.534 .... 3632 packets received, 7557 bps, 94.47%, Err 0 (0.0e+000)
986.705 .... 3640 packets received, 7557 bps, 94.47%, Err 0 (0.0e+000)
988.879 .... 3648 packets received, 7557 bps, 94.47%, Err 0 (0.0e+000)
991.047 .... 3656 packets received, 7557 bps, 94.47%, Err 0 (0.0e+000)
993.203 .... 3664 packets received, 7557 bps, 94.47%, Err 0 (0.0e+000)
995.363 .... 3672 packets received, 7557 bps, 94.47%, Err 0 (0.0e+000)
997.555 .... 3680 packets received, 7557 bps, 94.47%, Err 0 (0.0e+000)
999.697 .... 3688 packets received, 7557 bps, 94.47%, Err 0 (0.0e+000)
1001.887 .... 3696 packets received, 7557 bps, 94.47%, Err 0 (0.0e+000)
1004.046 .... 3704 packets received, 7557 bps, 94.47%, Err 0 (0.0e+000)
1006.226 .... 3712 packets received, 7557 bps, 94.47%, Err 0 (0.0e+000)
1008.387 .... 3720 packets received, 7557 bps, 94.47%, Err 0 (0.0e+000)
1010.550 .... 3728 packets received, 7557 bps, 94.47%, Err 0 (0.0e+000)
1012.709 .... 3736 packets received, 7557 bps, 94.47%, Err 0 (0.0e+000)
1014.878 .... 3744 packets received, 7557 bps, 94.47%, Err 0 (0.0e+000)
1017.060 .... 3752 packets received, 7557 bps, 94.47%, Err 0 (0.0e+000)
1019.235 .... 3760 packets received, 7557 bps, 94.47%, Err 0 (0.0e+000)
1021.391 .... 3768 packets received, 7557 bps, 94.47%, Err 0 (0.0e+000)
1023.558 .... 3776 packets received, 7557 bps, 94.47%, Err 0 (0.0e+000)
1025.728 .... 3784 packets received, 7557 bps, 94.47%, Err 0 (0.0e+000)
1027.898 .... 3792 packets received, 7557 bps, 94.47%, Err 0 (0.0e+000)
1030.068 .... 3800 packets received, 7557 bps, 94.47%, Err 0 (0.0e+000)
1032.225 .... 3808 packets received, 7557 bps, 94.47%, Err 0 (0.0e+000)
1034.401 .... 3816 packets received, 7557 bps, 94.47%, Err 0 (0.0e+000)
1036.573 .... 3824 packets received, 7557 bps, 94.47%, Err 0 (0.0e+000)
1038.748 .... 3832 packets received, 7557 bps, 94.46%, Err 0 (0.0e+000)
1040.901 .... 3840 packets received, 7557 bps, 94.47%, Err 0 (0.0e+000)
1043.086 .... 3848 packets received, 7557 bps, 94.46%, Err 0 (0.0e+000)
1045.242 .... 3856 packets received, 7557 bps, 94.47%, Err 0 (0.0e+000)
1047.424 .... 3864 packets received, 7557 bps, 94.46%, Err 0 (0.0e+000)
1049.583 .... 3872 packets received, 7557 bps, 94.47%, Err 0 (0.0e+000)
1051.751 .... 3880 packets received, 7557 bps, 94.47%, Err 0 (0.0e+000)
1053.919 .... 3888 packets received, 7557 bps, 94.47%, Err 0 (0.0e+000)
1056.089 .... 3896 packets received, 7557 bps, 94.47%, Err 0 (0.0e+000)
1058.256 .... 3904 packets received, 7557 bps, 94.47%, Err 0 (0.0e+000)
1060.424 .... 3912 packets received, 7557 bps, 94.47%, Err 0 (0.0e+000)
1062.449 .... 3913 packets received, 7545 bps, 94.31%, Err 0 (0.0e+000)
