C:\Users\Lao Shi\protocol_laoshi\laoshi_selective.exe -b 
=========================================================================
                          Station B                                 
-------------------------------------------------------------------------
Protocol.lib, version 3.0, Build: Oct 19 2009 (jiangy@public3.bta.net.cn)
Channel: 8000 bps, 270 ms propagation delay, bit error rate 1.0E-005
Log file "C:\Users\Lao Shi\protocol_laoshi\laoshi_selective-B.log", TCP port 59144, debug mask 0x00
Station B is connecting station A (TCP port 59144) ... Done.
New epoch: Mon May 09 19:18:47 2016
=========================================================================
2.599 .... 8 packets received, 7703 bps, 96.29%, Err 0 (0.0e+000)
4.743 .... 16 packets received, 7672 bps, 95.90%, Err 0 (0.0e+000)
6.902 .... 24 packets received, 7644 bps, 95.55%, Err 0 (0.0e+000)
9.085 .... 32 packets received, 7609 bps, 95.11%, Err 0 (0.0e+000)
11.230 .... 40 packets received, 7615 bps, 95.18%, Err 1 (1.1e-005)
13.425 .... 48 packets received, 7589 bps, 94.87%, Err 1 (9.5e-006)
15.573 .... 56 packets received, 7595 bps, 94.93%, Err 1 (8.1e-006)
17.752 .... 64 packets received, 7585 bps, 94.81%, Err 1 (7.1e-006)
20.444 .... 69 packets received, 7076 bps, 88.44%, Err 2 (1.2e-005)
22.630 .... 81 packets received, 7487 bps, 93.58%, Err 2 (1.1e-005)
25.337 .... 86 packets received, 7083 bps, 88.54%, Err 3 (1.5e-005)
27.506 .... 98 packets received, 7424 bps, 92.80%, Err 3 (1.4e-005)
29.666 .... 106 packets received, 7436 bps, 92.95%, Err 3 (1.3e-005)
31.830 .... 114 packets received, 7445 bps, 93.07%, Err 4 (1.6e-005)
33.988 .... 122 packets received, 7455 bps, 93.19%, Err 4 (1.5e-005)
36.153 .... 130 packets received, 7462 bps, 93.27%, Err 4 (1.4e-005)
38.337 .... 138 packets received, 7464 bps, 93.30%, Err 4 (1.3e-005)
40.472 .... 146 packets received, 7475 bps, 93.44%, Err 4 (1.2e-005)
42.645 .... 154 packets received, 7479 bps, 93.48%, Err 4 (1.2e-005)
44.795 .... 162 packets received, 7485 bps, 93.57%, Err 4 (1.1e-005)
46.983 .... 170 packets received, 7486 bps, 93.57%, Err 5 (1.3e-005)
49.142 .... 177 packets received, 7448 bps, 93.10%, Err 5 (1.3e-005)
51.311 .... 185 packets received, 7453 bps, 93.16%, Err 5 (1.2e-005)
53.451 .... 193 packets received, 7461 bps, 93.26%, Err 5 (1.2e-005)
55.621 .... 201 packets received, 7464 bps, 93.30%, Err 5 (1.1e-005)
57.795 .... 209 packets received, 7467 bps, 93.34%, Err 5 (1.1e-005)
59.962 .... 217 packets received, 7470 bps, 93.38%, Err 5 (1.0e-005)
62.142 .... 225 packets received, 7472 bps, 93.40%, Err 5 (1.0e-005)
64.564 .... 229 packets received, 7317 bps, 91.47%, Err 6 (1.2e-005)
66.716 .... 241 packets received, 7451 bps, 93.13%, Err 6 (1.1e-005)
68.885 .... 249 packets received, 7454 bps, 93.18%, Err 6 (1.1e-005)
71.060 .... 257 packets received, 7456 bps, 93.21%, Err 6 (1.1e-005)
73.232 .... 265 packets received, 7459 bps, 93.24%, Err 6 (1.0e-005)
75.403 .... 273 packets received, 7462 bps, 93.27%, Err 6 (1.0e-005)
77.558 .... 281 packets received, 7466 bps, 93.32%, Err 6 (9.7e-006)
79.739 .... 289 packets received, 7467 bps, 93.34%, Err 6 (9.4e-006)
81.884 .... 297 packets received, 7471 bps, 93.39%, Err 6 (9.2e-006)
84.054 .... 305 packets received, 7473 bps, 93.42%, Err 6 (8.9e-006)
86.243 .... 313 packets received, 7474 bps, 93.42%, Err 7 (1.0e-005)
88.389 .... 320 packets received, 7454 bps, 93.18%, Err 7 (9.9e-006)
90.520 .... 328 packets received, 7460 bps, 93.25%, Err 7 (9.7e-006)
92.700 .... 336 packets received, 7461 bps, 93.26%, Err 7 (9.5e-006)
94.850 .... 344 packets received, 7465 bps, 93.31%, Err 7 (9.2e-006)
97.018 .... 352 packets received, 7467 bps, 93.34%, Err 8 (1.0e-005)
100.530 .... 360 packets received, 7369 bps, 92.11%, Err 9 (1.1e-005)
102.646 .... 372 packets received, 7456 bps, 93.21%, Err 9 (1.1e-005)
104.757 .... 380 packets received, 7463 bps, 93.28%, Err 9 (1.1e-005)
106.888 .... 388 packets received, 7467 bps, 93.34%, Err 9 (1.1e-005)
108.997 .... 396 packets received, 7473 bps, 93.41%, Err 9 (1.0e-005)
111.115 .... 404 packets received, 7478 bps, 93.48%, Err 9 (1.0e-005)
113.223 .... 412 packets received, 7484 bps, 93.54%, Err 9 (1.0e-005)
115.361 .... 420 packets received, 7487 bps, 93.59%, Err 9 (9.8e-006)
117.477 .... 428 packets received, 7492 bps, 93.64%, Err 9 (9.6e-006)
119.565 .... 436 packets received, 7498 bps, 93.72%, Err 9 (9.4e-006)
121.697 .... 444 packets received, 7501 bps, 93.76%, Err 9 (9.3e-006)
125.389 .... 447 packets received, 7329 bps, 91.61%, Err 10 (1.0e-005)
127.507 .... 462 packets received, 7448 bps, 93.10%, Err 10 (9.8e-006)
129.613 .... 468 packets received, 7422 bps, 92.77%, Err 10 (9.7e-006)
131.736 .... 475 packets received, 7411 bps, 92.64%, Err 11 (1.0e-005)
133.840 .... 481 packets received, 7386 bps, 92.33%, Err 11 (1.0e-005)
135.946 .... 487 packets received, 7362 bps, 92.03%, Err 11 (1.0e-005)
138.070 .... 493 packets received, 7338 bps, 91.72%, Err 11 (1.0e-005)
140.173 .... 499 packets received, 7315 bps, 91.44%, Err 12 (1.1e-005)
142.304 .... 505 packets received, 7292 bps, 91.15%, Err 12 (1.1e-005)
144.669 .... 512 packets received, 7272 bps, 90.90%, Err 12 (1.0e-005)
146.789 .... 519 packets received, 7264 bps, 90.81%, Err 12 (1.0e-005)
148.892 .... 525 packets received, 7244 bps, 90.55%, Err 13 (1.1e-005)
152.596 .... 526 packets received, 7081 bps, 88.52%, Err 13 (1.1e-005)
154.720 .... 540 packets received, 7170 bps, 89.62%, Err 13 (1.1e-005)
157.079 .... 547 packets received, 7153 bps, 89.42%, Err 13 (1.0e-005)
159.470 .... 554 packets received, 7136 bps, 89.20%, Err 13 (1.0e-005)
161.600 .... 560 packets received, 7118 bps, 88.97%, Err 13 (1.0e-005)
163.698 .... 567 packets received, 7114 bps, 88.93%, Err 13 (9.9e-006)
166.338 .... 572 packets received, 7063 bps, 88.28%, Err 14 (1.1e-005)
168.456 .... 582 packets received, 7096 bps, 88.69%, Err 14 (1.0e-005)
170.561 .... 590 packets received, 7104 bps, 88.80%, Err 14 (1.0e-005)
172.686 .... 598 packets received, 7112 bps, 88.89%, Err 14 (1.0e-005)
174.803 .... 606 packets received, 7119 bps, 88.99%, Err 14 (1.0e-005)
176.918 .... 614 packets received, 7127 bps, 89.08%, Err 14 (9.9e-006)
179.033 .... 622 packets received, 7134 bps, 89.18%, Err 14 (9.8e-006)
181.154 .... 630 packets received, 7141 bps, 89.26%, Err 14 (9.7e-006)
183.288 .... 638 packets received, 7147 bps, 89.34%, Err 14 (9.6e-006)
186.958 .... 641 packets received, 7039 bps, 87.99%, Err 15 (1.0e-005)
189.090 .... 656 packets received, 7123 bps, 89.03%, Err 15 (9.9e-006)
191.206 .... 662 packets received, 7108 bps, 88.85%, Err 16 (1.0e-005)
193.308 .... 670 packets received, 7116 bps, 88.95%, Err 16 (1.0e-005)
195.424 .... 678 packets received, 7122 bps, 89.03%, Err 16 (1.0e-005)
197.539 .... 686 packets received, 7129 bps, 89.11%, Err 16 (1.0e-005)
199.642 .... 694 packets received, 7136 bps, 89.20%, Err 16 (1.0e-005)
201.775 .... 702 packets received, 7142 bps, 89.27%, Err 16 (9.9e-006)
203.968 .... 710 packets received, 7145 bps, 89.32%, Err 16 (9.8e-006)
206.092 .... 718 packets received, 7151 bps, 89.39%, Err 16 (9.7e-006)
208.261 .... 726 packets received, 7156 bps, 89.44%, Err 16 (9.6e-006)
210.401 .... 734 packets received, 7161 bps, 89.51%, Err 16 (9.5e-006)
212.571 .... 742 packets received, 7165 bps, 89.56%, Err 16 (9.4e-006)
214.753 .... 750 packets received, 7168 bps, 89.60%, Err 16 (9.3e-006)
216.909 .... 758 packets received, 7172 bps, 89.66%, Err 16 (9.2e-006)
219.064 .... 766 packets received, 7177 bps, 89.71%, Err 17 (9.7e-006)
221.231 .... 774 packets received, 7180 bps, 89.76%, Err 17 (9.6e-006)
223.416 .... 782 packets received, 7184 bps, 89.79%, Err 17 (9.5e-006)
225.590 .... 790 packets received, 7187 bps, 89.84%, Err 17 (9.4e-006)
227.745 .... 798 packets received, 7191 bps, 89.89%, Err 17 (9.3e-006)
229.915 .... 806 packets received, 7194 bps, 89.93%, Err 17 (9.3e-006)
232.070 .... 814 packets received, 7198 bps, 89.98%, Err 17 (9.2e-006)
234.243 .... 822 packets received, 7201 bps, 90.02%, Err 17 (9.1e-006)
236.387 .... 830 packets received, 7205 bps, 90.07%, Err 17 (9.0e-006)
238.542 .... 833 packets received, 7166 bps, 89.57%, Err 18 (9.4e-006)
242.082 .... 845 packets received, 7163 bps, 89.53%, Err 19 (9.8e-006)
244.237 .... 857 packets received, 7200 bps, 90.00%, Err 19 (9.7e-006)
246.396 .... 865 packets received, 7204 bps, 90.04%, Err 19 (9.6e-006)
248.567 .... 873 packets received, 7207 bps, 90.08%, Err 19 (9.6e-006)
250.723 .... 881 packets received, 7210 bps, 90.12%, Err 19 (9.5e-006)
252.897 .... 889 packets received, 7213 bps, 90.16%, Err 19 (9.4e-006)
255.067 .... 896 packets received, 7208 bps, 90.09%, Err 20 (9.8e-006)
257.213 .... 904 packets received, 7211 bps, 90.14%, Err 20 (9.7e-006)
259.397 .... 912 packets received, 7214 bps, 90.17%, Err 20 (9.6e-006)
261.532 .... 920 packets received, 7217 bps, 90.22%, Err 20 (9.6e-006)
263.704 .... 928 packets received, 7220 bps, 90.25%, Err 20 (9.5e-006)
265.875 .... 936 packets received, 7223 bps, 90.28%, Err 20 (9.4e-006)
268.032 .... 944 packets received, 7226 bps, 90.32%, Err 20 (9.3e-006)
270.736 .... 949 packets received, 7191 bps, 89.89%, Err 21 (9.7e-006)
272.890 .... 961 packets received, 7225 bps, 90.31%, Err 21 (9.6e-006)
275.075 .... 969 packets received, 7227 bps, 90.34%, Err 21 (9.6e-006)
278.308 .... 976 packets received, 7194 bps, 89.93%, Err 22 (9.9e-006)
280.466 .... 988 packets received, 7227 bps, 90.33%, Err 22 (9.8e-006)
282.635 .... 996 packets received, 7229 bps, 90.36%, Err 23 (1.0e-005)
284.795 .... 1003 packets received, 7225 bps, 90.31%, Err 23 (1.0e-005)
286.954 .... 1011 packets received, 7227 bps, 90.34%, Err 23 (1.0e-005)
289.108 .... 1019 packets received, 7230 bps, 90.38%, Err 23 (1.0e-005)
291.262 .... 1027 packets received, 7233 bps, 90.41%, Err 23 (9.9e-006)
293.433 .... 1035 packets received, 7235 bps, 90.44%, Err 23 (9.8e-006)
295.598 .... 1043 packets received, 7238 bps, 90.47%, Err 23 (9.7e-006)
297.783 .... 1051 packets received, 7240 bps, 90.50%, Err 23 (9.7e-006)
299.937 .... 1059 packets received, 7242 bps, 90.53%, Err 23 (9.6e-006)
302.097 .... 1067 packets received, 7245 bps, 90.56%, Err 23 (9.5e-006)
304.208 .... 1075 packets received, 7248 bps, 90.60%, Err 23 (9.5e-006)
306.318 .... 1083 packets received, 7252 bps, 90.65%, Err 23 (9.4e-006)
308.426 .... 1091 packets received, 7256 bps, 90.69%, Err 23 (9.3e-006)
310.534 .... 1099 packets received, 7259 bps, 90.74%, Err 23 (9.3e-006)
313.182 .... 1101 packets received, 7211 bps, 90.13%, Err 24 (9.6e-006)
315.292 .... 1116 packets received, 7260 bps, 90.75%, Err 24 (9.5e-006)
318.197 .... 1123 packets received, 7239 bps, 90.48%, Err 25 (9.8e-006)
321.380 .... 1134 packets received, 7237 bps, 90.46%, Err 26 (1.0e-005)
323.471 .... 1145 packets received, 7260 bps, 90.75%, Err 26 (1.0e-005)
325.592 .... 1153 packets received, 7263 bps, 90.79%, Err 26 (1.0e-005)
327.717 .... 1161 packets received, 7266 bps, 90.82%, Err 26 (9.9e-006)
329.838 .... 1169 packets received, 7269 bps, 90.86%, Err 26 (9.9e-006)
331.952 .... 1177 packets received, 7272 bps, 90.90%, Err 26 (9.8e-006)
336.702 .... 1182 packets received, 7200 bps, 90.00%, Err 27 (1.0e-005)
339.880 .... 1197 packets received, 7223 bps, 90.28%, Err 28 (1.0e-005)
341.987 .... 1208 packets received, 7244 bps, 90.55%, Err 28 (1.0e-005)
344.107 .... 1216 packets received, 7247 bps, 90.59%, Err 28 (1.0e-005)
346.241 .... 1224 packets received, 7250 bps, 90.62%, Err 28 (1.0e-005)
348.342 .... 1232 packets received, 7253 bps, 90.66%, Err 28 (1.0e-005)
350.449 .... 1240 packets received, 7256 bps, 90.70%, Err 28 (1.0e-005)
354.411 .... 1242 packets received, 7187 bps, 89.83%, Err 29 (1.0e-005)
356.516 .... 1258 packets received, 7236 bps, 90.45%, Err 29 (1.0e-005)
358.622 .... 1266 packets received, 7239 bps, 90.49%, Err 29 (1.0e-005)
360.755 .... 1274 packets received, 7242 bps, 90.52%, Err 29 (1.0e-005)
362.862 .... 1282 packets received, 7245 bps, 90.56%, Err 29 (1.0e-005)
364.985 .... 1290 packets received, 7248 bps, 90.60%, Err 29 (9.9e-006)
367.093 .... 1298 packets received, 7251 bps, 90.64%, Err 29 (9.9e-006)
369.202 .... 1306 packets received, 7254 bps, 90.67%, Err 29 (9.8e-006)
371.323 .... 1314 packets received, 7256 bps, 90.71%, Err 29 (9.8e-006)
373.426 .... 1322 packets received, 7259 bps, 90.74%, Err 29 (9.7e-006)
377.651 .... 1325 packets received, 7194 bps, 89.93%, Err 31 (1.0e-005)
379.772 .... 1340 packets received, 7235 bps, 90.44%, Err 31 (1.0e-005)
381.892 .... 1346 packets received, 7227 bps, 90.34%, Err 31 (1.0e-005)
383.997 .... 1353 packets received, 7225 bps, 90.31%, Err 31 (1.0e-005)
386.105 .... 1359 packets received, 7217 bps, 90.22%, Err 32 (1.0e-005)
389.817 .... 1360 packets received, 7154 bps, 89.42%, Err 34 (1.1e-005)
392.703 .... 1373 packets received, 7169 bps, 89.61%, Err 35 (1.1e-005)
394.820 .... 1384 packets received, 7188 bps, 89.85%, Err 35 (1.1e-005)
396.945 .... 1392 packets received, 7190 bps, 89.88%, Err 35 (1.1e-005)
399.047 .... 1400 packets received, 7194 bps, 89.92%, Err 35 (1.1e-005)
401.170 .... 1408 packets received, 7196 bps, 89.96%, Err 35 (1.1e-005)
403.291 .... 1416 packets received, 7199 bps, 89.99%, Err 35 (1.1e-005)
405.412 .... 1424 packets received, 7202 bps, 90.02%, Err 35 (1.1e-005)
407.797 .... 1429 packets received, 7185 bps, 89.81%, Err 36 (1.1e-005)
409.892 .... 1440 packets received, 7203 bps, 90.04%, Err 36 (1.1e-005)
412.076 .... 1448 packets received, 7205 bps, 90.06%, Err 36 (1.1e-005)
414.231 .... 1456 packets received, 7207 bps, 90.09%, Err 36 (1.1e-005)
416.405 .... 1464 packets received, 7209 bps, 90.11%, Err 36 (1.1e-005)
418.575 .... 1472 packets received, 7210 bps, 90.13%, Err 36 (1.1e-005)
420.745 .... 1480 packets received, 7212 bps, 90.15%, Err 36 (1.1e-005)
422.900 .... 1488 packets received, 7214 bps, 90.18%, Err 36 (1.1e-005)
425.073 .... 1496 packets received, 7216 bps, 90.20%, Err 36 (1.1e-005)
427.254 .... 1504 packets received, 7217 bps, 90.22%, Err 36 (1.1e-005)
429.423 .... 1512 packets received, 7219 bps, 90.24%, Err 36 (1.0e-005)
431.574 .... 1520 packets received, 7221 bps, 90.26%, Err 36 (1.0e-005)
433.743 .... 1528 packets received, 7223 bps, 90.28%, Err 36 (1.0e-005)
435.887 .... 1536 packets received, 7225 bps, 90.31%, Err 36 (1.0e-005)
438.056 .... 1544 packets received, 7226 bps, 90.33%, Err 36 (1.0e-005)
440.224 .... 1552 packets received, 7228 bps, 90.35%, Err 36 (1.0e-005)
442.388 .... 1560 packets received, 7230 bps, 90.37%, Err 36 (1.0e-005)
444.558 .... 1568 packets received, 7231 bps, 90.39%, Err 36 (1.0e-005)
446.703 .... 1576 packets received, 7233 bps, 90.41%, Err 36 (1.0e-005)
448.874 .... 1584 packets received, 7235 bps, 90.43%, Err 37 (1.0e-005)
451.043 .... 1591 packets received, 7232 bps, 90.40%, Err 37 (1.0e-005)
453.214 .... 1599 packets received, 7233 bps, 90.41%, Err 37 (1.0e-005)
455.368 .... 1607 packets received, 7235 bps, 90.44%, Err 37 (1.0e-005)
457.515 .... 1615 packets received, 7237 bps, 90.46%, Err 37 (1.0e-005)
459.678 .... 1623 packets received, 7238 bps, 90.48%, Err 37 (1.0e-005)
461.843 .... 1631 packets received, 7240 bps, 90.50%, Err 37 (1.0e-005)
464.000 .... 1639 packets received, 7242 bps, 90.52%, Err 37 (1.0e-005)
466.161 .... 1647 packets received, 7243 bps, 90.54%, Err 38 (1.0e-005)
468.305 .... 1655 packets received, 7245 bps, 90.56%, Err 38 (1.0e-005)
470.496 .... 1663 packets received, 7246 bps, 90.58%, Err 38 (1.0e-005)
472.660 .... 1671 packets received, 7248 bps, 90.59%, Err 38 (1.0e-005)
474.825 .... 1679 packets received, 7249 bps, 90.61%, Err 38 (1.0e-005)
476.965 .... 1686 packets received, 7247 bps, 90.58%, Err 39 (1.0e-005)
479.129 .... 1694 packets received, 7248 bps, 90.60%, Err 39 (1.0e-005)
481.280 .... 1702 packets received, 7250 bps, 90.62%, Err 39 (1.0e-005)
483.445 .... 1709 packets received, 7247 bps, 90.59%, Err 40 (1.0e-005)
485.587 .... 1717 packets received, 7249 bps, 90.61%, Err 40 (1.0e-005)
487.750 .... 1725 packets received, 7250 bps, 90.63%, Err 40 (1.0e-005)
489.915 .... 1733 packets received, 7251 bps, 90.64%, Err 40 (1.0e-005)
492.087 .... 1741 packets received, 7253 bps, 90.66%, Err 40 (1.0e-005)
494.260 .... 1749 packets received, 7254 bps, 90.68%, Err 40 (1.0e-005)
496.431 .... 1757 packets received, 7255 bps, 90.69%, Err 40 (1.0e-005)
498.601 .... 1765 packets received, 7257 bps, 90.71%, Err 40 (1.0e-005)
503.423 .... 1770 packets received, 7207 bps, 90.09%, Err 41 (1.0e-005)
505.539 .... 1785 packets received, 7238 bps, 90.48%, Err 41 (1.0e-005)
507.657 .... 1793 packets received, 7240 bps, 90.50%, Err 41 (1.0e-005)
509.762 .... 1801 packets received, 7242 bps, 90.53%, Err 41 (1.0e-005)
513.201 .... 1806 packets received, 7214 bps, 90.17%, Err 42 (1.0e-005)
515.302 .... 1821 packets received, 7244 bps, 90.55%, Err 42 (1.0e-005)
517.447 .... 1829 packets received, 7246 bps, 90.57%, Err 42 (1.0e-005)
519.563 .... 1837 packets received, 7248 bps, 90.60%, Err 42 (1.0e-005)
521.671 .... 1845 packets received, 7250 bps, 90.62%, Err 42 (1.0e-005)
523.775 .... 1853 packets received, 7252 bps, 90.65%, Err 42 (1.0e-005)
525.906 .... 1861 packets received, 7254 bps, 90.67%, Err 42 (1.0e-005)
528.007 .... 1869 packets received, 7256 bps, 90.70%, Err 42 (9.9e-006)
530.109 .... 1877 packets received, 7258 bps, 90.72%, Err 42 (9.9e-006)
532.253 .... 1885 packets received, 7260 bps, 90.74%, Err 42 (9.9e-006)
534.354 .... 1893 packets received, 7262 bps, 90.77%, Err 42 (9.8e-006)
536.453 .... 1901 packets received, 7264 bps, 90.80%, Err 42 (9.8e-006)
538.572 .... 1909 packets received, 7266 bps, 90.82%, Err 42 (9.8e-006)
541.997 .... 1917 packets received, 7250 bps, 90.62%, Err 44 (1.0e-005)
544.117 .... 1929 packets received, 7267 bps, 90.84%, Err 44 (1.0e-005)
546.236 .... 1937 packets received, 7269 bps, 90.86%, Err 44 (1.0e-005)
548.338 .... 1945 packets received, 7271 bps, 90.88%, Err 44 (1.0e-005)
550.472 .... 1953 packets received, 7272 bps, 90.90%, Err 44 (1.0e-005)
552.571 .... 1961 packets received, 7274 bps, 90.93%, Err 44 (1.0e-005)
554.690 .... 1969 packets received, 7276 bps, 90.95%, Err 44 (9.9e-006)
556.808 .... 1977 packets received, 7278 bps, 90.97%, Err 44 (9.9e-006)
558.908 .... 1985 packets received, 7280 bps, 91.00%, Err 44 (9.8e-006)
561.028 .... 1993 packets received, 7281 bps, 91.02%, Err 44 (9.8e-006)
563.160 .... 2001 packets received, 7283 bps, 91.04%, Err 44 (9.8e-006)
565.264 .... 2009 packets received, 7285 bps, 91.06%, Err 44 (9.7e-006)
570.010 .... 2014 packets received, 7242 bps, 90.53%, Err 45 (9.9e-006)
572.131 .... 2029 packets received, 7269 bps, 90.86%, Err 45 (9.8e-006)
574.233 .... 2037 packets received, 7271 bps, 90.89%, Err 45 (9.8e-006)
576.364 .... 2045 packets received, 7272 bps, 90.91%, Err 45 (9.8e-006)
578.465 .... 2053 packets received, 7274 bps, 90.93%, Err 45 (9.7e-006)
580.597 .... 2061 packets received, 7276 bps, 90.95%, Err 45 (9.7e-006)
582.704 .... 2069 packets received, 7278 bps, 90.97%, Err 46 (9.9e-006)
584.810 .... 2077 packets received, 7280 bps, 90.99%, Err 46 (9.8e-006)
586.931 .... 2085 packets received, 7281 bps, 91.01%, Err 47 (1.0e-005)
590.633 .... 2086 packets received, 7239 bps, 90.49%, Err 49 (1.0e-005)
592.746 .... 2100 packets received, 7262 bps, 90.77%, Err 49 (1.0e-005)
594.847 .... 2106 packets received, 7257 bps, 90.71%, Err 49 (1.0e-005)
596.969 .... 2112 packets received, 7251 bps, 90.64%, Err 49 (1.0e-005)
599.088 .... 2119 packets received, 7250 bps, 90.62%, Err 49 (1.0e-005)
601.207 .... 2125 packets received, 7244 bps, 90.56%, Err 49 (1.0e-005)
603.314 .... 2131 packets received, 7240 bps, 90.49%, Err 49 (1.0e-005)
605.435 .... 2137 packets received, 7234 bps, 90.43%, Err 49 (1.0e-005)
607.835 .... 2144 packets received, 7229 bps, 90.37%, Err 49 (1.0e-005)
609.974 .... 2151 packets received, 7228 bps, 90.35%, Err 49 (1.0e-005)
612.113 .... 2157 packets received, 7222 bps, 90.28%, Err 49 (1.0e-005)
614.548 .... 2164 packets received, 7217 bps, 90.21%, Err 49 (1.0e-005)
616.701 .... 2171 packets received, 7215 bps, 90.19%, Err 49 (9.9e-006)
618.841 .... 2177 packets received, 7210 bps, 90.13%, Err 49 (9.9e-006)
620.997 .... 2183 packets received, 7205 bps, 90.06%, Err 49 (9.9e-006)
623.152 .... 2190 packets received, 7203 bps, 90.04%, Err 49 (9.8e-006)
625.312 .... 2196 packets received, 7198 bps, 89.97%, Err 49 (9.8e-006)
627.727 .... 2203 packets received, 7193 bps, 89.91%, Err 49 (9.8e-006)
630.130 .... 2210 packets received, 7188 bps, 89.85%, Err 49 (9.7e-006)
632.542 .... 2217 packets received, 7183 bps, 89.79%, Err 49 (9.7e-006)
634.711 .... 2220 packets received, 7169 bps, 89.61%, Err 51 (1.0e-005)
636.879 .... 2230 packets received, 7176 bps, 89.70%, Err 51 (1.0e-005)
639.048 .... 2238 packets received, 7178 bps, 89.72%, Err 51 (1.0e-005)
642.016 .... 2244 packets received, 7164 bps, 89.54%, Err 52 (1.0e-005)
644.172 .... 2256 packets received, 7178 bps, 89.72%, Err 52 (1.0e-005)
646.343 .... 2264 packets received, 7179 bps, 89.74%, Err 52 (1.0e-005)
648.506 .... 2272 packets received, 7180 bps, 89.75%, Err 52 (1.0e-005)
650.693 .... 2280 packets received, 7181 bps, 89.77%, Err 52 (1.0e-005)
652.831 .... 2288 packets received, 7183 bps, 89.79%, Err 52 (1.0e-005)
654.988 .... 2296 packets received, 7184 bps, 89.80%, Err 52 (9.9e-006)
658.515 .... 2304 packets received, 7171 bps, 89.63%, Err 53 (1.0e-005)
660.654 .... 2316 packets received, 7185 bps, 89.81%, Err 53 (1.0e-005)
662.843 .... 2324 packets received, 7186 bps, 89.82%, Err 53 (1.0e-005)
665.008 .... 2332 packets received, 7187 bps, 89.84%, Err 53 (1.0e-005)
668.252 .... 2339 packets received, 7173 bps, 89.67%, Err 54 (1.0e-005)
670.408 .... 2351 packets received, 7187 bps, 89.84%, Err 54 (1.0e-005)
672.559 .... 2359 packets received, 7188 bps, 89.86%, Err 54 (1.0e-005)
674.720 .... 2367 packets received, 7190 bps, 89.87%, Err 54 (1.0e-005)
676.888 .... 2375 packets received, 7191 bps, 89.89%, Err 54 (1.0e-005)
679.042 .... 2378 packets received, 7177 bps, 89.71%, Err 56 (1.0e-005)
681.213 .... 2389 packets received, 7187 bps, 89.84%, Err 56 (1.0e-005)
683.351 .... 2397 packets received, 7189 bps, 89.86%, Err 56 (1.0e-005)
685.782 .... 2401 packets received, 7175 bps, 89.69%, Err 57 (1.0e-005)
687.938 .... 2413 packets received, 7188 bps, 89.86%, Err 57 (1.0e-005)
690.107 .... 2421 packets received, 7190 bps, 89.87%, Err 57 (1.0e-005)
692.243 .... 2429 packets received, 7191 bps, 89.89%, Err 57 (1.0e-005)
694.410 .... 2437 packets received, 7192 bps, 89.90%, Err 57 (1.0e-005)
696.564 .... 2445 packets received, 7194 bps, 89.92%, Err 58 (1.0e-005)
698.753 .... 2453 packets received, 7194 bps, 89.93%, Err 59 (1.1e-005)
700.918 .... 2461 packets received, 7196 bps, 89.94%, Err 59 (1.1e-005)
703.032 .... 2469 packets received, 7197 bps, 89.97%, Err 59 (1.0e-005)
705.135 .... 2477 packets received, 7199 bps, 89.99%, Err 59 (1.0e-005)
707.269 .... 2485 packets received, 7200 bps, 90.01%, Err 59 (1.0e-005)
709.374 .... 2493 packets received, 7202 bps, 90.03%, Err 59 (1.0e-005)
711.492 .... 2501 packets received, 7204 bps, 90.05%, Err 59 (1.0e-005)
713.598 .... 2509 packets received, 7206 bps, 90.07%, Err 59 (1.0e-005)
715.719 .... 2517 packets received, 7207 bps, 90.09%, Err 59 (1.0e-005)
717.837 .... 2525 packets received, 7209 bps, 90.11%, Err 59 (1.0e-005)
719.937 .... 2533 packets received, 7210 bps, 90.13%, Err 59 (1.0e-005)
722.055 .... 2541 packets received, 7212 bps, 90.15%, Err 59 (1.0e-005)
724.161 .... 2549 packets received, 7214 bps, 90.17%, Err 59 (1.0e-005)
726.282 .... 2557 packets received, 7215 bps, 90.19%, Err 59 (1.0e-005)
728.920 .... 2563 packets received, 7206 bps, 90.07%, Err 60 (1.0e-005)
731.027 .... 2574 packets received, 7216 bps, 90.20%, Err 60 (1.0e-005)
733.145 .... 2582 packets received, 7217 bps, 90.22%, Err 60 (1.0e-005)
735.248 .... 2590 packets received, 7219 bps, 90.24%, Err 60 (1.0e-005)
737.366 .... 2598 packets received, 7220 bps, 90.26%, Err 60 (1.0e-005)
739.480 .... 2606 packets received, 7222 bps, 90.27%, Err 60 (1.0e-005)
741.598 .... 2614 packets received, 7223 bps, 90.29%, Err 60 (1.0e-005)
743.700 .... 2622 packets received, 7225 bps, 90.31%, Err 60 (1.0e-005)
745.834 .... 2630 packets received, 7226 bps, 90.33%, Err 60 (1.0e-005)
747.954 .... 2638 packets received, 7228 bps, 90.35%, Err 60 (1.0e-005)
750.060 .... 2646 packets received, 7229 bps, 90.37%, Err 60 (1.0e-005)
752.170 .... 2654 packets received, 7231 bps, 90.39%, Err 60 (1.0e-005)
754.286 .... 2657 packets received, 7219 bps, 90.23%, Err 61 (1.0e-005)
756.405 .... 2669 packets received, 7231 bps, 90.39%, Err 61 (1.0e-005)
758.507 .... 2676 packets received, 7230 bps, 90.37%, Err 63 (1.0e-005)
760.638 .... 2683 packets received, 7228 bps, 90.36%, Err 63 (1.0e-005)
762.753 .... 2691 packets received, 7230 bps, 90.37%, Err 63 (1.0e-005)
764.857 .... 2699 packets received, 7231 bps, 90.39%, Err 64 (1.0e-005)
766.951 .... 2707 packets received, 7233 bps, 90.41%, Err 64 (1.0e-005)
769.097 .... 2715 packets received, 7234 bps, 90.43%, Err 64 (1.0e-005)
771.197 .... 2723 packets received, 7236 bps, 90.45%, Err 64 (1.0e-005)
773.311 .... 2731 packets received, 7237 bps, 90.46%, Err 64 (1.0e-005)
775.432 .... 2739 packets received, 7238 bps, 90.48%, Err 64 (1.0e-005)
777.537 .... 2747 packets received, 7240 bps, 90.50%, Err 64 (1.0e-005)
779.667 .... 2755 packets received, 7241 bps, 90.51%, Err 64 (1.0e-005)
781.783 .... 2763 packets received, 7242 bps, 90.53%, Err 64 (1.0e-005)
786.787 .... 2770 packets received, 7215 bps, 90.18%, Err 65 (1.0e-005)
788.887 .... 2785 packets received, 7234 bps, 90.43%, Err 65 (1.0e-005)
793.657 .... 2789 packets received, 7201 bps, 90.01%, Err 66 (1.0e-005)
795.775 .... 2803 packets received, 7218 bps, 90.23%, Err 66 (1.0e-005)
799.225 .... 2806 packets received, 7195 bps, 89.93%, Err 67 (1.0e-005)
801.338 .... 2822 packets received, 7217 bps, 90.21%, Err 67 (1.0e-005)
803.494 .... 2829 packets received, 7215 bps, 90.19%, Err 68 (1.1e-005)
805.633 .... 2837 packets received, 7216 bps, 90.20%, Err 68 (1.1e-005)
807.804 .... 2845 packets received, 7217 bps, 90.21%, Err 68 (1.1e-005)
809.961 .... 2853 packets received, 7218 bps, 90.23%, Err 68 (1.0e-005)
812.146 .... 2861 packets received, 7219 bps, 90.24%, Err 68 (1.0e-005)
814.318 .... 2869 packets received, 7220 bps, 90.25%, Err 68 (1.0e-005)
816.461 .... 2877 packets received, 7221 bps, 90.26%, Err 68 (1.0e-005)
818.617 .... 2885 packets received, 7222 bps, 90.27%, Err 68 (1.0e-005)
820.788 .... 2893 packets received, 7223 bps, 90.28%, Err 68 (1.0e-005)
822.927 .... 2901 packets received, 7224 bps, 90.30%, Err 68 (1.0e-005)
825.092 .... 2909 packets received, 7225 bps, 90.31%, Err 68 (1.0e-005)
827.260 .... 2917 packets received, 7226 bps, 90.32%, Err 69 (1.0e-005)
830.507 .... 2920 packets received, 7205 bps, 90.06%, Err 70 (1.1e-005)
832.677 .... 2935 packets received, 7223 bps, 90.29%, Err 71 (1.1e-005)
834.832 .... 2942 packets received, 7221 bps, 90.27%, Err 71 (1.1e-005)
836.966 .... 2948 packets received, 7218 bps, 90.22%, Err 71 (1.1e-005)
839.141 .... 2955 packets received, 7216 bps, 90.20%, Err 71 (1.1e-005)
841.310 .... 2961 packets received, 7212 bps, 90.15%, Err 71 (1.1e-005)
843.463 .... 2967 packets received, 7208 bps, 90.10%, Err 71 (1.1e-005)
845.862 .... 2974 packets received, 7205 bps, 90.06%, Err 71 (1.0e-005)
848.047 .... 2981 packets received, 7203 bps, 90.04%, Err 71 (1.0e-005)
850.195 .... 2987 packets received, 7199 bps, 89.99%, Err 71 (1.0e-005)
852.626 .... 2994 packets received, 7196 bps, 89.94%, Err 71 (1.0e-005)
855.024 .... 3001 packets received, 7192 bps, 89.90%, Err 71 (1.0e-005)
857.180 .... 3007 packets received, 7188 bps, 89.85%, Err 71 (1.0e-005)
859.338 .... 3013 packets received, 7185 bps, 89.81%, Err 71 (1.0e-005)
861.477 .... 3019 packets received, 7181 bps, 89.76%, Err 71 (1.0e-005)
863.647 .... 3025 packets received, 7177 bps, 89.72%, Err 71 (1.0e-005)
866.047 .... 3032 packets received, 7174 bps, 89.67%, Err 72 (1.0e-005)
868.492 .... 3039 packets received, 7170 bps, 89.63%, Err 72 (1.0e-005)
870.651 .... 3046 packets received, 7169 bps, 89.61%, Err 72 (1.0e-005)
872.782 .... 3052 packets received, 7165 bps, 89.57%, Err 72 (1.0e-005)
874.943 .... 3058 packets received, 7162 bps, 89.52%, Err 72 (1.0e-005)
877.097 .... 3064 packets received, 7158 bps, 89.48%, Err 72 (1.0e-005)
879.252 .... 3070 packets received, 7155 bps, 89.43%, Err 72 (1.0e-005)
881.392 .... 3076 packets received, 7151 bps, 89.39%, Err 72 (1.0e-005)
883.533 .... 3082 packets received, 7148 bps, 89.35%, Err 72 (1.0e-005)
885.680 .... 3089 packets received, 7147 bps, 89.33%, Err 72 (1.0e-005)
887.853 .... 3095 packets received, 7143 bps, 89.29%, Err 72 (1.0e-005)
890.010 .... 3101 packets received, 7139 bps, 89.24%, Err 72 (1.0e-005)
892.152 .... 3107 packets received, 7136 bps, 89.20%, Err 72 (1.0e-005)
894.306 .... 3113 packets received, 7133 bps, 89.16%, Err 72 (1.0e-005)
896.724 .... 3120 packets received, 7129 bps, 89.12%, Err 72 (1.0e-005)
898.881 .... 3127 packets received, 7128 bps, 89.10%, Err 72 (1.0e-005)
901.045 .... 3133 packets received, 7125 bps, 89.06%, Err 72 (1.0e-005)
903.166 .... 3139 packets received, 7122 bps, 89.02%, Err 72 (1.0e-005)
905.296 .... 3145 packets received, 7118 bps, 88.98%, Err 73 (1.0e-005)
907.380 .... 3153 packets received, 7120 bps, 89.00%, Err 73 (1.0e-005)
909.527 .... 3161 packets received, 7121 bps, 89.02%, Err 73 (1.0e-005)
911.612 .... 3169 packets received, 7123 bps, 89.04%, Err 73 (1.0e-005)
913.728 .... 3177 packets received, 7125 bps, 89.06%, Err 73 (1.0e-005)
915.829 .... 3185 packets received, 7126 bps, 89.08%, Err 74 (1.0e-005)
917.950 .... 3193 packets received, 7127 bps, 89.09%, Err 74 (1.0e-005)
920.081 .... 3201 packets received, 7129 bps, 89.11%, Err 74 (1.0e-005)
922.185 .... 3209 packets received, 7130 bps, 89.13%, Err 75 (1.0e-005)
925.621 .... 3210 packets received, 7106 bps, 88.82%, Err 76 (1.0e-005)
927.736 .... 3225 packets received, 7123 bps, 89.04%, Err 76 (1.0e-005)
929.854 .... 3233 packets received, 7124 bps, 89.05%, Err 76 (1.0e-005)
931.970 .... 3241 packets received, 7126 bps, 89.07%, Err 76 (1.0e-005)
934.077 .... 3249 packets received, 7127 bps, 89.09%, Err 76 (1.0e-005)
936.198 .... 3257 packets received, 7129 bps, 89.11%, Err 76 (1.0e-005)
938.315 .... 3265 packets received, 7130 bps, 89.12%, Err 76 (1.0e-005)
940.420 .... 3273 packets received, 7131 bps, 89.14%, Err 76 (1.0e-005)
942.526 .... 3281 packets received, 7133 bps, 89.16%, Err 76 (1.0e-005)
944.647 .... 3289 packets received, 7134 bps, 89.18%, Err 76 (1.0e-005)
946.784 .... 3297 packets received, 7135 bps, 89.19%, Err 76 (1.0e-005)
948.878 .... 3305 packets received, 7137 bps, 89.21%, Err 76 (1.0e-005)
950.999 .... 3313 packets received, 7138 bps, 89.23%, Err 76 (1.0e-005)
953.122 .... 3321 packets received, 7139 bps, 89.24%, Err 76 (1.0e-005)
955.216 .... 3329 packets received, 7141 bps, 89.26%, Err 76 (9.9e-006)
957.336 .... 3337 packets received, 7142 bps, 89.28%, Err 76 (9.9e-006)
959.455 .... 3345 packets received, 7144 bps, 89.29%, Err 76 (9.9e-006)
961.559 .... 3353 packets received, 7145 bps, 89.31%, Err 76 (9.9e-006)
963.688 .... 3361 packets received, 7146 bps, 89.33%, Err 76 (9.9e-006)
965.791 .... 3369 packets received, 7148 bps, 89.34%, Err 76 (9.8e-006)
967.923 .... 3377 packets received, 7149 bps, 89.36%, Err 76 (9.8e-006)
970.024 .... 3385 packets received, 7150 bps, 89.38%, Err 76 (9.8e-006)
972.139 .... 3393 packets received, 7151 bps, 89.39%, Err 77 (9.9e-006)
974.262 .... 3401 packets received, 7153 bps, 89.41%, Err 77 (9.9e-006)
977.434 .... 3409 packets received, 7146 bps, 89.33%, Err 78 (1.0e-005)
979.566 .... 3420 packets received, 7154 bps, 89.42%, Err 78 (1.0e-005)
981.656 .... 3428 packets received, 7155 bps, 89.44%, Err 78 (9.9e-006)
983.779 .... 3436 packets received, 7156 bps, 89.45%, Err 78 (9.9e-006)
986.942 .... 3444 packets received, 7150 bps, 89.38%, Err 79 (1.0e-005)
989.060 .... 3455 packets received, 7158 bps, 89.47%, Err 80 (1.0e-005)
991.165 .... 3463 packets received, 7159 bps, 89.49%, Err 80 (1.0e-005)
993.277 .... 3471 packets received, 7160 bps, 89.50%, Err 80 (1.0e-005)
995.395 .... 3479 packets received, 7161 bps, 89.52%, Err 80 (1.0e-005)
997.485 .... 3487 packets received, 7163 bps, 89.53%, Err 80 (1.0e-005)
999.618 .... 3495 packets received, 7164 bps, 89.55%, Err 80 (1.0e-005)
1002.790 .... 3502 packets received, 7156 bps, 89.44%, Err 82 (1.0e-005)
1004.896 .... 3513 packets received, 7163 bps, 89.54%, Err 82 (1.0e-005)
1007.004 .... 3521 packets received, 7164 bps, 89.55%, Err 82 (1.0e-005)
1009.105 .... 3529 packets received, 7166 bps, 89.57%, Err 82 (1.0e-005)
1012.287 .... 3537 packets received, 7159 bps, 89.49%, Err 83 (1.0e-005)
1014.395 .... 3548 packets received, 7167 bps, 89.58%, Err 83 (1.0e-005)
1016.517 .... 3556 packets received, 7168 bps, 89.60%, Err 83 (1.0e-005)
1018.634 .... 3564 packets received, 7169 bps, 89.61%, Err 83 (1.0e-005)
1020.785 .... 3572 packets received, 7170 bps, 89.62%, Err 83 (1.0e-005)
1022.936 .... 3580 packets received, 7171 bps, 89.63%, Err 83 (1.0e-005)
1025.118 .... 3588 packets received, 7171 bps, 89.64%, Err 83 (1.0e-005)
1027.270 .... 3596 packets received, 7172 bps, 89.66%, Err 83 (1.0e-005)
1029.438 .... 3604 packets received, 7173 bps, 89.67%, Err 83 (1.0e-005)
1031.606 .... 3612 packets received, 7174 bps, 89.68%, Err 83 (1.0e-005)
1034.021 .... 3616 packets received, 7165 bps, 89.56%, Err 84 (1.0e-005)
1036.998 .... 3626 packets received, 7164 bps, 89.55%, Err 85 (1.0e-005)
1039.140 .... 3638 packets received, 7173 bps, 89.67%, Err 85 (1.0e-005)
1041.301 .... 3646 packets received, 7174 bps, 89.68%, Err 85 (1.0e-005)
1043.475 .... 3654 packets received, 7175 bps, 89.69%, Err 85 (1.0e-005)
1045.630 .... 3662 packets received, 7176 bps, 89.70%, Err 85 (1.0e-005)
1047.819 .... 3670 packets received, 7176 bps, 89.70%, Err 85 (1.0e-005)
1049.960 .... 3678 packets received, 7177 bps, 89.72%, Err 85 (1.0e-005)
1052.116 .... 3686 packets received, 7178 bps, 89.73%, Err 85 (1.0e-005)
1054.300 .... 3694 packets received, 7179 bps, 89.74%, Err 85 (1.0e-005)
1056.457 .... 3702 packets received, 7180 bps, 89.75%, Err 85 (1.0e-005)
1058.599 .... 3710 packets received, 7181 bps, 89.76%, Err 85 (1.0e-005)
1060.743 .... 3718 packets received, 7182 bps, 89.77%, Err 85 (1.0e-005)
1062.913 .... 3726 packets received, 7182 bps, 89.78%, Err 85 (1.0e-005)
1065.082 .... 3734 packets received, 7183 bps, 89.79%, Err 85 (1.0e-005)
1067.218 .... 3742 packets received, 7184 bps, 89.80%, Err 85 (1.0e-005)
1069.342 .... 3750 packets received, 7185 bps, 89.81%, Err 85 (9.9e-006)
1071.468 .... 3758 packets received, 7186 bps, 89.83%, Err 85 (9.9e-006)
1073.642 .... 3766 packets received, 7187 bps, 89.84%, Err 85 (9.9e-006)
1075.798 .... 3774 packets received, 7188 bps, 89.85%, Err 85 (9.9e-006)
1077.967 .... 3782 packets received, 7188 bps, 89.86%, Err 85 (9.9e-006)
1080.136 .... 3790 packets received, 7189 bps, 89.86%, Err 85 (9.8e-006)
1082.306 .... 3798 packets received, 7190 bps, 89.87%, Err 85 (9.8e-006)
1084.479 .... 3805 packets received, 7189 bps, 89.86%, Err 86 (9.9e-006)
1086.632 .... 3813 packets received, 7190 bps, 89.87%, Err 86 (9.9e-006)
1088.817 .... 3821 packets received, 7190 bps, 89.88%, Err 86 (9.9e-006)
1090.987 .... 3829 packets received, 7191 bps, 89.89%, Err 86 (9.9e-006)
1093.142 .... 3837 packets received, 7192 bps, 89.90%, Err 86 (9.8e-006)
1095.282 .... 3845 packets received, 7193 bps, 89.91%, Err 86 (9.8e-006)
1097.452 .... 3853 packets received, 7193 bps, 89.92%, Err 86 (9.8e-006)
1102.308 .... 3857 packets received, 7169 bps, 89.61%, Err 88 (1.0e-005)
1104.398 .... 3873 packets received, 7185 bps, 89.81%, Err 88 (1.0e-005)
1106.530 .... 3878 packets received, 7181 bps, 89.76%, Err 89 (1.0e-005)
1108.634 .... 3886 packets received, 7182 bps, 89.77%, Err 89 (1.0e-005)
1110.752 .... 3894 packets received, 7183 bps, 89.78%, Err 89 (1.0e-005)
1112.856 .... 3902 packets received, 7184 bps, 89.80%, Err 89 (1.0e-005)
1114.989 .... 3909 packets received, 7183 bps, 89.79%, Err 90 (1.0e-005)
1117.106 .... 3917 packets received, 7184 bps, 89.80%, Err 90 (1.0e-005)
1119.212 .... 3925 packets received, 7185 bps, 89.82%, Err 90 (1.0e-005)
1121.331 .... 3933 packets received, 7186 bps, 89.83%, Err 90 (1.0e-005)
1123.430 .... 3941 packets received, 7187 bps, 89.84%, Err 90 (1.0e-005)
1125.550 .... 3949 packets received, 7188 bps, 89.86%, Err 90 (1.0e-005)
1128.713 .... 3957 packets received, 7183 bps, 89.79%, Err 91 (1.0e-005)
1130.859 .... 3968 packets received, 7189 bps, 89.86%, Err 91 (1.0e-005)
1132.945 .... 3976 packets received, 7190 bps, 89.88%, Err 91 (1.0e-005)
1135.075 .... 3984 packets received, 7191 bps, 89.89%, Err 91 (1.0e-005)
1137.179 .... 3992 packets received, 7192 bps, 89.90%, Err 91 (1.0e-005)
1141.414 .... 3995 packets received, 7171 bps, 89.64%, Err 92 (1.0e-005)
1143.521 .... 4010 packets received, 7185 bps, 89.81%, Err 92 (1.0e-005)
1145.620 .... 4018 packets received, 7186 bps, 89.82%, Err 92 (1.0e-005)
1147.753 .... 4026 packets received, 7187 bps, 89.83%, Err 92 (1.0e-005)
1149.858 .... 4034 packets received, 7188 bps, 89.85%, Err 92 (1.0e-005)
1151.990 .... 4042 packets received, 7189 bps, 89.86%, Err 92 (1.0e-005)
1156.747 .... 4047 packets received, 7168 bps, 89.60%, Err 93 (1.0e-005)
1158.863 .... 4062 packets received, 7181 bps, 89.77%, Err 93 (1.0e-005)
1160.981 .... 4070 packets received, 7183 bps, 89.78%, Err 93 (1.0e-005)
1165.446 .... 4074 packets received, 7162 bps, 89.53%, Err 94 (1.0e-005)
1167.580 .... 4089 packets received, 7175 bps, 89.69%, Err 95 (1.0e-005)
1169.698 .... 4095 packets received, 7173 bps, 89.66%, Err 95 (1.0e-005)
1172.087 .... 4102 packets received, 7170 bps, 89.63%, Err 95 (1.0e-005)
1174.174 .... 4109 packets received, 7170 bps, 89.62%, Err 95 (1.0e-005)
1176.292 .... 4115 packets received, 7167 bps, 89.59%, Err 96 (1.0e-005)
1178.412 .... 4121 packets received, 7165 bps, 89.56%, Err 96 (1.0e-005)
1180.516 .... 4127 packets received, 7163 bps, 89.53%, Err 96 (1.0e-005)
1182.909 .... 4134 packets received, 7160 bps, 89.50%, Err 96 (1.0e-005)
1186.870 .... 4140 packets received, 7147 bps, 89.33%, Err 97 (1.0e-005)
1189.012 .... 4154 packets received, 7158 bps, 89.47%, Err 97 (1.0e-005)
1191.118 .... 4162 packets received, 7159 bps, 89.49%, Err 97 (1.0e-005)
1193.207 .... 4170 packets received, 7160 bps, 89.50%, Err 97 (1.0e-005)
1195.336 .... 4178 packets received, 7161 bps, 89.51%, Err 97 (1.0e-005)
1197.450 .... 4186 packets received, 7162 bps, 89.53%, Err 97 (1.0e-005)
1199.561 .... 4194 packets received, 7163 bps, 89.54%, Err 97 (1.0e-005)
1201.680 .... 4202 packets received, 7164 bps, 89.55%, Err 97 (1.0e-005)
1203.815 .... 4210 packets received, 7165 bps, 89.56%, Err 97 (1.0e-005)
1205.964 .... 4218 packets received, 7166 bps, 89.57%, Err 97 (1.0e-005)
1208.143 .... 4226 packets received, 7167 bps, 89.58%, Err 97 (1.0e-005)
1210.308 .... 4234 packets received, 7167 bps, 89.59%, Err 97 (1.0e-005)
1212.469 .... 4242 packets received, 7168 bps, 89.60%, Err 97 (1.0e-005)
1214.652 .... 4250 packets received, 7169 bps, 89.61%, Err 97 (1.0e-005)
1217.069 .... 4254 packets received, 7161 bps, 89.51%, Err 98 (1.0e-005)
1219.241 .... 4266 packets received, 7169 bps, 89.61%, Err 98 (1.0e-005)
1221.921 .... 4271 packets received, 7161 bps, 89.51%, Err 99 (1.0e-005)
1224.088 .... 4282 packets received, 7167 bps, 89.59%, Err 100 (1.0e-005)
1226.228 .... 4290 packets received, 7168 bps, 89.60%, Err 100 (1.0e-005)
1228.382 .... 4298 packets received, 7169 bps, 89.61%, Err 100 (1.0e-005)
1230.538 .... 4306 packets received, 7169 bps, 89.62%, Err 100 (1.0e-005)
1232.725 .... 4314 packets received, 7170 bps, 89.62%, Err 100 (1.0e-005)
1234.851 .... 4322 packets received, 7171 bps, 89.63%, Err 100 (1.0e-005)
1237.036 .... 4330 packets received, 7171 bps, 89.64%, Err 100 (1.0e-005)
1239.203 .... 4338 packets received, 7172 bps, 89.65%, Err 100 (1.0e-005)
1241.348 .... 4346 packets received, 7173 bps, 89.66%, Err 100 (1.0e-005)
1243.518 .... 4354 packets received, 7174 bps, 89.67%, Err 100 (1.0e-005)
1245.673 .... 4362 packets received, 7174 bps, 89.68%, Err 100 (1.0e-005)
1248.928 .... 4369 packets received, 7167 bps, 89.59%, Err 101 (1.0e-005)
1251.087 .... 4381 packets received, 7174 bps, 89.68%, Err 101 (1.0e-005)
1253.226 .... 4389 packets received, 7175 bps, 89.69%, Err 101 (1.0e-005)
1255.405 .... 4397 packets received, 7176 bps, 89.70%, Err 101 (1.0e-005)
1257.559 .... 4405 packets received, 7176 bps, 89.71%, Err 101 (1.0e-005)
1259.729 .... 4413 packets received, 7177 bps, 89.71%, Err 101 (1.0e-005)
1261.885 .... 4421 packets received, 7178 bps, 89.72%, Err 101 (1.0e-005)
1264.072 .... 4429 packets received, 7178 bps, 89.73%, Err 102 (1.0e-005)
1266.242 .... 4437 packets received, 7179 bps, 89.74%, Err 102 (1.0e-005)
1268.396 .... 4445 packets received, 7180 bps, 89.75%, Err 102 (1.0e-005)
1270.568 .... 4453 packets received, 7180 bps, 89.75%, Err 102 (1.0e-005)
1272.751 .... 4461 packets received, 7181 bps, 89.76%, Err 102 (1.0e-005)
1274.911 .... 4469 packets received, 7182 bps, 89.77%, Err 102 (1.0e-005)
1277.083 .... 4477 packets received, 7182 bps, 89.78%, Err 102 (1.0e-005)
1279.240 .... 4485 packets received, 7183 bps, 89.79%, Err 102 (1.0e-005)
1281.393 .... 4493 packets received, 7184 bps, 89.80%, Err 102 (1.0e-005)
1283.547 .... 4501 packets received, 7184 bps, 89.80%, Err 102 (9.9e-006)
1287.097 .... 4509 packets received, 7177 bps, 89.72%, Err 103 (1.0e-005)
1289.204 .... 4521 packets received, 7185 bps, 89.81%, Err 103 (1.0e-005)
1291.358 .... 4529 packets received, 7185 bps, 89.82%, Err 103 (1.0e-005)
1293.500 .... 4537 packets received, 7186 bps, 89.83%, Err 103 (1.0e-005)
1295.662 .... 4545 packets received, 7187 bps, 89.83%, Err 103 (9.9e-006)
1297.818 .... 4553 packets received, 7187 bps, 89.84%, Err 103 (9.9e-006)
1299.971 .... 4561 packets received, 7188 bps, 89.85%, Err 103 (9.9e-006)
1302.138 .... 4569 packets received, 7189 bps, 89.86%, Err 103 (9.9e-006)
1304.230 .... 4577 packets received, 7190 bps, 89.87%, Err 103 (9.9e-006)
1308.453 .... 4580 packets received, 7171 bps, 89.64%, Err 104 (9.9e-006)
1310.570 .... 4595 packets received, 7183 bps, 89.79%, Err 104 (9.9e-006)
1312.674 .... 4603 packets received, 7184 bps, 89.80%, Err 104 (9.9e-006)
1317.174 .... 4607 packets received, 7166 bps, 89.57%, Err 105 (1.0e-005)
1319.279 .... 4622 packets received, 7178 bps, 89.72%, Err 105 (1.0e-005)
1321.401 .... 4630 packets received, 7178 bps, 89.73%, Err 105 (9.9e-006)
1323.516 .... 4637 packets received, 7178 bps, 89.72%, Err 106 (1.0e-005)
1325.622 .... 4645 packets received, 7179 bps, 89.73%, Err 106 (1.0e-005)
1327.751 .... 4653 packets received, 7180 bps, 89.75%, Err 106 (1.0e-005)
1329.843 .... 4661 packets received, 7181 bps, 89.76%, Err 106 (1.0e-005)
1331.971 .... 4669 packets received, 7181 bps, 89.77%, Err 107 (1.0e-005)
1334.106 .... 4676 packets received, 7181 bps, 89.76%, Err 107 (1.0e-005)
1336.207 .... 4684 packets received, 7182 bps, 89.77%, Err 107 (1.0e-005)
1338.327 .... 4692 packets received, 7183 bps, 89.78%, Err 107 (1.0e-005)
1340.442 .... 4700 packets received, 7183 bps, 89.79%, Err 107 (1.0e-005)
1342.542 .... 4708 packets received, 7184 bps, 89.81%, Err 107 (1.0e-005)
1346.253 .... 4711 packets received, 7169 bps, 89.61%, Err 108 (1.0e-005)
1348.382 .... 4726 packets received, 7181 bps, 89.76%, Err 108 (1.0e-005)
1350.480 .... 4732 packets received, 7179 bps, 89.73%, Err 108 (1.0e-005)
1352.610 .... 4738 packets received, 7176 bps, 89.70%, Err 108 (1.0e-005)
1354.695 .... 4744 packets received, 7174 bps, 89.68%, Err 109 (1.0e-005)
1356.829 .... 4752 packets received, 7175 bps, 89.69%, Err 109 (1.0e-005)
1359.730 .... 4759 packets received, 7170 bps, 89.63%, Err 110 (1.0e-005)
1361.843 .... 4770 packets received, 7176 bps, 89.70%, Err 110 (1.0e-005)
1363.947 .... 4778 packets received, 7177 bps, 89.71%, Err 110 (1.0e-005)
1366.077 .... 4786 packets received, 7178 bps, 89.72%, Err 110 (1.0e-005)
1368.193 .... 4794 packets received, 7178 bps, 89.73%, Err 110 (1.0e-005)
1370.310 .... 4802 packets received, 7179 bps, 89.74%, Err 110 (1.0e-005)
1372.429 .... 4810 packets received, 7180 bps, 89.75%, Err 110 (1.0e-005)
1374.533 .... 4818 packets received, 7181 bps, 89.76%, Err 110 (1.0e-005)
1376.639 .... 4826 packets received, 7182 bps, 89.78%, Err 110 (1.0e-005)
1378.755 .... 4834 packets received, 7183 bps, 89.79%, Err 110 (1.0e-005)
1383.263 .... 4842 packets received, 7171 bps, 89.64%, Err 111 (1.0e-005)
1385.368 .... 4858 packets received, 7184 bps, 89.80%, Err 111 (1.0e-005)
1387.483 .... 4866 packets received, 7185 bps, 89.81%, Err 111 (1.0e-005)
1389.590 .... 4874 packets received, 7186 bps, 89.82%, Err 111 (1.0e-005)
1391.725 .... 4882 packets received, 7187 bps, 89.83%, Err 111 (1.0e-005)
1393.827 .... 4890 packets received, 7187 bps, 89.84%, Err 111 (1.0e-005)
1395.931 .... 4898 packets received, 7188 bps, 89.85%, Err 111 (9.9e-006)
1398.073 .... 4906 packets received, 7189 bps, 89.86%, Err 111 (9.9e-006)
1400.189 .... 4914 packets received, 7190 bps, 89.87%, Err 111 (9.9e-006)
1402.299 .... 4921 packets received, 7189 bps, 89.87%, Err 112 (1.0e-005)
1404.441 .... 4925 packets received, 7184 bps, 89.80%, Err 113 (1.0e-005)
1406.624 .... 4936 packets received, 7189 bps, 89.86%, Err 113 (1.0e-005)
1408.774 .... 4944 packets received, 7190 bps, 89.87%, Err 113 (1.0e-005)
1410.937 .... 4952 packets received, 7190 bps, 89.88%, Err 113 (1.0e-005)
1413.105 .... 4960 packets received, 7191 bps, 89.89%, Err 113 (1.0e-005)
1415.276 .... 4968 packets received, 7191 bps, 89.89%, Err 113 (1.0e-005)
1417.969 .... 4973 packets received, 7185 bps, 89.81%, Err 114 (1.0e-005)
1420.124 .... 4985 packets received, 7191 bps, 89.89%, Err 114 (1.0e-005)
1422.310 .... 4993 packets received, 7192 bps, 89.90%, Err 114 (1.0e-005)
1424.483 .... 5001 packets received, 7192 bps, 89.90%, Err 114 (1.0e-005)
1426.651 .... 5009 packets received, 7193 bps, 89.91%, Err 114 (1.0e-005)
1428.816 .... 5017 packets received, 7194 bps, 89.92%, Err 114 (1.0e-005)
1430.971 .... 5025 packets received, 7194 bps, 89.93%, Err 114 (1.0e-005)
1433.152 .... 5033 packets received, 7195 bps, 89.93%, Err 114 (9.9e-006)
1435.320 .... 5041 packets received, 7195 bps, 89.94%, Err 114 (9.9e-006)
1437.490 .... 5049 packets received, 7196 bps, 89.95%, Err 114 (9.9e-006)
1439.658 .... 5057 packets received, 7196 bps, 89.95%, Err 114 (9.9e-006)
1441.827 .... 5065 packets received, 7197 bps, 89.96%, Err 114 (9.9e-006)
1443.969 .... 5073 packets received, 7197 bps, 89.97%, Err 114 (9.9e-006)
1446.140 .... 5081 packets received, 7198 bps, 89.97%, Err 114 (9.9e-006)
1448.312 .... 5089 packets received, 7198 bps, 89.98%, Err 114 (9.8e-006)
1450.497 .... 5097 packets received, 7199 bps, 89.99%, Err 114 (9.8e-006)
1452.666 .... 5105 packets received, 7199 bps, 89.99%, Err 114 (9.8e-006)
1454.823 .... 5113 packets received, 7200 bps, 90.00%, Err 114 (9.8e-006)
1457.518 .... 5118 packets received, 7194 bps, 89.92%, Err 116 (9.9e-006)
1459.674 .... 5129 packets received, 7199 bps, 89.98%, Err 118 (1.0e-005)
1461.799 .... 5136 packets received, 7198 bps, 89.97%, Err 118 (1.0e-005)
1463.971 .... 5144 packets received, 7198 bps, 89.98%, Err 118 (1.0e-005)
1466.143 .... 5152 packets received, 7199 bps, 89.99%, Err 118 (1.0e-005)
1468.312 .... 5160 packets received, 7199 bps, 89.99%, Err 118 (1.0e-005)
1470.480 .... 5168 packets received, 7200 bps, 90.00%, Err 118 (1.0e-005)
1472.620 .... 5176 packets received, 7201 bps, 90.01%, Err 118 (1.0e-005)
1474.789 .... 5184 packets received, 7201 bps, 90.01%, Err 118 (1.0e-005)
1476.957 .... 5192 packets received, 7202 bps, 90.02%, Err 118 (1.0e-005)
1479.143 .... 5200 packets received, 7202 bps, 90.03%, Err 118 (1.0e-005)
1481.283 .... 5208 packets received, 7203 bps, 90.03%, Err 118 (1.0e-005)
1483.453 .... 5216 packets received, 7203 bps, 90.04%, Err 118 (9.9e-006)
1485.611 .... 5219 packets received, 7197 bps, 89.96%, Err 120 (1.0e-005)
1489.118 .... 5230 packets received, 7195 bps, 89.94%, Err 121 (1.0e-005)
1491.273 .... 5242 packets received, 7201 bps, 90.02%, Err 121 (1.0e-005)
1493.412 .... 5250 packets received, 7202 bps, 90.02%, Err 121 (1.0e-005)
1495.582 .... 5258 packets received, 7202 bps, 90.03%, Err 121 (1.0e-005)
1497.751 .... 5266 packets received, 7203 bps, 90.04%, Err 121 (1.0e-005)
1499.938 .... 5274 packets received, 7203 bps, 90.04%, Err 121 (1.0e-005)
1502.070 .... 5282 packets received, 7204 bps, 90.05%, Err 121 (1.0e-005)
1504.154 .... 5290 packets received, 7205 bps, 90.06%, Err 121 (1.0e-005)
1506.287 .... 5298 packets received, 7206 bps, 90.07%, Err 121 (1.0e-005)
1508.391 .... 5306 packets received, 7206 bps, 90.08%, Err 121 (1.0e-005)
1510.524 .... 5314 packets received, 7207 bps, 90.09%, Err 121 (1.0e-005)
1512.612 .... 5322 packets received, 7208 bps, 90.10%, Err 121 (1.0e-005)
1514.731 .... 5330 packets received, 7209 bps, 90.11%, Err 121 (1.0e-005)
1516.863 .... 5338 packets received, 7209 bps, 90.12%, Err 121 (1.0e-005)
1518.951 .... 5346 packets received, 7210 bps, 90.13%, Err 121 (1.0e-005)
1521.069 .... 5354 packets received, 7211 bps, 90.14%, Err 121 (9.9e-006)
1523.188 .... 5362 packets received, 7212 bps, 90.15%, Err 121 (9.9e-006)
1525.293 .... 5370 packets received, 7212 bps, 90.16%, Err 121 (9.9e-006)
1527.413 .... 5378 packets received, 7213 bps, 90.17%, Err 121 (9.9e-006)
1529.518 .... 5386 packets received, 7214 bps, 90.17%, Err 121 (9.9e-006)
1531.636 .... 5394 packets received, 7215 bps, 90.18%, Err 121 (9.9e-006)
1533.752 .... 5402 packets received, 7215 bps, 90.19%, Err 121 (9.9e-006)
1535.858 .... 5410 packets received, 7216 bps, 90.20%, Err 121 (9.8e-006)
1540.890 .... 5416 packets received, 7201 bps, 90.01%, Err 122 (9.9e-006)
1543.004 .... 5431 packets received, 7211 bps, 90.13%, Err 122 (9.9e-006)
1545.113 .... 5439 packets received, 7211 bps, 90.14%, Err 122 (9.9e-006)
1547.229 .... 5447 packets received, 7212 bps, 90.15%, Err 122 (9.9e-006)
1549.329 .... 5455 packets received, 7213 bps, 90.16%, Err 122 (9.8e-006)
1551.446 .... 5463 packets received, 7214 bps, 90.17%, Err 122 (9.8e-006)
1553.562 .... 5471 packets received, 7214 bps, 90.18%, Err 122 (9.8e-006)
1555.680 .... 5479 packets received, 7215 bps, 90.19%, Err 122 (9.8e-006)
1557.781 .... 5486 packets received, 7215 bps, 90.18%, Err 123 (9.9e-006)
1559.913 .... 5494 packets received, 7215 bps, 90.19%, Err 123 (9.9e-006)
1564.666 .... 5499 packets received, 7200 bps, 90.00%, Err 124 (9.9e-006)
1566.786 .... 5514 packets received, 7210 bps, 90.12%, Err 124 (9.9e-006)
1568.914 .... 5522 packets received, 7210 bps, 90.13%, Err 124 (9.9e-006)
1573.393 .... 5526 packets received, 7195 bps, 89.94%, Err 125 (9.9e-006)
1578.413 .... 5541 packets received, 7192 bps, 89.90%, Err 126 (1.0e-005)
1580.531 .... 5556 packets received, 7201 bps, 90.02%, Err 127 (1.0e-005)
1582.642 .... 5564 packets received, 7202 bps, 90.03%, Err 127 (1.0e-005)
1585.808 .... 5572 packets received, 7198 bps, 89.98%, Err 128 (1.0e-005)
1587.912 .... 5583 packets received, 7203 bps, 90.03%, Err 128 (1.0e-005)
1590.046 .... 5591 packets received, 7203 bps, 90.04%, Err 128 (1.0e-005)
1592.162 .... 5599 packets received, 7204 bps, 90.05%, Err 128 (1.0e-005)
1594.785 .... 5605 packets received, 7200 bps, 90.00%, Err 129 (1.0e-005)
1596.920 .... 5616 packets received, 7204 bps, 90.06%, Err 129 (1.0e-005)
1599.023 .... 5624 packets received, 7205 bps, 90.07%, Err 129 (1.0e-005)
1602.190 .... 5631 packets received, 7200 bps, 90.00%, Err 130 (1.0e-005)
1604.589 .... 5639 packets received, 7199 bps, 89.99%, Err 131 (1.0e-005)
1606.734 .... 5650 packets received, 7204 bps, 90.05%, Err 132 (1.0e-005)
1608.844 .... 5657 packets received, 7203 bps, 90.04%, Err 132 (1.0e-005)
1611.003 .... 5663 packets received, 7201 bps, 90.02%, Err 133 (1.0e-005)
1613.418 .... 5670 packets received, 7199 bps, 89.99%, Err 133 (1.0e-005)
1615.585 .... 5677 packets received, 7199 bps, 89.98%, Err 133 (1.0e-005)
1617.770 .... 5683 packets received, 7196 bps, 89.96%, Err 133 (1.0e-005)
1620.198 .... 5690 packets received, 7195 bps, 89.93%, Err 133 (1.0e-005)
1622.371 .... 5697 packets received, 7194 bps, 89.92%, Err 133 (1.0e-005)
1624.540 .... 5703 packets received, 7192 bps, 89.90%, Err 133 (1.0e-005)
1626.958 .... 5710 packets received, 7190 bps, 89.87%, Err 133 (1.0e-005)
1629.097 .... 5717 packets received, 7189 bps, 89.86%, Err 133 (1.0e-005)
1631.237 .... 5723 packets received, 7187 bps, 89.84%, Err 133 (1.0e-005)
1633.680 .... 5730 packets received, 7185 bps, 89.82%, Err 133 (1.0e-005)
1636.096 .... 5737 packets received, 7183 bps, 89.79%, Err 133 (1.0e-005)
1638.502 .... 5744 packets received, 7182 bps, 89.77%, Err 133 (1.0e-005)
1640.639 .... 5751 packets received, 7181 bps, 89.76%, Err 133 (1.0e-005)
1642.777 .... 5757 packets received, 7179 bps, 89.74%, Err 133 (1.0e-005)
1644.936 .... 5763 packets received, 7177 bps, 89.71%, Err 133 (1.0e-005)
1647.351 .... 5770 packets received, 7175 bps, 89.69%, Err 134 (1.0e-005)
1649.512 .... 5773 packets received, 7170 bps, 89.62%, Err 136 (1.0e-005)
1651.672 .... 5783 packets received, 7173 bps, 89.66%, Err 136 (1.0e-005)
1653.825 .... 5791 packets received, 7173 bps, 89.67%, Err 136 (1.0e-005)
1656.009 .... 5799 packets received, 7174 bps, 89.67%, Err 136 (1.0e-005)
1658.182 .... 5807 packets received, 7174 bps, 89.68%, Err 136 (1.0e-005)
1660.342 .... 5815 packets received, 7175 bps, 89.68%, Err 136 (1.0e-005)
1662.482 .... 5823 packets received, 7175 bps, 89.69%, Err 136 (1.0e-005)
1664.634 .... 5831 packets received, 7176 bps, 89.70%, Err 136 (1.0e-005)
1666.807 .... 5839 packets received, 7176 bps, 89.70%, Err 136 (1.0e-005)
1668.994 .... 5847 packets received, 7177 bps, 89.71%, Err 136 (1.0e-005)
1671.151 .... 5855 packets received, 7177 bps, 89.72%, Err 136 (1.0e-005)
1673.322 .... 5863 packets received, 7178 bps, 89.72%, Err 136 (1.0e-005)
1675.475 .... 5871 packets received, 7178 bps, 89.73%, Err 136 (1.0e-005)
1677.663 .... 5879 packets received, 7179 bps, 89.73%, Err 136 (1.0e-005)
1679.827 .... 5887 packets received, 7179 bps, 89.74%, Err 136 (1.0e-005)
1681.983 .... 5895 packets received, 7180 bps, 89.75%, Err 136 (1.0e-005)
1684.153 .... 5903 packets received, 7180 bps, 89.75%, Err 136 (1.0e-005)
1687.126 .... 5909 packets received, 7175 bps, 89.69%, Err 137 (1.0e-005)
1689.324 .... 5921 packets received, 7180 bps, 89.75%, Err 137 (1.0e-005)
1691.467 .... 5929 packets received, 7181 bps, 89.76%, Err 137 (1.0e-005)
1693.604 .... 5937 packets received, 7181 bps, 89.77%, Err 137 (1.0e-005)
1695.779 .... 5945 packets received, 7182 bps, 89.77%, Err 137 (1.0e-005)
1697.953 .... 5952 packets received, 7181 bps, 89.76%, Err 138 (1.0e-005)
1700.110 .... 5960 packets received, 7182 bps, 89.77%, Err 138 (1.0e-005)
1702.244 .... 5968 packets received, 7182 bps, 89.78%, Err 138 (1.0e-005)
1704.368 .... 5976 packets received, 7183 bps, 89.79%, Err 139 (1.0e-005)
1708.068 .... 5977 packets received, 7168 bps, 89.61%, Err 139 (1.0e-005)
1710.186 .... 5992 packets received, 7178 bps, 89.72%, Err 139 (1.0e-005)
1712.554 .... 5997 packets received, 7174 bps, 89.67%, Err 141 (1.0e-005)
1714.676 .... 6007 packets received, 7177 bps, 89.71%, Err 141 (1.0e-005)
1716.793 .... 6015 packets received, 7177 bps, 89.72%, Err 141 (1.0e-005)
1718.912 .... 6023 packets received, 7178 bps, 89.73%, Err 141 (1.0e-005)
1721.005 .... 6031 packets received, 7179 bps, 89.74%, Err 141 (1.0e-005)
1724.978 .... 6033 packets received, 7165 bps, 89.56%, Err 142 (1.0e-005)
1727.098 .... 6048 packets received, 7174 bps, 89.67%, Err 142 (1.0e-005)
1729.183 .... 6056 packets received, 7175 bps, 89.68%, Err 142 (1.0e-005)
1731.308 .... 6064 packets received, 7175 bps, 89.69%, Err 142 (1.0e-005)
1733.415 .... 6072 packets received, 7176 bps, 89.70%, Err 142 (1.0e-005)
1735.532 .... 6080 packets received, 7177 bps, 89.71%, Err 142 (1.0e-005)
1737.652 .... 6088 packets received, 7177 bps, 89.72%, Err 142 (1.0e-005)
1739.773 .... 6096 packets received, 7178 bps, 89.72%, Err 142 (1.0e-005)
1741.875 .... 6104 packets received, 7179 bps, 89.73%, Err 142 (1.0e-005)
1743.992 .... 6112 packets received, 7179 bps, 89.74%, Err 142 (1.0e-005)
1746.128 .... 6120 packets received, 7180 bps, 89.75%, Err 142 (1.0e-005)
1747.618 TCP disconnected.
