C:\Users\Lao Shi\protocol_laoshi\laoshi_selective.exe -bf -ber 1e-4 
=========================================================================
                          Station B                                 
-------------------------------------------------------------------------
Protocol.lib, version 3.0, Build: Oct 19 2009 (jiangy@public3.bta.net.cn)
Channel: 8000 bps, 270 ms propagation delay, bit error rate 1.0E-004
Log file "C:\Users\Lao Shi\protocol_laoshi\laoshi_selective-B.log", TCP port 59144, debug mask 0x00
Station B is connecting station A (TCP port 59144) ... Done.
New epoch: Mon May 09 18:02:45 2016
=========================================================================
2.944 .... 5 packets received, 3838 bps, 47.98%, Err 2 (8.5e-005)
5.061 .... 16 packets received, 6848 bps, 85.60%, Err 3 (7.4e-005)
9.354 .... 17 packets received, 3835 bps, 47.94%, Err 7 (9.4e-005)
11.751 .... 25 packets received, 4462 bps, 55.77%, Err 10 (1.1e-004)
15.221 .... 35 packets received, 4796 bps, 59.95%, Err 11 (9.1e-005)
17.348 .... 46 packets received, 5518 bps, 68.98%, Err 12 (8.7e-005)
19.481 .... 49 packets received, 5225 bps, 65.32%, Err 16 (1.0e-004)
22.414 .... 51 packets received, 4718 bps, 58.98%, Err 20 (1.1e-004)
25.588 .... 64 packets received, 5178 bps, 64.73%, Err 23 (1.1e-004)
28.258 .... 69 packets received, 5050 bps, 63.13%, Err 25 (1.1e-004)
30.378 .... 76 packets received, 5171 bps, 64.63%, Err 28 (1.2e-004)
34.413 .... 81 packets received, 4859 bps, 60.74%, Err 32 (1.2e-004)
37.861 .... 87 packets received, 4741 bps, 59.26%, Err 35 (1.2e-004)
40.788 .... 88 packets received, 4449 bps, 55.61%, Err 37 (1.1e-004)
42.912 .... 104 packets received, 4996 bps, 62.44%, Err 39 (1.1e-004)
45.047 .... 111 packets received, 5078 bps, 63.47%, Err 41 (1.1e-004)
48.228 .... 114 packets received, 4869 bps, 60.86%, Err 44 (1.1e-004)
54.063 .... 116 packets received, 4417 bps, 55.21%, Err 49 (1.1e-004)
56.176 .... 132 packets received, 4836 bps, 60.45%, Err 49 (1.1e-004)
58.314 .... 138 packets received, 4870 bps, 60.87%, Err 50 (1.1e-004)
60.445 .... 141 packets received, 4799 bps, 59.99%, Err 52 (1.1e-004)
62.554 .... 152 packets received, 4998 bps, 62.48%, Err 54 (1.1e-004)
64.667 .... 160 packets received, 5089 bps, 63.61%, Err 54 (1.0e-004)
66.803 .... 168 packets received, 5172 bps, 64.65%, Err 54 (1.0e-004)
68.894 .... 171 packets received, 5104 bps, 63.80%, Err 55 (1.0e-004)
71.017 .... 182 packets received, 5269 bps, 65.86%, Err 58 (1.0e-004)
73.958 .... 186 packets received, 5170 bps, 64.62%, Err 59 (1.0e-004)
77.176 .... 198 packets received, 5273 bps, 65.91%, Err 62 (1.0e-004)
80.424 .... 203 packets received, 5187 bps, 64.84%, Err 66 (1.0e-004)
84.134 .... 209 packets received, 5104 bps, 63.80%, Err 69 (1.0e-004)
86.255 .... 219 packets received, 5217 bps, 65.21%, Err 70 (1.0e-004)
88.940 .... 224 packets received, 5174 bps, 64.68%, Err 72 (1.0e-004)
91.063 .... 233 packets received, 5256 bps, 65.70%, Err 74 (1.0e-004)
94.271 .... 239 packets received, 5207 bps, 65.09%, Err 78 (1.0e-004)
96.405 .... 251 packets received, 5347 bps, 66.84%, Err 79 (1.0e-004)
99.595 .... 256 packets received, 5279 bps, 65.99%, Err 80 (1.0e-004)
101.722 .... 264 packets received, 5330 bps, 66.62%, Err 85 (1.0e-004)
104.917 .... 267 packets received, 5226 bps, 65.32%, Err 87 (1.0e-004)
107.315 .... 275 packets received, 5262 bps, 65.77%, Err 88 (1.0e-004)
110.777 .... 281 packets received, 5208 bps, 65.10%, Err 89 (1.0e-004)
112.922 .... 292 packets received, 5309 bps, 66.36%, Err 90 (1.0e-004)
116.108 .... 294 packets received, 5198 bps, 64.98%, Err 94 (1.0e-004)
118.507 .... 298 packets received, 5162 bps, 64.52%, Err 95 (1.0e-004)
121.696 .... 306 packets received, 5161 bps, 64.52%, Err 98 (1.0e-004)
126.793 .... 313 packets received, 5067 bps, 63.33%, Err 103 (1.0e-004)
129.187 .... 326 packets received, 5179 bps, 64.74%, Err 103 (1.0e-004)
131.334 .... 332 packets received, 5188 bps, 64.85%, Err 103 (9.8e-005)
134.025 .... 336 packets received, 5145 bps, 64.31%, Err 106 (9.9e-005)
137.222 .... 341 packets received, 5100 bps, 63.74%, Err 108 (9.8e-005)
140.157 .... 352 packets received, 5154 bps, 64.42%, Err 111 (9.9e-005)
143.342 .... 357 packets received, 5110 bps, 63.88%, Err 115 (1.0e-004)
146.510 .... 363 packets received, 5084 bps, 63.55%, Err 121 (1.0e-004)
149.451 .... 369 packets received, 5066 bps, 63.32%, Err 126 (1.1e-004)
151.584 .... 378 packets received, 5116 bps, 63.95%, Err 126 (1.0e-004)
153.713 .... 386 packets received, 5152 bps, 64.40%, Err 126 (1.0e-004)
155.868 .... 389 packets received, 5120 bps, 64.00%, Err 127 (1.0e-004)
158.296 .... 397 packets received, 5145 bps, 64.32%, Err 129 (1.0e-004)
161.480 .... 403 packets received, 5120 bps, 64.00%, Err 134 (1.0e-004)
164.647 .... 412 packets received, 5133 bps, 64.17%, Err 138 (1.0e-004)
167.550 .... 418 packets received, 5118 bps, 63.97%, Err 141 (1.1e-004)
170.214 .... 420 packets received, 5062 bps, 63.27%, Err 145 (1.1e-004)
172.330 .... 431 packets received, 5130 bps, 64.13%, Err 145 (1.1e-004)
174.459 .... 436 packets received, 5126 bps, 64.08%, Err 145 (1.0e-004)
176.575 .... 440 packets received, 5111 bps, 63.89%, Err 145 (1.0e-004)
178.680 .... 444 packets received, 5097 bps, 63.71%, Err 146 (1.0e-004)
180.819 .... 449 packets received, 5093 bps, 63.67%, Err 148 (1.0e-004)
185.897 .... 454 packets received, 5009 bps, 62.61%, Err 154 (1.0e-004)
189.331 .... 458 packets received, 4961 bps, 62.02%, Err 158 (1.0e-004)
191.473 .... 471 packets received, 5045 bps, 63.06%, Err 159 (1.0e-004)
194.132 .... 476 packets received, 5029 bps, 62.86%, Err 161 (1.0e-004)
197.317 .... 482 packets received, 5010 bps, 62.62%, Err 165 (1.0e-004)
199.974 .... 487 packets received, 4994 bps, 62.43%, Err 167 (1.0e-004)
202.107 .... 494 packets received, 5013 bps, 62.66%, Err 168 (1.0e-004)
204.239 .... 500 packets received, 5021 bps, 62.76%, Err 168 (1.0e-004)
207.194 .... 505 packets received, 4998 bps, 62.48%, Err 171 (1.0e-004)
210.404 .... 512 packets received, 4990 bps, 62.38%, Err 173 (1.0e-004)
216.304 .... 525 packets received, 4977 bps, 62.21%, Err 176 (1.0e-004)
218.439 .... 541 packets received, 5079 bps, 63.48%, Err 176 (1.0e-004)
220.537 .... 546 packets received, 5077 bps, 63.46%, Err 178 (1.0e-004)
223.980 .... 553 packets received, 5063 bps, 63.28%, Err 180 (1.0e-004)
229.318 .... 562 packets received, 5025 bps, 62.81%, Err 183 (1.0e-004)
250.115 .... 576 packets received, 4722 bps, 59.02%, Err 200 (1.0e-004)
255.164 .... 589 packets received, 4733 bps, 59.16%, Err 205 (1.0e-004)
257.273 .... 597 packets received, 4757 bps, 59.47%, Err 208 (1.0e-004)
259.412 .... 604 packets received, 4774 bps, 59.67%, Err 208 (1.0e-004)
262.582 .... 610 packets received, 4763 bps, 59.53%, Err 212 (1.0e-004)
265.537 .... 616 packets received, 4756 bps, 59.45%, Err 213 (1.0e-004)
267.679 .... 625 packets received, 4787 bps, 59.83%, Err 216 (1.0e-004)
270.643 .... 627 packets received, 4749 bps, 59.37%, Err 219 (1.0e-004)
273.038 .... 633 packets received, 4753 bps, 59.41%, Err 222 (1.0e-004)
275.169 .... 641 packets received, 4776 bps, 59.69%, Err 224 (1.0e-004)
277.833 .... 646 packets received, 4767 bps, 59.58%, Err 225 (1.0e-004)
282.923 .... 655 packets received, 4746 bps, 59.32%, Err 230 (1.0e-004)
285.018 .... 668 packets received, 4805 bps, 60.06%, Err 230 (1.0e-004)
288.473 .... 676 packets received, 4804 bps, 60.05%, Err 233 (1.0e-004)
291.143 .... 677 packets received, 4767 bps, 59.58%, Err 234 (1.0e-004)
294.070 .... 690 packets received, 4810 bps, 60.12%, Err 236 (1.0e-004)
296.241 .... 698 packets received, 4830 bps, 60.37%, Err 238 (1.0e-004)
298.393 .... 705 packets received, 4843 bps, 60.54%, Err 238 (1.0e-004)
302.946 .... 708 packets received, 4791 bps, 59.88%, Err 243 (1.0e-004)
305.317 .... 721 packets received, 4841 bps, 60.51%, Err 243 (9.9e-005)
307.689 .... 725 packets received, 4830 bps, 60.37%, Err 245 (1.0e-004)
311.927 .... 731 packets received, 4804 bps, 60.05%, Err 250 (1.0e-004)
315.101 .... 744 packets received, 4840 bps, 60.50%, Err 253 (1.0e-004)
320.191 .... 749 packets received, 4795 bps, 59.94%, Err 257 (1.0e-004)
323.121 .... 760 packets received, 4821 bps, 60.26%, Err 259 (1.0e-004)
325.252 .... 764 packets received, 4815 bps, 60.18%, Err 260 (1.0e-004)
327.410 .... 775 packets received, 4852 bps, 60.65%, Err 261 (1.0e-004)
330.617 .... 778 packets received, 4823 bps, 60.29%, Err 264 (1.0e-004)
333.536 .... 783 packets received, 4812 bps, 60.15%, Err 264 (9.9e-005)
336.688 .... 792 packets received, 4822 bps, 60.27%, Err 268 (1.0e-004)
339.868 .... 796 packets received, 4800 bps, 60.01%, Err 270 (9.9e-005)
342.002 .... 809 packets received, 4848 bps, 60.61%, Err 270 (9.9e-005)
347.084 .... 813 packets received, 4801 bps, 60.01%, Err 276 (9.9e-005)
361.399 .... 821 packets received, 4656 bps, 58.20%, Err 291 (1.0e-004)
363.551 .... 837 packets received, 4719 bps, 58.98%, Err 291 (1.0e-004)
365.662 .... 843 packets received, 4725 bps, 59.06%, Err 292 (1.0e-004)
367.805 .... 846 packets received, 4714 bps, 58.93%, Err 294 (1.0e-004)
371.285 .... 857 packets received, 4731 bps, 59.13%, Err 298 (1.0e-004)
374.457 .... 861 packets received, 4713 bps, 58.91%, Err 299 (1.0e-004)
376.574 .... 874 packets received, 4757 bps, 59.46%, Err 300 (1.0e-004)
382.190 .... 879 packets received, 4714 bps, 58.92%, Err 304 (9.9e-005)
384.314 .... 893 packets received, 4762 bps, 59.53%, Err 308 (1.0e-004)
387.492 .... 898 packets received, 4750 bps, 59.37%, Err 311 (1.0e-004)
390.699 .... 908 packets received, 4763 bps, 59.54%, Err 314 (1.0e-004)
392.832 .... 919 packets received, 4795 bps, 59.93%, Err 315 (1.0e-004)
396.816 .... 920 packets received, 4752 bps, 59.39%, Err 318 (1.0e-004)
400.246 .... 929 packets received, 4757 bps, 59.46%, Err 322 (1.0e-004)
403.463 .... 934 packets received, 4744 bps, 59.30%, Err 325 (1.0e-004)
405.901 .... 937 packets received, 4731 bps, 59.14%, Err 326 (1.0e-004)
408.270 .... 948 packets received, 4759 bps, 59.48%, Err 329 (1.0e-004)
411.211 .... 954 packets received, 4755 bps, 59.43%, Err 331 (1.0e-004)
414.412 .... 962 packets received, 4757 bps, 59.47%, Err 332 (1.0e-004)
416.527 .... 974 packets received, 4792 bps, 59.90%, Err 334 (1.0e-004)
418.649 .... 982 packets received, 4807 bps, 60.09%, Err 334 (1.0e-004)
423.728 .... 987 packets received, 4774 bps, 59.67%, Err 340 (1.0e-004)
426.102 .... 995 packets received, 4785 bps, 59.82%, Err 341 (1.0e-004)
430.884 .... 997 packets received, 4742 bps, 59.27%, Err 347 (1.0e-004)
433.256 .... 1005 packets received, 4754 bps, 59.42%, Err 350 (1.0e-004)
436.711 .... 1013 packets received, 4754 bps, 59.42%, Err 352 (1.0e-004)
439.909 .... 1023 packets received, 4766 bps, 59.57%, Err 354 (1.0e-004)
443.124 .... 1030 packets received, 4763 bps, 59.54%, Err 358 (1.0e-004)
445.783 .... 1034 packets received, 4753 bps, 59.42%, Err 359 (1.0e-004)
448.185 .... 1041 packets received, 4760 bps, 59.50%, Err 360 (1.0e-004)
450.302 .... 1048 packets received, 4769 bps, 59.62%, Err 361 (1.0e-004)
452.679 .... 1055 packets received, 4776 bps, 59.70%, Err 363 (1.0e-004)
455.122 .... 1059 packets received, 4768 bps, 59.60%, Err 364 (1.0e-004)
457.259 .... 1070 packets received, 4795 bps, 59.94%, Err 364 (1.0e-004)
462.862 .... 1077 packets received, 4768 bps, 59.60%, Err 371 (1.0e-004)
465.507 .... 1085 packets received, 4776 bps, 59.70%, Err 373 (1.0e-004)
467.678 .... 1093 packets received, 4789 bps, 59.86%, Err 375 (1.0e-004)
470.885 .... 1095 packets received, 4765 bps, 59.57%, Err 378 (1.0e-004)
473.823 .... 1101 packets received, 4762 bps, 59.52%, Err 378 (1.0e-004)
475.959 .... 1109 packets received, 4775 bps, 59.68%, Err 380 (1.0e-004)
478.348 .... 1116 packets received, 4781 bps, 59.76%, Err 380 (9.9e-005)
484.455 .... 1123 packets received, 4750 bps, 59.38%, Err 386 (1.0e-004)
487.377 .... 1133 packets received, 4764 bps, 59.55%, Err 390 (1.0e-004)
489.507 .... 1142 packets received, 4781 bps, 59.76%, Err 391 (1.0e-004)
495.353 .... 1149 packets received, 4753 bps, 59.41%, Err 397 (1.0e-004)
502.551 .... 1162 packets received, 4738 bps, 59.22%, Err 404 (1.0e-004)
504.654 .... 1177 packets received, 4779 bps, 59.74%, Err 404 (1.0e-004)
506.773 .... 1181 packets received, 4775 bps, 59.69%, Err 404 (1.0e-004)
515.022 .... 1183 packets received, 4707 bps, 58.83%, Err 412 (1.0e-004)
517.144 .... 1199 packets received, 4751 bps, 59.39%, Err 413 (1.0e-004)
520.299 .... 1203 packets received, 4738 bps, 59.22%, Err 417 (1.0e-004)
523.477 .... 1213 packets received, 4748 bps, 59.35%, Err 420 (1.0e-004)
526.918 .... 1221 packets received, 4748 bps, 59.35%, Err 422 (1.0e-004)
530.376 .... 1227 packets received, 4740 bps, 59.26%, Err 425 (1.0e-004)
532.488 .... 1231 packets received, 4737 bps, 59.21%, Err 426 (1.0e-004)
534.610 .... 1242 packets received, 4760 bps, 59.50%, Err 427 (1.0e-004)
536.727 .... 1250 packets received, 4772 bps, 59.65%, Err 427 (9.9e-005)
538.846 .... 1252 packets received, 4761 bps, 59.51%, Err 429 (1.0e-004)
541.808 .... 1260 packets received, 4765 bps, 59.56%, Err 433 (1.0e-004)
544.193 .... 1262 packets received, 4752 bps, 59.40%, Err 436 (1.0e-004)
547.379 .... 1269 packets received, 4750 bps, 59.38%, Err 438 (1.0e-004)
553.000 .... 1279 packets received, 4739 bps, 59.24%, Err 446 (1.0e-004)
556.480 .... 1284 packets received, 4728 bps, 59.10%, Err 454 (1.0e-004)
558.573 .... 1297 packets received, 4758 bps, 59.47%, Err 454 (1.0e-004)
561.254 .... 1302 packets received, 4753 bps, 59.42%, Err 456 (1.0e-004)
563.380 .... 1313 packets received, 4775 bps, 59.69%, Err 457 (1.0e-004)
565.505 .... 1321 packets received, 4786 bps, 59.83%, Err 457 (1.0e-004)
568.987 .... 1325 packets received, 4771 bps, 59.64%, Err 460 (1.0e-004)
572.192 .... 1334 packets received, 4777 bps, 59.71%, Err 462 (1.0e-004)
575.628 .... 1346 packets received, 4791 bps, 59.89%, Err 464 (1.0e-004)
577.782 .... 1355 packets received, 4805 bps, 60.07%, Err 465 (1.0e-004)
580.981 .... 1361 packets received, 4800 bps, 60.00%, Err 467 (1.0e-004)
583.102 .... 1372 packets received, 4821 bps, 60.26%, Err 467 (1.0e-004)
586.316 .... 1378 packets received, 4816 bps, 60.20%, Err 469 (1.0e-004)
588.473 .... 1389 packets received, 4836 bps, 60.45%, Err 469 (1.0e-004)
590.614 .... 1397 packets received, 4846 bps, 60.58%, Err 470 (9.9e-005)
593.788 .... 1403 packets received, 4841 bps, 60.52%, Err 473 (1.0e-004)
596.959 .... 1410 packets received, 4840 bps, 60.49%, Err 474 (9.9e-005)
599.097 .... 1420 packets received, 4856 bps, 60.71%, Err 475 (9.9e-005)
602.033 .... 1429 packets received, 4863 bps, 60.79%, Err 478 (9.9e-005)
605.272 .... 1434 packets received, 4854 bps, 60.68%, Err 483 (1.0e-004)
610.336 .... 1435 packets received, 4817 bps, 60.22%, Err 488 (1.0e-004)
613.799 .... 1449 packets received, 4837 bps, 60.46%, Err 490 (1.0e-004)
615.946 .... 1458 packets received, 4850 bps, 60.62%, Err 491 (1.0e-004)
628.195 .... 1462 packets received, 4768 bps, 59.61%, Err 504 (1.0e-004)
630.333 .... 1478 packets received, 4804 bps, 60.05%, Err 505 (1.0e-004)
632.985 .... 1484 packets received, 4804 bps, 60.04%, Err 507 (1.0e-004)
635.127 .... 1494 packets received, 4820 bps, 60.24%, Err 507 (1.0e-004)
640.226 .... 1499 packets received, 4797 bps, 59.96%, Err 513 (1.0e-004)
642.593 .... 1506 packets received, 4802 bps, 60.02%, Err 517 (1.0e-004)
644.988 .... 1514 packets received, 4809 bps, 60.12%, Err 521 (1.0e-004)
647.113 .... 1521 packets received, 4816 bps, 60.20%, Err 521 (1.0e-004)
649.245 .... 1527 packets received, 4819 bps, 60.24%, Err 521 (1.0e-004)
651.891 .... 1532 packets received, 4815 bps, 60.19%, Err 523 (1.0e-004)
655.335 .... 1542 packets received, 4821 bps, 60.26%, Err 528 (1.0e-004)
658.008 .... 1546 packets received, 4814 bps, 60.17%, Err 529 (1.0e-004)
660.409 .... 1559 packets received, 4837 bps, 60.46%, Err 529 (1.0e-004)
665.971 .... 1564 packets received, 4812 bps, 60.15%, Err 534 (1.0e-004)
668.086 .... 1578 packets received, 4839 bps, 60.49%, Err 535 (1.0e-004)
670.207 .... 1585 packets received, 4845 bps, 60.57%, Err 537 (1.0e-004)
672.878 .... 1590 packets received, 4841 bps, 60.52%, Err 538 (1.0e-004)
675.803 .... 1600 packets received, 4851 bps, 60.63%, Err 539 (1.0e-004)
678.162 .... 1607 packets received, 4855 bps, 60.69%, Err 542 (1.0e-004)
680.282 .... 1614 packets received, 4861 bps, 60.76%, Err 544 (1.0e-004)
689.613 .... 1625 packets received, 4828 bps, 60.35%, Err 554 (1.0e-004)
691.754 .... 1641 packets received, 4860 bps, 60.75%, Err 555 (1.0e-004)
693.913 .... 1648 packets received, 4866 bps, 60.82%, Err 555 (1.0e-004)
696.312 .... 1653 packets received, 4864 bps, 60.80%, Err 558 (1.0e-004)
699.497 .... 1662 packets received, 4868 bps, 60.85%, Err 560 (1.0e-004)
702.718 .... 1671 packets received, 4872 bps, 60.90%, Err 562 (1.0e-004)
705.891 .... 1680 packets received, 4876 bps, 60.95%, Err 565 (1.0e-004)
708.025 .... 1693 packets received, 4899 bps, 61.24%, Err 567 (1.0e-004)
710.435 .... 1697 packets received, 4894 bps, 61.17%, Err 569 (1.0e-004)
713.635 .... 1705 packets received, 4895 bps, 61.19%, Err 571 (1.0e-004)
722.147 .... 1714 packets received, 4863 bps, 60.78%, Err 577 (1.0e-004)
727.206 .... 1728 packets received, 4868 bps, 60.85%, Err 582 (1.0e-004)
729.317 .... 1741 packets received, 4891 bps, 61.13%, Err 583 (1.0e-004)
731.442 .... 1749 packets received, 4899 bps, 61.24%, Err 584 (1.0e-004)
735.479 .... 1750 packets received, 4875 bps, 60.94%, Err 589 (1.0e-004)
737.861 .... 1758 packets received, 4881 bps, 61.02%, Err 591 (1.0e-004)
740.256 .... 1768 packets received, 4893 bps, 61.16%, Err 591 (1.0e-004)
742.660 .... 1771 packets received, 4886 bps, 61.07%, Err 594 (1.0e-004)
744.802 .... 1780 packets received, 4896 bps, 61.20%, Err 594 (1.0e-004)
748.273 .... 1788 packets received, 4896 bps, 61.19%, Err 597 (1.0e-004)
751.486 .... 1792 packets received, 4885 bps, 61.07%, Err 603 (1.0e-004)
753.868 .... 1799 packets received, 4889 bps, 61.11%, Err 603 (1.0e-004)
756.818 .... 1804 packets received, 4884 bps, 61.04%, Err 605 (1.0e-004)
761.924 .... 1812 packets received, 4872 bps, 60.90%, Err 609 (1.0e-004)
765.100 .... 1827 packets received, 4892 bps, 61.15%, Err 612 (1.0e-004)
767.220 .... 1833 packets received, 4895 bps, 61.18%, Err 612 (1.0e-004)
769.631 .... 1840 packets received, 4898 bps, 61.23%, Err 614 (1.0e-004)
772.815 .... 1844 packets received, 4888 bps, 61.11%, Err 616 (1.0e-004)
776.053 .... 1851 packets received, 4887 bps, 61.08%, Err 618 (1.0e-004)
779.241 .... 1863 packets received, 4898 bps, 61.23%, Err 622 (1.0e-004)
782.180 .... 1867 packets received, 4890 bps, 61.13%, Err 625 (1.0e-004)
785.083 .... 1876 packets received, 4896 bps, 61.19%, Err 627 (1.0e-004)
788.315 .... 1881 packets received, 4888 bps, 61.11%, Err 632 (1.0e-004)
791.493 .... 1886 packets received, 4882 bps, 61.02%, Err 637 (1.0e-004)
794.413 .... 1893 packets received, 4882 bps, 61.02%, Err 641 (1.0e-004)
796.823 .... 1900 packets received, 4885 bps, 61.06%, Err 642 (1.0e-004)
798.939 .... 1905 packets received, 4885 bps, 61.06%, Err 643 (1.0e-004)
804.503 .... 1911 packets received, 4866 bps, 60.83%, Err 646 (1.0e-004)
810.851 .... 1925 packets received, 4864 bps, 60.80%, Err 653 (1.0e-004)
813.244 .... 1928 packets received, 4857 bps, 60.71%, Err 655 (1.0e-004)
815.384 .... 1939 packets received, 4872 bps, 60.90%, Err 656 (1.0e-004)
818.299 .... 1945 packets received, 4869 bps, 60.87%, Err 658 (1.0e-004)
820.444 .... 1954 packets received, 4879 bps, 60.99%, Err 658 (1.0e-004)
822.565 .... 1962 packets received, 4887 bps, 61.08%, Err 658 (1.0e-004)
824.704 .... 1965 packets received, 4881 bps, 61.02%, Err 661 (1.0e-004)
828.158 .... 1969 packets received, 4871 bps, 60.89%, Err 665 (1.0e-004)
830.286 .... 1982 packets received, 4890 bps, 61.13%, Err 667 (1.0e-004)
832.972 .... 1986 packets received, 4885 bps, 61.06%, Err 673 (1.0e-004)
835.869 .... 1993 packets received, 4885 bps, 61.06%, Err 675 (1.0e-004)
840.176 .... 2000 packets received, 4877 bps, 60.96%, Err 679 (1.0e-004)
846.290 .... 2008 packets received, 4861 bps, 60.76%, Err 684 (1.0e-004)
848.420 .... 2022 packets received, 4882 bps, 61.03%, Err 685 (1.0e-004)
850.835 .... 2027 packets received, 4881 bps, 61.01%, Err 686 (1.0e-004)
852.957 .... 2032 packets received, 4881 bps, 61.01%, Err 687 (1.0e-004)
856.169 .... 2034 packets received, 4867 bps, 60.84%, Err 691 (1.0e-004)
859.082 .... 2039 packets received, 4862 bps, 60.78%, Err 692 (1.0e-004)
862.023 .... 2049 packets received, 4870 bps, 60.87%, Err 693 (1.0e-004)
864.677 .... 2058 packets received, 4876 bps, 60.95%, Err 695 (1.0e-004)
867.614 .... 2064 packets received, 4874 bps, 60.92%, Err 697 (1.0e-004)
869.747 .... 2079 packets received, 4897 bps, 61.21%, Err 698 (1.0e-004)
871.879 .... 2087 packets received, 4904 bps, 61.30%, Err 698 (1.0e-004)
874.286 .... 2090 packets received, 4897 bps, 61.22%, Err 701 (1.0e-004)
876.381 .... 2102 packets received, 4914 bps, 61.42%, Err 701 (1.0e-004)
884.615 .... 2105 packets received, 4875 bps, 60.94%, Err 709 (1.0e-004)
886.760 .... 2120 packets received, 4898 bps, 61.22%, Err 709 (1.0e-004)
891.517 .... 2124 packets received, 4881 bps, 61.01%, Err 717 (1.0e-004)
895.222 .... 2131 packets received, 4877 bps, 60.96%, Err 719 (1.0e-004)
897.379 .... 2143 packets received, 4892 bps, 61.15%, Err 720 (1.0e-004)
900.019 .... 2147 packets received, 4887 bps, 61.09%, Err 722 (1.0e-004)
902.194 .... 2158 packets received, 4900 bps, 61.25%, Err 723 (1.0e-004)
905.433 .... 2162 packets received, 4892 bps, 61.15%, Err 726 (1.0e-004)
907.835 .... 2164 packets received, 4883 bps, 61.04%, Err 727 (1.0e-004)
909.961 .... 2177 packets received, 4901 bps, 61.26%, Err 728 (1.0e-004)
913.156 .... 2182 packets received, 4895 bps, 61.19%, Err 733 (1.0e-004)
916.381 .... 2187 packets received, 4889 bps, 61.11%, Err 734 (1.0e-004)
918.768 .... 2199 packets received, 4903 bps, 61.29%, Err 734 (1.0e-004)
921.695 .... 2204 packets received, 4899 bps, 61.23%, Err 737 (1.0e-004)
925.707 .... 2208 packets received, 4886 bps, 61.08%, Err 743 (1.0e-004)
928.087 .... 2216 packets received, 4891 bps, 61.14%, Err 745 (1.0e-004)
931.023 .... 2223 packets received, 4891 bps, 61.14%, Err 746 (1.0e-004)
933.688 .... 2231 packets received, 4895 bps, 61.19%, Err 747 (1.0e-004)
935.826 .... 2242 packets received, 4908 bps, 61.35%, Err 749 (1.0e-004)
938.260 .... 2246 packets received, 4904 bps, 61.30%, Err 752 (1.0e-004)
941.443 .... 2255 packets received, 4907 bps, 61.34%, Err 754 (1.0e-004)
944.921 .... 2267 packets received, 4915 bps, 61.44%, Err 756 (1.0e-004)
948.148 .... 2276 packets received, 4918 bps, 61.47%, Err 759 (1.0e-004)
951.867 .... 2281 packets received, 4909 bps, 61.36%, Err 761 (1.0e-004)
955.067 .... 2292 packets received, 4916 bps, 61.45%, Err 764 (1.0e-004)
958.263 .... 2297 packets received, 4911 bps, 61.38%, Err 767 (1.0e-004)
961.450 .... 2308 packets received, 4918 bps, 61.47%, Err 770 (1.0e-004)
963.568 .... 2315 packets received, 4922 bps, 61.52%, Err 770 (1.0e-004)
965.723 .... 2323 packets received, 4928 bps, 61.60%, Err 770 (1.0e-004)
969.190 .... 2326 packets received, 4916 bps, 61.46%, Err 776 (1.0e-004)
971.335 .... 2329 packets received, 4912 bps, 61.40%, Err 776 (1.0e-004)
974.522 .... 2333 packets received, 4904 bps, 61.30%, Err 779 (1.0e-004)
976.942 .... 2343 packets received, 4913 bps, 61.41%, Err 781 (1.0e-004)
980.156 .... 2349 packets received, 4910 bps, 61.37%, Err 783 (1.0e-004)
982.268 .... 2360 packets received, 4922 bps, 61.52%, Err 785 (1.0e-004)
984.383 .... 2365 packets received, 4922 bps, 61.52%, Err 786 (1.0e-004)
986.505 .... 2373 packets received, 4928 bps, 61.60%, Err 786 (1.0e-004)
988.645 .... 2380 packets received, 4932 bps, 61.64%, Err 787 (1.0e-004)
992.934 .... 2382 packets received, 4914 bps, 61.43%, Err 793 (1.0e-004)
996.128 .... 2389 packets received, 4913 bps, 61.41%, Err 795 (1.0e-004)
1001.411 .... 2400 packets received, 4910 bps, 61.37%, Err 803 (1.0e-004)
1003.801 .... 2407 packets received, 4912 bps, 61.40%, Err 803 (1.0e-004)
1006.956 .... 2415 packets received, 4913 bps, 61.41%, Err 806 (1.0e-004)
1009.114 .... 2426 packets received, 4925 bps, 61.56%, Err 806 (1.0e-004)
1011.207 .... 2434 packets received, 4931 bps, 61.64%, Err 806 (1.0e-004)
1013.595 .... 2438 packets received, 4927 bps, 61.59%, Err 812 (1.0e-004)
1017.059 .... 2440 packets received, 4915 bps, 61.43%, Err 817 (1.0e-004)
1025.866 .... 2445 packets received, 4882 bps, 61.03%, Err 822 (1.0e-004)
1027.975 .... 2461 packets received, 4904 bps, 61.30%, Err 823 (1.0e-004)
1030.113 .... 2464 packets received, 4900 bps, 61.25%, Err 825 (1.0e-004)
1032.255 .... 2475 packets received, 4912 bps, 61.40%, Err 825 (1.0e-004)
1041.539 .... 2481 packets received, 4880 bps, 61.00%, Err 833 (1.0e-004)
1044.756 .... 2496 packets received, 4894 bps, 61.18%, Err 837 (1.0e-004)
1047.966 .... 2501 packets received, 4889 bps, 61.11%, Err 839 (1.0e-004)
1051.958 .... 2510 packets received, 4888 bps, 61.10%, Err 842 (1.0e-004)
1057.270 .... 2521 packets received, 4885 bps, 61.06%, Err 845 (1.0e-004)
1060.455 .... 2533 packets received, 4893 bps, 61.16%, Err 849 (1.0e-004)
1063.914 .... 2539 packets received, 4889 bps, 61.11%, Err 855 (1.0e-004)
1066.832 .... 2543 packets received, 4883 bps, 61.04%, Err 857 (1.0e-004)
1070.300 .... 2554 packets received, 4888 bps, 61.10%, Err 859 (1.0e-004)
1072.444 .... 2557 packets received, 4884 bps, 61.05%, Err 861 (1.0e-004)
1075.924 .... 2564 packets received, 4882 bps, 61.02%, Err 865 (1.0e-004)
1079.111 .... 2572 packets received, 4883 bps, 61.03%, Err 865 (1.0e-004)
1082.325 .... 2584 packets received, 4891 bps, 61.13%, Err 870 (1.0e-004)
1084.457 .... 2594 packets received, 4900 bps, 61.25%, Err 870 (1.0e-004)
1087.621 .... 2601 packets received, 4899 bps, 61.24%, Err 872 (1.0e-004)
1090.830 .... 2608 packets received, 4898 bps, 61.22%, Err 875 (1.0e-004)
1094.286 .... 2615 packets received, 4895 bps, 61.19%, Err 882 (1.0e-004)
1099.080 .... 2619 packets received, 4881 bps, 61.02%, Err 885 (1.0e-004)
1101.191 .... 2635 packets received, 4902 bps, 61.27%, Err 887 (1.0e-004)
1103.325 .... 2638 packets received, 4898 bps, 61.22%, Err 888 (1.0e-004)
1105.460 .... 2650 packets received, 4911 bps, 61.38%, Err 889 (1.0e-004)
1108.086 .... 2655 packets received, 4908 bps, 61.35%, Err 890 (1.0e-004)
1110.227 .... 2667 packets received, 4921 bps, 61.51%, Err 891 (1.0e-004)
1113.692 .... 2674 packets received, 4919 bps, 61.48%, Err 894 (1.0e-004)
1117.132 .... 2682 packets received, 4918 bps, 61.48%, Err 897 (1.0e-004)
1119.817 .... 2693 packets received, 4926 bps, 61.58%, Err 897 (1.0e-004)
1122.211 .... 2700 packets received, 4929 bps, 61.61%, Err 898 (1.0e-004)
1124.326 .... 2706 packets received, 4930 bps, 61.63%, Err 898 (1.0e-004)
1127.519 .... 2713 packets received, 4929 bps, 61.61%, Err 900 (1.0e-004)
1135.285 .... 2720 packets received, 4908 bps, 61.35%, Err 907 (1.0e-004)
1145.381 .... 2733 packets received, 4888 bps, 61.10%, Err 917 (1.0e-004)
1147.546 .... 2748 packets received, 4905 bps, 61.32%, Err 918 (1.0e-004)
1150.427 .... 2753 packets received, 4902 bps, 61.28%, Err 921 (1.0e-004)
1152.553 .... 2764 packets received, 4913 bps, 61.41%, Err 922 (1.0e-004)
1155.470 .... 2767 packets received, 4906 bps, 61.32%, Err 926 (1.0e-004)
1158.692 .... 2778 packets received, 4911 bps, 61.39%, Err 929 (1.0e-004)
1161.612 .... 2784 packets received, 4910 bps, 61.37%, Err 932 (1.0e-004)
1167.455 .... 2796 packets received, 4906 bps, 61.33%, Err 934 (1.0e-004)
1169.584 .... 2812 packets received, 4925 bps, 61.56%, Err 935 (1.0e-004)
1171.723 .... 2818 packets received, 4927 bps, 61.58%, Err 936 (1.0e-004)
1175.727 .... 2819 packets received, 4912 bps, 61.39%, Err 938 (1.0e-004)
1177.831 .... 2832 packets received, 4925 bps, 61.57%, Err 941 (1.0e-004)
1179.959 .... 2841 packets received, 4932 bps, 61.65%, Err 941 (1.0e-004)
1182.080 .... 2849 packets received, 4937 bps, 61.71%, Err 942 (1.0e-004)
1186.074 .... 2850 packets received, 4922 bps, 61.53%, Err 946 (1.0e-004)
1188.489 .... 2853 packets received, 4917 bps, 61.47%, Err 950 (1.0e-004)
1191.674 .... 2865 packets received, 4925 bps, 61.56%, Err 952 (1.0e-004)
1195.910 .... 2870 packets received, 4916 bps, 61.45%, Err 958 (1.0e-004)
1199.123 .... 2881 packets received, 4922 bps, 61.52%, Err 960 (1.0e-004)
1201.254 .... 2887 packets received, 4923 bps, 61.54%, Err 960 (1.0e-004)
1203.631 .... 2892 packets received, 4922 bps, 61.52%, Err 960 (1.0e-004)
1205.756 .... 2897 packets received, 4922 bps, 61.52%, Err 960 (1.0e-004)
1210.568 .... 2899 packets received, 4906 bps, 61.32%, Err 967 (1.0e-004)
1213.487 .... 2908 packets received, 4909 bps, 61.36%, Err 972 (1.0e-004)
1218.007 .... 2911 packets received, 4896 bps, 61.20%, Err 978 (1.0e-004)
1220.911 .... 2919 packets received, 4898 bps, 61.22%, Err 980 (1.0e-004)
1226.534 .... 2926 packets received, 4887 bps, 61.08%, Err 985 (1.0e-004)
1228.646 .... 2932 packets received, 4888 bps, 61.10%, Err 987 (1.0e-004)
1231.294 .... 2939 packets received, 4890 bps, 61.12%, Err 990 (1.0e-004)
1233.410 .... 2947 packets received, 4894 bps, 61.18%, Err 990 (1.0e-004)
1236.890 .... 2955 packets received, 4894 bps, 61.17%, Err 992 (1.0e-004)
1240.100 .... 2967 packets received, 4901 bps, 61.26%, Err 993 (1.0e-004)
1242.241 .... 2978 packets received, 4911 bps, 61.38%, Err 994 (1.0e-004)
1244.654 .... 2985 packets received, 4913 bps, 61.41%, Err 996 (1.0e-004)
1247.597 .... 2990 packets received, 4909 bps, 61.37%, Err 998 (1.0e-004)
1253.455 .... 3000 packets received, 4903 bps, 61.28%, Err 1000 (1.0e-004)
1255.568 .... 3016 packets received, 4921 bps, 61.51%, Err 1001 (1.0e-004)
1259.537 .... 3017 packets received, 4907 bps, 61.33%, Err 1005 (1.0e-004)
1265.098 .... 3022 packets received, 4893 bps, 61.17%, Err 1012 (1.0e-004)
1268.334 .... 3034 packets received, 4900 bps, 61.25%, Err 1017 (1.0e-004)
1271.523 .... 3042 packets received, 4901 bps, 61.26%, Err 1020 (1.0e-004)
1274.193 .... 3046 packets received, 4897 bps, 61.21%, Err 1023 (1.0e-004)
1276.831 .... 3054 packets received, 4900 bps, 61.24%, Err 1024 (1.0e-004)
1279.240 .... 3059 packets received, 4898 bps, 61.23%, Err 1026 (1.0e-004)
1282.437 .... 3067 packets received, 4899 bps, 61.24%, Err 1028 (1.0e-004)
1285.883 .... 3074 packets received, 4897 bps, 61.21%, Err 1032 (1.0e-004)
1288.023 .... 3077 packets received, 4894 bps, 61.17%, Err 1033 (1.0e-004)
1292.326 .... 3083 packets received, 4887 bps, 61.08%, Err 1039 (1.0e-004)
1295.755 .... 3094 packets received, 4891 bps, 61.14%, Err 1041 (1.0e-004)
1299.210 .... 3101 packets received, 4889 bps, 61.12%, Err 1044 (1.0e-004)
1301.338 .... 3110 packets received, 4895 bps, 61.19%, Err 1044 (1.0e-004)
1303.474 .... 3118 packets received, 4900 bps, 61.25%, Err 1044 (1.0e-004)
1305.634 .... 3125 packets received, 4903 bps, 61.29%, Err 1045 (1.0e-004)
1309.090 .... 3132 packets received, 4901 bps, 61.26%, Err 1048 (1.0e-004)
1312.309 .... 3138 packets received, 4898 bps, 61.23%, Err 1050 (1.0e-004)
1315.237 .... 3145 packets received, 4898 bps, 61.23%, Err 1052 (1.0e-004)
1320.054 .... 3152 packets received, 4891 bps, 61.14%, Err 1061 (1.0e-004)
1322.708 .... 3164 packets received, 4900 bps, 61.25%, Err 1062 (1.0e-004)
1324.853 .... 3172 packets received, 4904 bps, 61.31%, Err 1062 (1.0e-004)
1326.961 .... 3174 packets received, 4900 bps, 61.25%, Err 1063 (1.0e-004)
1329.098 .... 3185 packets received, 4909 bps, 61.36%, Err 1063 (1.0e-004)
1331.244 .... 3189 packets received, 4907 bps, 61.34%, Err 1065 (1.0e-004)
1334.441 .... 3194 packets received, 4903 bps, 61.29%, Err 1068 (1.0e-004)
1337.605 .... 3205 packets received, 4908 bps, 61.35%, Err 1070 (1.0e-004)
1339.769 .... 3216 packets received, 4917 bps, 61.46%, Err 1071 (1.0e-004)
1342.183 .... 3220 packets received, 4914 bps, 61.43%, Err 1072 (1.0e-004)
1344.291 .... 3232 packets received, 4925 bps, 61.56%, Err 1072 (1.0e-004)
1346.425 .... 3235 packets received, 4922 bps, 61.52%, Err 1078 (1.0e-004)
1350.431 .... 3240 packets received, 4915 bps, 61.43%, Err 1079 (1.0e-004)
1360.039 .... 3254 packets received, 4901 bps, 61.26%, Err 1090 (1.0e-004)
1363.487 .... 3270 packets received, 4913 bps, 61.41%, Err 1091 (1.0e-004)
1365.912 .... 3277 packets received, 4914 bps, 61.43%, Err 1093 (1.0e-004)
1369.102 .... 3284 packets received, 4913 bps, 61.42%, Err 1096 (1.0e-004)
1371.489 .... 3295 packets received, 4921 bps, 61.52%, Err 1097 (1.0e-004)
1373.887 .... 3302 packets received, 4923 bps, 61.54%, Err 1098 (1.0e-004)
1378.416 .... 3309 packets received, 4917 bps, 61.47%, Err 1103 (1.0e-004)
1381.069 .... 3318 packets received, 4921 bps, 61.52%, Err 1106 (1.0e-004)
1383.200 .... 3324 packets received, 4923 bps, 61.53%, Err 1107 (1.0e-004)
1385.304 .... 3330 packets received, 4924 bps, 61.55%, Err 1108 (1.0e-004)
1388.758 .... 3333 packets received, 4916 bps, 61.45%, Err 1113 (1.0e-004)
1391.978 .... 3341 packets received, 4917 bps, 61.46%, Err 1114 (1.0e-004)
1394.365 .... 3347 packets received, 4917 bps, 61.46%, Err 1115 (1.0e-004)
1399.431 .... 3352 packets received, 4906 bps, 61.33%, Err 1121 (1.0e-004)
1401.785 .... 3361 packets received, 4911 bps, 61.39%, Err 1122 (1.0e-004)
1403.943 .... 3369 packets received, 4915 bps, 61.44%, Err 1122 (1.0e-004)
1406.069 .... 3377 packets received, 4920 bps, 61.50%, Err 1122 (1.0e-004)
1410.581 .... 3380 packets received, 4908 bps, 61.35%, Err 1130 (1.0e-004)
1412.975 .... 3387 packets received, 4910 bps, 61.38%, Err 1130 (1.0e-004)
1415.367 .... 3395 packets received, 4913 bps, 61.42%, Err 1133 (1.0e-004)
1418.584 .... 3402 packets received, 4912 bps, 61.40%, Err 1135 (1.0e-004)
1426.278 .... 3405 packets received, 4890 bps, 61.13%, Err 1140 (1.0e-004)
1429.764 .... 3421 packets received, 4901 bps, 61.27%, Err 1145 (1.0e-004)
1437.190 .... 3425 packets received, 4882 bps, 61.02%, Err 1153 (1.0e-004)
1440.669 .... 3441 packets received, 4893 bps, 61.16%, Err 1154 (1.0e-004)
1442.804 .... 3448 packets received, 4895 bps, 61.19%, Err 1156 (1.0e-004)
1446.257 .... 3459 packets received, 4899 bps, 61.24%, Err 1158 (1.0e-004)
1450.520 .... 3463 packets received, 4890 bps, 61.13%, Err 1163 (1.0e-004)
1453.690 .... 3478 packets received, 4901 bps, 61.26%, Err 1168 (1.0e-004)
1456.874 .... 3483 packets received, 4897 bps, 61.21%, Err 1168 (1.0e-004)
1459.273 .... 3496 packets received, 4907 bps, 61.34%, Err 1169 (1.0e-004)
1461.373 .... 3503 packets received, 4910 bps, 61.38%, Err 1169 (1.0e-004)
1463.504 .... 3509 packets received, 4911 bps, 61.39%, Err 1171 (1.0e-004)
1466.710 .... 3512 packets received, 4905 bps, 61.31%, Err 1174 (1.0e-004)
1469.929 .... 3521 packets received, 4907 bps, 61.33%, Err 1177 (1.0e-004)
1472.864 .... 3527 packets received, 4905 bps, 61.31%, Err 1177 (1.0e-004)
1478.736 .... 3535 packets received, 4897 bps, 61.21%, Err 1183 (1.0e-004)
1481.636 .... 3542 packets received, 4897 bps, 61.21%, Err 1186 (1.0e-004)
1484.831 .... 3550 packets received, 4897 bps, 61.22%, Err 1189 (1.0e-004)
1488.277 .... 3561 packets received, 4901 bps, 61.26%, Err 1192 (1.0e-004)
1490.912 .... 3571 packets received, 4906 bps, 61.33%, Err 1194 (1.0e-004)
1493.034 .... 3582 packets received, 4914 bps, 61.43%, Err 1195 (1.0e-004)
1495.402 .... 3586 packets received, 4912 bps, 61.40%, Err 1197 (1.0e-004)
1498.050 .... 3593 packets received, 4913 bps, 61.41%, Err 1200 (1.0e-004)
1500.194 .... 3605 packets received, 4922 bps, 61.53%, Err 1200 (1.0e-004)
1504.960 .... 3609 packets received, 4912 bps, 61.40%, Err 1204 (1.0e-004)
1507.089 .... 3623 packets received, 4924 bps, 61.55%, Err 1205 (1.0e-004)
1512.436 .... 3627 packets received, 4912 bps, 61.40%, Err 1211 (1.0e-004)
1514.836 .... 3641 packets received, 4923 bps, 61.54%, Err 1211 (1.0e-004)
1520.409 .... 3647 packets received, 4913 bps, 61.42%, Err 1218 (1.0e-004)
1524.961 .... 3659 packets received, 4915 bps, 61.44%, Err 1222 (1.0e-004)
1527.352 .... 3673 packets received, 4926 bps, 61.57%, Err 1223 (1.0e-004)
1530.772 .... 3680 packets received, 4924 bps, 61.55%, Err 1225 (1.0e-004)
1534.004 .... 3682 packets received, 4917 bps, 61.46%, Err 1227 (1.0e-004)
1536.655 .... 3695 packets received, 4925 bps, 61.57%, Err 1229 (1.0e-004)
1539.831 .... 3700 packets received, 4922 bps, 61.52%, Err 1233 (1.0e-004)
1542.522 .... 3705 packets received, 4920 bps, 61.50%, Err 1236 (1.0e-004)
1547.851 .... 3712 packets received, 4912 bps, 61.40%, Err 1238 (1.0e-004)
1551.297 .... 3727 packets received, 4921 bps, 61.52%, Err 1242 (1.0e-004)
1554.525 .... 3737 packets received, 4924 bps, 61.55%, Err 1243 (1.0e-004)
1556.934 .... 3745 packets received, 4927 bps, 61.59%, Err 1245 (1.0e-004)
1563.836 .... 3748 packets received, 4909 bps, 61.37%, Err 1251 (1.0e-004)
1566.755 .... 3763 packets received, 4920 bps, 61.50%, Err 1254 (1.0e-004)
1576.080 .... 3773 packets received, 4904 bps, 61.29%, Err 1258 (1.0e-004)
1581.143 .... 3787 packets received, 4906 bps, 61.33%, Err 1267 (1.0e-004)
1584.072 .... 3794 packets received, 4906 bps, 61.33%, Err 1271 (1.0e-004)
1586.175 .... 3803 packets received, 4911 bps, 61.39%, Err 1272 (1.0e-004)
1589.130 .... 3808 packets received, 4908 bps, 61.36%, Err 1273 (1.0e-004)
1591.506 .... 3815 packets received, 4910 bps, 61.38%, Err 1275 (1.0e-004)
1594.674 .... 3822 packets received, 4909 bps, 61.37%, Err 1277 (1.0e-004)
1597.895 .... 3836 packets received, 4917 bps, 61.47%, Err 1279 (1.0e-004)
1600.054 .... 3847 packets received, 4925 bps, 61.56%, Err 1279 (1.0e-004)
1605.364 .... 3853 packets received, 4916 bps, 61.45%, Err 1284 (1.0e-004)
1608.012 .... 3861 packets received, 4918 bps, 61.48%, Err 1286 (1.0e-004)
1611.490 .... 3869 packets received, 4918 bps, 61.47%, Err 1290 (1.0e-004)
1614.678 .... 3871 packets received, 4911 bps, 61.38%, Err 1290 (1.0e-004)
1617.621 .... 3883 packets received, 4917 bps, 61.46%, Err 1291 (1.0e-004)
1621.070 .... 3894 packets received, 4920 bps, 61.50%, Err 1294 (1.0e-004)
1624.258 .... 3904 packets received, 4923 bps, 61.54%, Err 1300 (1.0e-004)
1627.479 .... 3910 packets received, 4921 bps, 61.51%, Err 1301 (1.0e-004)
1629.864 .... 3915 packets received, 4920 bps, 61.50%, Err 1304 (1.0e-004)
1632.009 .... 3928 packets received, 4930 bps, 61.63%, Err 1305 (1.0e-004)
1643.955 .... 3930 packets received, 4897 bps, 61.21%, Err 1316 (1.0e-004)
1646.096 .... 3946 packets received, 4910 bps, 61.38%, Err 1319 (1.0e-004)
1648.223 .... 3952 packets received, 4911 bps, 61.39%, Err 1319 (1.0e-004)
1651.161 .... 3957 packets received, 4909 bps, 61.36%, Err 1320 (1.0e-004)
1653.258 .... 3965 packets received, 4913 bps, 61.41%, Err 1325 (1.0e-004)
1659.113 .... 3966 packets received, 4896 bps, 61.21%, Err 1330 (1.0e-004)
1661.215 .... 3981 packets received, 4909 bps, 61.36%, Err 1330 (1.0e-004)
1664.410 .... 3987 packets received, 4907 bps, 61.33%, Err 1333 (1.0e-004)
1666.552 .... 3997 packets received, 4913 bps, 61.41%, Err 1333 (1.0e-004)
1668.925 .... 4004 packets received, 4914 bps, 61.43%, Err 1336 (1.0e-004)
1672.411 .... 4008 packets received, 4909 bps, 61.36%, Err 1341 (1.0e-004)
1674.814 .... 4010 packets received, 4904 bps, 61.30%, Err 1344 (1.0e-004)
1677.207 .... 4017 packets received, 4906 bps, 61.32%, Err 1345 (1.0e-004)
1679.330 .... 4025 packets received, 4909 bps, 61.37%, Err 1346 (1.0e-004)
1681.445 .... 4033 packets received, 4913 bps, 61.41%, Err 1346 (1.0e-004)
1684.130 .... 4039 packets received, 4912 bps, 61.41%, Err 1347 (1.0e-004)
1687.596 .... 4045 packets received, 4910 bps, 61.37%, Err 1350 (1.0e-004)
1690.808 .... 4055 packets received, 4912 bps, 61.41%, Err 1355 (1.0e-004)
1692.950 .... 4063 packets received, 4916 bps, 61.45%, Err 1356 (1.0e-004)
1696.122 .... 4071 packets received, 4916 bps, 61.45%, Err 1358 (1.0e-004)
1699.569 .... 4081 packets received, 4918 bps, 61.48%, Err 1360 (1.0e-004)
1702.523 .... 4089 packets received, 4920 bps, 61.49%, Err 1361 (1.0e-004)
1704.663 .... 4100 packets received, 4927 bps, 61.58%, Err 1362 (1.0e-004)
1708.177 .... 4104 packets received, 4921 bps, 61.52%, Err 1369 (1.0e-004)
1710.302 .... 4107 packets received, 4919 bps, 61.48%, Err 1370 (1.0e-004)
1712.962 .... 4115 packets received, 4921 bps, 61.51%, Err 1372 (1.0e-004)
1715.895 .... 4119 packets received, 4917 bps, 61.46%, Err 1375 (1.0e-004)
1719.097 .... 4125 packets received, 4915 bps, 61.44%, Err 1377 (1.0e-004)
1721.741 .... 4136 packets received, 4921 bps, 61.51%, Err 1379 (1.0e-004)
1725.708 .... 4141 packets received, 4915 bps, 61.44%, Err 1381 (1.0e-004)
1728.928 .... 4154 packets received, 4921 bps, 61.52%, Err 1383 (1.0e-004)
1731.046 .... 4164 packets received, 4927 bps, 61.59%, Err 1384 (1.0e-004)
1734.536 .... 4175 packets received, 4930 bps, 61.63%, Err 1386 (1.0e-004)
1736.967 .... 4183 packets received, 4933 bps, 61.66%, Err 1388 (1.0e-004)
1741.022 .... 4188 packets received, 4927 bps, 61.59%, Err 1393 (1.0e-004)
1749.812 .... 4191 packets received, 4906 bps, 61.32%, Err 1398 (1.0e-004)
1751.961 .... 4208 packets received, 4920 bps, 61.50%, Err 1399 (1.0e-004)
1754.364 .... 4213 packets received, 4919 bps, 61.49%, Err 1401 (1.0e-004)
1757.588 .... 4223 packets received, 4922 bps, 61.52%, Err 1403 (1.0e-004)
1759.728 .... 4233 packets received, 4927 bps, 61.59%, Err 1403 (1.0e-004)
1762.134 .... 4237 packets received, 4925 bps, 61.56%, Err 1407 (1.0e-004)
1765.330 .... 4240 packets received, 4920 bps, 61.50%, Err 1408 (1.0e-004)
1768.242 .... 4251 packets received, 4924 bps, 61.55%, Err 1415 (1.0e-004)
1771.163 .... 4260 packets received, 4927 bps, 61.58%, Err 1418 (1.0e-004)
1773.288 .... 4270 packets received, 4932 bps, 61.65%, Err 1418 (1.0e-004)
1775.656 .... 4274 packets received, 4930 bps, 61.63%, Err 1419 (1.0e-004)
1780.161 .... 4281 packets received, 4926 bps, 61.57%, Err 1423 (1.0e-004)
1784.681 .... 4293 packets received, 4927 bps, 61.59%, Err 1425 (1.0e-004)
1787.894 .... 4308 packets received, 4935 bps, 61.69%, Err 1429 (1.0e-004)
1792.678 .... 4312 packets received, 4927 bps, 61.59%, Err 1435 (1.0e-004)
1795.584 .... 4321 packets received, 4929 bps, 61.61%, Err 1440 (1.0e-004)
1798.772 .... 4326 packets received, 4926 bps, 61.58%, Err 1442 (1.0e-004)
1800.925 .... 4339 packets received, 4935 bps, 61.69%, Err 1443 (1.0e-004)
1804.924 .... 4340 packets received, 4925 bps, 61.57%, Err 1447 (1.0e-004)
1808.132 .... 4349 packets received, 4927 bps, 61.58%, Err 1450 (1.0e-004)
1813.984 .... 4362 packets received, 4925 bps, 61.57%, Err 1456 (1.0e-004)
1817.169 .... 4372 packets received, 4928 bps, 61.60%, Err 1458 (1.0e-004)
1819.301 .... 4379 packets received, 4930 bps, 61.63%, Err 1460 (1.0e-004)
1821.415 .... 4381 packets received, 4927 bps, 61.58%, Err 1461 (1.0e-004)
1823.564 .... 4391 packets received, 4932 bps, 61.65%, Err 1462 (1.0e-004)
1826.754 .... 4397 packets received, 4930 bps, 61.63%, Err 1463 (1.0e-004)
1831.825 .... 4406 packets received, 4927 bps, 61.58%, Err 1466 (1.0e-004)
1834.209 .... 4420 packets received, 4936 bps, 61.70%, Err 1468 (1.0e-004)
1836.631 .... 4423 packets received, 4933 bps, 61.66%, Err 1473 (1.0e-004)
1839.817 .... 4425 packets received, 4926 bps, 61.58%, Err 1473 (1.0e-004)
1841.941 .... 4436 packets received, 4933 bps, 61.66%, Err 1474 (1.0e-004)
1849.940 .... 4438 packets received, 4914 bps, 61.42%, Err 1485 (1.0e-004)
1853.130 .... 4453 packets received, 4922 bps, 61.52%, Err 1488 (1.0e-004)
1855.777 .... 4462 packets received, 4925 bps, 61.56%, Err 1491 (1.0e-004)
1859.019 .... 4467 packets received, 4922 bps, 61.52%, Err 1492 (1.0e-004)
1861.955 .... 4478 packets received, 4926 bps, 61.58%, Err 1492 (1.0e-004)
1864.866 .... 4484 packets received, 4925 bps, 61.56%, Err 1494 (1.0e-004)
1868.049 .... 4494 packets received, 4928 bps, 61.60%, Err 1496 (1.0e-004)
1870.444 .... 4500 packets received, 4928 bps, 61.60%, Err 1498 (1.0e-004)
1872.843 .... 4509 packets received, 4931 bps, 61.64%, Err 1500 (1.0e-004)
1875.475 .... 4510 packets received, 4926 bps, 61.57%, Err 1503 (1.0e-004)
1877.614 .... 4524 packets received, 4935 bps, 61.69%, Err 1503 (1.0e-004)
1880.833 .... 4531 packets received, 4934 bps, 61.68%, Err 1505 (1.0e-004)
1884.816 .... 4536 packets received, 4929 bps, 61.62%, Err 1510 (1.0e-004)
1887.232 .... 4543 packets received, 4931 bps, 61.63%, Err 1510 (1.0e-004)
1889.349 .... 4550 packets received, 4933 bps, 61.66%, Err 1512 (1.0e-004)
1892.573 .... 4553 packets received, 4928 bps, 61.60%, Err 1513 (1.0e-004)
1897.109 .... 4563 packets received, 4927 bps, 61.58%, Err 1519 (1.0e-004)
1899.506 .... 4570 packets received, 4928 bps, 61.60%, Err 1520 (1.0e-004)
1901.907 .... 4578 packets received, 4930 bps, 61.63%, Err 1520 (1.0e-004)
1904.052 .... 4585 packets received, 4932 bps, 61.65%, Err 1520 (1.0e-004)
1906.143 .... 4587 packets received, 4929 bps, 61.61%, Err 1521 (1.0e-004)
1915.239 .... 4596 packets received, 4915 bps, 61.44%, Err 1535 (1.0e-004)
1917.357 .... 4611 packets received, 4926 bps, 61.57%, Err 1537 (1.0e-004)
1919.753 .... 4615 packets received, 4924 bps, 61.55%, Err 1538 (1.0e-004)
1921.873 .... 4627 packets received, 4931 bps, 61.64%, Err 1539 (1.0e-004)
1925.882 .... 4628 packets received, 4922 bps, 61.53%, Err 1541 (1.0e-004)
1928.015 .... 4643 packets received, 4933 bps, 61.66%, Err 1543 (1.0e-004)
1932.531 .... 4645 packets received, 4923 bps, 61.54%, Err 1548 (1.0e-004)
1935.679 .... 4656 packets received, 4927 bps, 61.59%, Err 1549 (1.0e-004)
1937.821 .... 4666 packets received, 4932 bps, 61.65%, Err 1549 (1.0e-004)
1940.740 .... 4671 packets received, 4930 bps, 61.62%, Err 1550 (1.0e-004)
1945.241 .... 4677 packets received, 4925 bps, 61.56%, Err 1557 (1.0e-004)
1948.426 .... 4688 packets received, 4928 bps, 61.60%, Err 1563 (1.0e-004)
1950.526 .... 4694 packets received, 4929 bps, 61.62%, Err 1563 (1.0e-004)
1952.912 .... 4697 packets received, 4926 bps, 61.58%, Err 1565 (1.0e-004)
1955.852 .... 4703 packets received, 4925 bps, 61.57%, Err 1569 (1.0e-004)
1958.841 .... 4709 packets received, 4924 bps, 61.55%, Err 1571 (1.0e-004)
1960.978 .... 4713 packets received, 4923 bps, 61.54%, Err 1571 (1.0e-004)
1963.100 .... 4722 packets received, 4927 bps, 61.59%, Err 1572 (1.0e-004)
1966.009 .... 4726 packets received, 4924 bps, 61.55%, Err 1574 (1.0e-004)
1968.159 .... 4733 packets received, 4926 bps, 61.57%, Err 1576 (1.0e-004)
1970.302 .... 4744 packets received, 4932 bps, 61.65%, Err 1578 (1.0e-004)
1972.436 .... 4752 packets received, 4935 bps, 61.68%, Err 1579 (1.0e-004)
1975.897 .... 4759 packets received, 4933 bps, 61.67%, Err 1580 (1.0e-004)
1978.051 .... 4771 packets received, 4940 bps, 61.76%, Err 1580 (1.0e-004)
1980.950 .... 4777 packets received, 4939 bps, 61.74%, Err 1583 (1.0e-004)
1984.705 .... 4782 packets received, 4935 bps, 61.69%, Err 1589 (1.0e-004)
1986.817 .... 4788 packets received, 4936 bps, 61.70%, Err 1591 (1.0e-004)
1988.943 .... 4796 packets received, 4939 bps, 61.74%, Err 1592 (1.0e-004)
1991.597 .... 4802 packets received, 4939 bps, 61.73%, Err 1594 (1.0e-004)
1994.532 .... 4808 packets received, 4938 bps, 61.72%, Err 1597 (1.0e-004)
1996.666 .... 4821 packets received, 4946 bps, 61.82%, Err 1598 (1.0e-004)
2000.678 .... 4822 packets received, 4937 bps, 61.71%, Err 1601 (1.0e-004)
2002.793 .... 4838 packets received, 4948 bps, 61.85%, Err 1602 (1.0e-004)
2007.596 .... 4840 packets received, 4938 bps, 61.73%, Err 1606 (1.0e-004)
2010.235 .... 4851 packets received, 4943 bps, 61.79%, Err 1606 (1.0e-004)
2015.566 .... 4858 packets received, 4937 bps, 61.71%, Err 1611 (1.0e-004)
2018.733 .... 4868 packets received, 4939 bps, 61.74%, Err 1613 (1.0e-004)
2021.410 .... 4876 packets received, 4941 bps, 61.76%, Err 1615 (1.0e-004)
2023.813 .... 4882 packets received, 4941 bps, 61.76%, Err 1618 (1.0e-004)
2027.002 .... 4890 packets received, 4941 bps, 61.77%, Err 1621 (1.0e-004)
2030.207 .... 4897 packets received, 4941 bps, 61.76%, Err 1622 (1.0e-004)
2033.921 .... 4905 packets received, 4940 bps, 61.75%, Err 1625 (1.0e-004)
2037.114 .... 4917 packets received, 4944 bps, 61.80%, Err 1631 (1.0e-004)
2040.307 .... 4921 packets received, 4940 bps, 61.75%, Err 1632 (1.0e-004)
2043.772 .... 4935 packets received, 4946 bps, 61.82%, Err 1635 (1.0e-004)
2047.020 .... 4944 packets received, 4947 bps, 61.84%, Err 1636 (1.0e-004)
2049.160 .... 4956 packets received, 4954 bps, 61.92%, Err 1637 (1.0e-004)
2052.614 .... 4964 packets received, 4954 bps, 61.92%, Err 1641 (1.0e-004)
2056.083 .... 4968 packets received, 4949 bps, 61.86%, Err 1643 (1.0e-004)
2064.553 .... 4969 packets received, 4930 bps, 61.62%, Err 1650 (1.0e-004)
2066.713 .... 4986 packets received, 4942 bps, 61.77%, Err 1650 (1.0e-004)
2070.709 .... 4987 packets received, 4933 bps, 61.66%, Err 1654 (1.0e-004)
2073.894 .... 5003 packets received, 4941 bps, 61.76%, Err 1656 (1.0e-004)
2078.675 .... 5010 packets received, 4937 bps, 61.71%, Err 1662 (1.0e-004)
2081.051 .... 5016 packets received, 4937 bps, 61.71%, Err 1666 (1.0e-004)
2083.178 .... 5024 packets received, 4940 bps, 61.75%, Err 1670 (1.0e-004)
2087.468 .... 5025 packets received, 4931 bps, 61.63%, Err 1672 (1.0e-004)
2089.599 .... 5040 packets received, 4940 bps, 61.75%, Err 1673 (1.0e-004)
2092.250 .... 5044 packets received, 4938 bps, 61.72%, Err 1675 (1.0e-004)
2094.395 .... 5050 packets received, 4939 bps, 61.73%, Err 1677 (1.0e-004)
2097.037 .... 5058 packets received, 4940 bps, 61.75%, Err 1680 (1.0e-004)
2099.189 .... 5066 packets received, 4943 bps, 61.79%, Err 1681 (1.0e-004)
2104.521 .... 5077 packets received, 4941 bps, 61.77%, Err 1685 (1.0e-004)
2106.913 .... 5085 packets received, 4943 bps, 61.79%, Err 1686 (1.0e-004)
2110.118 .... 5091 packets received, 4942 bps, 61.77%, Err 1688 (1.0e-004)
2113.593 .... 5099 packets received, 4941 bps, 61.77%, Err 1692 (1.0e-004)
2116.782 .... 5108 packets received, 4943 bps, 61.78%, Err 1696 (1.0e-004)
2119.955 .... 5114 packets received, 4941 bps, 61.76%, Err 1697 (1.0e-004)
2122.879 .... 5124 packets received, 4944 bps, 61.80%, Err 1701 (1.0e-004)
2124.973 .... 5135 packets received, 4950 bps, 61.87%, Err 1701 (1.0e-004)
2128.442 .... 5138 packets received, 4944 bps, 61.81%, Err 1706 (1.0e-004)
2130.878 .... 5152 packets received, 4952 bps, 61.90%, Err 1709 (1.0e-004)
2133.008 .... 5159 packets received, 4954 bps, 61.93%, Err 1709 (1.0e-004)
2135.117 .... 5165 packets received, 4955 bps, 61.94%, Err 1710 (1.0e-004)
2137.300 .... 5171 packets received, 4956 bps, 61.94%, Err 1710 (1.0e-004)
2141.850 .... 5174 packets received, 4948 bps, 61.85%, Err 1714 (1.0e-004)
2143.981 .... 5190 packets received, 4958 bps, 61.98%, Err 1715 (1.0e-004)
2146.114 .... 5197 packets received, 4960 bps, 62.00%, Err 1716 (1.0e-004)
2151.445 .... 5202 packets received, 4953 bps, 61.91%, Err 1721 (1.0e-004)
2153.569 .... 5217 packets received, 4962 bps, 62.02%, Err 1721 (1.0e-004)
2156.223 .... 5221 packets received, 4960 bps, 61.99%, Err 1727 (1.0e-004)
2159.441 .... 5224 packets received, 4955 bps, 61.94%, Err 1730 (1.0e-004)
2162.911 .... 5233 packets received, 4956 bps, 61.95%, Err 1732 (1.0e-004)
2165.002 .... 5240 packets received, 4957 bps, 61.97%, Err 1732 (1.0e-004)
2167.409 .... 5247 packets received, 4959 bps, 61.98%, Err 1732 (1.0e-004)
2169.535 .... 5254 packets received, 4960 bps, 62.00%, Err 1732 (1.0e-004)
2173.815 .... 5255 packets received, 4951 bps, 61.89%, Err 1739 (1.0e-004)
2175.942 .... 5262 packets received, 4953 bps, 61.92%, Err 1740 (1.0e-004)
2181.490 .... 5270 packets received, 4948 bps, 61.85%, Err 1747 (1.0e-004)
2183.603 .... 5285 packets received, 4957 bps, 61.97%, Err 1748 (1.0e-004)
2187.587 .... 5286 packets received, 4949 bps, 61.87%, Err 1749 (1.0e-004)
2189.694 .... 5301 packets received, 4959 bps, 61.98%, Err 1752 (1.0e-004)
2195.534 .... 5307 packets received, 4951 bps, 61.89%, Err 1756 (1.0e-004)
2199.024 .... 5321 packets received, 4956 bps, 61.95%, Err 1759 (1.0e-004)
2201.960 .... 5327 packets received, 4955 bps, 61.94%, Err 1762 (1.0e-004)
2204.612 .... 5333 packets received, 4955 bps, 61.93%, Err 1764 (1.0e-004)
2210.972 .... 5335 packets received, 4942 bps, 61.78%, Err 1771 (1.0e-004)
2213.354 .... 5350 packets received, 4951 bps, 61.89%, Err 1773 (1.0e-004)
2215.487 .... 5356 packets received, 4952 bps, 61.90%, Err 1774 (1.0e-004)
2217.648 .... 5361 packets received, 4952 bps, 61.89%, Err 1776 (1.0e-004)
2219.782 .... 5369 packets received, 4954 bps, 61.93%, Err 1776 (1.0e-004)
2221.913 .... 5373 packets received, 4953 bps, 61.91%, Err 1777 (1.0e-004)
2224.069 .... 5383 packets received, 4957 bps, 61.97%, Err 1778 (1.0e-004)
2227.510 .... 5387 packets received, 4953 bps, 61.92%, Err 1782 (1.0e-004)
2229.644 .... 5399 packets received, 4960 bps, 62.00%, Err 1784 (1.0e-004)
2231.769 .... 5403 packets received, 4959 bps, 61.98%, Err 1784 (1.0e-004)
2233.938 .... 5406 packets received, 4957 bps, 61.96%, Err 1786 (1.0e-004)
2237.972 .... 5411 packets received, 4952 bps, 61.90%, Err 1788 (1.0e-004)
2242.769 .... 5424 packets received, 4954 bps, 61.92%, Err 1793 (1.0e-004)
2246.212 .... 5438 packets received, 4959 bps, 61.98%, Err 1799 (1.0e-004)
2249.430 .... 5442 packets received, 4955 bps, 61.94%, Err 1802 (1.0e-004)
2251.550 .... 5447 packets received, 4955 bps, 61.94%, Err 1803 (1.0e-004)
2254.757 .... 5454 packets received, 4954 bps, 61.93%, Err 1805 (1.0e-004)
2257.704 .... 5464 packets received, 4957 bps, 61.96%, Err 1806 (1.0e-004)
2261.174 .... 5473 packets received, 4958 bps, 61.97%, Err 1809 (1.0e-004)
2263.301 .... 5486 packets received, 4965 bps, 62.06%, Err 1809 (1.0e-004)
2266.772 .... 5490 packets received, 4961 bps, 62.01%, Err 1813 (1.0e-004)
2270.224 .... 5501 packets received, 4963 bps, 62.04%, Err 1817 (1.0e-004)
2273.428 .... 5509 packets received, 4963 bps, 62.04%, Err 1819 (1.0e-004)
2275.843 .... 5517 packets received, 4965 bps, 62.07%, Err 1821 (1.0e-004)
2279.335 .... 5529 packets received, 4968 bps, 62.11%, Err 1822 (1.0e-004)
2283.840 .... 5536 packets received, 4965 bps, 62.06%, Err 1825 (1.0e-004)
2286.238 .... 5549 packets received, 4971 bps, 62.14%, Err 1828 (1.0e-004)
2288.371 .... 5552 packets received, 4969 bps, 62.12%, Err 1830 (1.0e-004)
2291.869 .... 5561 packets received, 4970 bps, 62.12%, Err 1833 (1.0e-004)
2294.002 .... 5562 packets received, 4966 bps, 62.08%, Err 1836 (1.0e-004)
2296.914 .... 5575 packets received, 4971 bps, 62.14%, Err 1838 (1.0e-004)
2299.048 .... 5577 packets received, 4969 bps, 62.11%, Err 1841 (1.0e-004)
2301.192 .... 5587 packets received, 4973 bps, 62.16%, Err 1841 (1.0e-004)
2303.324 .... 5590 packets received, 4971 bps, 62.14%, Err 1842 (1.0e-004)
2306.007 .... 5598 packets received, 4972 bps, 62.15%, Err 1845 (1.0e-004)
2309.724 .... 5603 packets received, 4969 bps, 62.11%, Err 1849 (1.0e-004)
2312.389 .... 5612 packets received, 4971 bps, 62.14%, Err 1850 (1.0e-004)
2315.052 .... 5619 packets received, 4971 bps, 62.14%, Err 1854 (1.0e-004)
2319.023 .... 5623 packets received, 4966 bps, 62.08%, Err 1860 (1.0e-004)
2321.161 .... 5627 packets received, 4965 bps, 62.07%, Err 1863 (1.0e-004)
2324.601 .... 5638 packets received, 4968 bps, 62.10%, Err 1865 (1.0e-004)
2326.738 .... 5649 packets received, 4973 bps, 62.16%, Err 1865 (1.0e-004)
2329.711 .... 5655 packets received, 4972 bps, 62.15%, Err 1868 (1.0e-004)
2331.837 .... 5666 packets received, 4977 bps, 62.21%, Err 1868 (1.0e-004)
2334.506 .... 5671 packets received, 4976 bps, 62.20%, Err 1872 (1.0e-004)
2337.725 .... 5679 packets received, 4976 bps, 62.20%, Err 1876 (1.0e-004)
2340.882 .... 5684 packets received, 4973 bps, 62.17%, Err 1877 (1.0e-004)
2343.260 .... 5695 packets received, 4978 bps, 62.22%, Err 1879 (1.0e-004)
2347.272 .... 5696 packets received, 4970 bps, 62.13%, Err 1882 (1.0e-004)
2349.928 .... 5706 packets received, 4973 bps, 62.17%, Err 1884 (1.0e-004)
2352.018 .... 5714 packets received, 4976 bps, 62.20%, Err 1884 (1.0e-004)
2354.160 .... 5721 packets received, 4978 bps, 62.22%, Err 1884 (1.0e-004)
2356.301 .... 5727 packets received, 4978 bps, 62.23%, Err 1885 (1.0e-004)
2358.702 .... 5734 packets received, 4979 bps, 62.24%, Err 1887 (1.0e-004)
2361.616 .... 5739 packets received, 4977 bps, 62.22%, Err 1889 (1.0e-004)
2364.861 .... 5744 packets received, 4975 bps, 62.19%, Err 1892 (1.0e-004)
2374.477 .... 5756 packets received, 4965 bps, 62.06%, Err 1899 (1.0e-004)
2376.584 .... 5772 packets received, 4975 bps, 62.18%, Err 1900 (1.0e-004)
2384.851 .... 5775 packets received, 4960 bps, 62.00%, Err 1909 (1.0e-004)
2386.989 .... 5791 packets received, 4969 bps, 62.11%, Err 1909 (1.0e-004)
2389.957 .... 5797 packets received, 4968 bps, 62.10%, Err 1914 (1.0e-004)
2393.145 .... 5801 packets received, 4965 bps, 62.06%, Err 1914 (1.0e-004)
2395.271 .... 5815 packets received, 4973 bps, 62.16%, Err 1915 (1.0e-004)
2398.225 .... 5820 packets received, 4971 bps, 62.13%, Err 1919 (1.0e-004)
2401.395 .... 5827 packets received, 4970 bps, 62.13%, Err 1922 (1.0e-004)
2404.097 .... 5834 packets received, 4970 bps, 62.13%, Err 1924 (1.0e-004)
2406.260 .... 5847 packets received, 4977 bps, 62.21%, Err 1924 (1.0e-004)
2410.578 .... 5849 packets received, 4970 bps, 62.12%, Err 1932 (1.0e-004)
2412.707 .... 5855 packets received, 4971 bps, 62.13%, Err 1932 (1.0e-004)
2414.835 .... 5864 packets received, 4974 bps, 62.17%, Err 1932 (1.0e-004)
2416.976 .... 5867 packets received, 4972 bps, 62.15%, Err 1935 (1.0e-004)
2421.488 .... 5874 packets received, 4969 bps, 62.11%, Err 1939 (1.0e-004)
2424.160 .... 5881 packets received, 4969 bps, 62.11%, Err 1940 (1.0e-004)
2427.369 .... 5889 packets received, 4969 bps, 62.11%, Err 1941 (1.0e-004)
2429.739 .... 5896 packets received, 4970 bps, 62.13%, Err 1945 (1.0e-004)
2433.208 .... 5907 packets received, 4972 bps, 62.16%, Err 1946 (1.0e-004)
2436.117 .... 5917 packets received, 4975 bps, 62.19%, Err 1950 (1.0e-004)
2438.753 .... 5918 packets received, 4970 bps, 62.13%, Err 1951 (1.0e-004)
2441.692 .... 5931 packets received, 4975 bps, 62.19%, Err 1953 (1.0e-004)
2443.839 .... 5938 packets received, 4977 bps, 62.21%, Err 1954 (1.0e-004)
2447.022 .... 5945 packets received, 4976 bps, 62.20%, Err 1955 (1.0e-004)
2452.941 .... 5957 packets received, 4974 bps, 62.18%, Err 1961 (1.0e-004)
2455.300 .... 5965 packets received, 4976 bps, 62.20%, Err 1962 (1.0e-004)
2461.172 .... 5973 packets received, 4971 bps, 62.14%, Err 1970 (1.0e-004)
2463.317 .... 5979 packets received, 4971 bps, 62.14%, Err 1970 (1.0e-004)
2466.769 .... 5988 packets received, 4972 bps, 62.15%, Err 1971 (1.0e-004)
2469.961 .... 5999 packets received, 4975 bps, 62.18%, Err 1973 (1.0e-004)
2473.413 .... 6005 packets received, 4973 bps, 62.16%, Err 1980 (1.0e-004)
2475.533 .... 6009 packets received, 4972 bps, 62.15%, Err 1981 (1.0e-004)
2481.101 .... 6016 packets received, 4966 bps, 62.08%, Err 1989 (1.0e-004)
2484.020 .... 6027 packets received, 4970 bps, 62.12%, Err 1990 (1.0e-004)
2486.146 .... 6034 packets received, 4971 bps, 62.14%, Err 1990 (1.0e-004)
2488.808 .... 6039 packets received, 4970 bps, 62.12%, Err 1993 (1.0e-004)
2492.270 .... 6048 packets received, 4970 bps, 62.13%, Err 1997 (1.0e-004)
2494.938 .... 6049 packets received, 4966 bps, 62.07%, Err 1998 (1.0e-004)
2497.608 .... 6062 packets received, 4971 bps, 62.14%, Err 1998 (1.0e-004)
2499.739 .... 6068 packets received, 4972 bps, 62.15%, Err 1998 (1.0e-004)
2502.644 .... 6073 packets received, 4970 bps, 62.13%, Err 2003 (1.0e-004)
2505.826 .... 6076 packets received, 4966 bps, 62.08%, Err 2005 (1.0e-004)
2507.958 .... 6088 packets received, 4972 bps, 62.15%, Err 2006 (1.0e-004)
2512.503 .... 6090 packets received, 4965 bps, 62.06%, Err 2011 (1.0e-004)
2515.130 .... 6098 packets received, 4966 bps, 62.07%, Err 2012 (1.0e-004)
2517.265 .... 6106 packets received, 4968 bps, 62.10%, Err 2016 (1.0e-004)
2520.201 .... 6111 packets received, 4967 bps, 62.08%, Err 2018 (1.0e-004)
2522.611 .... 6118 packets received, 4967 bps, 62.09%, Err 2020 (1.0e-004)
2525.252 .... 6124 packets received, 4967 bps, 62.09%, Err 2021 (1.0e-004)
2528.177 .... 6137 packets received, 4972 bps, 62.15%, Err 2022 (1.0e-004)
2533.535 .... 6146 packets received, 4969 bps, 62.11%, Err 2030 (1.0e-004)
2536.972 .... 6158 packets received, 4972 bps, 62.15%, Err 2031 (1.0e-004)
2539.083 .... 6159 packets received, 4968 bps, 62.10%, Err 2032 (1.0e-004)
2541.225 .... 6173 packets received, 4975 bps, 62.19%, Err 2032 (1.0e-004)
2544.395 .... 6179 packets received, 4974 bps, 62.18%, Err 2036 (1.0e-004)
2546.556 .... 6190 packets received, 4979 bps, 62.23%, Err 2036 (1.0e-004)
2548.686 .... 6198 packets received, 4981 bps, 62.26%, Err 2036 (1.0e-004)
2552.180 .... 6206 packets received, 4981 bps, 62.26%, Err 2037 (1.0e-004)
2556.691 .... 6213 packets received, 4977 bps, 62.22%, Err 2043 (1.0e-004)
2559.100 .... 6220 packets received, 4978 bps, 62.23%, Err 2047 (1.0e-004)
2561.482 .... 6228 packets received, 4980 bps, 62.25%, Err 2049 (1.0e-004)
2567.037 .... 6233 packets received, 4973 bps, 62.17%, Err 2056 (1.0e-004)
2569.963 .... 6242 packets received, 4975 bps, 62.18%, Err 2058 (1.0e-004)
2574.460 .... 6243 packets received, 4967 bps, 62.09%, Err 2064 (1.0e-004)
2580.348 .... 6252 packets received, 4963 bps, 62.03%, Err 2070 (1.0e-004)
2583.005 .... 6264 packets received, 4967 bps, 62.09%, Err 2074 (1.0e-004)
2585.130 .... 6273 packets received, 4970 bps, 62.13%, Err 2076 (1.0e-004)
2588.345 .... 6276 packets received, 4966 bps, 62.08%, Err 2080 (1.0e-004)
2592.617 .... 6285 packets received, 4965 bps, 62.07%, Err 2083 (1.0e-004)
2595.784 .... 6298 packets received, 4969 bps, 62.12%, Err 2088 (1.0e-004)
2599.257 .... 6303 packets received, 4967 bps, 62.08%, Err 2092 (1.0e-004)
2602.713 .... 6314 packets received, 4969 bps, 62.11%, Err 2095 (1.0e-004)
2605.943 .... 6321 packets received, 4968 bps, 62.10%, Err 2096 (1.0e-004)
2608.068 .... 6332 packets received, 4973 bps, 62.16%, Err 2097 (1.0e-004)
2610.196 .... 6340 packets received, 4975 bps, 62.19%, Err 2097 (1.0e-004)
2612.352 .... 6348 packets received, 4977 bps, 62.21%, Err 2097 (1.0e-004)
2614.460 .... 6356 packets received, 4979 bps, 62.24%, Err 2098 (1.0e-004)
2617.684 .... 6359 packets received, 4976 bps, 62.20%, Err 2102 (1.0e-004)
2620.335 .... 6363 packets received, 4974 bps, 62.17%, Err 2102 (1.0e-004)
2622.974 .... 6373 packets received, 4977 bps, 62.21%, Err 2103 (1.0e-004)
2626.209 .... 6381 packets received, 4977 bps, 62.21%, Err 2107 (1.0e-004)
2629.400 .... 6385 packets received, 4974 bps, 62.17%, Err 2108 (1.0e-004)
2632.364 .... 6398 packets received, 4978 bps, 62.23%, Err 2110 (1.0e-004)
2634.535 .... 6409 packets received, 4983 bps, 62.28%, Err 2110 (1.0e-004)
2636.699 .... 6417 packets received, 4985 bps, 62.31%, Err 2111 (1.0e-004)
2639.908 .... 6424 packets received, 4984 bps, 62.30%, Err 2113 (1.0e-004)
2643.910 .... 6429 packets received, 4980 bps, 62.26%, Err 2117 (1.0e-004)
2646.035 .... 6435 packets received, 4981 bps, 62.26%, Err 2118 (1.0e-004)
2648.194 .... 6443 packets received, 4983 bps, 62.29%, Err 2120 (1.0e-004)
2651.098 .... 6448 packets received, 4982 bps, 62.27%, Err 2121 (1.0e-004)
2654.559 .... 6459 packets received, 4984 bps, 62.30%, Err 2124 (1.0e-004)
2657.739 .... 6465 packets received, 4982 bps, 62.28%, Err 2126 (1.0e-004)
2659.864 .... 6476 packets received, 4987 bps, 62.34%, Err 2130 (1.0e-004)
2663.082 .... 6480 packets received, 4984 bps, 62.30%, Err 2132 (1.0e-004)
2670.520 .... 6489 packets received, 4977 bps, 62.21%, Err 2136 (1.0e-004)
2676.925 .... 6504 packets received, 4976 bps, 62.21%, Err 2144 (1.0e-004)
2680.378 .... 6519 packets received, 4981 bps, 62.27%, Err 2147 (1.0e-004)
2683.829 .... 6530 packets received, 4983 bps, 62.29%, Err 2151 (1.0e-004)
2687.033 .... 6532 packets received, 4979 bps, 62.24%, Err 2154 (1.0e-004)
2690.491 .... 6545 packets received, 4983 bps, 62.28%, Err 2159 (1.0e-004)
2693.662 .... 6550 packets received, 4980 bps, 62.26%, Err 2160 (1.0e-004)
2697.113 .... 6565 packets received, 4986 bps, 62.32%, Err 2163 (1.0e-004)
2701.877 .... 6573 packets received, 4983 bps, 62.28%, Err 2168 (1.0e-004)
2705.070 .... 6583 packets received, 4984 bps, 62.31%, Err 2174 (1.0e-004)
2708.286 .... 6588 packets received, 4982 bps, 62.28%, Err 2178 (1.0e-004)
2710.676 .... 6594 packets received, 4982 bps, 62.28%, Err 2179 (1.0e-004)
2713.038 .... 6602 packets received, 4984 bps, 62.30%, Err 2182 (1.0e-004)
2715.194 .... 6606 packets received, 4983 bps, 62.29%, Err 2182 (1.0e-004)
2717.329 .... 6611 packets received, 4983 bps, 62.29%, Err 2183 (1.0e-004)
2719.458 .... 6618 packets received, 4984 bps, 62.31%, Err 2184 (1.0e-004)
2722.380 .... 6622 packets received, 4982 bps, 62.28%, Err 2186 (1.0e-004)
2728.050 .... 6635 packets received, 4982 bps, 62.27%, Err 2189 (1.0e-004)
2730.165 .... 6645 packets received, 4985 bps, 62.31%, Err 2190 (1.0e-004)
2732.556 .... 6653 packets received, 4987 bps, 62.34%, Err 2190 (1.0e-004)
2735.751 .... 6659 packets received, 4985 bps, 62.32%, Err 2192 (1.0e-004)
2738.427 .... 6667 packets received, 4987 bps, 62.33%, Err 2197 (1.0e-004)
2740.552 .... 6678 packets received, 4991 bps, 62.39%, Err 2197 (1.0e-004)
2743.741 .... 6684 packets received, 4990 bps, 62.37%, Err 2203 (1.0e-004)
2746.925 .... 6691 packets received, 4989 bps, 62.36%, Err 2205 (1.0e-004)
2752.566 .... 6702 packets received, 4987 bps, 62.34%, Err 2209 (1.0e-004)
2756.029 .... 6718 packets received, 4993 bps, 62.41%, Err 2213 (1.0e-004)
2759.194 .... 6723 packets received, 4991 bps, 62.38%, Err 2214 (1.0e-004)
2761.291 .... 6736 packets received, 4996 bps, 62.46%, Err 2214 (1.0e-004)
2763.432 .... 6744 packets received, 4999 bps, 62.48%, Err 2215 (1.0e-004)
2765.580 .... 6752 packets received, 5001 bps, 62.51%, Err 2216 (1.0e-004)
2767.690 .... 6760 packets received, 5003 bps, 62.53%, Err 2216 (1.0e-004)
2769.831 .... 6763 packets received, 5001 bps, 62.51%, Err 2217 (1.0e-004)
2771.957 .... 6770 packets received, 5002 bps, 62.53%, Err 2219 (1.0e-004)
2774.071 .... 6777 packets received, 5004 bps, 62.55%, Err 2220 (1.0e-004)
2776.967 .... 6787 packets received, 5006 bps, 62.57%, Err 2222 (1.0e-004)
2779.879 .... 6794 packets received, 5006 bps, 62.57%, Err 2225 (1.0e-004)
2781.994 .... 6808 packets received, 5012 bps, 62.65%, Err 2225 (1.0e-004)
2784.122 .... 6815 packets received, 5014 bps, 62.67%, Err 2226 (1.0e-004)
2786.491 .... 6820 packets received, 5013 bps, 62.66%, Err 2229 (1.0e-004)
2789.141 .... 6826 packets received, 5013 bps, 62.66%, Err 2231 (1.0e-004)
2792.330 .... 6830 packets received, 5010 bps, 62.62%, Err 2234 (1.0e-004)
2795.255 .... 6840 packets received, 5012 bps, 62.65%, Err 2238 (1.0e-004)
2797.391 .... 6847 packets received, 5013 bps, 62.67%, Err 2239 (1.0e-004)
2800.302 .... 6852 packets received, 5012 bps, 62.65%, Err 2241 (1.0e-004)
2803.768 .... 6860 packets received, 5011 bps, 62.64%, Err 2244 (1.0e-004)
2806.440 .... 6865 packets received, 5010 bps, 62.63%, Err 2245 (1.0e-004)
2812.006 .... 6874 packets received, 5007 bps, 62.59%, Err 2250 (1.0e-004)
2814.677 .... 6887 packets received, 5012 bps, 62.64%, Err 2253 (1.0e-004)
2816.802 .... 6894 packets received, 5013 bps, 62.66%, Err 2254 (1.0e-004)
2818.925 .... 6902 packets received, 5015 bps, 62.69%, Err 2254 (1.0e-004)
2822.147 .... 6909 packets received, 5014 bps, 62.68%, Err 2257 (1.0e-004)
2825.317 .... 6915 packets received, 5013 bps, 62.66%, Err 2262 (1.0e-004)
2827.959 .... 6920 packets received, 5012 bps, 62.65%, Err 2263 (1.0e-004)
2830.093 .... 6928 packets received, 5014 bps, 62.67%, Err 2266 (1.0e-004)
2833.014 .... 6933 packets received, 5012 bps, 62.65%, Err 2270 (1.0e-004)
2836.199 .... 6936 packets received, 5009 bps, 62.61%, Err 2272 (1.0e-004)
2839.114 .... 6944 packets received, 5010 bps, 62.62%, Err 2276 (1.0e-004)
2841.230 .... 6951 packets received, 5011 bps, 62.64%, Err 2277 (1.0e-004)
2843.335 .... 6959 packets received, 5013 bps, 62.66%, Err 2277 (1.0e-004)
2846.257 .... 6964 packets received, 5011 bps, 62.64%, Err 2279 (1.0e-004)
2849.177 .... 6972 packets received, 5012 bps, 62.65%, Err 2280 (1.0e-004)
2851.268 .... 6986 packets received, 5018 bps, 62.73%, Err 2280 (1.0e-004)
2853.432 .... 6994 packets received, 5020 bps, 62.75%, Err 2280 (1.0e-004)
2855.534 .... 6997 packets received, 5019 bps, 62.73%, Err 2284 (1.0e-004)
2859.275 .... 7001 packets received, 5015 bps, 62.69%, Err 2287 (1.0e-004)
2861.393 .... 7007 packets received, 5016 bps, 62.70%, Err 2289 (1.0e-004)
2864.592 .... 7016 packets received, 5016 bps, 62.71%, Err 2293 (1.0e-004)
2867.750 .... 7020 packets received, 5014 bps, 62.67%, Err 2294 (1.0e-004)
2869.881 .... 7032 packets received, 5019 bps, 62.73%, Err 2295 (1.0e-004)
2872.015 .... 7039 packets received, 5020 bps, 62.75%, Err 2299 (1.0e-004)
2874.195 .... 7045 packets received, 5020 bps, 62.75%, Err 2299 (1.0e-004)
2879.789 .... 7050 packets received, 5014 bps, 62.68%, Err 2303 (1.0e-004)
2882.169 .... 7064 packets received, 5020 bps, 62.75%, Err 2307 (1.0e-004)
2885.400 .... 7068 packets received, 5017 bps, 62.72%, Err 2310 (1.0e-004)
2887.546 .... 7082 packets received, 5023 bps, 62.79%, Err 2310 (1.0e-004)
2889.711 .... 7090 packets received, 5025 bps, 62.82%, Err 2311 (1.0e-004)
2892.929 .... 7096 packets received, 5024 bps, 62.80%, Err 2314 (1.0e-004)
2896.143 .... 7099 packets received, 5021 bps, 62.76%, Err 2317 (1.0e-004)
2899.602 .... 7112 packets received, 5024 bps, 62.80%, Err 2320 (1.0e-004)
2904.096 .... 7115 packets received, 5018 bps, 62.73%, Err 2325 (1.0e-004)
2906.232 .... 7121 packets received, 5019 bps, 62.73%, Err 2325 (1.0e-004)
2909.412 .... 7129 packets received, 5019 bps, 62.73%, Err 2328 (1.0e-004)
2912.580 .... 7135 packets received, 5017 bps, 62.72%, Err 2332 (1.0e-004)
2915.490 .... 7139 packets received, 5015 bps, 62.69%, Err 2334 (1.0e-004)
2918.650 .... 7149 packets received, 5017 bps, 62.71%, Err 2335 (1.0e-004)
2920.815 .... 7156 packets received, 5018 bps, 62.73%, Err 2336 (1.0e-004)
2922.943 .... 7164 packets received, 5020 bps, 62.75%, Err 2337 (1.0e-004)
2926.976 .... 7165 packets received, 5014 bps, 62.67%, Err 2343 (1.0e-004)
2930.943 .... 7175 packets received, 5014 bps, 62.68%, Err 2347 (1.0e-004)
2933.847 .... 7183 packets received, 5015 bps, 62.68%, Err 2348 (1.0e-004)
2935.978 .... 7189 packets received, 5015 bps, 62.69%, Err 2353 (1.0e-004)
2939.177 .... 7192 packets received, 5012 bps, 62.65%, Err 2355 (1.0e-004)
2949.018 .... 7202 packets received, 5002 bps, 62.53%, Err 2360 (1.0e-004)
2952.482 .... 7217 packets received, 5007 bps, 62.58%, Err 2363 (1.0e-004)
2955.694 .... 7220 packets received, 5003 bps, 62.54%, Err 2366 (1.0e-004)
2958.614 .... 7229 packets received, 5004 bps, 62.56%, Err 2367 (1.0e-004)
2960.740 .... 7240 packets received, 5009 bps, 62.61%, Err 2369 (1.0e-004)
2962.855 .... 7246 packets received, 5009 bps, 62.61%, Err 2369 (1.0e-004)
2965.284 .... 7250 packets received, 5008 bps, 62.60%, Err 2373 (1.0e-004)
2967.418 .... 7261 packets received, 5012 bps, 62.65%, Err 2373 (1.0e-004)
2969.847 .... 7265 packets received, 5010 bps, 62.63%, Err 2375 (1.0e-004)
2973.002 .... 7274 packets received, 5011 bps, 62.64%, Err 2378 (1.0e-004)
2975.129 .... 7286 packets received, 5016 bps, 62.70%, Err 2378 (1.0e-004)
2978.320 .... 7292 packets received, 5015 bps, 62.68%, Err 2381 (1.0e-004)
2981.523 .... 7298 packets received, 5013 bps, 62.67%, Err 2386 (1.0e-004)
2984.147 .... 7303 packets received, 5012 bps, 62.66%, Err 2391 (1.0e-004)
2986.538 .... 7310 packets received, 5013 bps, 62.67%, Err 2391 (1.0e-004)
2991.367 .... 7312 packets received, 5007 bps, 62.58%, Err 2395 (1.0e-004)
2993.482 .... 7328 packets received, 5014 bps, 62.67%, Err 2395 (1.0e-004)
2996.949 .... 7333 packets received, 5012 bps, 62.64%, Err 2401 (1.0e-004)
3000.153 .... 7337 packets received, 5009 bps, 62.61%, Err 2402 (1.0e-004)
3002.521 .... 7341 packets received, 5008 bps, 62.60%, Err 2404 (1.0e-004)
3005.985 .... 7352 packets received, 5009 bps, 62.62%, Err 2406 (1.0e-004)
3009.226 .... 7363 packets received, 5012 bps, 62.64%, Err 2408 (1.0e-004)
3012.403 .... 7373 packets received, 5013 bps, 62.66%, Err 2409 (1.0e-004)
3014.551 .... 7385 packets received, 5018 bps, 62.72%, Err 2409 (1.0e-004)
3016.695 .... 7392 packets received, 5019 bps, 62.74%, Err 2410 (1.0e-004)
3019.931 .... 7399 packets received, 5018 bps, 62.73%, Err 2414 (1.0e-004)
3023.139 .... 7408 packets received, 5019 bps, 62.74%, Err 2415 (1.0e-004)
3025.252 .... 7416 packets received, 5021 bps, 62.76%, Err 2418 (1.0e-004)
3028.463 .... 7420 packets received, 5018 bps, 62.73%, Err 2422 (1.0e-004)
3030.831 .... 7426 packets received, 5018 bps, 62.73%, Err 2423 (1.0e-004)
3033.772 .... 7430 packets received, 5016 bps, 62.70%, Err 2427 (1.0e-004)
3036.991 .... 7435 packets received, 5014 bps, 62.68%, Err 2428 (1.0e-004)
3040.425 .... 7448 packets received, 5017 bps, 62.72%, Err 2433 (1.0e-004)
3043.895 .... 7458 packets received, 5018 bps, 62.73%, Err 2434 (1.0e-004)
3046.051 .... 7470 packets received, 5023 bps, 62.79%, Err 2434 (1.0e-004)
3048.182 .... 7478 packets received, 5025 bps, 62.81%, Err 2434 (1.0e-004)
3056.947 .... 7483 packets received, 5014 bps, 62.67%, Err 2446 (1.0e-004)
3062.019 .... 7497 packets received, 5015 bps, 62.68%, Err 2450 (1.0e-004)
3064.397 .... 7502 packets received, 5014 bps, 62.68%, Err 2453 (1.0e-004)
3066.522 .... 7512 packets received, 5017 bps, 62.72%, Err 2454 (1.0e-004)
3070.511 .... 7520 packets received, 5016 bps, 62.70%, Err 2456 (1.0e-004)
3076.365 .... 7533 packets received, 5015 bps, 62.69%, Err 2461 (1.0e-004)
3079.292 .... 7544 packets received, 5018 bps, 62.72%, Err 2464 (1.0e-004)
3082.754 .... 7554 packets received, 5019 bps, 62.74%, Err 2470 (1.0e-004)
3086.746 .... 7557 packets received, 5014 bps, 62.68%, Err 2474 (1.0e-004)
3089.677 .... 7570 packets received, 5018 bps, 62.73%, Err 2476 (1.0e-004)
3099.010 .... 7575 packets received, 5006 bps, 62.58%, Err 2483 (1.0e-004)
3101.144 .... 7591 packets received, 5014 bps, 62.67%, Err 2486 (1.0e-004)
3103.258 .... 7598 packets received, 5015 bps, 62.68%, Err 2487 (1.0e-004)
3107.475 .... 7600 packets received, 5009 bps, 62.62%, Err 2491 (1.0e-004)
3110.423 .... 7612 packets received, 5012 bps, 62.66%, Err 2494 (1.0e-004)
3113.603 .... 7619 packets received, 5012 bps, 62.65%, Err 2496 (1.0e-004)
3115.736 .... 7626 packets received, 5013 bps, 62.66%, Err 2498 (1.0e-004)
3118.942 .... 7637 packets received, 5015 bps, 62.69%, Err 2502 (1.0e-004)
3126.681 .... 7641 packets received, 5005 bps, 62.57%, Err 2510 (1.0e-004)
3131.713 .... 7655 packets received, 5006 bps, 62.58%, Err 2514 (1.0e-004)
3134.376 .... 7664 packets received, 5008 bps, 62.60%, Err 2514 (1.0e-004)
3136.502 .... 7673 packets received, 5011 bps, 62.63%, Err 2515 (1.0e-004)
3139.424 .... 7678 packets received, 5009 bps, 62.61%, Err 2516 (1.0e-004)
3141.537 .... 7689 packets received, 5013 bps, 62.66%, Err 2518 (1.0e-004)
3145.506 .... 7690 packets received, 5007 bps, 62.59%, Err 2520 (1.0e-004)
3147.629 .... 7705 packets received, 5014 bps, 62.67%, Err 2521 (1.0e-004)
3149.788 .... 7712 packets received, 5015 bps, 62.69%, Err 2521 (1.0e-004)
3152.414 .... 7717 packets received, 5014 bps, 62.67%, Err 2523 (1.0e-004)
3154.552 .... 7728 packets received, 5018 bps, 62.72%, Err 2524 (1.0e-004)
3157.730 .... 7734 packets received, 5016 bps, 62.71%, Err 2527 (1.0e-004)
3160.681 .... 7736 packets received, 5013 bps, 62.66%, Err 2529 (1.0e-004)
3166.527 .... 7750 packets received, 5013 bps, 62.66%, Err 2533 (1.0e-004)
3169.164 .... 7759 packets received, 5015 bps, 62.68%, Err 2534 (1.0e-004)
3171.286 .... 7771 packets received, 5019 bps, 62.74%, Err 2536 (1.0e-004)
3174.720 .... 7773 packets received, 5015 bps, 62.68%, Err 2539 (1.0e-004)
3178.691 .... 7783 packets received, 5015 bps, 62.69%, Err 2543 (1.0e-004)
3182.097 .... 7786 packets received, 5012 bps, 62.64%, Err 2547 (1.0e-004)
3188.270 .... 7797 packets received, 5009 bps, 62.61%, Err 2550 (1.0e-004)
3190.401 .... 7812 packets received, 5015 bps, 62.69%, Err 2553 (1.0e-004)
3192.783 .... 7819 packets received, 5016 bps, 62.70%, Err 2553 (1.0e-004)
3196.223 .... 7824 packets received, 5014 bps, 62.67%, Err 2557 (1.0e-004)
3200.214 .... 7830 packets received, 5011 bps, 62.64%, Err 2562 (1.0e-004)
3203.667 .... 7842 packets received, 5014 bps, 62.67%, Err 2565 (1.0e-004)
3205.810 .... 7848 packets received, 5014 bps, 62.68%, Err 2566 (1.0e-004)
3208.200 .... 7853 packets received, 5014 bps, 62.67%, Err 2567 (1.0e-004)
3210.333 .... 7857 packets received, 5013 bps, 62.66%, Err 2568 (1.0e-004)
3212.459 .... 7862 packets received, 5013 bps, 62.66%, Err 2569 (1.0e-004)
3214.576 .... 7866 packets received, 5012 bps, 62.65%, Err 2571 (1.0e-004)
3218.584 .... 7874 packets received, 5011 bps, 62.63%, Err 2575 (1.0e-004)
3221.223 .... 7879 packets received, 5010 bps, 62.62%, Err 2576 (1.0e-004)
3223.650 .... 7893 packets received, 5015 bps, 62.69%, Err 2578 (1.0e-004)
3225.763 .... 7900 packets received, 5016 bps, 62.70%, Err 2580 (1.0e-004)
3227.884 .... 7902 packets received, 5014 bps, 62.68%, Err 2584 (1.0e-004)
3230.046 .... 7912 packets received, 5017 bps, 62.71%, Err 2584 (1.0e-004)
3232.712 .... 7917 packets received, 5016 bps, 62.70%, Err 2587 (1.0e-004)
3237.502 .... 7923 packets received, 5012 bps, 62.66%, Err 2594 (1.0e-004)
3239.361 TCP Disconnected.
