C:\Users\Lao Shi\protocol_laoshi\laoshi_selective.exe -a 
=========================================================================
                          Station A                                 
-------------------------------------------------------------------------
Protocol.lib, version 3.0, Build: Oct 19 2009 (jiangy@public3.bta.net.cn)
Channel: 8000 bps, 270 ms propagation delay, bit error rate 1.0E-005
Log file "C:\Users\Lao Shi\protocol_laoshi\laoshi_selective-A.log", TCP port 59144, debug mask 0x00
Station A is waiting for station B on TCP port 59144 ... Done.
New epoch: Mon May 09 19:18:47 2016
=========================================================================
3.173 .... 2 packets received, 1988 bps, 24.85%, Err 1 (5.9e-005)
5.318 .... 14 packets received, 6819 bps, 85.23%, Err 1 (2.9e-005)
7.478 .... 22 packets received, 7079 bps, 88.48%, Err 1 (1.9e-005)
9.650 .... 30 packets received, 7197 bps, 89.96%, Err 1 (1.5e-005)
11.830 .... 38 packets received, 7262 bps, 90.77%, Err 1 (1.2e-005)
13.976 .... 46 packets received, 7324 bps, 91.55%, Err 1 (9.7e-006)
16.153 .... 54 packets received, 7353 bps, 91.91%, Err 2 (1.7e-005)
18.318 .... 62 packets received, 7380 bps, 92.25%, Err 2 (1.4e-005)
20.475 .... 70 packets received, 7404 bps, 92.55%, Err 2 (1.3e-005)
22.630 .... 78 packets received, 7424 bps, 92.80%, Err 2 (1.2e-005)
24.783 .... 86 packets received, 7441 bps, 93.01%, Err 2 (1.1e-005)
26.937 .... 94 packets received, 7455 bps, 93.18%, Err 2 (9.7e-006)
29.103 .... 102 packets received, 7463 bps, 93.29%, Err 2 (8.9e-006)
31.278 .... 110 packets received, 7468 bps, 93.35%, Err 3 (1.2e-005)
33.447 .... 118 packets received, 7474 bps, 93.42%, Err 3 (1.2e-005)
35.613 .... 126 packets received, 7480 bps, 93.50%, Err 3 (1.1e-005)
37.787 .... 134 packets received, 7483 bps, 93.54%, Err 5 (1.7e-005)
39.923 .... 141 packets received, 7441 bps, 93.01%, Err 5 (1.6e-005)
42.113 .... 149 packets received, 7443 bps, 93.03%, Err 5 (1.5e-005)
44.275 .... 157 packets received, 7450 bps, 93.12%, Err 5 (1.4e-005)
46.441 .... 165 packets received, 7455 bps, 93.19%, Err 5 (1.4e-005)
48.572 .... 173 packets received, 7465 bps, 93.32%, Err 5 (1.3e-005)
50.743 .... 181 packets received, 7469 bps, 93.36%, Err 5 (1.3e-005)
52.895 .... 189 packets received, 7475 bps, 93.44%, Err 5 (1.2e-005)
55.068 .... 197 packets received, 7478 bps, 93.47%, Err 5 (1.2e-005)
57.255 .... 205 packets received, 7478 bps, 93.48%, Err 5 (1.1e-005)
59.408 .... 213 packets received, 7483 bps, 93.54%, Err 5 (1.1e-005)
61.572 .... 221 packets received, 7486 bps, 93.58%, Err 5 (1.0e-005)
63.760 .... 229 packets received, 7486 bps, 93.58%, Err 5 (1.0e-005)
65.902 .... 237 packets received, 7492 bps, 93.65%, Err 5 (9.6e-006)
68.055 .... 245 packets received, 7495 bps, 93.69%, Err 5 (9.3e-006)
70.228 .... 253 packets received, 7497 bps, 93.71%, Err 5 (9.0e-006)
72.401 .... 261 packets received, 7498 bps, 93.73%, Err 5 (8.8e-006)
74.558 .... 269 packets received, 7501 bps, 93.76%, Err 5 (8.5e-006)
76.741 .... 277 packets received, 7501 bps, 93.76%, Err 5 (8.3e-006)
78.894 .... 285 packets received, 7504 bps, 93.80%, Err 5 (8.0e-006)
81.054 .... 293 packets received, 7506 bps, 93.83%, Err 5 (7.8e-006)
83.238 .... 301 packets received, 7506 bps, 93.83%, Err 5 (7.6e-006)
85.397 .... 309 packets received, 7508 bps, 93.85%, Err 5 (7.4e-006)
87.569 .... 317 packets received, 7509 bps, 93.87%, Err 5 (7.2e-006)
90.256 .... 322 packets received, 7398 bps, 92.47%, Err 7 (9.8e-006)
92.422 .... 334 packets received, 7491 bps, 93.64%, Err 7 (9.6e-006)
94.585 .... 342 packets received, 7493 bps, 93.67%, Err 7 (9.4e-006)
97.560 .... 348 packets received, 7390 bps, 92.37%, Err 8 (1.0e-005)
99.714 .... 360 packets received, 7477 bps, 93.47%, Err 8 (1.0e-005)
104.579 .... 364 packets received, 7205 bps, 90.06%, Err 8 (1.0e-005)
108.707 .... 365 packets received, 6948 bps, 86.84%, Err 8 (1.0e-005)
112.754 .... 366 packets received, 6714 bps, 83.93%, Err 8 (1.0e-005)
116.818 .... 367 packets received, 6496 bps, 81.20%, Err 8 (9.9e-006)
120.853 .... 368 packets received, 6294 bps, 78.68%, Err 8 (9.9e-006)
124.918 .... 369 packets received, 6104 bps, 76.30%, Err 8 (9.9e-006)
128.978 .... 370 packets received, 5926 bps, 74.08%, Err 8 (9.8e-006)
133.062 .... 371 packets received, 5758 bps, 71.98%, Err 8 (9.8e-006)
137.186 .... 372 packets received, 5599 bps, 69.99%, Err 8 (9.8e-006)
141.362 .... 373 packets received, 5447 bps, 68.08%, Err 8 (9.7e-006)
145.388 .... 374 packets received, 5309 bps, 66.36%, Err 8 (9.7e-006)
149.502 .... 375 packets received, 5176 bps, 64.69%, Err 8 (9.7e-006)
153.635 .... 376 packets received, 5049 bps, 63.11%, Err 8 (9.6e-006)
157.693 .... 377 packets received, 4931 bps, 61.64%, Err 8 (9.6e-006)
161.786 .... 378 packets received, 4818 bps, 60.23%, Err 8 (9.6e-006)
166.016 .... 379 packets received, 4707 bps, 58.84%, Err 8 (9.5e-006)
171.077 .... 380 packets received, 4579 bps, 57.24%, Err 9 (1.1e-005)
174.185 .... 381 packets received, 4508 bps, 56.36%, Err 9 (1.1e-005)
178.246 .... 382 packets received, 4417 bps, 55.21%, Err 9 (1.1e-005)
182.418 .... 383 packets received, 4326 bps, 54.08%, Err 9 (1.1e-005)
186.451 .... 384 packets received, 4243 bps, 53.04%, Err 9 (1.1e-005)
190.479 .... 385 packets received, 4164 bps, 52.05%, Err 9 (1.0e-005)
194.495 .... 386 packets received, 4088 bps, 51.10%, Err 9 (1.0e-005)
198.573 .... 387 packets received, 4014 bps, 50.17%, Err 9 (1.0e-005)
200.806 .... 389 packets received, 3989 bps, 49.87%, Err 9 (1.0e-005)
202.917 .... 397 packets received, 4029 bps, 50.36%, Err 9 (1.0e-005)
205.340 .... 401 packets received, 4021 bps, 50.27%, Err 10 (1.1e-005)
207.476 .... 413 packets received, 4099 bps, 51.23%, Err 10 (1.1e-005)
210.169 .... 418 packets received, 4095 bps, 51.19%, Err 11 (1.2e-005)
212.324 .... 430 packets received, 4169 bps, 52.12%, Err 11 (1.1e-005)
214.476 .... 438 packets received, 4204 bps, 52.55%, Err 11 (1.1e-005)
216.647 .... 446 packets received, 4238 bps, 52.97%, Err 11 (1.1e-005)
218.833 .... 454 packets received, 4271 bps, 53.38%, Err 11 (1.1e-005)
220.999 .... 462 packets received, 4303 bps, 53.79%, Err 11 (1.1e-005)
223.156 .... 470 packets received, 4335 bps, 54.19%, Err 11 (1.0e-005)
225.316 .... 478 packets received, 4366 bps, 54.58%, Err 11 (1.0e-005)
227.498 .... 486 packets received, 4397 bps, 54.96%, Err 11 (1.0e-005)
229.653 .... 494 packets received, 4427 bps, 55.34%, Err 11 (1.0e-005)
231.838 .... 502 packets received, 4456 bps, 55.70%, Err 11 (9.8e-006)
234.258 .... 506 packets received, 4445 bps, 55.56%, Err 12 (1.1e-005)
236.415 .... 518 packets received, 4509 bps, 56.36%, Err 12 (1.0e-005)
238.573 .... 526 packets received, 4537 bps, 56.71%, Err 12 (1.0e-005)
240.730 .... 534 packets received, 4564 bps, 57.05%, Err 12 (1.0e-005)
242.867 .... 542 packets received, 4592 bps, 57.39%, Err 13 (1.1e-005)
245.025 .... 550 packets received, 4618 bps, 57.73%, Err 13 (1.1e-005)
247.195 .... 558 packets received, 4644 bps, 58.05%, Err 13 (1.0e-005)
249.366 .... 566 packets received, 4669 bps, 58.37%, Err 13 (1.0e-005)
251.536 .... 574 packets received, 4694 bps, 58.68%, Err 13 (1.0e-005)
253.711 .... 582 packets received, 4719 bps, 58.98%, Err 13 (1.0e-005)
255.840 .... 590 packets received, 4744 bps, 59.29%, Err 13 (9.9e-006)
258.012 .... 598 packets received, 4767 bps, 59.59%, Err 13 (9.8e-006)
260.441 .... 602 packets received, 4754 bps, 59.43%, Err 14 (1.0e-005)
262.623 .... 614 packets received, 4809 bps, 60.11%, Err 14 (1.0e-005)
264.768 .... 622 packets received, 4832 bps, 60.39%, Err 14 (1.0e-005)
266.939 .... 630 packets received, 4854 bps, 60.67%, Err 14 (1.0e-005)
269.125 .... 638 packets received, 4875 bps, 60.94%, Err 14 (9.9e-006)
271.260 .... 646 packets received, 4897 bps, 61.22%, Err 14 (9.8e-006)
273.428 .... 654 packets received, 4919 bps, 61.48%, Err 14 (9.6e-006)
275.598 .... 662 packets received, 4939 bps, 61.74%, Err 14 (9.5e-006)
277.754 .... 670 packets received, 4960 bps, 62.00%, Err 14 (9.4e-006)
279.913 .... 678 packets received, 4980 bps, 62.26%, Err 15 (1.0e-005)
282.067 .... 686 packets received, 5001 bps, 62.51%, Err 15 (9.9e-006)
284.222 .... 694 packets received, 5020 bps, 62.75%, Err 15 (9.7e-006)
286.385 .... 702 packets received, 5040 bps, 63.00%, Err 15 (9.6e-006)
288.555 .... 710 packets received, 5059 bps, 63.23%, Err 15 (9.5e-006)
290.723 .... 718 packets received, 5077 bps, 63.47%, Err 15 (9.4e-006)
292.879 .... 726 packets received, 5096 bps, 63.70%, Err 15 (9.3e-006)
295.045 .... 734 packets received, 5114 bps, 63.93%, Err 15 (9.2e-006)
297.228 .... 742 packets received, 5132 bps, 64.15%, Err 15 (9.1e-006)
299.394 .... 750 packets received, 5150 bps, 64.37%, Err 15 (9.0e-006)
304.516 .... 755 packets received, 5096 bps, 63.70%, Err 15 (9.0e-006)
308.632 .... 756 packets received, 5035 bps, 62.93%, Err 15 (9.0e-006)
312.852 .... 757 packets received, 4973 bps, 62.16%, Err 15 (9.0e-006)
316.925 .... 758 packets received, 4916 bps, 61.44%, Err 15 (8.9e-006)
320.969 .... 759 packets received, 4860 bps, 60.75%, Err 15 (8.9e-006)
325.029 .... 760 packets received, 4805 bps, 60.06%, Err 15 (8.9e-006)
329.253 .... 761 packets received, 4750 bps, 59.37%, Err 15 (8.9e-006)
333.404 .... 762 packets received, 4696 bps, 58.71%, Err 15 (8.9e-006)
337.471 .... 763 packets received, 4646 bps, 58.07%, Err 15 (8.9e-006)
341.551 .... 764 packets received, 4596 bps, 57.45%, Err 15 (8.9e-006)
345.690 .... 765 packets received, 4547 bps, 56.83%, Err 15 (8.8e-006)
349.785 .... 766 packets received, 4499 bps, 56.24%, Err 15 (8.8e-006)
353.937 .... 767 packets received, 4452 bps, 55.65%, Err 15 (8.8e-006)
357.954 .... 768 packets received, 4408 bps, 55.10%, Err 15 (8.8e-006)
362.046 .... 769 packets received, 4363 bps, 54.54%, Err 15 (8.8e-006)
366.140 .... 770 packets received, 4320 bps, 54.00%, Err 15 (8.8e-006)
370.235 .... 771 packets received, 4278 bps, 53.47%, Err 15 (8.7e-006)
374.352 .... 772 packets received, 4236 bps, 52.95%, Err 15 (8.7e-006)
378.429 .... 773 packets received, 4196 bps, 52.45%, Err 15 (8.7e-006)
382.621 .... 774 packets received, 4155 bps, 51.94%, Err 15 (8.7e-006)
386.780 .... 775 packets received, 4115 bps, 51.44%, Err 15 (8.7e-006)
390.856 .... 776 packets received, 4078 bps, 50.97%, Err 15 (8.7e-006)
394.921 .... 777 packets received, 4041 bps, 50.51%, Err 15 (8.7e-006)
399.045 .... 778 packets received, 4004 bps, 50.05%, Err 15 (8.7e-006)
401.063 .... 781 packets received, 3999 bps, 49.99%, Err 15 (8.6e-006)
403.183 .... 788 packets received, 4014 bps, 50.17%, Err 16 (9.1e-006)
405.304 .... 796 packets received, 4033 bps, 50.42%, Err 16 (9.0e-006)
407.444 .... 804 packets received, 4052 bps, 50.65%, Err 16 (8.9e-006)
409.599 .... 812 packets received, 4071 bps, 50.89%, Err 16 (8.8e-006)
411.782 .... 820 packets received, 4089 bps, 51.12%, Err 16 (8.8e-006)
413.940 .... 828 packets received, 4108 bps, 51.35%, Err 16 (8.7e-006)
416.111 .... 836 packets received, 4126 bps, 51.57%, Err 16 (8.6e-006)
418.283 .... 844 packets received, 4143 bps, 51.79%, Err 16 (8.5e-006)
420.439 .... 852 packets received, 4161 bps, 52.01%, Err 16 (8.4e-006)
422.622 .... 860 packets received, 4179 bps, 52.23%, Err 16 (8.4e-006)
424.796 .... 868 packets received, 4196 bps, 52.45%, Err 16 (8.3e-006)
426.950 .... 876 packets received, 4213 bps, 52.66%, Err 16 (8.2e-006)
429.129 .... 884 packets received, 4230 bps, 52.87%, Err 16 (8.1e-006)
431.285 .... 892 packets received, 4247 bps, 53.08%, Err 16 (8.1e-006)
434.253 .... 898 packets received, 4246 bps, 53.07%, Err 17 (8.5e-006)
436.440 .... 910 packets received, 4281 bps, 53.51%, Err 17 (8.4e-006)
438.610 .... 918 packets received, 4297 bps, 53.72%, Err 17 (8.3e-006)
440.778 .... 926 packets received, 4313 bps, 53.92%, Err 17 (8.3e-006)
442.942 .... 934 packets received, 4329 bps, 54.12%, Err 17 (8.2e-006)
445.083 .... 941 packets received, 4341 bps, 54.26%, Err 18 (8.6e-006)
447.258 .... 949 packets received, 4356 bps, 54.45%, Err 18 (8.5e-006)
449.413 .... 957 packets received, 4372 bps, 54.65%, Err 19 (8.9e-006)
451.565 .... 964 packets received, 4383 bps, 54.79%, Err 19 (8.9e-006)
453.723 .... 970 packets received, 4389 bps, 54.86%, Err 19 (8.8e-006)
455.880 .... 977 packets received, 4400 bps, 55.00%, Err 20 (9.2e-006)
458.028 .... 983 packets received, 4406 bps, 55.08%, Err 21 (9.6e-006)
460.192 .... 991 packets received, 4421 bps, 55.26%, Err 21 (9.5e-006)
462.370 .... 999 packets received, 4436 bps, 55.45%, Err 21 (9.4e-006)
464.526 .... 1006 packets received, 4446 bps, 55.57%, Err 22 (9.8e-006)
466.688 .... 1014 packets received, 4460 bps, 55.76%, Err 22 (9.7e-006)
468.877 .... 1022 packets received, 4475 bps, 55.93%, Err 22 (9.6e-006)
471.021 .... 1030 packets received, 4489 bps, 56.11%, Err 22 (9.6e-006)
473.219 .... 1038 packets received, 4503 bps, 56.29%, Err 22 (9.5e-006)
475.379 .... 1045 packets received, 4513 bps, 56.41%, Err 23 (9.8e-006)
477.522 .... 1053 packets received, 4527 bps, 56.58%, Err 23 (9.8e-006)
479.670 .... 1061 packets received, 4541 bps, 56.76%, Err 23 (9.7e-006)
481.850 .... 1069 packets received, 4554 bps, 56.93%, Err 23 (9.6e-006)
485.337 .... 1077 packets received, 4555 bps, 56.94%, Err 25 (1.0e-005)
487.514 .... 1089 packets received, 4585 bps, 57.32%, Err 25 (1.0e-005)
489.681 .... 1097 packets received, 4598 bps, 57.48%, Err 25 (1.0e-005)
491.835 .... 1105 packets received, 4612 bps, 57.65%, Err 25 (1.0e-005)
494.010 .... 1113 packets received, 4625 bps, 57.81%, Err 25 (1.0e-005)
496.184 .... 1121 packets received, 4637 bps, 57.97%, Err 25 (1.0e-005)
498.339 .... 1129 packets received, 4650 bps, 58.13%, Err 25 (9.9e-006)
500.523 .... 1137 packets received, 4663 bps, 58.28%, Err 25 (9.9e-006)
504.581 .... 1138 packets received, 4629 bps, 57.86%, Err 25 (9.9e-006)
508.617 .... 1139 packets received, 4596 bps, 57.45%, Err 25 (9.8e-006)
512.756 .... 1140 packets received, 4563 bps, 57.04%, Err 25 (9.8e-006)
516.896 .... 1141 packets received, 4531 bps, 56.63%, Err 25 (9.8e-006)
520.970 .... 1142 packets received, 4499 bps, 56.24%, Err 25 (9.8e-006)
525.076 .... 1143 packets received, 4468 bps, 55.85%, Err 25 (9.8e-006)
529.182 .... 1144 packets received, 4437 bps, 55.46%, Err 25 (9.8e-006)
533.410 .... 1145 packets received, 4405 bps, 55.07%, Err 25 (9.8e-006)
537.500 .... 1146 packets received, 4376 bps, 54.69%, Err 25 (9.8e-006)
541.626 .... 1147 packets received, 4346 bps, 54.32%, Err 25 (9.7e-006)
545.660 .... 1148 packets received, 4318 bps, 53.97%, Err 25 (9.7e-006)
549.783 .... 1149 packets received, 4289 bps, 53.61%, Err 25 (9.7e-006)
553.848 .... 1150 packets received, 4261 bps, 53.26%, Err 25 (9.7e-006)
558.016 .... 1151 packets received, 4233 bps, 52.91%, Err 25 (9.7e-006)
562.182 .... 1152 packets received, 4205 bps, 52.56%, Err 25 (9.7e-006)
566.258 .... 1153 packets received, 4178 bps, 52.23%, Err 25 (9.7e-006)
570.352 .... 1154 packets received, 4152 bps, 51.90%, Err 25 (9.7e-006)
574.602 .... 1155 packets received, 4125 bps, 51.56%, Err 25 (9.7e-006)
578.721 .... 1156 packets received, 4099 bps, 51.23%, Err 25 (9.7e-006)
582.740 .... 1157 packets received, 4074 bps, 50.92%, Err 25 (9.6e-006)
586.838 .... 1158 packets received, 4049 bps, 50.61%, Err 25 (9.6e-006)
590.926 .... 1159 packets received, 4024 bps, 50.30%, Err 25 (9.6e-006)
595.032 .... 1160 packets received, 4000 bps, 50.00%, Err 25 (9.6e-006)
599.065 .... 1161 packets received, 3976 bps, 49.71%, Err 25 (9.6e-006)
601.067 .... 1164 packets received, 3973 bps, 49.67%, Err 25 (9.6e-006)
603.220 .... 1172 packets received, 3986 bps, 49.83%, Err 25 (9.5e-006)
605.664 .... 1177 packets received, 3987 bps, 49.84%, Err 26 (9.8e-006)
607.834 .... 1188 packets received, 4010 bps, 50.13%, Err 26 (9.8e-006)
609.990 .... 1191 packets received, 4006 bps, 50.08%, Err 28 (1.0e-005)
612.145 .... 1202 packets received, 4029 bps, 50.36%, Err 28 (1.0e-005)
614.286 .... 1208 packets received, 4035 bps, 50.43%, Err 28 (1.0e-005)
616.470 .... 1215 packets received, 4044 bps, 50.55%, Err 28 (1.0e-005)
618.887 .... 1218 packets received, 4038 bps, 50.47%, Err 29 (1.1e-005)
621.027 .... 1229 packets received, 4060 bps, 50.75%, Err 29 (1.0e-005)
623.168 .... 1237 packets received, 4073 bps, 50.91%, Err 29 (1.0e-005)
625.343 .... 1245 packets received, 4085 bps, 51.06%, Err 29 (1.0e-005)
628.019 .... 1250 packets received, 4084 bps, 51.04%, Err 30 (1.1e-005)
630.175 .... 1262 packets received, 4109 bps, 51.36%, Err 30 (1.1e-005)
632.326 .... 1270 packets received, 4121 bps, 51.51%, Err 30 (1.0e-005)
634.480 .... 1278 packets received, 4132 bps, 51.66%, Err 30 (1.0e-005)
636.587 .... 1286 packets received, 4145 bps, 51.81%, Err 30 (1.0e-005)
638.755 .... 1294 packets received, 4156 bps, 51.95%, Err 30 (1.0e-005)
640.924 .... 1302 packets received, 4168 bps, 52.10%, Err 30 (1.0e-005)
643.079 .... 1310 packets received, 4179 bps, 52.24%, Err 30 (1.0e-005)
645.221 .... 1318 packets received, 4191 bps, 52.38%, Err 30 (1.0e-005)
647.409 .... 1326 packets received, 4202 bps, 52.52%, Err 30 (1.0e-005)
649.557 .... 1334 packets received, 4213 bps, 52.67%, Err 30 (1.0e-005)
651.723 .... 1342 packets received, 4224 bps, 52.80%, Err 31 (1.0e-005)
653.910 .... 1350 packets received, 4235 bps, 52.94%, Err 31 (1.0e-005)
656.079 .... 1358 packets received, 4246 bps, 53.08%, Err 31 (1.0e-005)
658.773 .... 1363 packets received, 4244 bps, 53.06%, Err 32 (1.0e-005)
660.930 .... 1375 packets received, 4268 bps, 53.35%, Err 32 (1.0e-005)
663.089 .... 1383 packets received, 4279 bps, 53.48%, Err 32 (1.0e-005)
665.270 .... 1391 packets received, 4289 bps, 53.62%, Err 32 (1.0e-005)
667.423 .... 1399 packets received, 4300 bps, 53.75%, Err 32 (1.0e-005)
669.577 .... 1407 packets received, 4311 bps, 53.88%, Err 32 (1.0e-005)
672.544 .... 1413 packets received, 4310 bps, 53.87%, Err 33 (1.0e-005)
674.705 .... 1425 packets received, 4333 bps, 54.16%, Err 33 (1.0e-005)
676.874 .... 1433 packets received, 4343 bps, 54.29%, Err 33 (1.0e-005)
679.043 .... 1441 packets received, 4353 bps, 54.42%, Err 33 (1.0e-005)
681.150 .... 1449 packets received, 4364 bps, 54.55%, Err 33 (1.0e-005)
683.322 .... 1457 packets received, 4374 bps, 54.67%, Err 33 (1.0e-005)
685.491 .... 1465 packets received, 4384 bps, 54.80%, Err 33 (1.0e-005)
687.646 .... 1473 packets received, 4394 bps, 54.93%, Err 33 (1.0e-005)
689.814 .... 1481 packets received, 4404 bps, 55.05%, Err 33 (9.9e-006)
692.519 .... 1486 packets received, 4402 bps, 55.02%, Err 34 (1.0e-005)
694.687 .... 1498 packets received, 4423 bps, 55.29%, Err 34 (1.0e-005)
696.856 .... 1506 packets received, 4433 bps, 55.41%, Err 34 (1.0e-005)
698.998 .... 1514 packets received, 4443 bps, 55.54%, Err 34 (1.0e-005)
704.366 .... 1520 packets received, 4427 bps, 55.33%, Err 34 (1.0e-005)
708.437 .... 1521 packets received, 4404 bps, 55.05%, Err 34 (1.0e-005)
712.530 .... 1522 packets received, 4381 bps, 54.77%, Err 34 (1.0e-005)
716.641 .... 1523 packets received, 4359 bps, 54.49%, Err 34 (1.0e-005)
720.902 .... 1524 packets received, 4336 bps, 54.20%, Err 34 (9.9e-006)
724.965 .... 1525 packets received, 4315 bps, 53.93%, Err 34 (9.9e-006)
729.104 .... 1526 packets received, 4293 bps, 53.66%, Err 34 (9.9e-006)
733.261 .... 1527 packets received, 4271 bps, 53.39%, Err 34 (9.9e-006)
737.291 .... 1528 packets received, 4251 bps, 53.13%, Err 34 (9.9e-006)
741.405 .... 1529 packets received, 4230 bps, 52.87%, Err 34 (9.9e-006)
745.574 .... 1530 packets received, 4209 bps, 52.61%, Err 34 (9.9e-006)
749.741 .... 1531 packets received, 4188 bps, 52.35%, Err 34 (9.9e-006)
753.853 .... 1532 packets received, 4168 bps, 52.10%, Err 34 (9.9e-006)
757.912 .... 1533 packets received, 4149 bps, 51.86%, Err 34 (9.9e-006)
762.019 .... 1534 packets received, 4129 bps, 51.61%, Err 34 (9.9e-006)
766.054 .... 1535 packets received, 4110 bps, 51.37%, Err 34 (9.9e-006)
770.095 .... 1536 packets received, 4091 bps, 51.13%, Err 34 (9.8e-006)
774.173 .... 1537 packets received, 4072 bps, 50.90%, Err 34 (9.8e-006)
778.296 .... 1538 packets received, 4053 bps, 50.66%, Err 34 (9.8e-006)
782.408 .... 1539 packets received, 4034 bps, 50.43%, Err 34 (9.8e-006)
786.455 .... 1540 packets received, 4016 bps, 50.20%, Err 34 (9.8e-006)
790.514 .... 1541 packets received, 3998 bps, 49.97%, Err 34 (9.8e-006)
794.582 .... 1542 packets received, 3980 bps, 49.75%, Err 34 (9.8e-006)
798.708 .... 1543 packets received, 3962 bps, 49.52%, Err 34 (9.8e-006)
800.799 .... 1545 packets received, 3957 bps, 49.46%, Err 34 (9.8e-006)
802.940 .... 1553 packets received, 3967 bps, 49.58%, Err 34 (9.7e-006)
805.648 .... 1558 packets received, 3966 bps, 49.57%, Err 35 (9.9e-006)
807.819 .... 1570 packets received, 3986 bps, 49.82%, Err 35 (9.9e-006)
809.992 .... 1578 packets received, 3995 bps, 49.94%, Err 35 (9.9e-006)
812.146 .... 1586 packets received, 4005 bps, 50.06%, Err 35 (9.8e-006)
814.304 .... 1594 packets received, 4014 bps, 50.18%, Err 35 (9.8e-006)
816.477 .... 1597 packets received, 4011 bps, 50.14%, Err 36 (1.0e-005)
818.632 .... 1609 packets received, 4031 bps, 50.38%, Err 36 (9.9e-006)
821.880 .... 1616 packets received, 4032 bps, 50.40%, Err 37 (1.0e-005)
824.018 .... 1628 packets received, 4052 bps, 50.65%, Err 37 (1.0e-005)
826.189 .... 1636 packets received, 4061 bps, 50.76%, Err 37 (1.0e-005)
828.357 .... 1644 packets received, 4070 bps, 50.88%, Err 37 (1.0e-005)
830.507 .... 1652 packets received, 4079 bps, 50.99%, Err 37 (1.0e-005)
832.646 .... 1660 packets received, 4088 bps, 51.11%, Err 37 (9.9e-006)
834.831 .... 1668 packets received, 4097 bps, 51.22%, Err 37 (9.9e-006)
836.997 .... 1676 packets received, 4106 bps, 51.33%, Err 37 (9.8e-006)
839.171 .... 1684 packets received, 4115 bps, 51.44%, Err 37 (9.8e-006)
841.325 .... 1692 packets received, 4124 bps, 51.55%, Err 38 (1.0e-005)
843.478 .... 1700 packets received, 4133 bps, 51.66%, Err 38 (9.9e-006)
845.646 .... 1708 packets received, 4142 bps, 51.77%, Err 38 (9.9e-006)
847.800 .... 1716 packets received, 4151 bps, 51.88%, Err 38 (9.9e-006)
849.933 .... 1724 packets received, 4160 bps, 52.00%, Err 38 (9.8e-006)
852.104 .... 1732 packets received, 4168 bps, 52.10%, Err 39 (1.0e-005)
854.259 .... 1739 packets received, 4175 bps, 52.18%, Err 39 (1.0e-005)
856.411 .... 1747 packets received, 4183 bps, 52.29%, Err 39 (9.9e-006)
858.569 .... 1755 packets received, 4192 bps, 52.40%, Err 39 (9.9e-006)
860.708 .... 1763 packets received, 4200 bps, 52.50%, Err 39 (9.9e-006)
862.877 .... 1771 packets received, 4209 bps, 52.61%, Err 40 (1.0e-005)
865.000 .... 1779 packets received, 4217 bps, 52.72%, Err 40 (1.0e-005)
867.153 .... 1787 packets received, 4226 bps, 52.82%, Err 41 (1.0e-005)
869.324 .... 1795 packets received, 4234 bps, 52.93%, Err 41 (1.0e-005)
872.565 .... 1802 packets received, 4235 bps, 52.94%, Err 42 (1.0e-005)
874.698 .... 1814 packets received, 4253 bps, 53.16%, Err 42 (1.0e-005)
876.851 .... 1822 packets received, 4261 bps, 53.26%, Err 42 (1.0e-005)
879.008 .... 1830 packets received, 4269 bps, 53.36%, Err 42 (1.0e-005)
881.160 .... 1837 packets received, 4275 bps, 53.44%, Err 43 (1.0e-005)
883.316 .... 1845 packets received, 4283 bps, 53.54%, Err 43 (1.0e-005)
885.463 .... 1853 packets received, 4291 bps, 53.64%, Err 43 (1.0e-005)
887.593 .... 1861 packets received, 4299 bps, 53.74%, Err 43 (1.0e-005)
889.764 .... 1869 packets received, 4307 bps, 53.84%, Err 43 (1.0e-005)
891.919 .... 1877 packets received, 4315 bps, 53.94%, Err 43 (1.0e-005)
894.061 .... 1885 packets received, 4323 bps, 54.04%, Err 43 (1.0e-005)
896.230 .... 1893 packets received, 4331 bps, 54.14%, Err 43 (1.0e-005)
898.388 .... 1901 packets received, 4339 bps, 54.24%, Err 43 (1.0e-005)
900.524 .... 1909 packets received, 4347 bps, 54.34%, Err 43 (1.0e-005)
904.596 .... 1910 packets received, 4330 bps, 54.12%, Err 43 (1.0e-005)
908.641 .... 1911 packets received, 4313 bps, 53.91%, Err 43 (1.0e-005)
912.804 .... 1912 packets received, 4295 bps, 53.69%, Err 43 (1.0e-005)
916.886 .... 1913 packets received, 4278 bps, 53.48%, Err 43 (1.0e-005)
920.991 .... 1914 packets received, 4261 bps, 53.27%, Err 43 (1.0e-005)
925.068 .... 1915 packets received, 4245 bps, 53.06%, Err 43 (1.0e-005)
929.125 .... 1916 packets received, 4228 bps, 52.85%, Err 43 (1.0e-005)
933.220 .... 1917 packets received, 4212 bps, 52.65%, Err 43 (1.0e-005)
937.350 .... 1918 packets received, 4196 bps, 52.44%, Err 43 (1.0e-005)
941.475 .... 1919 packets received, 4179 bps, 52.24%, Err 43 (1.0e-005)
945.686 .... 1920 packets received, 4163 bps, 52.04%, Err 43 (1.0e-005)
949.844 .... 1921 packets received, 4147 bps, 51.84%, Err 43 (1.0e-005)
953.899 .... 1922 packets received, 4131 bps, 51.64%, Err 43 (1.0e-005)
957.969 .... 1923 packets received, 4116 bps, 51.45%, Err 43 (1.0e-005)
962.076 .... 1924 packets received, 4100 bps, 51.26%, Err 43 (1.0e-005)
966.095 .... 1925 packets received, 4085 bps, 51.07%, Err 43 (9.9e-006)
970.166 .... 1926 packets received, 4070 bps, 50.88%, Err 43 (9.9e-006)
974.308 .... 1927 packets received, 4055 bps, 50.69%, Err 43 (9.9e-006)
978.367 .... 1928 packets received, 4040 bps, 50.51%, Err 43 (9.9e-006)
982.383 .... 1929 packets received, 4026 bps, 50.32%, Err 43 (9.9e-006)
986.458 .... 1930 packets received, 4011 bps, 50.14%, Err 43 (9.9e-006)
990.583 .... 1931 packets received, 3997 bps, 49.96%, Err 43 (9.9e-006)
994.734 .... 1932 packets received, 3982 bps, 49.78%, Err 43 (9.9e-006)
998.759 .... 1933 packets received, 3968 bps, 49.60%, Err 43 (9.9e-006)
1000.786 .... 1935 packets received, 3964 bps, 49.55%, Err 43 (9.9e-006)
1002.927 .... 1943 packets received, 3972 bps, 49.65%, Err 43 (9.8e-006)
1005.020 .... 1951 packets received, 3980 bps, 49.75%, Err 43 (9.8e-006)
1007.143 .... 1959 packets received, 3988 bps, 49.85%, Err 43 (9.8e-006)
1009.257 .... 1967 packets received, 3996 bps, 49.95%, Err 43 (9.7e-006)
1011.379 .... 1975 packets received, 4004 bps, 50.05%, Err 43 (9.7e-006)
1013.487 .... 1983 packets received, 4012 bps, 50.14%, Err 43 (9.7e-006)
1015.610 .... 1991 packets received, 4019 bps, 50.24%, Err 43 (9.6e-006)
1017.753 .... 1999 packets received, 4027 bps, 50.34%, Err 43 (9.6e-006)
1019.939 .... 2007 packets received, 4034 bps, 50.43%, Err 43 (9.5e-006)
1022.107 .... 2015 packets received, 4042 bps, 50.52%, Err 43 (9.5e-006)
1024.259 .... 2023 packets received, 4049 bps, 50.62%, Err 43 (9.5e-006)
1026.441 .... 2031 packets received, 4057 bps, 50.71%, Err 43 (9.4e-006)
1028.610 .... 2039 packets received, 4064 bps, 50.80%, Err 43 (9.4e-006)
1030.760 .... 2047 packets received, 4072 bps, 50.89%, Err 43 (9.4e-006)
1032.929 .... 2055 packets received, 4079 bps, 50.99%, Err 43 (9.3e-006)
1035.082 .... 2063 packets received, 4086 bps, 51.08%, Err 43 (9.3e-006)
1037.229 .... 2071 packets received, 4094 bps, 51.17%, Err 43 (9.3e-006)
1039.401 .... 2079 packets received, 4101 bps, 51.26%, Err 43 (9.2e-006)
1041.547 .... 2087 packets received, 4108 bps, 51.35%, Err 43 (9.2e-006)
1043.735 .... 2095 packets received, 4115 bps, 51.44%, Err 43 (9.2e-006)
1045.908 .... 2103 packets received, 4122 bps, 51.53%, Err 43 (9.1e-006)
1048.327 .... 2107 packets received, 4121 bps, 51.51%, Err 44 (9.3e-006)
1050.498 .... 2119 packets received, 4135 bps, 51.69%, Err 44 (9.3e-006)
1052.669 .... 2127 packets received, 4143 bps, 51.78%, Err 44 (9.2e-006)
1054.840 .... 2135 packets received, 4150 bps, 51.87%, Err 44 (9.2e-006)
1057.262 .... 2139 packets received, 4148 bps, 51.85%, Err 45 (9.4e-006)
1059.959 .... 2148 packets received, 4155 bps, 51.93%, Err 46 (9.5e-006)
1062.113 .... 2160 packets received, 4169 bps, 52.12%, Err 46 (9.5e-006)
1064.267 .... 2168 packets received, 4176 bps, 52.20%, Err 47 (9.7e-006)
1067.510 .... 2170 packets received, 4167 bps, 52.09%, Err 49 (1.0e-005)
1070.699 .... 2182 packets received, 4178 bps, 52.23%, Err 50 (1.0e-005)
1072.854 .... 2195 packets received, 4194 bps, 52.43%, Err 50 (1.0e-005)
1074.998 .... 2203 packets received, 4201 bps, 52.52%, Err 50 (1.0e-005)
1077.183 .... 2211 packets received, 4208 bps, 52.60%, Err 50 (1.0e-005)
1079.334 .... 2219 packets received, 4215 bps, 52.69%, Err 50 (1.0e-005)
1081.506 .... 2227 packets received, 4222 bps, 52.77%, Err 50 (1.0e-005)
1083.693 .... 2235 packets received, 4228 bps, 52.85%, Err 50 (1.0e-005)
1085.831 .... 2243 packets received, 4235 bps, 52.94%, Err 50 (9.9e-006)
1087.987 .... 2251 packets received, 4242 bps, 53.02%, Err 50 (9.9e-006)
1090.140 .... 2259 packets received, 4248 bps, 53.10%, Err 50 (9.9e-006)
1092.310 .... 2267 packets received, 4255 bps, 53.18%, Err 51 (1.0e-005)
1094.482 .... 2274 packets received, 4259 bps, 53.24%, Err 51 (1.0e-005)
1096.649 .... 2282 packets received, 4266 bps, 53.32%, Err 51 (1.0e-005)
1098.823 .... 2290 packets received, 4272 bps, 53.41%, Err 51 (9.9e-006)
1104.443 .... 2297 packets received, 4264 bps, 53.30%, Err 51 (9.9e-006)
1108.484 .... 2298 packets received, 4250 bps, 53.12%, Err 51 (9.9e-006)
1112.639 .... 2299 packets received, 4236 bps, 52.95%, Err 51 (9.9e-006)
1116.857 .... 2300 packets received, 4222 bps, 52.77%, Err 51 (9.9e-006)
1120.998 .... 2301 packets received, 4208 bps, 52.60%, Err 51 (9.9e-006)
1125.105 .... 2302 packets received, 4194 bps, 52.43%, Err 51 (9.9e-006)
1129.264 .... 2303 packets received, 4181 bps, 52.26%, Err 51 (9.9e-006)
1133.264 .... 2304 packets received, 4168 bps, 52.10%, Err 51 (9.9e-006)
1137.390 .... 2305 packets received, 4154 bps, 51.93%, Err 51 (9.9e-006)
1141.482 .... 2306 packets received, 4141 bps, 51.77%, Err 51 (9.9e-006)
1145.652 .... 2307 packets received, 4128 bps, 51.60%, Err 51 (9.9e-006)
1149.698 .... 2308 packets received, 4115 bps, 51.44%, Err 51 (9.8e-006)
1153.732 .... 2309 packets received, 4103 bps, 51.28%, Err 52 (1.0e-005)
1157.811 .... 2310 packets received, 4090 bps, 51.12%, Err 52 (1.0e-005)
1161.949 .... 2311 packets received, 4077 bps, 50.96%, Err 52 (1.0e-005)
1166.028 .... 2312 packets received, 4065 bps, 50.81%, Err 52 (1.0e-005)
1170.076 .... 2313 packets received, 4052 bps, 50.65%, Err 52 (1.0e-005)
1174.242 .... 2314 packets received, 4040 bps, 50.50%, Err 52 (1.0e-005)
1178.289 .... 2315 packets received, 4028 bps, 50.34%, Err 52 (1.0e-005)
1182.340 .... 2316 packets received, 4015 bps, 50.19%, Err 52 (1.0e-005)
1186.422 .... 2317 packets received, 4003 bps, 50.04%, Err 52 (1.0e-005)
1190.428 .... 2318 packets received, 3992 bps, 49.89%, Err 52 (1.0e-005)
1194.529 .... 2319 packets received, 3980 bps, 49.74%, Err 52 (1.0e-005)
1198.594 .... 2320 packets received, 3968 bps, 49.60%, Err 52 (1.0e-005)
1200.805 .... 2322 packets received, 3964 bps, 49.55%, Err 52 (1.0e-005)
1202.967 .... 2330 packets received, 3970 bps, 49.63%, Err 52 (9.9e-006)
1205.130 .... 2338 packets received, 3977 bps, 49.71%, Err 52 (9.9e-006)
1207.309 .... 2346 packets received, 3983 bps, 49.79%, Err 52 (9.9e-006)
1209.489 .... 2354 packets received, 3990 bps, 49.87%, Err 52 (9.8e-006)
1211.651 .... 2362 packets received, 3996 bps, 49.95%, Err 52 (9.8e-006)
1213.821 .... 2370 packets received, 4002 bps, 50.03%, Err 52 (9.8e-006)
1215.975 .... 2378 packets received, 4009 bps, 50.11%, Err 52 (9.7e-006)
1218.132 .... 2386 packets received, 4015 bps, 50.19%, Err 52 (9.7e-006)
1220.303 .... 2394 packets received, 4021 bps, 50.27%, Err 52 (9.7e-006)
1222.441 .... 2402 packets received, 4028 bps, 50.35%, Err 52 (9.6e-006)
1224.580 .... 2409 packets received, 4033 bps, 50.41%, Err 53 (9.8e-006)
1226.738 .... 2417 packets received, 4039 bps, 50.48%, Err 53 (9.8e-006)
1228.921 .... 2425 packets received, 4045 bps, 50.56%, Err 53 (9.7e-006)
1231.075 .... 2433 packets received, 4051 bps, 50.64%, Err 53 (9.7e-006)
1233.249 .... 2436 packets received, 4049 bps, 50.61%, Err 54 (9.9e-006)
1235.420 .... 2448 packets received, 4062 bps, 50.77%, Err 54 (9.8e-006)
1237.575 .... 2456 packets received, 4068 bps, 50.85%, Err 54 (9.8e-006)
1240.545 .... 2462 packets received, 4068 bps, 50.85%, Err 55 (9.9e-006)
1242.703 .... 2474 packets received, 4081 bps, 51.01%, Err 55 (9.9e-006)
1244.888 .... 2482 packets received, 4087 bps, 51.09%, Err 55 (9.9e-006)
1247.044 .... 2490 packets received, 4093 bps, 51.16%, Err 55 (9.8e-006)
1249.193 .... 2498 packets received, 4099 bps, 51.24%, Err 55 (9.8e-006)
1251.889 .... 2503 packets received, 4098 bps, 51.23%, Err 56 (9.9e-006)
1254.056 .... 2515 packets received, 4111 bps, 51.39%, Err 56 (9.9e-006)
1256.220 .... 2523 packets received, 4117 bps, 51.46%, Err 56 (9.9e-006)
1258.388 .... 2531 packets received, 4123 bps, 51.53%, Err 56 (9.9e-006)
1260.575 .... 2539 packets received, 4129 bps, 51.61%, Err 56 (9.8e-006)
1262.718 .... 2547 packets received, 4135 bps, 51.68%, Err 56 (9.8e-006)
1264.902 .... 2555 packets received, 4140 bps, 51.76%, Err 56 (9.8e-006)
1267.073 .... 2563 packets received, 4146 bps, 51.83%, Err 56 (9.7e-006)
1269.243 .... 2571 packets received, 4152 bps, 51.90%, Err 56 (9.7e-006)
1271.413 .... 2579 packets received, 4158 bps, 51.97%, Err 56 (9.7e-006)
1273.556 .... 2587 packets received, 4164 bps, 52.05%, Err 56 (9.7e-006)
1275.744 .... 2595 packets received, 4169 bps, 52.12%, Err 56 (9.6e-006)
1277.900 .... 2603 packets received, 4175 bps, 52.19%, Err 56 (9.6e-006)
1280.348 .... 2607 packets received, 4174 bps, 52.17%, Err 57 (9.7e-006)
1282.470 .... 2619 packets received, 4186 bps, 52.32%, Err 57 (9.7e-006)
1284.654 .... 2627 packets received, 4192 bps, 52.40%, Err 57 (9.7e-006)
1287.621 .... 2633 packets received, 4191 bps, 52.39%, Err 59 (1.0e-005)
1289.773 .... 2644 packets received, 4202 bps, 52.52%, Err 59 (9.9e-006)
1292.189 .... 2648 packets received, 4200 bps, 52.51%, Err 60 (1.0e-005)
1294.333 .... 2660 packets received, 4212 bps, 52.66%, Err 60 (1.0e-005)
1296.495 .... 2668 packets received, 4218 bps, 52.73%, Err 61 (1.0e-005)
1298.666 .... 2675 packets received, 4222 bps, 52.78%, Err 61 (1.0e-005)
1304.674 .... 2683 packets received, 4215 bps, 52.69%, Err 61 (1.0e-005)
1308.752 .... 2684 packets received, 4204 bps, 52.55%, Err 61 (1.0e-005)
1312.873 .... 2685 packets received, 4192 bps, 52.40%, Err 61 (1.0e-005)
1317.105 .... 2686 packets received, 4180 bps, 52.25%, Err 61 (1.0e-005)
1321.201 .... 2687 packets received, 4169 bps, 52.11%, Err 61 (1.0e-005)
1325.312 .... 2688 packets received, 4157 bps, 51.97%, Err 61 (1.0e-005)
1329.316 .... 2689 packets received, 4146 bps, 51.83%, Err 61 (1.0e-005)
1333.364 .... 2690 packets received, 4135 bps, 51.69%, Err 61 (1.0e-005)
1337.537 .... 2691 packets received, 4124 bps, 51.55%, Err 61 (1.0e-005)
1341.630 .... 2692 packets received, 4113 bps, 51.41%, Err 61 (1.0e-005)
1345.820 .... 2693 packets received, 4101 bps, 51.27%, Err 61 (1.0e-005)
1350.002 .... 2694 packets received, 4090 bps, 51.13%, Err 61 (1.0e-005)
1354.139 .... 2695 packets received, 4079 bps, 50.99%, Err 61 (1.0e-005)
1358.217 .... 2696 packets received, 4069 bps, 50.86%, Err 61 (1.0e-005)
1362.328 .... 2697 packets received, 4058 bps, 50.72%, Err 61 (1.0e-005)
1366.432 .... 2698 packets received, 4047 bps, 50.59%, Err 61 (1.0e-005)
1370.526 .... 2699 packets received, 4036 bps, 50.46%, Err 61 (1.0e-005)
1374.666 .... 2700 packets received, 4026 bps, 50.32%, Err 61 (1.0e-005)
1378.669 .... 2701 packets received, 4016 bps, 50.19%, Err 61 (1.0e-005)
1382.734 .... 2702 packets received, 4005 bps, 50.07%, Err 61 (1.0e-005)
1386.785 .... 2703 packets received, 3995 bps, 49.94%, Err 61 (1.0e-005)
1390.956 .... 2704 packets received, 3984 bps, 49.81%, Err 61 (1.0e-005)
1395.062 .... 2705 packets received, 3974 bps, 49.68%, Err 61 (1.0e-005)
1399.185 .... 2706 packets received, 3964 bps, 49.55%, Err 61 (1.0e-005)
1401.323 .... 2710 packets received, 3964 bps, 49.55%, Err 61 (1.0e-005)
1403.451 .... 2717 packets received, 3968 bps, 49.60%, Err 62 (1.0e-005)
1405.559 .... 2725 packets received, 3974 bps, 49.67%, Err 62 (1.0e-005)
1407.730 .... 2733 packets received, 3979 bps, 49.74%, Err 62 (1.0e-005)
1410.676 .... 2739 packets received, 3980 bps, 49.74%, Err 64 (1.0e-005)
1412.844 .... 2751 packets received, 3991 bps, 49.89%, Err 64 (1.0e-005)
1415.015 .... 2759 packets received, 3996 bps, 49.95%, Err 64 (1.0e-005)
1417.199 .... 2767 packets received, 4002 bps, 50.02%, Err 64 (1.0e-005)
1419.325 .... 2775 packets received, 4007 bps, 50.09%, Err 64 (1.0e-005)
1421.509 .... 2783 packets received, 4013 bps, 50.16%, Err 64 (1.0e-005)
1423.668 .... 2791 packets received, 4018 bps, 50.23%, Err 64 (1.0e-005)
1425.836 .... 2799 packets received, 4023 bps, 50.29%, Err 64 (1.0e-005)
1427.986 .... 2807 packets received, 4029 bps, 50.36%, Err 64 (1.0e-005)
1430.158 .... 2815 packets received, 4034 bps, 50.43%, Err 64 (1.0e-005)
1432.324 .... 2823 packets received, 4040 bps, 50.49%, Err 64 (1.0e-005)
1434.494 .... 2831 packets received, 4045 bps, 50.56%, Err 64 (1.0e-005)
1436.661 .... 2839 packets received, 4050 bps, 50.63%, Err 64 (1.0e-005)
1438.829 .... 2847 packets received, 4055 bps, 50.69%, Err 64 (1.0e-005)
1441.012 .... 2855 packets received, 4061 bps, 50.76%, Err 64 (1.0e-005)
1443.182 .... 2863 packets received, 4066 bps, 50.82%, Err 64 (1.0e-005)
1445.355 .... 2871 packets received, 4071 bps, 50.89%, Err 64 (9.9e-006)
1447.512 .... 2879 packets received, 4076 bps, 50.96%, Err 64 (9.9e-006)
1449.668 .... 2887 packets received, 4082 bps, 51.02%, Err 64 (9.9e-006)
1451.838 .... 2895 packets received, 4087 bps, 51.09%, Err 64 (9.8e-006)
1454.009 .... 2903 packets received, 4092 bps, 51.15%, Err 64 (9.8e-006)
1457.011 .... 2909 packets received, 4092 bps, 51.15%, Err 65 (9.9e-006)
1459.137 .... 2921 packets received, 4103 bps, 51.29%, Err 65 (9.9e-006)
1461.258 .... 2928 packets received, 4107 bps, 51.34%, Err 66 (1.0e-005)
1463.427 .... 2936 packets received, 4112 bps, 51.40%, Err 66 (1.0e-005)
1465.598 .... 2944 packets received, 4117 bps, 51.46%, Err 66 (1.0e-005)
1467.742 .... 2952 packets received, 4122 bps, 51.53%, Err 66 (1.0e-005)
1469.926 .... 2960 packets received, 4127 bps, 51.59%, Err 67 (1.0e-005)
1472.097 .... 2967 packets received, 4131 bps, 51.64%, Err 67 (1.0e-005)
1474.264 .... 2975 packets received, 4136 bps, 51.70%, Err 68 (1.0e-005)
1476.434 .... 2983 packets received, 4141 bps, 51.76%, Err 68 (1.0e-005)
1478.574 .... 2991 packets received, 4146 bps, 51.83%, Err 68 (1.0e-005)
1480.757 .... 2999 packets received, 4151 bps, 51.89%, Err 68 (1.0e-005)
1482.926 .... 3007 packets received, 4156 bps, 51.95%, Err 68 (1.0e-005)
1485.103 .... 3015 packets received, 4161 bps, 52.01%, Err 68 (1.0e-005)
1487.226 .... 3018 packets received, 4159 bps, 51.99%, Err 69 (1.0e-005)
1489.350 .... 3030 packets received, 4170 bps, 52.12%, Err 69 (1.0e-005)
1491.506 .... 3038 packets received, 4175 bps, 52.18%, Err 69 (1.0e-005)
1493.687 .... 3046 packets received, 4179 bps, 52.24%, Err 69 (1.0e-005)
1495.858 .... 3054 packets received, 4184 bps, 52.30%, Err 69 (1.0e-005)
1498.027 .... 3062 packets received, 4189 bps, 52.37%, Err 69 (1.0e-005)
1500.445 .... 3066 packets received, 4188 bps, 52.35%, Err 70 (1.0e-005)
1504.247 .... 3071 packets received, 4184 bps, 52.30%, Err 70 (1.0e-005)
1508.298 .... 3072 packets received, 4174 bps, 52.18%, Err 70 (1.0e-005)
1512.473 .... 3073 packets received, 4164 bps, 52.05%, Err 70 (1.0e-005)
1516.529 .... 3074 packets received, 4154 bps, 51.93%, Err 70 (1.0e-005)
1520.594 .... 3075 packets received, 4145 bps, 51.81%, Err 70 (1.0e-005)
1524.718 .... 3076 packets received, 4135 bps, 51.68%, Err 70 (1.0e-005)
1528.867 .... 3077 packets received, 4125 bps, 51.56%, Err 70 (1.0e-005)
1532.975 .... 3078 packets received, 4115 bps, 51.44%, Err 70 (1.0e-005)
1537.145 .... 3079 packets received, 4105 bps, 51.32%, Err 70 (1.0e-005)
1541.145 .... 3080 packets received, 4096 bps, 51.20%, Err 70 (1.0e-005)
1545.232 .... 3081 packets received, 4086 bps, 51.08%, Err 70 (1.0e-005)
1549.349 .... 3082 packets received, 4077 bps, 50.96%, Err 70 (1.0e-005)
1553.398 .... 3083 packets received, 4068 bps, 50.84%, Err 70 (1.0e-005)
1557.567 .... 3084 packets received, 4058 bps, 50.72%, Err 70 (1.0e-005)
1561.658 .... 3085 packets received, 4049 bps, 50.61%, Err 70 (1.0e-005)
1565.759 .... 3086 packets received, 4039 bps, 50.49%, Err 70 (1.0e-005)
1569.801 .... 3087 packets received, 4030 bps, 50.38%, Err 70 (1.0e-005)
1573.863 .... 3088 packets received, 4021 bps, 50.26%, Err 70 (1.0e-005)
1578.084 .... 3089 packets received, 4012 bps, 50.15%, Err 70 (1.0e-005)
1582.165 .... 3090 packets received, 4003 bps, 50.03%, Err 70 (1.0e-005)
1586.288 .... 3091 packets received, 3993 bps, 49.92%, Err 70 (1.0e-005)
1590.369 .... 3092 packets received, 3985 bps, 49.81%, Err 70 (1.0e-005)
1594.539 .... 3093 packets received, 3975 bps, 49.69%, Err 70 (1.0e-005)
1598.618 .... 3094 packets received, 3967 bps, 49.58%, Err 70 (1.0e-005)
1600.801 .... 3096 packets received, 3964 bps, 49.55%, Err 70 (1.0e-005)
1602.943 .... 3104 packets received, 3969 bps, 49.61%, Err 70 (1.0e-005)
1608.061 .... 3110 packets received, 3964 bps, 49.54%, Err 71 (1.0e-005)
1610.217 .... 3125 packets received, 3977 bps, 49.72%, Err 71 (1.0e-005)
1612.634 .... 3132 packets received, 3980 bps, 49.75%, Err 71 (1.0e-005)
1614.800 .... 3139 packets received, 3984 bps, 49.80%, Err 72 (1.0e-005)
1616.955 .... 3145 packets received, 3986 bps, 49.83%, Err 72 (1.0e-005)
1619.384 .... 3152 packets received, 3989 bps, 49.86%, Err 72 (1.0e-005)
1621.524 .... 3159 packets received, 3993 bps, 49.91%, Err 72 (1.0e-005)
1623.693 .... 3165 packets received, 3995 bps, 49.94%, Err 72 (1.0e-005)
1625.836 .... 3171 packets received, 3997 bps, 49.96%, Err 72 (1.0e-005)
1629.083 .... 3177 packets received, 3997 bps, 49.96%, Err 73 (1.0e-005)
1631.252 .... 3188 packets received, 4005 bps, 50.06%, Err 73 (1.0e-005)
1633.405 .... 3196 packets received, 4010 bps, 50.12%, Err 73 (1.0e-005)
1635.589 .... 3204 packets received, 4015 bps, 50.18%, Err 73 (1.0e-005)
1638.548 .... 3210 packets received, 4015 bps, 50.19%, Err 75 (1.0e-005)
1640.700 .... 3221 packets received, 4023 bps, 50.29%, Err 75 (1.0e-005)
1643.083 .... 3225 packets received, 4022 bps, 50.28%, Err 76 (1.0e-005)
1645.213 .... 3237 packets received, 4032 bps, 50.40%, Err 76 (1.0e-005)
1647.384 .... 3245 packets received, 4037 bps, 50.46%, Err 76 (1.0e-005)
1649.535 .... 3253 packets received, 4042 bps, 50.52%, Err 76 (1.0e-005)
1651.666 .... 3261 packets received, 4046 bps, 50.58%, Err 76 (1.0e-005)
1653.839 .... 3269 packets received, 4051 bps, 50.64%, Err 76 (1.0e-005)
1656.008 .... 3277 packets received, 4055 bps, 50.69%, Err 76 (1.0e-005)
1658.152 .... 3285 packets received, 4060 bps, 50.75%, Err 76 (1.0e-005)
1660.311 .... 3288 packets received, 4058 bps, 50.73%, Err 77 (1.0e-005)
1662.482 .... 3300 packets received, 4068 bps, 50.85%, Err 77 (1.0e-005)
1664.650 .... 3308 packets received, 4073 bps, 50.91%, Err 77 (1.0e-005)
1666.837 .... 3316 packets received, 4077 bps, 50.96%, Err 77 (1.0e-005)
1669.010 .... 3324 packets received, 4082 bps, 51.02%, Err 77 (1.0e-005)
1671.166 .... 3332 packets received, 4086 bps, 51.08%, Err 77 (1.0e-005)
1673.337 .... 3340 packets received, 4091 bps, 51.13%, Err 77 (1.0e-005)
1675.506 .... 3348 packets received, 4095 bps, 51.19%, Err 77 (1.0e-005)
1677.677 .... 3356 packets received, 4100 bps, 51.24%, Err 77 (1.0e-005)
1679.829 .... 3364 packets received, 4104 bps, 51.30%, Err 77 (1.0e-005)
1682.013 .... 3372 packets received, 4108 bps, 51.36%, Err 77 (1.0e-005)
1684.181 .... 3380 packets received, 4113 bps, 51.41%, Err 77 (1.0e-005)
1686.340 .... 3388 packets received, 4117 bps, 51.47%, Err 77 (1.0e-005)
1688.479 .... 3396 packets received, 4122 bps, 51.52%, Err 77 (1.0e-005)
1692.004 .... 3404 packets received, 4123 bps, 51.54%, Err 78 (1.0e-005)
1694.175 .... 3416 packets received, 4132 bps, 51.65%, Err 78 (1.0e-005)
1696.335 .... 3424 packets received, 4137 bps, 51.71%, Err 78 (1.0e-005)
1698.479 .... 3432 packets received, 4141 bps, 51.76%, Err 78 (1.0e-005)
1704.356 .... 3440 packets received, 4136 bps, 51.70%, Err 78 (1.0e-005)
1708.349 .... 3441 packets received, 4128 bps, 51.60%, Err 78 (1.0e-005)
1712.403 .... 3442 packets received, 4119 bps, 51.49%, Err 78 (1.0e-005)
1716.594 .... 3443 packets received, 4110 bps, 51.38%, Err 78 (1.0e-005)
1720.681 .... 3444 packets received, 4102 bps, 51.27%, Err 78 (1.0e-005)
1724.825 .... 3445 packets received, 4093 bps, 51.16%, Err 78 (1.0e-005)
1728.882 .... 3446 packets received, 4085 bps, 51.06%, Err 78 (1.0e-005)
1732.976 .... 3447 packets received, 4076 bps, 50.95%, Err 78 (1.0e-005)
1737.117 .... 3448 packets received, 4068 bps, 50.85%, Err 78 (1.0e-005)
1741.301 .... 3449 packets received, 4059 bps, 50.74%, Err 78 (1.0e-005)
1745.457 .... 3450 packets received, 4051 bps, 50.63%, Err 78 (1.0e-005)
