C:\Users\Lao Shi\protocol_laoshi\laoshi_selective.exe -af -port 44446 -ber 1e-4 
=========================================================================
                          Station A                                 
-------------------------------------------------------------------------
Protocol.lib, version 3.0, Build: Oct 19 2009 (jiangy@public3.bta.net.cn)
Channel: 8000 bps, 270 ms propagation delay, bit error rate 1.0E-004
Log file "C:\Users\Lao Shi\protocol_laoshi\laoshi_selective-A.log", TCP port 44446, debug mask 0x00
Station A is waiting for station B on TCP port 44446 ... Done.
New epoch: Wed May 11 21:13:00 2016
=========================================================================
2.408 .... 6 packets received, 5761 bps, 72.01%, Err 2 (1.0e-004)
5.061 .... 11 packets received, 4707 bps, 58.84%, Err 4 (9.9e-005)
10.108 .... 17 packets received, 3541 bps, 44.26%, Err 7 (8.7e-005)
12.758 .... 34 packets received, 5578 bps, 69.73%, Err 9 (8.8e-005)
14.878 .... 45 packets received, 6311 bps, 78.89%, Err 10 (8.4e-005)
16.982 .... 53 packets received, 6497 bps, 81.21%, Err 11 (8.1e-005)
19.381 .... 57 packets received, 6110 bps, 76.37%, Err 12 (7.7e-005)
21.521 .... 63 packets received, 6073 bps, 75.91%, Err 14 (8.1e-005)
24.969 .... 74 packets received, 6137 bps, 76.71%, Err 19 (9.5e-005)
27.624 .... 79 packets received, 5916 bps, 73.95%, Err 23 (1.0e-004)
30.543 .... 81 packets received, 5481 bps, 68.51%, Err 29 (1.2e-004)
32.660 .... 94 packets received, 5944 bps, 74.31%, Err 30 (1.1e-004)
35.047 .... 98 packets received, 5772 bps, 72.15%, Err 32 (1.1e-004)
37.180 .... 109 packets received, 6049 bps, 75.61%, Err 33 (1.1e-004)
40.650 .... 111 packets received, 5630 bps, 70.38%, Err 35 (1.1e-004)
43.054 .... 123 packets received, 5888 bps, 73.61%, Err 37 (1.1e-004)
45.155 .... 135 packets received, 6160 bps, 77.01%, Err 38 (1.1e-004)
47.289 .... 143 packets received, 6229 bps, 77.87%, Err 38 (1.0e-004)
49.660 .... 147 packets received, 6096 bps, 76.20%, Err 39 (9.8e-005)
51.779 .... 159 packets received, 6322 bps, 79.03%, Err 40 (9.7e-005)
55.787 .... 164 packets received, 6050 bps, 75.63%, Err 45 (1.0e-004)
57.888 .... 171 packets received, 6079 bps, 75.98%, Err 47 (1.0e-004)
60.275 .... 178 packets received, 6076 bps, 75.95%, Err 52 (1.1e-004)
62.410 .... 190 packets received, 6262 bps, 78.28%, Err 53 (1.1e-004)
64.529 .... 198 packets received, 6311 bps, 78.89%, Err 53 (1.0e-004)
66.669 .... 206 packets received, 6354 bps, 79.43%, Err 53 (9.9e-005)
69.836 .... 213 packets received, 6271 bps, 78.39%, Err 57 (1.0e-004)
71.960 .... 223 packets received, 6371 bps, 79.64%, Err 57 (9.9e-005)
74.381 .... 227 packets received, 6273 bps, 78.42%, Err 60 (1.0e-004)
77.270 .... 231 packets received, 6144 bps, 76.80%, Err 61 (9.9e-005)
81.005 .... 244 packets received, 6190 bps, 77.37%, Err 65 (1.0e-004)
83.106 .... 259 packets received, 6404 bps, 80.05%, Err 67 (1.0e-004)
85.256 .... 266 packets received, 6410 bps, 80.13%, Err 69 (1.0e-004)
88.428 .... 268 packets received, 6226 bps, 77.83%, Err 71 (1.0e-004)
91.347 .... 277 packets received, 6229 bps, 77.86%, Err 72 (9.9e-005)
93.465 .... 288 packets received, 6329 bps, 79.12%, Err 74 (9.9e-005)
95.588 .... 299 packets received, 6425 bps, 80.31%, Err 75 (9.8e-005)
97.990 .... 303 packets received, 6351 bps, 79.38%, Err 78 (1.0e-004)
100.092 .... 311 packets received, 6381 bps, 79.76%, Err 79 (9.9e-005)
102.742 .... 316 packets received, 6316 bps, 78.95%, Err 82 (1.0e-004)
105.143 .... 320 packets received, 6249 bps, 78.12%, Err 85 (1.0e-004)
108.560 .... 333 packets received, 6298 bps, 78.73%, Err 87 (1.0e-004)
110.717 .... 344 packets received, 6379 bps, 79.74%, Err 88 (9.9e-005)
112.838 .... 347 packets received, 6313 bps, 78.92%, Err 90 (1.0e-004)
114.954 .... 357 packets received, 6376 bps, 79.69%, Err 91 (9.9e-005)
118.387 .... 364 packets received, 6312 bps, 78.89%, Err 92 (9.7e-005)
120.529 .... 371 packets received, 6318 bps, 78.98%, Err 94 (9.8e-005)
124.254 .... 378 packets received, 6244 bps, 78.05%, Err 97 (9.8e-005)
126.644 .... 389 packets received, 6304 bps, 78.80%, Err 101 (1.0e-004)
128.763 .... 394 packets received, 6280 bps, 78.50%, Err 102 (9.9e-005)
130.912 .... 404 packets received, 6334 bps, 79.17%, Err 103 (9.8e-005)
134.099 .... 411 packets received, 6290 bps, 78.62%, Err 107 (1.0e-004)
136.755 .... 418 packets received, 6272 bps, 78.41%, Err 109 (1.0e-004)
139.973 .... 428 packets received, 6275 bps, 78.43%, Err 111 (9.9e-005)
142.105 .... 435 packets received, 6281 bps, 78.52%, Err 114 (1.0e-004)
144.224 .... 445 packets received, 6331 bps, 79.14%, Err 114 (9.9e-005)
147.713 .... 452 packets received, 6279 bps, 78.48%, Err 119 (1.0e-004)
151.154 .... 458 packets received, 6217 bps, 77.71%, Err 123 (1.0e-004)
153.822 .... 469 packets received, 6255 bps, 78.19%, Err 124 (1.0e-004)
155.923 .... 479 packets received, 6303 bps, 78.78%, Err 125 (1.0e-004)
158.313 .... 484 packets received, 6272 bps, 78.40%, Err 129 (1.0e-004)
160.435 .... 490 packets received, 6266 bps, 78.32%, Err 133 (1.0e-004)
162.541 .... 499 packets received, 6298 bps, 78.73%, Err 133 (1.0e-004)
165.731 .... 507 packets received, 6276 bps, 78.45%, Err 135 (1.0e-004)
170.251 .... 517 packets received, 6229 bps, 77.87%, Err 139 (1.0e-004)
172.656 .... 524 packets received, 6225 bps, 77.82%, Err 142 (1.0e-004)
177.723 .... 535 packets received, 6175 bps, 77.18%, Err 152 (1.1e-004)
180.893 .... 547 packets received, 6202 bps, 77.53%, Err 153 (1.1e-004)
186.469 .... 558 packets received, 6138 bps, 76.72%, Err 159 (1.1e-004)
188.571 .... 577 packets received, 6276 bps, 78.45%, Err 159 (1.1e-004)
190.704 .... 584 packets received, 6281 bps, 78.51%, Err 162 (1.1e-004)
193.375 .... 589 packets received, 6247 bps, 78.09%, Err 163 (1.1e-004)
196.277 .... 595 packets received, 6217 bps, 77.71%, Err 166 (1.1e-004)
198.409 .... 609 packets received, 6295 bps, 78.69%, Err 166 (1.0e-004)
200.527 .... 617 packets received, 6310 bps, 78.88%, Err 166 (1.0e-004)
202.646 .... 625 packets received, 6325 bps, 79.06%, Err 166 (1.0e-004)
204.741 .... 633 packets received, 6340 bps, 79.25%, Err 166 (1.0e-004)
206.856 .... 640 packets received, 6345 bps, 79.31%, Err 167 (1.0e-004)
209.012 .... 648 packets received, 6358 bps, 79.47%, Err 168 (1.0e-004)
211.934 .... 654 packets received, 6328 bps, 79.10%, Err 172 (1.0e-004)
214.055 .... 664 packets received, 6361 bps, 79.51%, Err 172 (1.0e-004)
216.171 .... 671 packets received, 6365 bps, 79.56%, Err 174 (1.0e-004)
218.289 .... 677 packets received, 6360 bps, 79.50%, Err 178 (1.0e-004)
221.203 .... 683 packets received, 6331 bps, 79.14%, Err 180 (1.0e-004)
223.306 .... 689 packets received, 6327 bps, 79.08%, Err 183 (1.0e-004)
225.470 .... 699 packets received, 6357 bps, 79.46%, Err 183 (1.0e-004)
227.573 .... 707 packets received, 6370 bps, 79.63%, Err 183 (1.0e-004)
230.776 .... 715 packets received, 6353 bps, 79.41%, Err 185 (1.0e-004)
234.479 .... 723 packets received, 6322 bps, 79.03%, Err 187 (1.0e-004)
237.670 .... 737 packets received, 6358 bps, 79.48%, Err 191 (1.0e-004)
240.576 .... 746 packets received, 6358 bps, 79.47%, Err 192 (1.0e-004)
243.784 .... 757 packets received, 6367 bps, 79.58%, Err 195 (1.0e-004)
246.158 .... 764 packets received, 6363 bps, 79.54%, Err 196 (1.0e-004)
248.247 .... 774 packets received, 6392 bps, 79.91%, Err 197 (9.9e-005)
250.364 .... 777 packets received, 6363 bps, 79.54%, Err 204 (1.0e-004)
252.514 .... 788 packets received, 6398 bps, 79.97%, Err 205 (1.0e-004)
254.614 .... 796 packets received, 6410 bps, 80.12%, Err 205 (1.0e-004)
257.572 .... 803 packets received, 6392 bps, 79.90%, Err 209 (1.0e-004)
260.480 .... 807 packets received, 6352 bps, 79.40%, Err 211 (1.0e-004)
264.720 .... 821 packets received, 6358 bps, 79.48%, Err 215 (1.0e-004)
266.840 .... 830 packets received, 6377 bps, 79.71%, Err 216 (1.0e-004)
268.982 .... 840 packets received, 6402 bps, 80.03%, Err 216 (1.0e-004)
271.098 .... 848 packets received, 6413 bps, 80.16%, Err 217 (1.0e-004)
273.202 .... 854 packets received, 6408 bps, 80.10%, Err 219 (1.0e-004)
275.607 .... 859 packets received, 6389 bps, 79.87%, Err 221 (1.0e-004)
278.757 .... 869 packets received, 6391 bps, 79.88%, Err 222 (1.0e-004)
280.873 .... 880 packets received, 6423 bps, 80.29%, Err 222 (9.9e-005)
283.029 .... 888 packets received, 6432 bps, 80.40%, Err 222 (9.8e-005)
285.948 .... 895 packets received, 6416 bps, 80.20%, Err 224 (9.8e-005)
288.083 .... 901 packets received, 6411 bps, 80.14%, Err 227 (9.9e-005)
290.771 .... 909 packets received, 6408 bps, 80.11%, Err 230 (9.9e-005)
292.888 .... 914 packets received, 6397 bps, 79.96%, Err 234 (1.0e-004)
296.343 .... 921 packets received, 6371 bps, 79.64%, Err 240 (1.0e-004)
298.461 .... 932 packets received, 6401 bps, 80.01%, Err 240 (1.0e-004)
300.837 .... 937 packets received, 6385 bps, 79.81%, Err 242 (1.0e-004)
305.630 .... 945 packets received, 6338 bps, 79.23%, Err 249 (1.0e-004)
308.264 .... 957 packets received, 6364 bps, 79.55%, Err 251 (1.0e-004)
310.417 .... 966 packets received, 6379 bps, 79.74%, Err 252 (1.0e-004)
312.517 .... 970 packets received, 6362 bps, 79.53%, Err 254 (1.0e-004)
314.644 .... 981 packets received, 6391 bps, 79.89%, Err 254 (1.0e-004)
316.778 .... 989 packets received, 6400 bps, 79.99%, Err 254 (1.0e-004)
319.678 .... 996 packets received, 6386 bps, 79.83%, Err 256 (1.0e-004)
322.871 .... 1007 packets received, 6393 bps, 79.91%, Err 258 (1.0e-004)
325.261 .... 1015 packets received, 6396 bps, 79.95%, Err 259 (1.0e-004)
327.396 .... 1026 packets received, 6423 bps, 80.29%, Err 259 (9.9e-005)
329.497 .... 1033 packets received, 6426 bps, 80.33%, Err 260 (9.9e-005)
331.885 .... 1038 packets received, 6411 bps, 80.13%, Err 263 (9.9e-005)
334.535 .... 1046 packets received, 6409 bps, 80.11%, Err 266 (9.9e-005)
337.209 .... 1053 packets received, 6400 bps, 80.01%, Err 269 (1.0e-004)
342.237 .... 1062 packets received, 6360 bps, 79.50%, Err 274 (1.0e-004)
345.439 .... 1077 packets received, 6390 bps, 79.88%, Err 276 (1.0e-004)
349.433 .... 1086 packets received, 6370 bps, 79.62%, Err 280 (1.0e-004)
352.355 .... 1098 packets received, 6387 bps, 79.84%, Err 282 (1.0e-004)
355.526 .... 1107 packets received, 6382 bps, 79.77%, Err 284 (1.0e-004)
357.658 .... 1118 packets received, 6407 bps, 80.08%, Err 284 (9.9e-005)
359.784 .... 1122 packets received, 6392 bps, 79.90%, Err 286 (9.9e-005)
362.703 .... 1131 packets received, 6391 bps, 79.89%, Err 290 (1.0e-004)
364.805 .... 1139 packets received, 6399 bps, 79.99%, Err 292 (1.0e-004)
366.930 .... 1143 packets received, 6384 bps, 79.80%, Err 294 (1.0e-004)
369.595 .... 1148 packets received, 6366 bps, 79.58%, Err 298 (1.0e-004)
371.736 .... 1158 packets received, 6384 bps, 79.81%, Err 300 (1.0e-004)
374.084 .... 1159 packets received, 6350 bps, 79.37%, Err 305 (1.0e-004)
377.562 .... 1167 packets received, 6335 bps, 79.18%, Err 309 (1.0e-004)
379.679 .... 1179 packets received, 6364 bps, 79.55%, Err 309 (1.0e-004)
381.796 .... 1186 packets received, 6366 bps, 79.58%, Err 311 (1.0e-004)
383.916 .... 1193 packets received, 6369 bps, 79.61%, Err 312 (1.0e-004)
386.057 .... 1197 packets received, 6355 bps, 79.43%, Err 314 (1.0e-004)
388.205 .... 1207 packets received, 6372 bps, 79.65%, Err 315 (1.0e-004)
391.128 .... 1210 packets received, 6340 bps, 79.25%, Err 317 (1.0e-004)
393.255 .... 1223 packets received, 6374 bps, 79.67%, Err 317 (1.0e-004)
396.183 .... 1229 packets received, 6358 bps, 79.47%, Err 319 (1.0e-004)
398.303 .... 1240 packets received, 6380 bps, 79.75%, Err 319 (1.0e-004)
400.390 .... 1244 packets received, 6367 bps, 79.59%, Err 321 (1.0e-004)
402.829 .... 1251 packets received, 6364 bps, 79.56%, Err 323 (1.0e-004)
405.708 .... 1261 packets received, 6370 bps, 79.62%, Err 324 (1.0e-004)
408.393 .... 1270 packets received, 6373 bps, 79.66%, Err 325 (9.9e-005)
410.511 .... 1277 packets received, 6375 bps, 79.69%, Err 327 (1.0e-004)
413.166 .... 1285 packets received, 6374 bps, 79.67%, Err 329 (1.0e-004)
415.299 .... 1295 packets received, 6390 bps, 79.88%, Err 329 (9.9e-005)
417.415 .... 1301 packets received, 6387 bps, 79.84%, Err 331 (9.9e-005)
420.620 .... 1308 packets received, 6373 bps, 79.66%, Err 332 (9.9e-005)
422.726 .... 1316 packets received, 6380 bps, 79.75%, Err 333 (9.8e-005)
424.882 .... 1326 packets received, 6396 bps, 79.95%, Err 337 (9.9e-005)
426.988 .... 1334 packets received, 6403 bps, 80.03%, Err 337 (9.9e-005)
429.622 .... 1340 packets received, 6392 bps, 79.90%, Err 340 (9.9e-005)
433.092 .... 1345 packets received, 6364 bps, 79.55%, Err 344 (9.9e-005)
435.206 .... 1360 packets received, 6404 bps, 80.05%, Err 344 (9.9e-005)
438.114 .... 1366 packets received, 6389 bps, 79.87%, Err 346 (9.9e-005)
440.800 .... 1375 packets received, 6392 bps, 79.90%, Err 349 (9.9e-005)
443.718 .... 1380 packets received, 6373 bps, 79.67%, Err 355 (1.0e-004)
446.121 .... 1383 packets received, 6353 bps, 79.41%, Err 358 (1.0e-004)
448.239 .... 1398 packets received, 6391 bps, 79.89%, Err 358 (1.0e-004)
451.680 .... 1406 packets received, 6379 bps, 79.74%, Err 361 (1.0e-004)
454.044 .... 1413 packets received, 6377 bps, 79.72%, Err 365 (1.0e-004)
456.161 .... 1423 packets received, 6393 bps, 79.91%, Err 367 (1.0e-004)
458.288 .... 1430 packets received, 6394 bps, 79.93%, Err 368 (1.0e-004)
460.409 .... 1433 packets received, 6378 bps, 79.73%, Err 369 (1.0e-004)
462.527 .... 1445 packets received, 6402 bps, 80.03%, Err 369 (1.0e-004)
464.644 .... 1448 packets received, 6386 bps, 79.83%, Err 370 (1.0e-004)
467.548 .... 1458 packets received, 6390 bps, 79.88%, Err 372 (9.9e-005)
472.083 .... 1463 packets received, 6351 bps, 79.38%, Err 379 (1.0e-004)
476.339 .... 1480 packets received, 6367 bps, 79.59%, Err 384 (1.0e-004)
479.526 .... 1488 packets received, 6359 bps, 79.48%, Err 387 (1.0e-004)
481.626 .... 1500 packets received, 6382 bps, 79.78%, Err 387 (1.0e-004)
483.775 .... 1508 packets received, 6388 bps, 79.84%, Err 387 (1.0e-004)
486.145 .... 1513 packets received, 6377 bps, 79.72%, Err 389 (1.0e-004)
488.278 .... 1519 packets received, 6375 bps, 79.68%, Err 391 (1.0e-004)
490.680 .... 1526 packets received, 6373 bps, 79.66%, Err 393 (1.0e-004)
492.783 .... 1537 packets received, 6391 bps, 79.89%, Err 393 (1.0e-004)
496.801 .... 1543 packets received, 6364 bps, 79.55%, Err 398 (1.0e-004)
499.726 .... 1555 packets received, 6376 bps, 79.70%, Err 400 (1.0e-004)
502.377 .... 1563 packets received, 6375 bps, 79.69%, Err 402 (1.0e-004)
506.913 .... 1569 packets received, 6342 bps, 79.28%, Err 406 (1.0e-004)
510.068 .... 1588 packets received, 6379 bps, 79.74%, Err 408 (1.0e-004)
513.556 .... 1598 packets received, 6376 bps, 79.70%, Err 412 (1.0e-004)
516.189 .... 1606 packets received, 6375 bps, 79.69%, Err 414 (1.0e-004)
518.289 .... 1618 packets received, 6397 bps, 79.96%, Err 414 (1.0e-004)
520.423 .... 1624 packets received, 6394 bps, 79.93%, Err 418 (1.0e-004)
523.881 .... 1627 packets received, 6364 bps, 79.55%, Err 420 (1.0e-004)
525.982 .... 1636 packets received, 6373 bps, 79.67%, Err 422 (1.0e-004)
529.685 .... 1645 packets received, 6364 bps, 79.55%, Err 428 (1.0e-004)
531.819 .... 1658 packets received, 6388 bps, 79.85%, Err 428 (1.0e-004)
533.957 .... 1666 packets received, 6393 bps, 79.92%, Err 428 (1.0e-004)
536.073 .... 1669 packets received, 6379 bps, 79.74%, Err 430 (1.0e-004)
538.176 .... 1675 packets received, 6377 bps, 79.72%, Err 431 (1.0e-004)
540.293 .... 1682 packets received, 6379 bps, 79.74%, Err 433 (1.0e-004)
542.425 .... 1693 packets received, 6395 bps, 79.94%, Err 433 (1.0e-004)
545.630 .... 1700 packets received, 6384 bps, 79.80%, Err 437 (1.0e-004)
548.251 .... 1708 packets received, 6383 bps, 79.79%, Err 440 (1.0e-004)
551.199 .... 1716 packets received, 6379 bps, 79.74%, Err 441 (1.0e-004)
553.298 .... 1723 packets received, 6381 bps, 79.76%, Err 445 (1.0e-004)
555.419 .... 1733 packets received, 6393 bps, 79.92%, Err 445 (1.0e-004)
557.540 .... 1741 packets received, 6398 bps, 79.98%, Err 446 (1.0e-004)
560.459 .... 1746 packets received, 6383 bps, 79.79%, Err 448 (1.0e-004)
562.577 .... 1752 packets received, 6381 bps, 79.76%, Err 451 (1.0e-004)
565.518 .... 1760 packets received, 6377 bps, 79.71%, Err 454 (1.0e-004)
567.650 .... 1772 packets received, 6396 bps, 79.95%, Err 454 (1.0e-004)
570.022 .... 1776 packets received, 6384 bps, 79.80%, Err 455 (1.0e-004)
572.424 .... 1784 packets received, 6386 bps, 79.82%, Err 458 (1.0e-004)
575.614 .... 1794 packets received, 6386 bps, 79.82%, Err 460 (1.0e-004)
581.723 .... 1805 packets received, 6358 bps, 79.47%, Err 467 (1.0e-004)
583.844 .... 1821 packets received, 6391 bps, 79.88%, Err 469 (1.0e-004)
587.034 .... 1823 packets received, 6363 bps, 79.54%, Err 470 (1.0e-004)
589.151 .... 1838 packets received, 6392 bps, 79.90%, Err 470 (1.0e-004)
591.257 .... 1841 packets received, 6380 bps, 79.75%, Err 474 (1.0e-004)
594.205 .... 1849 packets received, 6376 bps, 79.70%, Err 475 (1.0e-004)
596.324 .... 1861 packets received, 6394 bps, 79.93%, Err 475 (1.0e-004)
598.995 .... 1866 packets received, 6383 bps, 79.79%, Err 477 (1.0e-004)
602.970 .... 1875 packets received, 6371 bps, 79.64%, Err 483 (1.0e-004)
605.087 .... 1888 packets received, 6393 bps, 79.91%, Err 484 (1.0e-004)
607.475 .... 1892 packets received, 6381 bps, 79.77%, Err 487 (1.0e-004)
609.611 .... 1902 packets received, 6393 bps, 79.91%, Err 487 (1.0e-004)
612.014 .... 1906 packets received, 6381 bps, 79.76%, Err 492 (1.0e-004)
614.154 .... 1914 packets received, 6385 bps, 79.82%, Err 493 (1.0e-004)
616.525 .... 1918 packets received, 6374 bps, 79.68%, Err 495 (1.0e-004)
618.628 .... 1928 packets received, 6386 bps, 79.82%, Err 496 (1.0e-004)
620.760 .... 1936 packets received, 6390 bps, 79.88%, Err 496 (1.0e-004)
622.886 .... 1939 packets received, 6378 bps, 79.73%, Err 497 (1.0e-004)
625.006 .... 1951 packets received, 6396 bps, 79.95%, Err 497 (9.9e-005)
627.122 .... 1959 packets received, 6400 bps, 80.00%, Err 497 (9.9e-005)
630.573 .... 1966 packets received, 6388 bps, 79.85%, Err 502 (1.0e-004)
633.215 .... 1974 packets received, 6387 bps, 79.84%, Err 506 (1.0e-004)
636.682 .... 1980 packets received, 6372 bps, 79.65%, Err 510 (1.0e-004)
640.123 .... 1993 packets received, 6379 bps, 79.74%, Err 512 (1.0e-004)
642.256 .... 2000 packets received, 6380 bps, 79.75%, Err 515 (1.0e-004)
644.374 .... 2010 packets received, 6391 bps, 79.89%, Err 516 (1.0e-004)
646.493 .... 2018 packets received, 6395 bps, 79.94%, Err 517 (1.0e-004)
650.781 .... 2024 packets received, 6372 bps, 79.65%, Err 522 (1.0e-004)
652.896 .... 2027 packets received, 6361 bps, 79.51%, Err 524 (1.0e-004)
655.002 .... 2043 packets received, 6391 bps, 79.88%, Err 525 (1.0e-004)
657.127 .... 2046 packets received, 6379 bps, 79.74%, Err 526 (1.0e-004)
659.244 .... 2058 packets received, 6396 bps, 79.95%, Err 526 (1.0e-004)
661.910 .... 2063 packets received, 6386 bps, 79.82%, Err 530 (1.0e-004)
665.083 .... 2068 packets received, 6371 bps, 79.63%, Err 535 (1.0e-004)
667.704 .... 2078 packets received, 6376 bps, 79.70%, Err 536 (1.0e-004)
670.119 .... 2086 packets received, 6378 bps, 79.72%, Err 538 (1.0e-004)
673.552 .... 2097 packets received, 6379 bps, 79.73%, Err 541 (1.0e-004)
675.687 .... 2107 packets received, 6389 bps, 79.86%, Err 541 (1.0e-004)
678.320 .... 2112 packets received, 6379 bps, 79.74%, Err 544 (1.0e-004)
681.262 .... 2117 packets received, 6367 bps, 79.58%, Err 545 (1.0e-004)
684.711 .... 2132 packets received, 6379 bps, 79.74%, Err 547 (1.0e-004)
689.506 .... 2144 packets received, 6371 bps, 79.63%, Err 551 (1.0e-004)
692.983 .... 2159 packets received, 6383 bps, 79.79%, Err 554 (1.0e-004)
697.751 .... 2169 packets received, 6369 bps, 79.61%, Err 559 (1.0e-004)
700.110 .... 2180 packets received, 6380 bps, 79.74%, Err 563 (1.0e-004)
702.245 .... 2189 packets received, 6386 bps, 79.83%, Err 564 (1.0e-004)
704.636 .... 2193 packets received, 6376 bps, 79.70%, Err 567 (1.0e-004)
706.755 .... 2205 packets received, 6392 bps, 79.90%, Err 567 (1.0e-004)
709.941 .... 2212 packets received, 6384 bps, 79.79%, Err 568 (1.0e-004)
712.827 .... 2222 packets received, 6386 bps, 79.83%, Err 571 (1.0e-004)
714.961 .... 2227 packets received, 6382 bps, 79.77%, Err 575 (1.0e-004)
717.067 .... 2237 packets received, 6391 bps, 79.89%, Err 575 (1.0e-004)
719.198 .... 2240 packets received, 6381 bps, 79.76%, Err 577 (1.0e-004)
721.332 .... 2251 packets received, 6393 bps, 79.92%, Err 578 (1.0e-004)
724.785 .... 2258 packets received, 6383 bps, 79.78%, Err 580 (1.0e-004)
730.611 .... 2268 packets received, 6360 bps, 79.50%, Err 586 (1.0e-004)
733.797 .... 2285 packets received, 6380 bps, 79.75%, Err 588 (1.0e-004)
738.044 .... 2294 packets received, 6368 bps, 79.60%, Err 592 (1.0e-004)
740.715 .... 2305 packets received, 6375 bps, 79.69%, Err 595 (1.0e-004)
742.859 .... 2308 packets received, 6365 bps, 79.57%, Err 597 (1.0e-004)
744.961 .... 2321 packets received, 6383 bps, 79.79%, Err 597 (1.0e-004)
747.361 .... 2325 packets received, 6374 bps, 79.67%, Err 601 (1.0e-004)
750.802 .... 2336 packets received, 6374 bps, 79.68%, Err 602 (1.0e-004)
752.936 .... 2343 packets received, 6375 bps, 79.69%, Err 605 (1.0e-004)
757.724 .... 2353 packets received, 6362 bps, 79.53%, Err 609 (1.0e-004)
760.095 .... 2363 packets received, 6369 bps, 79.61%, Err 611 (1.0e-004)
763.536 .... 2374 packets received, 6370 bps, 79.62%, Err 613 (1.0e-004)
765.669 .... 2381 packets received, 6371 bps, 79.64%, Err 615 (1.0e-004)
768.592 .... 2390 packets received, 6371 bps, 79.63%, Err 617 (1.0e-004)
770.725 .... 2396 packets received, 6369 bps, 79.61%, Err 618 (1.0e-004)
772.825 .... 2408 packets received, 6384 bps, 79.79%, Err 619 (1.0e-004)
775.231 .... 2412 packets received, 6374 bps, 79.68%, Err 621 (1.0e-004)
777.330 .... 2422 packets received, 6383 bps, 79.79%, Err 621 (1.0e-004)
779.478 .... 2425 packets received, 6374 bps, 79.67%, Err 624 (1.0e-004)
781.579 .... 2435 packets received, 6383 bps, 79.78%, Err 625 (1.0e-004)
783.981 .... 2439 packets received, 6374 bps, 79.67%, Err 629 (1.0e-004)
786.105 .... 2449 packets received, 6382 bps, 79.78%, Err 629 (1.0e-004)
788.786 .... 2454 packets received, 6374 bps, 79.67%, Err 630 (1.0e-004)
791.156 .... 2462 packets received, 6375 bps, 79.69%, Err 633 (1.0e-004)
793.543 .... 2470 packets received, 6377 bps, 79.71%, Err 634 (1.0e-004)
796.216 .... 2479 packets received, 6379 bps, 79.73%, Err 637 (1.0e-004)
800.200 .... 2487 packets received, 6367 bps, 79.59%, Err 640 (1.0e-004)
803.627 .... 2496 packets received, 6363 bps, 79.54%, Err 643 (1.0e-004)
807.078 .... 2503 packets received, 6354 bps, 79.42%, Err 647 (1.0e-004)
809.196 .... 2522 packets received, 6385 bps, 79.81%, Err 648 (1.0e-004)
811.598 .... 2526 packets received, 6376 bps, 79.70%, Err 650 (1.0e-004)
813.700 .... 2535 packets received, 6382 bps, 79.78%, Err 652 (1.0e-004)
815.839 .... 2543 packets received, 6386 bps, 79.82%, Err 653 (1.0e-004)
818.211 .... 2547 packets received, 6377 bps, 79.72%, Err 655 (1.0e-004)
820.363 .... 2553 packets received, 6376 bps, 79.69%, Err 659 (1.0e-004)
822.766 .... 2557 packets received, 6367 bps, 79.59%, Err 661 (1.0e-004)
824.881 .... 2568 packets received, 6378 bps, 79.72%, Err 664 (1.0e-004)
827.031 .... 2571 packets received, 6369 bps, 79.61%, Err 665 (1.0e-004)
829.133 .... 2582 packets received, 6380 bps, 79.75%, Err 666 (1.0e-004)
831.520 .... 2586 packets received, 6371 bps, 79.64%, Err 668 (1.0e-004)
833.919 .... 2593 packets received, 6370 bps, 79.63%, Err 671 (1.0e-004)
836.039 .... 2602 packets received, 6376 bps, 79.70%, Err 673 (1.0e-004)
838.162 .... 2610 packets received, 6379 bps, 79.74%, Err 673 (1.0e-004)
840.279 .... 2613 packets received, 6371 bps, 79.63%, Err 674 (1.0e-004)
842.929 .... 2622 packets received, 6373 bps, 79.66%, Err 678 (1.0e-004)
845.032 .... 2632 packets received, 6381 bps, 79.76%, Err 678 (1.0e-004)
847.189 .... 2640 packets received, 6384 bps, 79.80%, Err 678 (1.0e-004)
849.291 .... 2648 packets received, 6388 bps, 79.84%, Err 678 (1.0e-004)
852.228 .... 2654 packets received, 6380 bps, 79.75%, Err 682 (1.0e-004)
854.887 .... 2662 packets received, 6379 bps, 79.74%, Err 684 (1.0e-004)
857.004 .... 2673 packets received, 6390 bps, 79.87%, Err 685 (1.0e-004)
859.422 .... 2677 packets received, 6381 bps, 79.77%, Err 686 (1.0e-004)
862.072 .... 2686 packets received, 6383 bps, 79.79%, Err 688 (1.0e-004)
864.473 .... 2694 packets received, 6384 bps, 79.80%, Err 691 (1.0e-004)
867.116 .... 2701 packets received, 6381 bps, 79.77%, Err 693 (1.0e-004)
869.516 .... 2707 packets received, 6378 bps, 79.72%, Err 695 (1.0e-004)
872.153 .... 2716 packets received, 6380 bps, 79.75%, Err 698 (1.0e-004)
875.610 .... 2725 packets received, 6376 bps, 79.70%, Err 699 (1.0e-004)
877.758 .... 2737 packets received, 6388 bps, 79.85%, Err 699 (1.0e-004)
879.861 .... 2745 packets received, 6391 bps, 79.89%, Err 699 (9.9e-005)
883.081 .... 2753 packets received, 6387 bps, 79.83%, Err 702 (9.9e-005)
886.523 .... 2760 packets received, 6378 bps, 79.72%, Err 706 (1.0e-004)
889.160 .... 2769 packets received, 6380 bps, 79.75%, Err 710 (1.0e-004)
892.636 .... 2777 packets received, 6373 bps, 79.67%, Err 712 (1.0e-004)
895.553 .... 2783 packets received, 6366 bps, 79.58%, Err 716 (1.0e-004)
898.471 .... 2794 packets received, 6371 bps, 79.63%, Err 719 (1.0e-004)
900.589 .... 2800 packets received, 6369 bps, 79.62%, Err 721 (1.0e-004)
903.490 .... 2809 packets received, 6369 bps, 79.62%, Err 723 (1.0e-004)
906.426 .... 2814 packets received, 6360 bps, 79.50%, Err 726 (1.0e-004)
908.511 .... 2828 packets received, 6377 bps, 79.71%, Err 726 (1.0e-004)
910.630 .... 2831 packets received, 6369 bps, 79.61%, Err 728 (1.0e-004)
912.735 .... 2843 packets received, 6381 bps, 79.76%, Err 728 (1.0e-004)
915.394 .... 2848 packets received, 6374 bps, 79.67%, Err 732 (1.0e-004)
917.529 .... 2854 packets received, 6372 bps, 79.65%, Err 735 (1.0e-004)
919.648 .... 2859 packets received, 6369 bps, 79.61%, Err 737 (1.0e-004)
921.787 .... 2864 packets received, 6365 bps, 79.56%, Err 738 (1.0e-004)
924.436 .... 2873 packets received, 6367 bps, 79.58%, Err 741 (1.0e-004)
926.552 .... 2883 packets received, 6374 bps, 79.68%, Err 741 (1.0e-004)
928.676 .... 2890 packets received, 6375 bps, 79.69%, Err 742 (1.0e-004)
931.041 .... 2894 packets received, 6368 bps, 79.60%, Err 744 (1.0e-004)
933.998 .... 2902 packets received, 6365 bps, 79.56%, Err 747 (1.0e-004)
936.131 .... 2911 packets received, 6370 bps, 79.63%, Err 748 (1.0e-004)
940.665 .... 2917 packets received, 6353 bps, 79.41%, Err 754 (1.0e-004)
942.805 .... 2919 packets received, 6343 bps, 79.28%, Err 756 (1.0e-004)
946.524 .... 2932 packets received, 6346 bps, 79.32%, Err 760 (1.0e-004)
949.158 .... 2942 packets received, 6350 bps, 79.37%, Err 763 (1.0e-004)
952.630 .... 2953 packets received, 6350 bps, 79.38%, Err 764 (1.0e-004)
955.517 .... 2963 packets received, 6353 bps, 79.41%, Err 765 (1.0e-004)
958.718 .... 2974 packets received, 6355 bps, 79.44%, Err 769 (1.0e-004)
961.654 .... 2976 packets received, 6340 bps, 79.25%, Err 773 (1.0e-004)
965.091 .... 2991 packets received, 6349 bps, 79.36%, Err 775 (1.0e-004)
967.220 .... 3002 packets received, 6358 bps, 79.48%, Err 776 (1.0e-004)
969.338 .... 3008 packets received, 6357 bps, 79.46%, Err 777 (1.0e-004)
971.444 .... 3011 packets received, 6350 bps, 79.37%, Err 778 (1.0e-004)
974.379 .... 3021 packets received, 6351 bps, 79.39%, Err 779 (1.0e-004)
979.941 .... 3031 packets received, 6336 bps, 79.20%, Err 789 (1.0e-004)
982.059 .... 3045 packets received, 6352 bps, 79.40%, Err 789 (1.0e-004)
984.176 .... 3053 packets received, 6355 bps, 79.44%, Err 789 (1.0e-004)
986.346 .... 3061 packets received, 6357 bps, 79.47%, Err 789 (1.0e-004)
988.725 .... 3065 packets received, 6350 bps, 79.38%, Err 792 (1.0e-004)
990.848 .... 3075 packets received, 6358 bps, 79.47%, Err 793 (1.0e-004)
994.316 .... 3081 packets received, 6348 bps, 79.35%, Err 795 (1.0e-004)
996.419 .... 3088 packets received, 6349 bps, 79.36%, Err 796 (1.0e-004)
998.578 .... 3100 packets received, 6360 bps, 79.49%, Err 798 (1.0e-004)
1000.699 .... 3103 packets received, 6352 bps, 79.40%, Err 800 (1.0e-004)
1003.885 .... 3114 packets received, 6355 bps, 79.43%, Err 801 (1.0e-004)
1006.534 .... 3123 packets received, 6356 bps, 79.45%, Err 805 (1.0e-004)
1008.650 .... 3126 packets received, 6349 bps, 79.36%, Err 808 (1.0e-004)
1011.293 .... 3135 packets received, 6351 bps, 79.38%, Err 809 (1.0e-004)
1015.558 .... 3145 packets received, 6344 bps, 79.30%, Err 812 (1.0e-004)
1018.745 .... 3159 packets received, 6352 bps, 79.40%, Err 814 (1.0e-004)
1021.164 .... 3165 packets received, 6349 bps, 79.37%, Err 817 (1.0e-004)
1026.991 .... 3167 packets received, 6317 bps, 78.97%, Err 821 (1.0e-004)
1029.092 .... 3188 packets received, 6346 bps, 79.33%, Err 825 (1.0e-004)
1031.741 .... 3193 packets received, 6340 bps, 79.25%, Err 827 (1.0e-004)
1033.885 .... 3204 packets received, 6348 bps, 79.36%, Err 827 (1.0e-004)
1036.806 .... 3210 packets received, 6342 bps, 79.28%, Err 830 (1.0e-004)
1040.540 .... 3219 packets received, 6337 bps, 79.22%, Err 833 (1.0e-004)
1043.441 .... 3227 packets received, 6335 bps, 79.19%, Err 835 (1.0e-004)
1045.559 .... 3238 packets received, 6344 bps, 79.30%, Err 836 (1.0e-004)
1047.691 .... 3241 packets received, 6337 bps, 79.21%, Err 838 (1.0e-004)
1052.202 .... 3251 packets received, 6329 bps, 79.12%, Err 843 (1.0e-004)
1054.307 .... 3265 packets received, 6344 bps, 79.30%, Err 844 (1.0e-004)
1057.508 .... 3271 packets received, 6336 bps, 79.20%, Err 846 (1.0e-004)
1059.632 .... 3282 packets received, 6345 bps, 79.31%, Err 846 (1.0e-004)
1062.566 .... 3288 packets received, 6339 bps, 79.24%, Err 847 (1.0e-004)
1066.043 .... 3300 packets received, 6341 bps, 79.27%, Err 850 (1.0e-004)
1068.175 .... 3309 packets received, 6346 bps, 79.32%, Err 851 (1.0e-004)
1072.965 .... 3316 packets received, 6331 bps, 79.14%, Err 854 (9.9e-005)
1075.897 .... 3328 packets received, 6337 bps, 79.21%, Err 856 (9.9e-005)
1078.832 .... 3338 packets received, 6338 bps, 79.23%, Err 857 (9.9e-005)
1084.922 .... 3349 packets received, 6323 bps, 79.04%, Err 863 (9.9e-005)
1087.039 .... 3362 packets received, 6336 bps, 79.20%, Err 866 (1.0e-004)
1091.830 .... 3368 packets received, 6319 bps, 78.99%, Err 870 (1.0e-004)
1095.270 .... 3388 packets received, 6337 bps, 79.21%, Err 873 (1.0e-004)
1097.375 .... 3399 packets received, 6345 bps, 79.31%, Err 875 (1.0e-004)
1100.308 .... 3400 packets received, 6330 bps, 79.12%, Err 880 (1.0e-004)
1103.780 .... 3408 packets received, 6325 bps, 79.06%, Err 883 (1.0e-004)
1106.962 .... 3417 packets received, 6323 bps, 79.04%, Err 889 (1.0e-004)
1109.087 .... 3429 packets received, 6333 bps, 79.17%, Err 889 (1.0e-004)
1113.323 .... 3433 packets received, 6317 bps, 78.96%, Err 892 (1.0e-004)
1116.758 .... 3445 packets received, 6319 bps, 78.99%, Err 895 (1.0e-004)
1118.874 .... 3455 packets received, 6326 bps, 79.07%, Err 897 (1.0e-004)
1121.547 .... 3463 packets received, 6325 bps, 79.06%, Err 898 (1.0e-004)
1123.949 .... 3471 packets received, 6326 bps, 79.08%, Err 901 (1.0e-004)
1126.852 .... 3480 packets received, 6326 bps, 79.08%, Err 902 (1.0e-004)
1131.089 .... 3490 packets received, 6321 bps, 79.01%, Err 911 (1.0e-004)
1134.292 .... 3500 packets received, 6321 bps, 79.01%, Err 912 (1.0e-004)
1136.394 .... 3512 packets received, 6331 bps, 79.14%, Err 913 (1.0e-004)
1138.799 .... 3516 packets received, 6325 bps, 79.06%, Err 915 (1.0e-004)
1141.988 .... 3526 packets received, 6325 bps, 79.06%, Err 919 (1.0e-004)
1144.104 .... 3536 packets received, 6331 bps, 79.14%, Err 920 (1.0e-004)
1147.309 .... 3538 packets received, 6317 bps, 78.96%, Err 923 (1.0e-004)
1150.498 .... 3552 packets received, 6324 bps, 79.06%, Err 924 (1.0e-004)
1152.603 .... 3564 packets received, 6334 bps, 79.18%, Err 924 (1.0e-004)
1154.976 .... 3568 packets received, 6328 bps, 79.10%, Err 929 (1.0e-004)
1157.091 .... 3577 packets received, 6333 bps, 79.16%, Err 931 (1.0e-004)
1159.212 .... 3580 packets received, 6326 bps, 79.08%, Err 933 (1.0e-004)
1161.852 .... 3584 packets received, 6319 bps, 78.99%, Err 936 (1.0e-004)
1166.088 .... 3595 packets received, 6315 bps, 78.94%, Err 939 (1.0e-004)
1168.209 .... 3611 packets received, 6332 bps, 79.15%, Err 939 (1.0e-004)
1171.163 .... 3616 packets received, 6325 bps, 79.06%, Err 940 (1.0e-004)
1173.266 .... 3629 packets received, 6336 bps, 79.20%, Err 940 (1.0e-004)
1175.944 .... 3634 packets received, 6330 bps, 79.13%, Err 942 (1.0e-004)
1178.316 .... 3645 packets received, 6337 bps, 79.21%, Err 943 (1.0e-004)
1181.239 .... 3650 packets received, 6330 bps, 79.12%, Err 945 (1.0e-004)
1183.903 .... 3658 packets received, 6329 bps, 79.12%, Err 948 (1.0e-004)
1186.837 .... 3665 packets received, 6326 bps, 79.07%, Err 950 (1.0e-004)
1188.955 .... 3676 packets received, 6333 bps, 79.17%, Err 952 (1.0e-004)
1192.413 .... 3683 packets received, 6327 bps, 79.09%, Err 954 (1.0e-004)
1195.300 .... 3692 packets received, 6327 bps, 79.09%, Err 956 (1.0e-004)
1197.687 .... 3700 packets received, 6328 bps, 79.10%, Err 958 (1.0e-004)
1199.788 .... 3706 packets received, 6327 bps, 79.09%, Err 961 (1.0e-004)
1202.205 .... 3712 packets received, 6325 bps, 79.06%, Err 962 (1.0e-004)
1204.853 .... 3720 packets received, 6325 bps, 79.06%, Err 963 (1.0e-004)
1207.768 .... 3731 packets received, 6328 bps, 79.10%, Err 964 (1.0e-004)
1210.958 .... 3741 packets received, 6328 bps, 79.10%, Err 968 (1.0e-004)
1213.077 .... 3749 packets received, 6331 bps, 79.13%, Err 970 (1.0e-004)
1215.178 .... 3753 packets received, 6327 bps, 79.08%, Err 974 (1.0e-004)
1217.333 .... 3758 packets received, 6324 bps, 79.05%, Err 979 (1.0e-004)
1219.705 .... 3759 packets received, 6313 bps, 78.91%, Err 984 (1.0e-004)
1221.841 .... 3771 packets received, 6322 bps, 79.03%, Err 984 (1.0e-004)
1224.475 .... 3773 packets received, 6312 bps, 78.90%, Err 987 (1.0e-004)
1226.879 .... 3784 packets received, 6318 bps, 78.97%, Err 991 (1.0e-004)
1229.518 .... 3792 packets received, 6318 bps, 78.97%, Err 993 (1.0e-004)
1231.668 .... 3797 packets received, 6315 bps, 78.94%, Err 996 (1.0e-004)
1233.800 .... 3808 packets received, 6322 bps, 79.03%, Err 997 (1.0e-004)
1236.955 .... 3816 packets received, 6319 bps, 78.99%, Err 998 (1.0e-004)
1239.104 .... 3823 packets received, 6320 bps, 79.00%, Err 999 (1.0e-004)
1241.488 .... 3831 packets received, 6321 bps, 79.01%, Err 1002 (1.0e-004)
1243.628 .... 3839 packets received, 6323 bps, 79.04%, Err 1003 (1.0e-004)
1245.763 .... 3845 packets received, 6322 bps, 79.03%, Err 1006 (1.0e-004)
1247.898 .... 3853 packets received, 6325 bps, 79.06%, Err 1006 (1.0e-004)
1250.019 .... 3860 packets received, 6326 bps, 79.07%, Err 1007 (1.0e-004)
1252.177 .... 3867 packets received, 6326 bps, 79.08%, Err 1008 (1.0e-004)
1254.307 .... 3873 packets received, 6325 bps, 79.06%, Err 1009 (1.0e-004)
1256.708 .... 3877 packets received, 6320 bps, 78.99%, Err 1011 (1.0e-004)
1258.828 .... 3886 packets received, 6324 bps, 79.04%, Err 1011 (1.0e-004)
1260.933 .... 3889 packets received, 6318 bps, 78.97%, Err 1013 (1.0e-004)
1263.086 .... 3899 packets received, 6323 bps, 79.04%, Err 1013 (1.0e-004)
1265.212 .... 3907 packets received, 6326 bps, 79.07%, Err 1013 (1.0e-004)
1268.925 .... 3911 packets received, 6314 bps, 78.92%, Err 1018 (1.0e-004)
1271.043 .... 3924 packets received, 6324 bps, 79.05%, Err 1019 (1.0e-004)
1273.166 .... 3927 packets received, 6318 bps, 78.98%, Err 1022 (1.0e-004)
1276.601 .... 3938 packets received, 6319 bps, 78.99%, Err 1025 (1.0e-004)
1278.748 .... 3949 packets received, 6326 bps, 79.07%, Err 1025 (1.0e-004)
1281.673 .... 3955 packets received, 6321 bps, 79.01%, Err 1027 (1.0e-004)
1283.778 .... 3962 packets received, 6322 bps, 79.02%, Err 1028 (1.0e-004)
1286.444 .... 3970 packets received, 6322 bps, 79.02%, Err 1030 (1.0e-004)
1288.563 .... 3981 packets received, 6329 bps, 79.11%, Err 1031 (1.0e-004)
1290.687 .... 3988 packets received, 6329 bps, 79.12%, Err 1033 (1.0e-004)
1292.837 .... 3994 packets received, 6328 bps, 79.10%, Err 1035 (1.0e-004)
1295.995 .... 4000 packets received, 6322 bps, 79.03%, Err 1038 (1.0e-004)
1298.116 .... 4010 packets received, 6328 bps, 79.10%, Err 1040 (1.0e-004)
1301.564 .... 4018 packets received, 6324 bps, 79.05%, Err 1042 (1.0e-004)
1303.665 .... 4025 packets received, 6324 bps, 79.06%, Err 1044 (1.0e-004)
1307.140 .... 4031 packets received, 6317 bps, 78.96%, Err 1050 (1.0e-004)
1309.242 .... 4044 packets received, 6327 bps, 79.09%, Err 1050 (1.0e-004)
1311.359 .... 4051 packets received, 6328 bps, 79.10%, Err 1051 (1.0e-004)
1313.477 .... 4058 packets received, 6329 bps, 79.11%, Err 1054 (1.0e-004)
1316.949 .... 4066 packets received, 6324 bps, 79.05%, Err 1055 (1.0e-004)
1319.612 .... 4075 packets received, 6326 bps, 79.07%, Err 1057 (1.0e-004)
1322.516 .... 4084 packets received, 6326 bps, 79.07%, Err 1059 (1.0e-004)
1324.655 .... 4091 packets received, 6326 bps, 79.08%, Err 1061 (1.0e-004)
1326.772 .... 4101 packets received, 6332 bps, 79.14%, Err 1062 (1.0e-004)
1329.960 .... 4103 packets received, 6319 bps, 78.99%, Err 1066 (1.0e-004)
1333.411 .... 4118 packets received, 6326 bps, 79.08%, Err 1067 (1.0e-004)
1335.813 .... 4126 packets received, 6327 bps, 79.09%, Err 1068 (1.0e-004)
1338.983 .... 4132 packets received, 6321 bps, 79.02%, Err 1072 (1.0e-004)
1341.101 .... 4145 packets received, 6331 bps, 79.14%, Err 1074 (1.0e-004)
1344.035 .... 4151 packets received, 6326 bps, 79.08%, Err 1076 (1.0e-004)
1347.737 .... 4155 packets received, 6315 bps, 78.94%, Err 1079 (1.0e-004)
1349.838 .... 4169 packets received, 6327 bps, 79.08%, Err 1082 (1.0e-004)
1351.977 .... 4179 packets received, 6332 bps, 79.15%, Err 1082 (1.0e-004)
1354.642 .... 4184 packets received, 6327 bps, 79.09%, Err 1084 (1.0e-004)
1358.085 .... 4191 packets received, 6321 bps, 79.02%, Err 1089 (1.0e-004)
1360.990 .... 4200 packets received, 6321 bps, 79.02%, Err 1093 (1.0e-004)
1363.124 .... 4213 packets received, 6331 bps, 79.14%, Err 1093 (1.0e-004)
1366.311 .... 4221 packets received, 6328 bps, 79.10%, Err 1095 (1.0e-004)
1368.427 .... 4231 packets received, 6333 bps, 79.17%, Err 1095 (1.0e-004)
1371.848 .... 4239 packets received, 6330 bps, 79.12%, Err 1097 (1.0e-004)
1373.966 .... 4245 packets received, 6329 bps, 79.11%, Err 1099 (1.0e-004)
1376.084 .... 4252 packets received, 6329 bps, 79.12%, Err 1101 (1.0e-004)
1378.223 .... 4260 packets received, 6332 bps, 79.14%, Err 1103 (1.0e-004)
1380.354 .... 4265 packets received, 6329 bps, 79.11%, Err 1105 (1.0e-004)
1382.756 .... 4272 packets received, 6329 bps, 79.11%, Err 1106 (1.0e-004)
1384.856 .... 4282 packets received, 6334 bps, 79.17%, Err 1107 (1.0e-004)
1387.273 .... 4286 packets received, 6329 bps, 79.11%, Err 1109 (1.0e-004)
1389.642 .... 4293 packets received, 6328 bps, 79.10%, Err 1111 (1.0e-004)
1392.845 .... 4303 packets received, 6328 bps, 79.10%, Err 1112 (1.0e-004)
1395.995 .... 4314 packets received, 6330 bps, 79.13%, Err 1115 (1.0e-004)
1398.394 .... 4318 packets received, 6325 bps, 79.06%, Err 1116 (1.0e-004)
1400.533 .... 4332 packets received, 6336 bps, 79.20%, Err 1116 (1.0e-004)
1402.620 .... 4340 packets received, 6338 bps, 79.23%, Err 1117 (1.0e-004)
1406.338 .... 4341 packets received, 6323 bps, 79.04%, Err 1123 (1.0e-004)
1411.656 .... 4355 packets received, 6319 bps, 78.99%, Err 1129 (1.0e-004)
1413.775 .... 4372 packets received, 6335 bps, 79.18%, Err 1130 (1.0e-004)
1416.161 .... 4377 packets received, 6331 bps, 79.14%, Err 1132 (1.0e-004)
1418.309 .... 4383 packets received, 6330 bps, 79.13%, Err 1136 (1.0e-004)
1420.409 .... 4392 packets received, 6334 bps, 79.17%, Err 1138 (1.0e-004)
1422.548 .... 4399 packets received, 6334 bps, 79.18%, Err 1138 (1.0e-004)
1424.913 .... 4404 packets received, 6331 bps, 79.14%, Err 1140 (1.0e-004)
1427.054 .... 4414 packets received, 6336 bps, 79.20%, Err 1140 (1.0e-004)
1430.504 .... 4420 packets received, 6329 bps, 79.11%, Err 1144 (1.0e-004)
1432.621 .... 4429 packets received, 6333 bps, 79.16%, Err 1147 (1.0e-004)
1435.562 .... 4438 packets received, 6333 bps, 79.16%, Err 1150 (1.0e-004)
1437.651 .... 4449 packets received, 6339 bps, 79.24%, Err 1150 (1.0e-004)
1439.768 .... 4452 packets received, 6334 bps, 79.17%, Err 1153 (1.0e-004)
1442.989 .... 4458 packets received, 6328 bps, 79.10%, Err 1155 (1.0e-004)
1445.892 .... 4472 packets received, 6335 bps, 79.19%, Err 1159 (1.0e-004)
1447.993 .... 4479 packets received, 6336 bps, 79.20%, Err 1161 (1.0e-004)
1450.378 .... 4487 packets received, 6337 bps, 79.21%, Err 1163 (1.0e-004)
1453.025 .... 4495 packets received, 6337 bps, 79.21%, Err 1165 (1.0e-004)
1456.242 .... 4504 packets received, 6335 bps, 79.19%, Err 1167 (1.0e-004)
1458.328 .... 4511 packets received, 6336 bps, 79.20%, Err 1168 (1.0e-004)
1460.499 .... 4523 packets received, 6344 bps, 79.30%, Err 1169 (1.0e-004)
1462.617 .... 4526 packets received, 6339 bps, 79.23%, Err 1171 (1.0e-004)
1465.536 .... 4534 packets received, 6337 bps, 79.21%, Err 1173 (1.0e-004)
1467.923 .... 4541 packets received, 6337 bps, 79.21%, Err 1175 (1.0e-004)
1470.039 .... 4548 packets received, 6337 bps, 79.22%, Err 1176 (1.0e-004)
1472.159 .... 4558 packets received, 6342 bps, 79.28%, Err 1177 (1.0e-004)
1475.361 .... 4560 packets received, 6331 bps, 79.14%, Err 1182 (1.0e-004)
1479.608 .... 4570 packets received, 6327 bps, 79.08%, Err 1189 (1.0e-004)
1481.729 .... 4579 packets received, 6330 bps, 79.13%, Err 1192 (1.0e-004)
1484.104 .... 4583 packets received, 6326 bps, 79.07%, Err 1194 (1.0e-004)
1486.253 .... 4596 packets received, 6334 bps, 79.18%, Err 1195 (1.0e-004)
1488.370 .... 4603 packets received, 6335 bps, 79.19%, Err 1195 (1.0e-004)
1490.473 .... 4611 packets received, 6337 bps, 79.21%, Err 1195 (1.0e-004)
1492.588 .... 4619 packets received, 6339 bps, 79.24%, Err 1195 (1.0e-004)
1494.727 .... 4627 packets received, 6341 bps, 79.26%, Err 1195 (1.0e-004)
1496.860 .... 4634 packets received, 6341 bps, 79.27%, Err 1196 (1.0e-004)
1498.978 .... 4641 packets received, 6342 bps, 79.27%, Err 1198 (1.0e-004)
1501.081 .... 4649 packets received, 6344 bps, 79.30%, Err 1199 (1.0e-004)
1503.219 .... 4652 packets received, 6339 bps, 79.24%, Err 1202 (1.0e-004)
1506.137 .... 4661 packets received, 6339 bps, 79.24%, Err 1204 (1.0e-004)
1508.257 .... 4664 packets received, 6334 bps, 79.18%, Err 1207 (1.0e-004)
1513.048 .... 4673 packets received, 6326 bps, 79.08%, Err 1210 (1.0e-004)
1515.184 .... 4687 packets received, 6336 bps, 79.20%, Err 1213 (1.0e-004)
1518.118 .... 4695 packets received, 6335 bps, 79.19%, Err 1215 (1.0e-004)
1520.223 .... 4707 packets received, 6342 bps, 79.28%, Err 1216 (1.0e-004)
1523.124 .... 4713 packets received, 6338 bps, 79.23%, Err 1218 (1.0e-004)
1525.551 .... 4721 packets received, 6339 bps, 79.24%, Err 1220 (1.0e-004)
1529.000 .... 4727 packets received, 6333 bps, 79.16%, Err 1224 (1.0e-004)
1531.386 .... 4739 packets received, 6339 bps, 79.24%, Err 1226 (1.0e-004)
1533.521 .... 4749 packets received, 6343 bps, 79.29%, Err 1227 (1.0e-004)
1536.176 .... 4754 packets received, 6339 bps, 79.24%, Err 1228 (1.0e-004)
1538.826 .... 4763 packets received, 6340 bps, 79.25%, Err 1232 (1.0e-004)
1540.966 .... 4773 packets received, 6345 bps, 79.31%, Err 1233 (1.0e-004)
1543.616 .... 4778 packets received, 6340 bps, 79.25%, Err 1236 (1.0e-004)
1545.735 .... 4788 packets received, 6345 bps, 79.31%, Err 1236 (1.0e-004)
1547.835 .... 4791 packets received, 6340 bps, 79.25%, Err 1238 (1.0e-004)
1550.252 .... 4795 packets received, 6336 bps, 79.20%, Err 1240 (1.0e-004)
1552.906 .... 4806 packets received, 6339 bps, 79.24%, Err 1244 (1.0e-004)
1555.024 .... 4814 packets received, 6341 bps, 79.27%, Err 1246 (1.0e-004)
1557.410 .... 4818 packets received, 6337 bps, 79.21%, Err 1247 (1.0e-004)
1560.059 .... 4827 packets received, 6338 bps, 79.22%, Err 1249 (1.0e-004)
1562.184 .... 4834 packets received, 6338 bps, 79.23%, Err 1250 (1.0e-004)
1564.300 .... 4846 packets received, 6346 bps, 79.32%, Err 1251 (1.0e-004)
1567.487 .... 4848 packets received, 6335 bps, 79.19%, Err 1254 (1.0e-004)
1569.589 .... 4863 packets received, 6346 bps, 79.33%, Err 1255 (1.0e-004)
1572.257 .... 4868 packets received, 6342 bps, 79.28%, Err 1260 (1.0e-004)
1574.378 .... 4874 packets received, 6341 bps, 79.27%, Err 1262 (1.0e-004)
1576.537 .... 4884 packets received, 6346 bps, 79.32%, Err 1262 (1.0e-004)
1578.911 .... 4888 packets received, 6341 bps, 79.27%, Err 1263 (1.0e-004)
1581.028 .... 4895 packets received, 6342 bps, 79.27%, Err 1264 (1.0e-004)
1583.146 .... 4902 packets received, 6342 bps, 79.28%, Err 1267 (1.0e-004)
1585.520 .... 4908 packets received, 6341 bps, 79.26%, Err 1268 (1.0e-004)
1589.270 .... 4916 packets received, 6336 bps, 79.20%, Err 1273 (1.0e-004)
1591.400 .... 4932 packets received, 6348 bps, 79.35%, Err 1273 (1.0e-004)
1593.477 .... 4935 packets received, 6344 bps, 79.30%, Err 1275 (1.0e-004)
1596.116 .... 4943 packets received, 6344 bps, 79.29%, Err 1277 (1.0e-004)
1598.290 .... 4949 packets received, 6343 bps, 79.28%, Err 1280 (1.0e-004)
1600.675 .... 4953 packets received, 6338 bps, 79.23%, Err 1283 (1.0e-004)
1602.795 .... 4967 packets received, 6348 bps, 79.35%, Err 1283 (1.0e-004)
1610.229 .... 4975 packets received, 6329 bps, 79.11%, Err 1289 (1.0e-004)
1613.688 .... 4993 packets received, 6338 bps, 79.22%, Err 1290 (1.0e-004)
1616.592 .... 5002 packets received, 6338 bps, 79.22%, Err 1293 (1.0e-004)
1619.496 .... 5007 packets received, 6333 bps, 79.16%, Err 1295 (1.0e-004)
1621.885 .... 5017 packets received, 6336 bps, 79.20%, Err 1297 (1.0e-004)
1624.018 .... 5024 packets received, 6337 bps, 79.21%, Err 1299 (1.0e-004)
1627.991 .... 5032 packets received, 6331 bps, 79.14%, Err 1303 (1.0e-004)
1630.940 .... 5041 packets received, 6331 bps, 79.14%, Err 1305 (1.0e-004)
1639.148 .... 5052 packets received, 6313 bps, 78.91%, Err 1312 (1.0e-004)
1641.803 .... 5072 packets received, 6328 bps, 79.10%, Err 1314 (1.0e-004)
1645.238 .... 5080 packets received, 6325 bps, 79.06%, Err 1316 (1.0e-004)
1647.625 .... 5086 packets received, 6323 bps, 79.04%, Err 1318 (1.0e-004)
1651.595 .... 5094 packets received, 6318 bps, 78.97%, Err 1322 (1.0e-004)
1653.958 .... 5106 packets received, 6324 bps, 79.04%, Err 1324 (1.0e-004)
1656.114 .... 5114 packets received, 6325 bps, 79.06%, Err 1325 (1.0e-004)
1658.765 .... 5119 packets received, 6321 bps, 79.02%, Err 1326 (1.0e-004)
1662.983 .... 5130 packets received, 6319 bps, 78.98%, Err 1330 (1.0e-004)
1665.106 .... 5143 packets received, 6327 bps, 79.08%, Err 1330 (1.0e-004)
1667.524 .... 5147 packets received, 6322 bps, 79.03%, Err 1332 (1.0e-004)
1669.640 .... 5154 packets received, 6323 bps, 79.04%, Err 1334 (1.0e-004)
1673.105 .... 5160 packets received, 6317 bps, 78.97%, Err 1339 (1.0e-004)
1676.300 .... 5172 packets received, 6320 bps, 79.00%, Err 1341 (1.0e-004)
1678.435 .... 5183 packets received, 6325 bps, 79.07%, Err 1341 (1.0e-004)
1681.326 .... 5189 packets received, 6322 bps, 79.02%, Err 1344 (1.0e-004)
1683.461 .... 5195 packets received, 6321 bps, 79.01%, Err 1345 (1.0e-004)
1687.439 .... 5204 packets received, 6317 bps, 78.96%, Err 1351 (1.0e-004)
1690.592 .... 5217 packets received, 6321 bps, 79.01%, Err 1355 (1.0e-004)
1692.995 .... 5224 packets received, 6320 bps, 79.01%, Err 1356 (1.0e-004)
1696.169 .... 5234 packets received, 6321 bps, 79.01%, Err 1359 (1.0e-004)
1698.574 .... 5241 packets received, 6320 bps, 79.00%, Err 1362 (1.0e-004)
1700.690 .... 5250 packets received, 6323 bps, 79.04%, Err 1363 (1.0e-004)
1702.794 .... 5258 packets received, 6325 bps, 79.06%, Err 1363 (1.0e-004)
1706.013 .... 5264 packets received, 6320 bps, 79.00%, Err 1368 (1.0e-004)
1708.633 .... 5273 packets received, 6321 bps, 79.02%, Err 1372 (1.0e-004)
1711.033 .... 5281 packets received, 6322 bps, 79.03%, Err 1375 (1.0e-004)
1713.136 .... 5288 packets received, 6323 bps, 79.03%, Err 1377 (1.0e-004)
1715.292 .... 5295 packets received, 6323 bps, 79.04%, Err 1379 (1.0e-004)
1718.711 .... 5303 packets received, 6320 bps, 79.00%, Err 1380 (1.0e-004)
1721.362 .... 5309 packets received, 6317 bps, 78.97%, Err 1385 (1.0e-004)
1723.485 .... 5316 packets received, 6318 bps, 78.97%, Err 1386 (1.0e-004)
1726.419 .... 5322 packets received, 6314 bps, 78.93%, Err 1390 (1.0e-004)
1728.822 .... 5332 packets received, 6317 bps, 78.97%, Err 1394 (1.0e-004)
1730.955 .... 5341 packets received, 6320 bps, 79.00%, Err 1394 (1.0e-004)
1733.058 .... 5349 packets received, 6322 bps, 79.03%, Err 1394 (1.0e-004)
1735.197 .... 5353 packets received, 6319 bps, 78.99%, Err 1395 (1.0e-004)
1737.315 .... 5364 packets received, 6324 bps, 79.05%, Err 1396 (1.0e-004)
1739.432 .... 5367 packets received, 6320 bps, 79.00%, Err 1398 (1.0e-004)
1742.103 .... 5375 packets received, 6320 bps, 79.00%, Err 1400 (1.0e-004)
1747.425 .... 5381 packets received, 6308 bps, 78.84%, Err 1406 (1.0e-004)
1749.529 .... 5398 packets received, 6320 bps, 79.00%, Err 1407 (1.0e-004)
1752.694 .... 5406 packets received, 6318 bps, 78.97%, Err 1408 (1.0e-004)
1754.836 .... 5417 packets received, 6323 bps, 79.04%, Err 1409 (1.0e-004)
1756.969 .... 5425 packets received, 6325 bps, 79.06%, Err 1410 (1.0e-004)
1759.887 .... 5426 packets received, 6315 bps, 78.94%, Err 1411 (1.0e-004)
1763.345 .... 5441 packets received, 6320 bps, 79.00%, Err 1414 (1.0e-004)
1765.462 .... 5452 packets received, 6326 bps, 79.07%, Err 1414 (1.0e-004)
1768.934 .... 5460 packets received, 6322 bps, 79.03%, Err 1417 (1.0e-004)
1771.067 .... 5466 packets received, 6322 bps, 79.02%, Err 1418 (1.0e-004)
1773.453 .... 5473 packets received, 6321 bps, 79.02%, Err 1421 (1.0e-004)
1775.570 .... 5484 packets received, 6326 bps, 79.08%, Err 1421 (1.0e-004)
1777.687 .... 5492 packets received, 6328 bps, 79.10%, Err 1421 (1.0e-004)
1779.819 .... 5500 packets received, 6330 bps, 79.12%, Err 1421 (1.0e-004)
1781.962 .... 5503 packets received, 6326 bps, 79.07%, Err 1425 (1.0e-004)
1786.483 .... 5513 packets received, 6321 bps, 79.01%, Err 1429 (1.0e-004)
1790.202 .... 5525 packets received, 6322 bps, 79.02%, Err 1433 (1.0e-004)
1792.318 .... 5539 packets received, 6330 bps, 79.13%, Err 1435 (1.0e-004)
1794.671 .... 5543 packets received, 6326 bps, 79.08%, Err 1439 (1.0e-004)
1796.790 .... 5553 packets received, 6330 bps, 79.13%, Err 1439 (1.0e-004)
1798.926 .... 5561 packets received, 6332 bps, 79.15%, Err 1440 (1.0e-004)
1801.329 .... 5565 packets received, 6328 bps, 79.10%, Err 1443 (1.0e-004)
1804.283 .... 5575 packets received, 6329 bps, 79.11%, Err 1445 (1.0e-004)
1807.472 .... 5581 packets received, 6325 bps, 79.06%, Err 1449 (1.0e-004)
1810.677 .... 5589 packets received, 6323 bps, 79.03%, Err 1452 (1.0e-004)
1812.795 .... 5603 packets received, 6331 bps, 79.14%, Err 1453 (1.0e-004)
1814.928 .... 5611 packets received, 6333 bps, 79.16%, Err 1453 (1.0e-004)
1817.044 .... 5619 packets received, 6334 bps, 79.18%, Err 1453 (1.0e-004)
1819.161 .... 5627 packets received, 6336 bps, 79.20%, Err 1453 (1.0e-004)
1822.063 .... 5630 packets received, 6329 bps, 79.11%, Err 1459 (1.0e-004)
1824.186 .... 5641 packets received, 6334 bps, 79.18%, Err 1459 (1.0e-004)
1826.322 .... 5645 packets received, 6331 bps, 79.14%, Err 1460 (1.0e-004)
1829.507 .... 5652 packets received, 6328 bps, 79.10%, Err 1463 (1.0e-004)
1831.625 .... 5661 packets received, 6331 bps, 79.13%, Err 1464 (1.0e-004)
1834.805 .... 5671 packets received, 6331 bps, 79.14%, Err 1469 (1.0e-004)
1836.903 .... 5682 packets received, 6336 bps, 79.20%, Err 1469 (1.0e-004)
1839.022 .... 5689 packets received, 6336 bps, 79.21%, Err 1472 (1.0e-004)
1841.940 .... 5695 packets received, 6333 bps, 79.16%, Err 1473 (1.0e-004)
1844.344 .... 5703 packets received, 6334 bps, 79.17%, Err 1475 (1.0e-004)
1846.727 .... 5711 packets received, 6334 bps, 79.18%, Err 1477 (1.0e-004)
1852.017 .... 5714 packets received, 6320 bps, 79.00%, Err 1484 (1.0e-004)
1854.941 .... 5727 packets received, 6324 bps, 79.05%, Err 1487 (1.0e-004)
1857.873 .... 5739 packets received, 6327 bps, 79.09%, Err 1490 (1.0e-004)
1860.260 .... 5745 packets received, 6326 bps, 79.07%, Err 1491 (1.0e-004)
1862.375 .... 5756 packets received, 6331 bps, 79.13%, Err 1492 (1.0e-004)
1865.562 .... 5764 packets received, 6329 bps, 79.11%, Err 1493 (1.0e-004)
1867.694 .... 5774 packets received, 6332 bps, 79.15%, Err 1494 (1.0e-004)
1869.813 .... 5782 packets received, 6334 bps, 79.17%, Err 1494 (1.0e-004)
1871.913 .... 5786 packets received, 6331 bps, 79.14%, Err 1496 (1.0e-004)
1874.312 .... 5794 packets received, 6332 bps, 79.15%, Err 1499 (1.0e-004)
1876.452 .... 5804 packets received, 6336 bps, 79.19%, Err 1501 (1.0e-004)
1879.116 .... 5810 packets received, 6333 bps, 79.16%, Err 1502 (1.0e-004)
1881.239 .... 5817 packets received, 6334 bps, 79.17%, Err 1507 (1.0e-004)
1884.421 .... 5826 packets received, 6333 bps, 79.16%, Err 1512 (1.0e-004)
1886.547 .... 5833 packets received, 6333 bps, 79.16%, Err 1513 (1.0e-004)
1889.748 .... 5840 packets received, 6330 bps, 79.12%, Err 1516 (1.0e-004)
1892.400 .... 5849 packets received, 6331 bps, 79.14%, Err 1517 (1.0e-004)
1894.516 .... 5860 packets received, 6336 bps, 79.20%, Err 1517 (1.0e-004)
1896.633 .... 5868 packets received, 6337 bps, 79.22%, Err 1518 (1.0e-004)
1898.735 .... 5875 packets received, 6338 bps, 79.22%, Err 1518 (1.0e-004)
1900.875 .... 5879 packets received, 6335 bps, 79.19%, Err 1521 (1.0e-004)
1903.276 .... 5885 packets received, 6333 bps, 79.17%, Err 1523 (1.0e-004)
1905.939 .... 5894 packets received, 6334 bps, 79.18%, Err 1524 (1.0e-004)
1908.078 .... 5901 packets received, 6335 bps, 79.18%, Err 1526 (1.0e-004)
1911.246 .... 5910 packets received, 6334 bps, 79.17%, Err 1529 (1.0e-004)
1914.438 .... 5920 packets received, 6334 bps, 79.17%, Err 1532 (1.0e-004)
1916.559 .... 5929 packets received, 6337 bps, 79.21%, Err 1533 (1.0e-004)
1918.684 .... 5937 packets received, 6338 bps, 79.23%, Err 1533 (1.0e-004)
1921.348 .... 5943 packets received, 6336 bps, 79.20%, Err 1537 (1.0e-004)
1923.452 .... 5952 packets received, 6338 bps, 79.23%, Err 1538 (1.0e-004)
1925.822 .... 5957 packets received, 6336 bps, 79.20%, Err 1540 (1.0e-004)
1929.023 .... 5967 packets received, 6336 bps, 79.20%, Err 1543 (1.0e-004)
1931.157 .... 5973 packets received, 6335 bps, 79.19%, Err 1544 (1.0e-004)
1933.260 .... 5980 packets received, 6336 bps, 79.20%, Err 1547 (1.0e-004)
1935.378 .... 5989 packets received, 6338 bps, 79.23%, Err 1548 (1.0e-004)
1937.533 .... 5997 packets received, 6340 bps, 79.25%, Err 1548 (1.0e-004)
1939.666 .... 6005 packets received, 6341 bps, 79.27%, Err 1549 (1.0e-004)
1941.781 .... 6013 packets received, 6343 bps, 79.29%, Err 1550 (1.0e-004)
1944.167 .... 6014 packets received, 6336 bps, 79.20%, Err 1553 (1.0e-004)
1947.338 .... 6024 packets received, 6336 bps, 79.20%, Err 1561 (1.0e-004)
1950.024 .... 6030 packets received, 6334 bps, 79.17%, Err 1562 (1.0e-004)
1954.258 .... 6041 packets received, 6332 bps, 79.15%, Err 1564 (1.0e-004)
1956.378 .... 6055 packets received, 6339 bps, 79.24%, Err 1565 (1.0e-004)
1958.763 .... 6056 packets received, 6333 bps, 79.16%, Err 1567 (1.0e-004)
1960.865 .... 6065 packets received, 6335 bps, 79.19%, Err 1569 (1.0e-004)
1963.002 .... 6071 packets received, 6335 bps, 79.18%, Err 1571 (1.0e-004)
1965.405 .... 6078 packets received, 6334 bps, 79.18%, Err 1573 (1.0e-004)
1967.530 .... 6087 packets received, 6337 bps, 79.21%, Err 1574 (1.0e-004)
1970.710 .... 6094 packets received, 6334 bps, 79.17%, Err 1579 (1.0e-004)
1972.849 .... 6105 packets received, 6338 bps, 79.23%, Err 1579 (1.0e-004)
1975.750 .... 6111 packets received, 6335 bps, 79.19%, Err 1582 (1.0e-004)
1978.402 .... 6112 packets received, 6328 bps, 79.10%, Err 1583 (1.0e-004)
1980.542 .... 6129 packets received, 6339 bps, 79.23%, Err 1584 (1.0e-004)
1982.657 .... 6137 packets received, 6340 bps, 79.25%, Err 1584 (1.0e-004)
1984.758 .... 6141 packets received, 6338 bps, 79.22%, Err 1587 (1.0e-004)
1987.424 .... 6149 packets received, 6337 bps, 79.22%, Err 1589 (1.0e-004)
1989.563 .... 6156 packets received, 6338 bps, 79.22%, Err 1590 (1.0e-004)
1991.949 .... 6164 packets received, 6338 bps, 79.23%, Err 1592 (1.0e-004)
1994.631 .... 6173 packets received, 6339 bps, 79.24%, Err 1593 (1.0e-004)
1998.873 .... 6180 packets received, 6333 bps, 79.16%, Err 1599 (1.0e-004)
2000.977 .... 6193 packets received, 6339 bps, 79.24%, Err 1600 (1.0e-004)
2004.179 .... 6201 packets received, 6337 bps, 79.22%, Err 1603 (1.0e-004)
2006.313 .... 6209 packets received, 6339 bps, 79.24%, Err 1604 (1.0e-004)
2008.413 .... 6213 packets received, 6336 bps, 79.20%, Err 1606 (1.0e-004)
2011.331 .... 6223 packets received, 6337 bps, 79.22%, Err 1609 (1.0e-004)
2014.503 .... 6232 packets received, 6336 bps, 79.21%, Err 1613 (1.0e-004)
2017.175 .... 6241 packets received, 6337 bps, 79.22%, Err 1616 (1.0e-004)
2019.307 .... 6250 packets received, 6340 bps, 79.25%, Err 1616 (1.0e-004)
2021.412 .... 6258 packets received, 6341 bps, 79.26%, Err 1617 (1.0e-004)
2023.560 .... 6264 packets received, 6341 bps, 79.26%, Err 1619 (1.0e-004)
2025.647 .... 6272 packets received, 6342 bps, 79.28%, Err 1622 (1.0e-004)
2029.652 .... 6278 packets received, 6336 bps, 79.20%, Err 1624 (1.0e-004)
2031.771 .... 6291 packets received, 6342 bps, 79.28%, Err 1625 (1.0e-004)
2034.161 .... 6296 packets received, 6340 bps, 79.25%, Err 1628 (1.0e-004)
2037.100 .... 6305 packets received, 6340 bps, 79.24%, Err 1634 (1.0e-004)
2039.479 .... 6311 packets received, 6338 bps, 79.23%, Err 1635 (1.0e-004)
2042.401 .... 6321 packets received, 6339 bps, 79.24%, Err 1637 (1.0e-004)
2044.784 .... 6324 packets received, 6335 bps, 79.18%, Err 1639 (1.0e-004)
2046.926 .... 6334 packets received, 6338 bps, 79.23%, Err 1641 (1.0e-004)
2049.028 .... 6344 packets received, 6342 bps, 79.27%, Err 1641 (1.0e-004)
2051.162 .... 6352 packets received, 6343 bps, 79.29%, Err 1641 (1.0e-004)
2053.278 .... 6360 packets received, 6345 bps, 79.31%, Err 1642 (1.0e-004)
2056.196 .... 6366 packets received, 6341 bps, 79.27%, Err 1644 (1.0e-004)
2058.320 .... 6377 packets received, 6346 bps, 79.32%, Err 1647 (1.0e-004)
2061.502 .... 6385 packets received, 6344 bps, 79.30%, Err 1650 (1.0e-004)
2064.171 .... 6393 packets received, 6344 bps, 79.30%, Err 1651 (1.0e-004)
2068.147 .... 6401 packets received, 6339 bps, 79.24%, Err 1656 (1.0e-004)
2071.334 .... 6410 packets received, 6339 bps, 79.23%, Err 1659 (1.0e-004)
2073.453 .... 6424 packets received, 6346 bps, 79.32%, Err 1659 (1.0e-004)
2075.618 .... 6432 packets received, 6347 bps, 79.34%, Err 1660 (1.0e-004)
2079.605 .... 6437 packets received, 6340 bps, 79.25%, Err 1666 (1.0e-004)
2084.125 .... 6442 packets received, 6331 bps, 79.14%, Err 1668 (1.0e-004)
2086.795 .... 6461 packets received, 6342 bps, 79.27%, Err 1670 (1.0e-004)
2089.180 .... 6469 packets received, 6342 bps, 79.28%, Err 1672 (1.0e-004)
2091.285 .... 6472 packets received, 6339 bps, 79.24%, Err 1674 (1.0e-004)
2094.474 .... 6477 packets received, 6334 bps, 79.18%, Err 1678 (1.0e-004)
2097.092 .... 6485 packets received, 6334 bps, 79.18%, Err 1679 (1.0e-004)
2099.224 .... 6495 packets received, 6337 bps, 79.22%, Err 1682 (1.0e-004)
2101.878 .... 6503 packets received, 6337 bps, 79.21%, Err 1684 (1.0e-004)
2103.996 .... 6514 packets received, 6341 bps, 79.27%, Err 1684 (1.0e-004)
2107.183 .... 6516 packets received, 6334 bps, 79.17%, Err 1688 (1.0e-004)
2110.618 .... 6531 packets received, 6338 bps, 79.23%, Err 1692 (1.0e-004)
2115.424 .... 6533 packets received, 6326 bps, 79.07%, Err 1697 (1.0e-004)
2117.538 .... 6549 packets received, 6335 bps, 79.18%, Err 1698 (1.0e-004)
2119.657 .... 6556 packets received, 6335 bps, 79.19%, Err 1701 (1.0e-004)
2121.810 .... 6559 packets received, 6332 bps, 79.15%, Err 1704 (1.0e-004)
2124.461 .... 6566 packets received, 6331 bps, 79.13%, Err 1705 (1.0e-004)
2126.833 .... 6574 packets received, 6331 bps, 79.14%, Err 1709 (1.0e-004)
2128.969 .... 6579 packets received, 6330 bps, 79.12%, Err 1710 (1.0e-004)
2131.359 .... 6587 packets received, 6330 bps, 79.13%, Err 1713 (1.0e-004)
2133.480 .... 6596 packets received, 6333 bps, 79.16%, Err 1713 (1.0e-004)
2135.584 .... 6600 packets received, 6330 bps, 79.13%, Err 1714 (1.0e-004)
2137.706 .... 6611 packets received, 6334 bps, 79.18%, Err 1714 (1.0e-004)
2140.871 .... 6619 packets received, 6333 bps, 79.16%, Err 1716 (1.0e-004)
2143.028 .... 6625 packets received, 6332 bps, 79.15%, Err 1717 (1.0e-004)
2145.131 .... 6632 packets received, 6333 bps, 79.16%, Err 1721 (1.0e-004)
2147.262 .... 6638 packets received, 6332 bps, 79.15%, Err 1724 (1.0e-004)
2149.395 .... 6648 packets received, 6335 bps, 79.19%, Err 1724 (1.0e-004)
2151.521 .... 6652 packets received, 6333 bps, 79.16%, Err 1725 (1.0e-004)
2153.902 .... 6660 packets received, 6333 bps, 79.17%, Err 1726 (1.0e-004)
2156.024 .... 6667 packets received, 6334 bps, 79.17%, Err 1728 (1.0e-004)
2158.125 .... 6673 packets received, 6333 bps, 79.17%, Err 1732 (1.0e-004)
2160.507 .... 6676 packets received, 6329 bps, 79.11%, Err 1734 (1.0e-004)
2162.606 .... 6685 packets received, 6332 bps, 79.14%, Err 1737 (1.0e-004)
2165.265 .... 6691 packets received, 6329 bps, 79.12%, Err 1739 (1.0e-004)
2168.186 .... 6696 packets received, 6326 bps, 79.07%, Err 1741 (1.0e-004)
2170.341 .... 6706 packets received, 6329 bps, 79.11%, Err 1744 (1.0e-004)
2172.442 .... 6712 packets received, 6328 bps, 79.10%, Err 1747 (1.0e-004)
2174.575 .... 6721 packets received, 6331 bps, 79.13%, Err 1748 (1.0e-004)
2176.693 .... 6725 packets received, 6328 bps, 79.10%, Err 1751 (1.0e-004)
2181.727 .... 6728 packets received, 6316 bps, 78.96%, Err 1754 (1.0e-004)
2184.129 .... 6748 packets received, 6328 bps, 79.10%, Err 1755 (1.0e-004)
2187.047 .... 6753 packets received, 6324 bps, 79.06%, Err 1757 (1.0e-004)
2189.957 .... 6762 packets received, 6324 bps, 79.06%, Err 1759 (1.0e-004)
2192.877 .... 6770 packets received, 6324 bps, 79.04%, Err 1761 (1.0e-004)
2196.854 .... 6778 packets received, 6320 bps, 78.99%, Err 1769 (1.0e-004)
2198.987 .... 6789 packets received, 6324 bps, 79.05%, Err 1770 (1.0e-004)
2201.912 .... 6795 packets received, 6321 bps, 79.01%, Err 1772 (1.0e-004)
2206.667 .... 6797 packets received, 6309 bps, 78.86%, Err 1774 (1.0e-004)
2209.352 .... 6816 packets received, 6319 bps, 78.99%, Err 1777 (1.0e-004)
2212.224 .... 6817 packets received, 6312 bps, 78.90%, Err 1783 (1.0e-004)
2215.690 .... 6829 packets received, 6313 bps, 78.91%, Err 1784 (1.0e-004)
2217.810 .... 6841 packets received, 6318 bps, 78.97%, Err 1784 (1.0e-004)
2220.735 .... 6847 packets received, 6315 bps, 78.94%, Err 1785 (1.0e-004)
2222.853 .... 6859 packets received, 6320 bps, 79.00%, Err 1786 (1.0e-004)
2224.973 .... 6866 packets received, 6321 bps, 79.01%, Err 1788 (1.0e-004)
2228.160 .... 6872 packets received, 6317 bps, 78.96%, Err 1790 (1.0e-004)
2230.278 .... 6884 packets received, 6322 bps, 79.03%, Err 1790 (1.0e-004)
2235.068 .... 6891 packets received, 6315 bps, 78.94%, Err 1795 (1.0e-004)
2237.171 .... 6906 packets received, 6323 bps, 79.04%, Err 1795 (1.0e-004)
2239.588 .... 6910 packets received, 6320 bps, 79.00%, Err 1796 (1.0e-004)
2241.958 .... 6918 packets received, 6320 bps, 79.00%, Err 1799 (1.0e-004)
2244.341 .... 6925 packets received, 6320 bps, 79.00%, Err 1800 (1.0e-004)
2249.383 .... 6933 packets received, 6313 bps, 78.91%, Err 1807 (1.0e-004)
2251.530 .... 6950 packets received, 6323 bps, 79.03%, Err 1808 (1.0e-004)
2253.632 .... 6958 packets received, 6324 bps, 79.05%, Err 1808 (1.0e-004)
2255.749 .... 6961 packets received, 6321 bps, 79.01%, Err 1809 (1.0e-004)
2261.611 .... 6973 packets received, 6315 bps, 78.94%, Err 1816 (1.0e-004)
2264.544 .... 6987 packets received, 6320 bps, 79.00%, Err 1818 (1.0e-004)
2266.661 .... 6998 packets received, 6324 bps, 79.05%, Err 1818 (1.0e-004)
2268.763 .... 7006 packets received, 6325 bps, 79.06%, Err 1818 (1.0e-004)
2271.964 .... 7013 packets received, 6322 bps, 79.03%, Err 1822 (1.0e-004)
2274.102 .... 7022 packets received, 6325 bps, 79.06%, Err 1823 (1.0e-004)
2276.751 .... 7027 packets received, 6322 bps, 79.02%, Err 1826 (1.0e-004)
2278.867 .... 7038 packets received, 6326 bps, 79.07%, Err 1827 (1.0e-004)
2280.990 .... 7045 packets received, 6326 bps, 79.08%, Err 1831 (1.0e-004)
2283.408 .... 7046 packets received, 6320 bps, 79.00%, Err 1833 (1.0e-004)
2285.525 .... 7059 packets received, 6326 bps, 79.08%, Err 1833 (1.0e-004)
2287.911 .... 7064 packets received, 6324 bps, 79.05%, Err 1834 (1.0e-004)
2290.045 .... 7074 packets received, 6327 bps, 79.09%, Err 1835 (1.0e-004)
2292.162 .... 7078 packets received, 6325 bps, 79.06%, Err 1836 (1.0e-004)
2294.263 .... 7089 packets received, 6329 bps, 79.11%, Err 1836 (1.0e-004)
2296.402 .... 7097 packets received, 6330 bps, 79.13%, Err 1837 (1.0e-004)
2298.783 .... 7102 packets received, 6328 bps, 79.10%, Err 1840 (1.0e-004)
2300.905 .... 7110 packets received, 6329 bps, 79.12%, Err 1841 (1.0e-004)
2303.023 .... 7118 packets received, 6331 bps, 79.13%, Err 1842 (1.0e-004)
2305.425 .... 7119 packets received, 6325 bps, 79.06%, Err 1845 (1.0e-004)
2307.543 .... 7127 packets received, 6326 bps, 79.08%, Err 1846 (1.0e-004)
2309.676 .... 7138 packets received, 6330 bps, 79.13%, Err 1847 (1.0e-004)
2313.118 .... 7143 packets received, 6325 bps, 79.06%, Err 1850 (1.0e-004)
2316.319 .... 7156 packets received, 6328 bps, 79.10%, Err 1852 (1.0e-004)
2318.452 .... 7166 packets received, 6331 bps, 79.14%, Err 1852 (1.0e-004)
2321.103 .... 7172 packets received, 6329 bps, 79.11%, Err 1854 (1.0e-004)
2323.203 .... 7178 packets received, 6328 bps, 79.11%, Err 1857 (1.0e-004)
2325.342 .... 7183 packets received, 6327 bps, 79.09%, Err 1860 (1.0e-004)
2327.991 .... 7192 packets received, 6328 bps, 79.10%, Err 1864 (1.0e-004)
2331.192 .... 7200 packets received, 6326 bps, 79.08%, Err 1866 (1.0e-004)
2333.292 .... 7207 packets received, 6327 bps, 79.08%, Err 1868 (1.0e-004)
2335.948 .... 7215 packets received, 6326 bps, 79.08%, Err 1869 (1.0e-004)
2338.072 .... 7222 packets received, 6327 bps, 79.08%, Err 1873 (1.0e-004)
2340.999 .... 7229 packets received, 6325 bps, 79.06%, Err 1875 (1.0e-004)
2343.117 .... 7240 packets received, 6329 bps, 79.11%, Err 1875 (1.0e-004)
2345.502 .... 7245 packets received, 6327 bps, 79.08%, Err 1876 (1.0e-004)
2347.620 .... 7255 packets received, 6330 bps, 79.12%, Err 1877 (1.0e-004)
2349.739 .... 7259 packets received, 6328 bps, 79.09%, Err 1880 (1.0e-004)
2351.853 .... 7266 packets received, 6328 bps, 79.10%, Err 1882 (1.0e-004)
2353.970 .... 7273 packets received, 6328 bps, 79.10%, Err 1885 (1.0e-004)
2356.919 .... 7280 packets received, 6327 bps, 79.08%, Err 1888 (1.0e-004)
2359.307 .... 7286 packets received, 6325 bps, 79.07%, Err 1891 (1.0e-004)
2362.223 .... 7294 packets received, 6324 bps, 79.06%, Err 1893 (1.0e-004)
2365.669 .... 7302 packets received, 6322 bps, 79.03%, Err 1899 (1.0e-004)
2367.787 .... 7313 packets received, 6326 bps, 79.08%, Err 1901 (1.0e-004)
2369.919 .... 7319 packets received, 6326 bps, 79.07%, Err 1902 (1.0e-004)
2372.825 .... 7326 packets received, 6324 bps, 79.05%, Err 1906 (1.0e-004)
2375.212 .... 7333 packets received, 6324 bps, 79.04%, Err 1909 (1.0e-004)
2377.618 .... 7339 packets received, 6322 bps, 79.03%, Err 1910 (1.0e-004)
2379.768 .... 7350 packets received, 6326 bps, 79.08%, Err 1910 (1.0e-004)
2381.871 .... 7358 packets received, 6327 bps, 79.09%, Err 1910 (1.0e-004)
2383.971 .... 7366 packets received, 6329 bps, 79.11%, Err 1911 (1.0e-004)
2386.374 .... 7371 packets received, 6327 bps, 79.08%, Err 1913 (1.0e-004)
2388.462 .... 7380 packets received, 6329 bps, 79.11%, Err 1915 (1.0e-004)
2390.601 .... 7386 packets received, 6328 bps, 79.10%, Err 1917 (1.0e-004)
2392.719 .... 7394 packets received, 6329 bps, 79.12%, Err 1917 (1.0e-004)
2394.834 .... 7402 packets received, 6331 bps, 79.13%, Err 1918 (1.0e-004)
2396.967 .... 7406 packets received, 6329 bps, 79.11%, Err 1920 (1.0e-004)
2399.383 .... 7409 packets received, 6325 bps, 79.06%, Err 1922 (1.0e-004)
2401.484 .... 7422 packets received, 6330 bps, 79.13%, Err 1924 (1.0e-004)
2404.408 .... 7429 packets received, 6329 bps, 79.11%, Err 1925 (1.0e-004)
2406.540 .... 7440 packets received, 6332 bps, 79.15%, Err 1926 (1.0e-004)
2409.431 .... 7447 packets received, 6331 bps, 79.13%, Err 1927 (1.0e-004)
2411.563 .... 7457 packets received, 6334 bps, 79.17%, Err 1928 (1.0e-004)
2414.218 .... 7461 packets received, 6330 bps, 79.12%, Err 1932 (1.0e-004)
2416.870 .... 7469 packets received, 6330 bps, 79.12%, Err 1934 (1.0e-004)
2418.987 .... 7476 packets received, 6330 bps, 79.13%, Err 1936 (1.0e-004)
2422.960 .... 7485 packets received, 6327 bps, 79.09%, Err 1939 (1.0e-004)
2425.077 .... 7497 packets received, 6332 bps, 79.15%, Err 1940 (1.0e-004)
2428.013 .... 7504 packets received, 6330 bps, 79.13%, Err 1943 (1.0e-004)
2431.971 .... 7513 packets received, 6328 bps, 79.09%, Err 1948 (1.0e-004)
2435.160 .... 7526 packets received, 6330 bps, 79.13%, Err 1950 (1.0e-004)
2439.697 .... 7536 packets received, 6327 bps, 79.08%, Err 1958 (1.0e-004)
2442.316 .... 7542 packets received, 6325 bps, 79.06%, Err 1961 (1.0e-004)
2444.989 .... 7555 packets received, 6329 bps, 79.11%, Err 1962 (1.0e-004)
2447.091 .... 7566 packets received, 6333 bps, 79.16%, Err 1962 (1.0e-004)
2449.494 .... 7569 packets received, 6329 bps, 79.11%, Err 1965 (1.0e-004)
2452.426 .... 7575 packets received, 6327 bps, 79.08%, Err 1968 (1.0e-004)
2454.565 .... 7589 packets received, 6333 bps, 79.16%, Err 1968 (1.0e-004)
2457.733 .... 7595 packets received, 6330 bps, 79.12%, Err 1971 (1.0e-004)
2460.939 .... 7606 packets received, 6330 bps, 79.13%, Err 1974 (1.0e-004)
2463.078 .... 7615 packets received, 6332 bps, 79.16%, Err 1975 (1.0e-004)
2465.180 .... 7623 packets received, 6334 bps, 79.17%, Err 1975 (1.0e-004)
2469.431 .... 7630 packets received, 6329 bps, 79.11%, Err 1979 (1.0e-004)
2471.549 .... 7644 packets received, 6335 bps, 79.18%, Err 1979 (1.0e-004)
2473.637 .... 7647 packets received, 6332 bps, 79.15%, Err 1980 (1.0e-004)
2475.792 .... 7658 packets received, 6335 bps, 79.19%, Err 1983 (1.0e-004)
2478.175 .... 7663 packets received, 6334 bps, 79.17%, Err 1985 (1.0e-004)
2480.330 .... 7674 packets received, 6337 bps, 79.21%, Err 1985 (1.0e-004)
2482.978 .... 7680 packets received, 6335 bps, 79.19%, Err 1987 (1.0e-004)
2487.220 .... 7689 packets received, 6332 bps, 79.15%, Err 1991 (1.0e-004)
2489.888 .... 7697 packets received, 6332 bps, 79.15%, Err 1994 (1.0e-004)
2491.992 .... 7710 packets received, 6337 bps, 79.21%, Err 1994 (1.0e-004)
2494.379 .... 7715 packets received, 6335 bps, 79.19%, Err 1996 (1.0e-004)
2497.320 .... 7724 packets received, 6335 bps, 79.19%, Err 1998 (1.0e-004)
2499.436 .... 7733 packets received, 6337 bps, 79.21%, Err 1999 (1.0e-004)
2501.824 .... 7738 packets received, 6335 bps, 79.19%, Err 2000 (1.0e-004)
2503.948 .... 7745 packets received, 6335 bps, 79.19%, Err 2003 (1.0e-004)
2512.159 .... 7749 packets received, 6318 bps, 78.97%, Err 2011 (1.0e-004)
2514.276 .... 7768 packets received, 6328 bps, 79.10%, Err 2012 (1.0e-004)
2516.946 .... 7774 packets received, 6326 bps, 79.08%, Err 2016 (1.0e-004)
2519.057 .... 7779 packets received, 6325 bps, 79.06%, Err 2019 (1.0e-004)
2521.180 .... 7783 packets received, 6323 bps, 79.04%, Err 2021 (1.0e-004)
2524.912 .... 7789 packets received, 6318 bps, 78.98%, Err 2027 (1.0e-004)
2527.035 .... 7803 packets received, 6325 bps, 79.06%, Err 2027 (1.0e-004)
2529.144 .... 7811 packets received, 6326 bps, 79.07%, Err 2028 (1.0e-004)
2532.574 .... 7818 packets received, 6323 bps, 79.04%, Err 2031 (1.0e-004)
2534.723 .... 7824 packets received, 6322 bps, 79.03%, Err 2032 (1.0e-004)
2537.378 .... 7834 packets received, 6324 bps, 79.05%, Err 2034 (1.0e-004)
2539.748 .... 7840 packets received, 6323 bps, 79.03%, Err 2035 (1.0e-004)
2545.068 .... 7851 packets received, 6318 bps, 78.98%, Err 2042 (1.0e-004)
2547.202 .... 7866 packets received, 6325 bps, 79.06%, Err 2042 (1.0e-004)
2549.335 .... 7874 packets received, 6326 bps, 79.08%, Err 2042 (1.0e-004)
2551.439 .... 7882 packets received, 6327 bps, 79.09%, Err 2043 (1.0e-004)
2553.564 .... 7889 packets received, 6328 bps, 79.10%, Err 2044 (1.0e-004)
2556.244 .... 7895 packets received, 6326 bps, 79.07%, Err 2046 (1.0e-004)
2559.167 .... 7904 packets received, 6326 bps, 79.07%, Err 2047 (1.0e-004)
2561.268 .... 7911 packets received, 6326 bps, 79.08%, Err 2048 (1.0e-004)
2563.419 .... 7918 packets received, 6327 bps, 79.08%, Err 2050 (1.0e-004)
2566.336 .... 7927 packets received, 6327 bps, 79.08%, Err 2053 (1.0e-004)
2571.640 .... 7932 packets received, 6318 bps, 78.97%, Err 2057 (1.0e-004)
2574.312 .... 7946 packets received, 6322 bps, 79.03%, Err 2059 (1.0e-004)
2576.430 .... 7959 packets received, 6327 bps, 79.09%, Err 2060 (1.0e-004)
2578.533 .... 7963 packets received, 6325 bps, 79.07%, Err 2061 (1.0e-004)
2580.666 .... 7970 packets received, 6326 bps, 79.07%, Err 2063 (1.0e-004)
2583.290 .... 7974 packets received, 6322 bps, 79.03%, Err 2067 (1.0e-004)
2585.453 .... 7988 packets received, 6328 bps, 79.10%, Err 2068 (1.0e-004)
2587.574 .... 7994 packets received, 6328 bps, 79.10%, Err 2069 (1.0e-004)
2589.975 .... 7999 packets received, 6326 bps, 79.07%, Err 2071 (1.0e-004)
2592.116 .... 8005 packets received, 6325 bps, 79.07%, Err 2075 (1.0e-004)
2594.734 .... 8013 packets received, 6325 bps, 79.07%, Err 2077 (1.0e-004)
