C:\Users\Lao Shi\protocol_laoshi\laoshi_selective.exe -af -ber 1e-4 
=========================================================================
                          Station A                                 
-------------------------------------------------------------------------
Protocol.lib, version 3.0, Build: Oct 19 2009 (jiangy@public3.bta.net.cn)
Channel: 8000 bps, 270 ms propagation delay, bit error rate 1.0E-004
Log file "C:\Users\Lao Shi\protocol_laoshi\laoshi_selective-A.log", TCP port 59144, debug mask 0x00
Station A is waiting for station B on TCP port 59144 ... Done.
New epoch: Mon May 09 18:02:45 2016
=========================================================================
3.488 .... 2 packets received, 1280 bps, 16.00%, Err 4 (1.4e-004)
6.164 .... 7 packets received, 2439 bps, 30.49%, Err 5 (1.0e-004)
8.269 .... 19 packets received, 4875 bps, 60.94%, Err 6 (9.1e-005)
10.411 .... 27 packets received, 5462 bps, 68.27%, Err 7 (8.4e-005)
12.541 .... 35 packets received, 5850 bps, 73.12%, Err 8 (8.0e-005)
14.691 .... 38 packets received, 5403 bps, 67.54%, Err 10 (8.5e-005)
17.863 .... 44 packets received, 5127 bps, 64.09%, Err 16 (1.1e-004)
20.817 .... 46 packets received, 4589 bps, 57.36%, Err 21 (1.3e-004)
23.725 .... 54 packets received, 4718 bps, 58.98%, Err 21 (1.1e-004)
25.835 .... 62 packets received, 4970 bps, 62.13%, Err 23 (1.1e-004)
29.577 .... 65 packets received, 4545 bps, 56.81%, Err 27 (1.1e-004)
32.238 .... 79 packets received, 5064 bps, 63.30%, Err 27 (1.0e-004)
34.366 .... 85 packets received, 5108 bps, 63.85%, Err 27 (9.8e-005)
38.080 .... 92 packets received, 4985 bps, 62.32%, Err 31 (1.0e-004)
40.994 .... 94 packets received, 4729 bps, 59.12%, Err 33 (1.0e-004)
43.929 .... 107 packets received, 5021 bps, 62.77%, Err 33 (9.4e-005)
46.584 .... 112 packets received, 4954 bps, 61.93%, Err 35 (9.4e-005)
49.794 .... 115 packets received, 4757 bps, 59.47%, Err 36 (9.0e-005)
53.231 .... 129 packets received, 4990 bps, 62.38%, Err 38 (8.9e-005)
55.629 .... 137 packets received, 5070 bps, 63.37%, Err 41 (9.2e-005)
58.832 .... 145 packets received, 5072 bps, 63.40%, Err 47 (1.0e-004)
61.502 .... 148 packets received, 4951 bps, 61.89%, Err 49 (1.0e-004)
71.112 .... 152 packets received, 4395 bps, 54.94%, Err 55 (9.7e-005)
74.036 .... 169 packets received, 4693 bps, 58.66%, Err 56 (9.5e-005)
76.139 .... 180 packets received, 4860 bps, 60.75%, Err 57 (9.4e-005)
78.292 .... 188 packets received, 4936 bps, 61.70%, Err 57 (9.1e-005)
80.409 .... 191 packets received, 4882 bps, 61.03%, Err 60 (9.3e-005)
83.631 .... 195 packets received, 4792 bps, 59.90%, Err 61 (9.1e-005)
85.736 .... 206 packets received, 4937 bps, 61.72%, Err 62 (9.0e-005)
87.906 .... 209 packets received, 4885 bps, 61.06%, Err 66 (9.4e-005)
90.870 .... 213 packets received, 4816 bps, 60.20%, Err 69 (9.5e-005)
94.066 .... 222 packets received, 4848 bps, 60.60%, Err 72 (9.6e-005)
96.201 .... 230 packets received, 4911 bps, 61.39%, Err 76 (9.9e-005)
99.389 .... 234 packets received, 4836 bps, 60.45%, Err 80 (1.0e-004)
102.552 .... 239 packets received, 4786 bps, 59.83%, Err 81 (9.9e-005)
105.763 .... 248 packets received, 4815 bps, 60.19%, Err 88 (1.0e-004)
109.207 .... 251 packets received, 4720 bps, 58.99%, Err 91 (1.0e-004)
111.356 .... 259 packets received, 4776 bps, 59.70%, Err 94 (1.1e-004)
113.770 .... 264 packets received, 4764 bps, 59.55%, Err 96 (1.1e-004)
116.940 .... 272 packets received, 4775 bps, 59.69%, Err 104 (1.1e-004)
119.070 .... 274 packets received, 4724 bps, 59.05%, Err 105 (1.1e-004)
121.754 .... 284 packets received, 4788 bps, 59.85%, Err 109 (1.1e-004)
123.879 .... 291 packets received, 4822 bps, 60.28%, Err 111 (1.1e-004)
127.071 .... 298 packets received, 4814 bps, 60.17%, Err 113 (1.1e-004)
130.536 .... 310 packets received, 4874 bps, 60.93%, Err 114 (1.1e-004)
132.692 .... 322 packets received, 4981 bps, 62.26%, Err 114 (1.1e-004)
135.912 .... 329 packets received, 4968 bps, 62.10%, Err 115 (1.1e-004)
140.691 .... 337 packets received, 4916 bps, 61.45%, Err 117 (1.0e-004)
146.557 .... 353 packets received, 4943 bps, 61.78%, Err 122 (1.0e-004)
149.738 .... 368 packets received, 5043 bps, 63.04%, Err 122 (1.0e-004)
153.220 .... 374 packets received, 5008 bps, 62.61%, Err 123 (1.0e-004)
155.913 .... 382 packets received, 5027 bps, 62.84%, Err 124 (9.9e-005)
165.479 .... 394 packets received, 4885 bps, 61.06%, Err 133 (1.0e-004)
170.526 .... 408 packets received, 4908 bps, 61.35%, Err 139 (1.0e-004)
172.677 .... 412 packets received, 4895 bps, 61.18%, Err 142 (1.0e-004)
174.850 .... 423 packets received, 4963 bps, 62.03%, Err 142 (1.0e-004)
177.256 .... 428 packets received, 4953 bps, 61.91%, Err 145 (1.0e-004)
179.415 .... 435 packets received, 4973 bps, 62.17%, Err 146 (1.0e-004)
181.576 .... 446 packets received, 5038 bps, 62.98%, Err 146 (1.0e-004)
183.694 .... 454 packets received, 5070 bps, 63.37%, Err 146 (9.9e-005)
187.163 .... 458 packets received, 5019 bps, 62.74%, Err 150 (1.0e-004)
190.333 .... 468 packets received, 5043 bps, 63.04%, Err 154 (1.0e-004)
193.583 .... 474 packets received, 5022 bps, 62.78%, Err 157 (1.0e-004)
198.081 .... 484 packets received, 5011 bps, 62.64%, Err 162 (1.0e-004)
200.996 .... 488 packets received, 4979 bps, 62.24%, Err 163 (1.0e-004)
203.131 .... 498 packets received, 5028 bps, 62.85%, Err 163 (1.0e-004)
206.662 .... 506 packets received, 5021 bps, 62.77%, Err 165 (1.0e-004)
209.870 .... 517 packets received, 5052 bps, 63.15%, Err 167 (9.9e-005)
211.996 .... 528 packets received, 5108 bps, 63.85%, Err 168 (9.9e-005)
214.148 .... 536 packets received, 5133 bps, 64.16%, Err 169 (9.9e-005)
222.084 .... 538 packets received, 4968 bps, 62.10%, Err 177 (1.0e-004)
224.223 .... 554 packets received, 5067 bps, 63.33%, Err 177 (9.9e-005)
229.021 .... 558 packets received, 4996 bps, 62.45%, Err 182 (9.9e-005)
232.483 .... 569 packets received, 5019 bps, 62.73%, Err 185 (9.9e-005)
234.864 .... 574 packets received, 5011 bps, 62.64%, Err 187 (1.0e-004)
237.773 .... 582 packets received, 5019 bps, 62.74%, Err 190 (1.0e-004)
240.944 .... 591 packets received, 5029 bps, 62.87%, Err 196 (1.0e-004)
244.634 .... 596 packets received, 4995 bps, 62.44%, Err 198 (1.0e-004)
247.520 .... 610 packets received, 5053 bps, 63.16%, Err 200 (1.0e-004)
252.817 .... 616 packets received, 4996 bps, 62.45%, Err 202 (1.0e-004)
255.742 .... 630 packets received, 5051 bps, 63.13%, Err 204 (1.0e-004)
261.059 .... 639 packets received, 5018 bps, 62.73%, Err 208 (1.0e-004)
263.755 .... 650 packets received, 5053 bps, 63.16%, Err 210 (1.0e-004)
265.879 .... 659 packets received, 5082 bps, 63.52%, Err 212 (1.0e-004)
269.060 .... 666 packets received, 5075 bps, 63.43%, Err 213 (9.9e-005)
271.444 .... 674 packets received, 5091 bps, 63.63%, Err 214 (9.9e-005)
273.604 .... 686 packets received, 5140 bps, 64.25%, Err 214 (9.8e-005)
276.795 .... 693 packets received, 5133 bps, 64.16%, Err 216 (9.8e-005)
280.285 .... 701 packets received, 5127 bps, 64.09%, Err 220 (9.8e-005)
283.176 .... 708 packets received, 5126 bps, 64.07%, Err 223 (9.8e-005)
288.819 .... 715 packets received, 5075 bps, 63.44%, Err 232 (1.0e-004)
292.803 .... 722 packets received, 5055 bps, 63.19%, Err 235 (1.0e-004)
294.928 .... 734 packets received, 5102 bps, 63.77%, Err 236 (1.0e-004)
297.059 .... 740 packets received, 5107 bps, 63.83%, Err 237 (1.0e-004)
300.548 .... 748 packets received, 5102 bps, 63.77%, Err 239 (9.9e-005)
310.913 .... 750 packets received, 4945 bps, 61.81%, Err 250 (1.0e-004)
313.817 .... 765 packets received, 4997 bps, 62.46%, Err 252 (1.0e-004)
317.021 .... 775 packets received, 5011 bps, 62.64%, Err 253 (1.0e-004)
319.662 .... 784 packets received, 5027 bps, 62.84%, Err 257 (1.0e-004)
321.792 .... 795 packets received, 5064 bps, 63.30%, Err 257 (1.0e-004)
323.937 .... 802 packets received, 5075 bps, 63.44%, Err 257 (9.9e-005)
327.426 .... 808 packets received, 5058 bps, 63.23%, Err 258 (9.9e-005)
329.819 .... 815 packets received, 5065 bps, 63.31%, Err 261 (9.9e-005)
337.267 .... 819 packets received, 4977 bps, 62.22%, Err 270 (1.0e-004)
340.183 .... 834 packets received, 5025 bps, 62.81%, Err 275 (1.0e-004)
342.347 .... 844 packets received, 5053 bps, 63.17%, Err 275 (1.0e-004)
344.725 .... 848 packets received, 5042 bps, 63.03%, Err 277 (1.0e-004)
347.895 .... 857 packets received, 5049 bps, 63.11%, Err 280 (1.0e-004)
350.567 .... 859 packets received, 5022 bps, 62.78%, Err 281 (1.0e-004)
354.519 .... 868 packets received, 5018 bps, 62.73%, Err 283 (1.0e-004)
357.689 .... 878 packets received, 5031 bps, 62.89%, Err 285 (1.0e-004)
360.868 .... 889 packets received, 5049 bps, 63.12%, Err 288 (1.0e-004)
364.052 .... 892 packets received, 5022 bps, 62.77%, Err 292 (1.0e-004)
366.977 .... 897 packets received, 5010 bps, 62.62%, Err 292 (9.9e-005)
369.118 .... 908 packets received, 5042 bps, 63.02%, Err 293 (9.9e-005)
371.518 .... 912 packets received, 5031 bps, 62.89%, Err 294 (9.9e-005)
376.054 .... 919 packets received, 5009 bps, 62.61%, Err 301 (1.0e-004)
378.974 .... 929 packets received, 5024 bps, 62.80%, Err 302 (1.0e-004)
381.098 .... 932 packets received, 5012 bps, 62.65%, Err 306 (1.0e-004)
384.267 .... 941 packets received, 5019 bps, 62.74%, Err 307 (1.0e-004)
386.695 .... 949 packets received, 5030 bps, 62.87%, Err 309 (1.0e-004)
388.820 .... 956 packets received, 5039 bps, 62.99%, Err 311 (1.0e-004)
392.016 .... 965 packets received, 5045 bps, 63.06%, Err 314 (1.0e-004)
394.420 .... 966 packets received, 5020 bps, 62.74%, Err 318 (1.0e-004)
399.976 .... 980 packets received, 5022 bps, 62.77%, Err 321 (1.0e-004)
402.365 .... 994 packets received, 5063 bps, 63.29%, Err 322 (1.0e-004)
408.489 .... 1000 packets received, 5017 bps, 62.71%, Err 328 (1.0e-004)
411.697 .... 1012 packets received, 5038 bps, 62.97%, Err 330 (1.0e-004)
414.897 .... 1019 packets received, 5033 bps, 62.92%, Err 332 (1.0e-004)
417.018 .... 1030 packets received, 5062 bps, 63.27%, Err 333 (1.0e-004)
421.345 .... 1031 packets received, 5015 bps, 62.68%, Err 339 (1.0e-004)
424.772 .... 1041 packets received, 5022 bps, 62.78%, Err 340 (1.0e-004)
427.693 .... 1046 packets received, 5012 bps, 62.65%, Err 343 (1.0e-004)
434.588 .... 1049 packets received, 4947 bps, 61.83%, Err 346 (1.0e-004)
437.782 .... 1064 packets received, 4981 bps, 62.26%, Err 349 (1.0e-004)
440.990 .... 1070 packets received, 4972 bps, 62.16%, Err 350 (9.9e-005)
443.377 .... 1081 packets received, 4996 bps, 62.46%, Err 351 (9.9e-005)
446.569 .... 1091 packets received, 5007 bps, 62.58%, Err 353 (9.9e-005)
450.316 .... 1095 packets received, 4983 bps, 62.29%, Err 360 (1.0e-004)
452.711 .... 1102 packets received, 4988 bps, 62.36%, Err 362 (1.0e-004)
454.840 .... 1110 packets received, 5001 bps, 62.51%, Err 362 (9.9e-005)
456.980 .... 1113 packets received, 4991 bps, 62.39%, Err 365 (1.0e-004)
460.222 .... 1118 packets received, 4978 bps, 62.23%, Err 371 (1.0e-004)
463.145 .... 1124 packets received, 4973 bps, 62.17%, Err 372 (1.0e-004)
465.255 .... 1135 packets received, 4999 bps, 62.49%, Err 373 (1.0e-004)
467.379 .... 1142 packets received, 5007 bps, 62.59%, Err 373 (1.0e-004)
469.539 .... 1144 packets received, 4993 bps, 62.41%, Err 375 (1.0e-004)
472.484 .... 1153 packets received, 5001 bps, 62.51%, Err 378 (1.0e-004)
475.926 .... 1160 packets received, 4995 bps, 62.43%, Err 382 (1.0e-004)
478.096 .... 1173 packets received, 5028 bps, 62.85%, Err 383 (1.0e-004)
482.141 .... 1174 packets received, 4990 bps, 62.37%, Err 386 (1.0e-004)
485.586 .... 1187 packets received, 5009 bps, 62.62%, Err 389 (1.0e-004)
487.706 .... 1191 packets received, 5004 bps, 62.55%, Err 392 (1.0e-004)
489.849 .... 1201 packets received, 5024 bps, 62.80%, Err 392 (1.0e-004)
494.896 .... 1206 packets received, 4994 bps, 62.42%, Err 396 (1.0e-004)
498.068 .... 1217 packets received, 5007 bps, 62.59%, Err 398 (1.0e-004)
500.204 .... 1228 packets received, 5031 bps, 62.88%, Err 399 (1.0e-004)
508.206 .... 1230 packets received, 4960 bps, 61.99%, Err 409 (1.0e-004)
511.378 .... 1246 packets received, 4993 bps, 62.41%, Err 410 (1.0e-004)
520.689 .... 1256 packets received, 4943 bps, 61.79%, Err 416 (1.0e-004)
525.724 .... 1270 packets received, 4950 bps, 61.88%, Err 419 (1.0e-004)
528.415 .... 1279 packets received, 4960 bps, 62.00%, Err 424 (1.0e-004)
531.051 .... 1284 packets received, 4954 bps, 61.93%, Err 428 (1.0e-004)
535.051 .... 1288 packets received, 4933 bps, 61.66%, Err 431 (1.0e-004)
537.206 .... 1302 packets received, 4966 bps, 62.08%, Err 434 (1.0e-004)
539.348 .... 1305 packets received, 4958 bps, 61.97%, Err 435 (1.0e-004)
542.010 .... 1310 packets received, 4952 bps, 61.91%, Err 436 (1.0e-004)
544.133 .... 1315 packets received, 4952 bps, 61.90%, Err 438 (1.0e-004)
547.583 .... 1322 packets received, 4947 bps, 61.84%, Err 439 (1.0e-004)
549.754 .... 1336 packets received, 4980 bps, 62.25%, Err 440 (1.0e-004)
551.870 .... 1342 packets received, 4983 bps, 62.28%, Err 441 (1.0e-004)
554.238 .... 1345 packets received, 4973 bps, 62.16%, Err 443 (1.0e-004)
559.328 .... 1353 packets received, 4957 bps, 61.96%, Err 448 (1.0e-004)
562.519 .... 1365 packets received, 4972 bps, 62.15%, Err 451 (1.0e-004)
564.662 .... 1373 packets received, 4982 bps, 62.28%, Err 451 (1.0e-004)
566.835 .... 1381 packets received, 4992 bps, 62.40%, Err 451 (9.9e-005)
569.770 .... 1387 packets received, 4988 bps, 62.35%, Err 452 (9.9e-005)
574.277 .... 1394 packets received, 4974 bps, 62.17%, Err 460 (1.0e-004)
576.680 .... 1401 packets received, 4978 bps, 62.22%, Err 462 (1.0e-004)
579.592 .... 1405 packets received, 4967 bps, 62.09%, Err 465 (1.0e-004)
582.526 .... 1414 packets received, 4974 bps, 62.17%, Err 466 (1.0e-004)
584.673 .... 1423 packets received, 4987 bps, 62.34%, Err 467 (1.0e-004)
586.820 .... 1434 packets received, 5007 bps, 62.59%, Err 467 (9.9e-005)
588.986 .... 1442 packets received, 5017 bps, 62.71%, Err 469 (1.0e-004)
596.725 .... 1443 packets received, 4955 bps, 61.94%, Err 478 (1.0e-004)
598.851 .... 1459 packets received, 4992 bps, 62.40%, Err 478 (1.0e-004)
600.985 .... 1465 packets received, 4995 bps, 62.43%, Err 480 (1.0e-004)
603.133 .... 1473 packets received, 5004 bps, 62.55%, Err 481 (1.0e-004)
606.351 .... 1480 packets received, 5001 bps, 62.51%, Err 486 (1.0e-004)
608.987 .... 1481 packets received, 4983 bps, 62.29%, Err 489 (1.0e-004)
612.426 .... 1491 packets received, 4988 bps, 62.35%, Err 492 (1.0e-004)
614.816 .... 1496 packets received, 4986 bps, 62.32%, Err 493 (1.0e-004)
616.945 .... 1500 packets received, 4982 bps, 62.27%, Err 494 (1.0e-004)
619.864 .... 1508 packets received, 4985 bps, 62.31%, Err 498 (1.0e-004)
623.045 .... 1513 packets received, 4976 bps, 62.20%, Err 502 (1.0e-004)
625.940 .... 1521 packets received, 4979 bps, 62.24%, Err 505 (1.0e-004)
629.129 .... 1526 packets received, 4970 bps, 62.12%, Err 507 (1.0e-004)
632.031 .... 1537 packets received, 4983 bps, 62.28%, Err 510 (1.0e-004)
634.677 .... 1541 packets received, 4975 bps, 62.19%, Err 510 (1.0e-004)
636.788 .... 1556 packets received, 5007 bps, 62.58%, Err 510 (1.0e-004)
641.027 .... 1558 packets received, 4980 bps, 62.25%, Err 513 (1.0e-004)
644.208 .... 1572 packets received, 5000 bps, 62.50%, Err 514 (1.0e-004)
648.224 .... 1573 packets received, 4972 bps, 62.15%, Err 517 (1.0e-004)
654.348 .... 1586 packets received, 4966 bps, 62.08%, Err 523 (1.0e-004)
656.477 .... 1601 packets received, 4997 bps, 62.46%, Err 523 (1.0e-004)
659.956 .... 1608 packets received, 4992 bps, 62.40%, Err 527 (1.0e-004)
667.380 .... 1613 packets received, 4952 bps, 61.90%, Err 535 (1.0e-004)
669.536 .... 1629 packets received, 4985 bps, 62.31%, Err 536 (1.0e-004)
671.644 .... 1633 packets received, 4982 bps, 62.27%, Err 537 (1.0e-004)
679.622 .... 1638 packets received, 4938 bps, 61.73%, Err 546 (1.0e-004)
681.786 .... 1653 packets received, 4967 bps, 62.09%, Err 546 (1.0e-004)
684.201 .... 1658 packets received, 4965 bps, 62.06%, Err 547 (1.0e-004)
686.302 .... 1669 packets received, 4983 bps, 62.28%, Err 547 (1.0e-004)
689.207 .... 1675 packets received, 4979 bps, 62.24%, Err 550 (1.0e-004)
691.316 .... 1682 packets received, 4985 bps, 62.31%, Err 551 (1.0e-004)
694.495 .... 1693 packets received, 4995 bps, 62.43%, Err 554 (1.0e-004)
697.690 .... 1698 packets received, 4986 bps, 62.33%, Err 555 (9.9e-005)
701.125 .... 1711 packets received, 5000 bps, 62.50%, Err 559 (1.0e-004)
704.351 .... 1717 packets received, 4994 bps, 62.43%, Err 563 (1.0e-004)
707.557 .... 1725 packets received, 4995 bps, 62.44%, Err 565 (1.0e-004)
711.535 .... 1734 packets received, 4993 bps, 62.41%, Err 572 (1.0e-004)
713.669 .... 1735 packets received, 4981 bps, 62.26%, Err 574 (1.0e-004)
716.852 .... 1738 packets received, 4967 bps, 62.09%, Err 578 (1.0e-004)
720.017 .... 1750 packets received, 4980 bps, 62.25%, Err 581 (1.0e-004)
722.649 .... 1752 packets received, 4967 bps, 62.09%, Err 584 (1.0e-004)
725.833 .... 1759 packets received, 4965 bps, 62.06%, Err 585 (1.0e-004)
727.940 .... 1766 packets received, 4970 bps, 62.13%, Err 588 (1.0e-004)
731.441 .... 1769 packets received, 4955 bps, 61.94%, Err 589 (1.0e-004)
733.555 .... 1783 packets received, 4980 bps, 62.25%, Err 591 (1.0e-004)
735.669 .... 1791 packets received, 4988 bps, 62.35%, Err 592 (1.0e-004)
737.830 .... 1798 packets received, 4993 bps, 62.41%, Err 592 (1.0e-004)
741.300 .... 1804 packets received, 4986 bps, 62.32%, Err 596 (1.0e-004)
743.442 .... 1816 packets received, 5005 bps, 62.56%, Err 597 (1.0e-004)
745.581 .... 1823 packets received, 5009 bps, 62.62%, Err 597 (1.0e-004)
748.289 .... 1828 packets received, 5005 bps, 62.56%, Err 600 (1.0e-004)
751.470 .... 1837 packets received, 5008 bps, 62.60%, Err 605 (1.0e-004)
754.685 .... 1841 packets received, 4998 bps, 62.47%, Err 607 (1.0e-004)
756.803 .... 1851 packets received, 5011 bps, 62.64%, Err 607 (1.0e-004)
759.734 .... 1856 packets received, 5005 bps, 62.56%, Err 609 (1.0e-004)
761.861 .... 1863 packets received, 5010 bps, 62.62%, Err 611 (1.0e-004)
765.054 .... 1868 packets received, 5002 bps, 62.53%, Err 613 (1.0e-004)
768.285 .... 1877 packets received, 5005 bps, 62.57%, Err 616 (1.0e-004)
772.020 .... 1883 packets received, 4997 bps, 62.46%, Err 618 (1.0e-004)
774.132 .... 1895 packets received, 5015 bps, 62.69%, Err 618 (1.0e-004)
776.256 .... 1899 packets received, 5012 bps, 62.65%, Err 620 (1.0e-004)
779.460 .... 1902 packets received, 4999 bps, 62.49%, Err 625 (1.0e-004)
782.132 .... 1906 packets received, 4993 bps, 62.41%, Err 627 (1.0e-004)
784.255 .... 1919 packets received, 5013 bps, 62.66%, Err 627 (1.0e-004)
786.942 .... 1924 packets received, 5009 bps, 62.61%, Err 631 (1.0e-004)
790.662 .... 1928 packets received, 4996 bps, 62.45%, Err 636 (1.0e-004)
793.569 .... 1937 packets received, 5001 bps, 62.51%, Err 638 (1.0e-004)
798.142 .... 1941 packets received, 4982 bps, 62.28%, Err 643 (1.0e-004)
808.754 .... 1954 packets received, 4950 bps, 61.87%, Err 650 (1.0e-004)
810.866 .... 1969 packets received, 4975 bps, 62.19%, Err 650 (1.0e-004)
814.344 .... 1974 packets received, 4966 bps, 62.08%, Err 653 (1.0e-004)
817.567 .... 1982 packets received, 4967 bps, 62.08%, Err 655 (1.0e-004)
820.740 .... 1993 packets received, 4975 bps, 62.19%, Err 658 (1.0e-004)
823.947 .... 1996 packets received, 4963 bps, 62.04%, Err 661 (1.0e-004)
826.595 .... 2008 packets received, 4977 bps, 62.21%, Err 662 (1.0e-004)
828.729 .... 2014 packets received, 4979 bps, 62.24%, Err 663 (1.0e-004)
831.942 .... 2016 packets received, 4965 bps, 62.06%, Err 668 (1.0e-004)
835.146 .... 2023 packets received, 4963 bps, 62.03%, Err 669 (1.0e-004)
837.260 .... 2035 packets received, 4979 bps, 62.24%, Err 670 (1.0e-004)
840.695 .... 2040 packets received, 4971 bps, 62.14%, Err 675 (1.0e-004)
842.841 .... 2053 packets received, 4990 bps, 62.38%, Err 675 (1.0e-004)
844.940 .... 2060 packets received, 4995 bps, 62.44%, Err 678 (1.0e-004)
848.123 .... 2063 packets received, 4983 bps, 62.29%, Err 680 (1.0e-004)
850.283 .... 2078 packets received, 5007 bps, 62.58%, Err 681 (1.0e-004)
853.802 .... 2086 packets received, 5005 bps, 62.57%, Err 682 (1.0e-004)
855.934 .... 2093 packets received, 5010 bps, 62.62%, Err 683 (1.0e-004)
860.191 .... 2099 packets received, 4999 bps, 62.49%, Err 688 (1.0e-004)
863.942 .... 2113 packets received, 5011 bps, 62.63%, Err 691 (1.0e-004)
868.743 .... 2117 packets received, 4992 bps, 62.40%, Err 697 (1.0e-004)
871.659 .... 2127 packets received, 4999 bps, 62.49%, Err 698 (1.0e-004)
876.459 .... 2134 packets received, 4988 bps, 62.35%, Err 703 (1.0e-004)
883.081 .... 2146 packets received, 4979 bps, 62.23%, Err 709 (1.0e-004)
886.004 .... 2160 packets received, 4994 bps, 62.43%, Err 711 (1.0e-004)
890.783 .... 2164 packets received, 4977 bps, 62.21%, Err 715 (1.0e-004)
894.226 .... 2171 packets received, 4974 bps, 62.17%, Err 718 (1.0e-004)
899.020 .... 2180 packets received, 4968 bps, 62.10%, Err 721 (1.0e-004)
901.422 .... 2196 packets received, 4991 bps, 62.39%, Err 721 (1.0e-004)
904.355 .... 2200 packets received, 4984 bps, 62.30%, Err 722 (1.0e-004)
906.503 .... 2205 packets received, 4983 bps, 62.29%, Err 725 (1.0e-004)
909.681 .... 2211 packets received, 4979 bps, 62.24%, Err 727 (1.0e-004)
912.620 .... 2221 packets received, 4986 bps, 62.32%, Err 729 (1.0e-004)
915.288 .... 2225 packets received, 4980 bps, 62.25%, Err 731 (1.0e-004)
918.518 .... 2227 packets received, 4967 bps, 62.09%, Err 735 (1.0e-004)
921.178 .... 2231 packets received, 4962 bps, 62.02%, Err 737 (1.0e-004)
923.276 .... 2242 packets received, 4975 bps, 62.18%, Err 739 (1.0e-004)
925.423 .... 2245 packets received, 4970 bps, 62.12%, Err 741 (1.0e-004)
927.538 .... 2255 packets received, 4981 bps, 62.26%, Err 742 (1.0e-004)
930.505 .... 2261 packets received, 4978 bps, 62.22%, Err 746 (1.0e-004)
933.986 .... 2271 packets received, 4981 bps, 62.27%, Err 748 (1.0e-004)
936.110 .... 2283 packets received, 4996 bps, 62.45%, Err 749 (1.0e-004)
938.526 .... 2287 packets received, 4992 bps, 62.40%, Err 753 (1.0e-004)
941.709 .... 2292 packets received, 4986 bps, 62.33%, Err 754 (1.0e-004)
943.843 .... 2306 packets received, 5005 bps, 62.57%, Err 755 (1.0e-004)
946.002 .... 2309 packets received, 5000 bps, 62.50%, Err 757 (1.0e-004)
949.179 .... 2320 packets received, 5007 bps, 62.59%, Err 759 (1.0e-004)
952.369 .... 2327 packets received, 5006 bps, 62.57%, Err 760 (1.0e-004)
954.521 .... 2341 packets received, 5024 bps, 62.80%, Err 763 (1.0e-004)
957.696 .... 2347 packets received, 5020 bps, 62.76%, Err 768 (1.0e-004)
961.671 .... 2352 packets received, 5010 bps, 62.63%, Err 775 (1.0e-004)
964.880 .... 2359 packets received, 5009 bps, 62.61%, Err 777 (1.0e-004)
967.025 .... 2369 packets received, 5019 bps, 62.73%, Err 777 (1.0e-004)
969.690 .... 2373 packets received, 5013 bps, 62.67%, Err 778 (1.0e-004)
971.838 .... 2384 packets received, 5025 bps, 62.82%, Err 779 (1.0e-004)
973.958 .... 2391 packets received, 5029 bps, 62.86%, Err 779 (1.0e-004)
976.105 .... 2399 packets received, 5035 bps, 62.94%, Err 781 (1.0e-004)
979.307 .... 2406 packets received, 5033 bps, 62.91%, Err 783 (1.0e-004)
982.473 .... 2415 packets received, 5036 bps, 62.95%, Err 785 (1.0e-004)
987.316 .... 2424 packets received, 5030 bps, 62.87%, Err 789 (1.0e-004)
989.730 .... 2437 packets received, 5044 bps, 63.05%, Err 791 (1.0e-004)
992.100 .... 2440 packets received, 5038 bps, 62.98%, Err 794 (1.0e-004)
994.249 .... 2446 packets received, 5040 bps, 63.00%, Err 797 (1.0e-004)
998.254 .... 2451 packets received, 5030 bps, 62.87%, Err 800 (1.0e-004)
1006.482 .... 2462 packets received, 5011 bps, 62.64%, Err 805 (1.0e-004)
1012.065 .... 2477 packets received, 5014 bps, 62.67%, Err 810 (1.0e-004)
1015.263 .... 2492 packets received, 5028 bps, 62.85%, Err 812 (1.0e-004)
1018.719 .... 2498 packets received, 5023 bps, 62.79%, Err 815 (1.0e-004)
1020.825 .... 2508 packets received, 5033 bps, 62.91%, Err 816 (1.0e-004)
1023.205 .... 2512 packets received, 5029 bps, 62.87%, Err 818 (1.0e-004)
1025.320 .... 2523 packets received, 5041 bps, 63.01%, Err 820 (1.0e-004)
1029.583 .... 2525 packets received, 5024 bps, 62.80%, Err 824 (1.0e-004)
1032.505 .... 2535 packets received, 5030 bps, 62.87%, Err 827 (1.0e-004)
1035.457 .... 2538 packets received, 5021 bps, 62.77%, Err 828 (1.0e-004)
1038.630 .... 2547 packets received, 5024 bps, 62.80%, Err 833 (1.0e-004)
1041.271 .... 2551 packets received, 5019 bps, 62.73%, Err 835 (1.0e-004)
1043.630 .... 2559 packets received, 5023 bps, 62.79%, Err 835 (1.0e-004)
1045.791 .... 2565 packets received, 5024 bps, 62.81%, Err 836 (1.0e-004)
1048.973 .... 2567 packets received, 5013 bps, 62.66%, Err 838 (1.0e-004)
1051.897 .... 2577 packets received, 5019 bps, 62.73%, Err 841 (1.0e-004)
1055.080 .... 2587 packets received, 5023 bps, 62.79%, Err 843 (1.0e-004)
1058.007 .... 2593 packets received, 5021 bps, 62.76%, Err 845 (1.0e-004)
1060.392 .... 2603 packets received, 5029 bps, 62.86%, Err 849 (1.0e-004)
1063.604 .... 2606 packets received, 5019 bps, 62.74%, Err 851 (1.0e-004)
1067.069 .... 2617 packets received, 5024 bps, 62.80%, Err 853 (1.0e-004)
1069.191 .... 2625 packets received, 5029 bps, 62.87%, Err 853 (1.0e-004)
1072.412 .... 2633 packets received, 5030 bps, 62.87%, Err 855 (1.0e-004)
1075.599 .... 2643 packets received, 5034 bps, 62.92%, Err 859 (1.0e-004)
1078.535 .... 2646 packets received, 5026 bps, 62.82%, Err 861 (1.0e-004)
1080.945 .... 2650 packets received, 5022 bps, 62.78%, Err 864 (1.0e-004)
1083.065 .... 2659 packets received, 5029 bps, 62.87%, Err 866 (1.0e-004)
1085.206 .... 2667 packets received, 5034 bps, 62.93%, Err 866 (1.0e-004)
1087.370 .... 2670 packets received, 5030 bps, 62.88%, Err 870 (1.0e-004)
1091.615 .... 2676 packets received, 5022 bps, 62.77%, Err 873 (1.0e-004)
1095.068 .... 2688 packets received, 5028 bps, 62.86%, Err 876 (1.0e-004)
1097.198 .... 2696 packets received, 5034 bps, 62.92%, Err 876 (1.0e-004)
1101.458 .... 2698 packets received, 5018 bps, 62.72%, Err 882 (1.0e-004)
1103.574 .... 2704 packets received, 5019 bps, 62.74%, Err 883 (1.0e-004)
1108.134 .... 2705 packets received, 5001 bps, 62.51%, Err 888 (1.0e-004)
1110.242 .... 2714 packets received, 5008 bps, 62.60%, Err 892 (1.0e-004)
1112.911 .... 2719 packets received, 5005 bps, 62.56%, Err 898 (1.0e-004)
1115.832 .... 2722 packets received, 4997 bps, 62.47%, Err 900 (1.0e-004)
1118.479 .... 2729 packets received, 4998 bps, 62.48%, Err 902 (1.0e-004)
1121.150 .... 2734 packets received, 4995 bps, 62.44%, Err 906 (1.0e-004)
1124.108 .... 2735 packets received, 4984 bps, 62.30%, Err 910 (1.0e-004)
1127.304 .... 2746 packets received, 4990 bps, 62.37%, Err 910 (1.0e-004)
1129.972 .... 2756 packets received, 4996 bps, 62.45%, Err 912 (1.0e-004)
1132.072 .... 2766 packets received, 5005 bps, 62.56%, Err 913 (1.0e-004)
1134.206 .... 2772 packets received, 5007 bps, 62.58%, Err 914 (1.0e-004)
1137.929 .... 2776 packets received, 4997 bps, 62.47%, Err 917 (1.0e-004)
1141.083 .... 2785 packets received, 5000 bps, 62.50%, Err 919 (1.0e-004)
1144.242 .... 2792 packets received, 4998 bps, 62.48%, Err 921 (1.0e-004)
1146.381 .... 2806 packets received, 5014 bps, 62.68%, Err 922 (1.0e-004)
1150.349 .... 2807 packets received, 4999 bps, 62.48%, Err 924 (1.0e-004)
1152.475 .... 2821 packets received, 5014 bps, 62.68%, Err 926 (1.0e-004)
1155.172 .... 2827 packets received, 5013 bps, 62.67%, Err 928 (1.0e-004)
1157.273 .... 2838 packets received, 5024 bps, 62.79%, Err 928 (1.0e-004)
1160.488 .... 2846 packets received, 5024 bps, 62.80%, Err 929 (1.0e-004)
1163.937 .... 2857 packets received, 5028 bps, 62.85%, Err 932 (1.0e-004)
1166.851 .... 2862 packets received, 5024 bps, 62.81%, Err 934 (1.0e-004)
1170.069 .... 2870 packets received, 5025 bps, 62.81%, Err 936 (1.0e-004)
1172.223 .... 2879 packets received, 5031 bps, 62.89%, Err 939 (1.0e-004)
1174.864 .... 2884 packets received, 5029 bps, 62.86%, Err 940 (1.0e-004)
1179.646 .... 2890 packets received, 5019 bps, 62.73%, Err 945 (1.0e-004)
1183.099 .... 2904 packets received, 5028 bps, 62.85%, Err 945 (1.0e-004)
1185.747 .... 2910 packets received, 5027 bps, 62.84%, Err 947 (1.0e-004)
1189.754 .... 2921 packets received, 5029 bps, 62.87%, Err 950 (1.0e-004)
1193.748 .... 2928 packets received, 5024 bps, 62.81%, Err 954 (1.0e-004)
1197.991 .... 2939 packets received, 5026 bps, 62.82%, Err 956 (1.0e-004)
1200.124 .... 2951 packets received, 5037 bps, 62.96%, Err 956 (1.0e-004)
1202.832 .... 2955 packets received, 5033 bps, 62.91%, Err 961 (1.0e-004)
1206.070 .... 2957 packets received, 5022 bps, 62.78%, Err 968 (1.0e-004)
1208.450 .... 2963 packets received, 5023 bps, 62.78%, Err 969 (1.0e-004)
1210.568 .... 2970 packets received, 5026 bps, 62.82%, Err 969 (1.0e-004)
1212.707 .... 2977 packets received, 5029 bps, 62.86%, Err 970 (1.0e-004)
1216.959 .... 2978 packets received, 5013 bps, 62.66%, Err 972 (1.0e-004)
1219.878 .... 2992 packets received, 5024 bps, 62.80%, Err 973 (1.0e-004)
1222.002 .... 2994 packets received, 5019 bps, 62.74%, Err 974 (1.0e-004)
1225.192 .... 3006 packets received, 5026 bps, 62.82%, Err 976 (1.0e-004)
1232.655 .... 3010 packets received, 5002 bps, 62.53%, Err 987 (1.0e-004)
1234.777 .... 3026 packets received, 5020 bps, 62.75%, Err 987 (1.0e-004)
1236.935 .... 3029 packets received, 5016 bps, 62.70%, Err 989 (1.0e-004)
1239.878 .... 3034 packets received, 5013 bps, 62.66%, Err 993 (1.0e-004)
1242.003 .... 3047 packets received, 5026 bps, 62.82%, Err 993 (1.0e-004)
1244.166 .... 3050 packets received, 5022 bps, 62.77%, Err 995 (1.0e-004)
1249.209 .... 3054 packets received, 5008 bps, 62.60%, Err 999 (1.0e-004)
1252.141 .... 3068 packets received, 5019 bps, 62.74%, Err 1001 (1.0e-004)
1260.674 .... 3072 packets received, 4992 bps, 62.40%, Err 1008 (1.0e-004)
1262.801 .... 3086 packets received, 5006 bps, 62.57%, Err 1009 (1.0e-004)
1264.909 .... 3094 packets received, 5011 bps, 62.63%, Err 1009 (1.0e-004)
1268.351 .... 3102 packets received, 5010 bps, 62.62%, Err 1011 (1.0e-004)
1272.620 .... 3108 packets received, 5003 bps, 62.53%, Err 1019 (1.0e-004)
1276.075 .... 3113 packets received, 4997 bps, 62.47%, Err 1021 (1.0e-004)
1278.226 .... 3126 packets received, 5010 bps, 62.62%, Err 1022 (1.0e-004)
1281.419 .... 3128 packets received, 5000 bps, 62.50%, Err 1026 (1.0e-004)
1283.800 .... 3132 packets received, 4997 bps, 62.47%, Err 1027 (1.0e-004)
1286.215 .... 3140 packets received, 5001 bps, 62.51%, Err 1031 (1.0e-004)
1289.421 .... 3146 packets received, 4998 bps, 62.47%, Err 1033 (1.0e-004)
1291.510 .... 3157 packets received, 5007 bps, 62.59%, Err 1033 (1.0e-004)
1293.646 .... 3165 packets received, 5012 bps, 62.65%, Err 1033 (1.0e-004)
1297.924 .... 3167 packets received, 4998 bps, 62.48%, Err 1038 (1.0e-004)
1300.856 .... 3182 packets received, 5011 bps, 62.63%, Err 1040 (1.0e-004)
1303.257 .... 3185 packets received, 5006 bps, 62.58%, Err 1045 (1.0e-004)
1306.453 .... 3188 packets received, 4999 bps, 62.48%, Err 1046 (1.0e-004)
1308.860 .... 3198 packets received, 5005 bps, 62.56%, Err 1049 (1.0e-004)
1310.978 .... 3206 packets received, 5009 bps, 62.62%, Err 1049 (1.0e-004)
1313.659 .... 3211 packets received, 5007 bps, 62.59%, Err 1052 (1.0e-004)
1316.849 .... 3217 packets received, 5004 bps, 62.55%, Err 1053 (1.0e-004)
1319.240 .... 3227 packets received, 5011 bps, 62.63%, Err 1055 (1.0e-004)
1321.612 .... 3234 packets received, 5013 bps, 62.66%, Err 1056 (1.0e-004)
1325.089 .... 3243 packets received, 5013 bps, 62.67%, Err 1059 (1.0e-004)
1328.309 .... 3251 packets received, 5014 bps, 62.67%, Err 1064 (1.0e-004)
1331.292 .... 3257 packets received, 5012 bps, 62.64%, Err 1065 (1.0e-004)
1333.410 .... 3265 packets received, 5016 bps, 62.70%, Err 1067 (1.0e-004)
1337.398 .... 3268 packets received, 5005 bps, 62.57%, Err 1069 (1.0e-004)
1339.535 .... 3283 packets received, 5020 bps, 62.76%, Err 1070 (1.0e-004)
1344.617 .... 3287 packets received, 5008 bps, 62.59%, Err 1076 (1.0e-004)
1347.818 .... 3302 packets received, 5018 bps, 62.73%, Err 1078 (1.0e-004)
1349.932 .... 3306 packets received, 5017 bps, 62.71%, Err 1080 (1.0e-004)
1352.058 .... 3317 packets received, 5025 bps, 62.82%, Err 1080 (1.0e-004)
1354.444 .... 3321 packets received, 5023 bps, 62.78%, Err 1085 (1.0e-004)
1357.356 .... 3323 packets received, 5015 bps, 62.69%, Err 1086 (1.0e-004)
1360.524 .... 3334 packets received, 5020 bps, 62.75%, Err 1089 (1.0e-004)
1363.216 .... 3339 packets received, 5017 bps, 62.72%, Err 1091 (1.0e-004)
1366.419 .... 3347 packets received, 5018 bps, 62.72%, Err 1094 (1.0e-004)
1369.338 .... 3351 packets received, 5013 bps, 62.66%, Err 1100 (1.0e-004)
1374.154 .... 3359 packets received, 5007 bps, 62.59%, Err 1103 (1.0e-004)
1377.052 .... 3367 packets received, 5009 bps, 62.61%, Err 1106 (1.0e-004)
1379.720 .... 3373 packets received, 5008 bps, 62.60%, Err 1109 (1.0e-004)
1384.794 .... 3384 packets received, 5006 bps, 62.57%, Err 1112 (1.0e-004)
1387.988 .... 3398 packets received, 5015 bps, 62.69%, Err 1113 (1.0e-004)
1390.396 .... 3405 packets received, 5016 bps, 62.71%, Err 1117 (1.0e-004)
1393.588 .... 3408 packets received, 5009 bps, 62.62%, Err 1118 (1.0e-004)
1395.979 .... 3415 packets received, 5011 bps, 62.64%, Err 1118 (1.0e-004)
1401.315 .... 3420 packets received, 4999 bps, 62.49%, Err 1123 (1.0e-004)
1404.492 .... 3433 packets received, 5007 bps, 62.59%, Err 1125 (1.0e-004)
1406.884 .... 3437 packets received, 5004 bps, 62.55%, Err 1128 (1.0e-004)
1410.612 .... 3442 packets received, 4998 bps, 62.48%, Err 1131 (1.0e-004)
1413.038 .... 3445 packets received, 4994 bps, 62.43%, Err 1133 (1.0e-004)
1415.428 .... 3455 packets received, 5000 bps, 62.50%, Err 1136 (1.0e-004)
1417.548 .... 3459 packets received, 4998 bps, 62.48%, Err 1139 (1.0e-004)
1420.232 .... 3464 packets received, 4996 bps, 62.45%, Err 1141 (1.0e-004)
1423.136 .... 3469 packets received, 4993 bps, 62.41%, Err 1144 (1.0e-004)
1425.495 .... 3477 packets received, 4996 bps, 62.45%, Err 1146 (1.0e-004)
1427.615 .... 3485 packets received, 5000 bps, 62.51%, Err 1147 (1.0e-004)
1431.098 .... 3491 packets received, 4997 bps, 62.46%, Err 1151 (1.0e-004)
1434.259 .... 3496 packets received, 4993 bps, 62.41%, Err 1154 (1.0e-004)
1436.899 .... 3498 packets received, 4987 bps, 62.33%, Err 1155 (1.0e-004)
1439.022 .... 3509 packets received, 4995 bps, 62.44%, Err 1155 (1.0e-004)
1445.150 .... 3515 packets received, 4982 bps, 62.28%, Err 1161 (1.0e-004)
1447.283 .... 3531 packets received, 4998 bps, 62.47%, Err 1161 (1.0e-004)
1453.112 .... 3536 packets received, 4985 bps, 62.31%, Err 1166 (1.0e-004)
1459.508 .... 3551 packets received, 4984 bps, 62.30%, Err 1169 (1.0e-004)
1462.481 .... 3561 packets received, 4988 bps, 62.35%, Err 1172 (1.0e-004)
1464.887 .... 3570 packets received, 4992 bps, 62.40%, Err 1175 (1.0e-004)
1467.006 .... 3580 packets received, 4999 bps, 62.49%, Err 1178 (1.0e-004)
1469.132 .... 3588 packets received, 5003 bps, 62.53%, Err 1179 (1.0e-004)
1471.257 .... 3595 packets received, 5005 bps, 62.57%, Err 1179 (1.0e-004)
1474.723 .... 3599 packets received, 4999 bps, 62.49%, Err 1183 (1.0e-004)
1477.124 .... 3602 packets received, 4995 bps, 62.44%, Err 1184 (1.0e-004)
1479.769 .... 3614 packets received, 5003 bps, 62.53%, Err 1186 (1.0e-004)
1485.380 .... 3618 packets received, 4989 bps, 62.37%, Err 1191 (1.0e-004)
1494.711 .... 3623 packets received, 4965 bps, 62.06%, Err 1202 (1.0e-004)
1496.853 .... 3639 packets received, 4980 bps, 62.25%, Err 1202 (1.0e-004)
1499.786 .... 3642 packets received, 4974 bps, 62.18%, Err 1206 (1.0e-004)
1502.692 .... 3647 packets received, 4971 bps, 62.14%, Err 1209 (1.0e-004)
1505.861 .... 3656 packets received, 4973 bps, 62.16%, Err 1210 (1.0e-004)
1508.518 .... 3665 packets received, 4977 bps, 62.21%, Err 1212 (1.0e-004)
1510.647 .... 3671 packets received, 4978 bps, 62.22%, Err 1214 (1.0e-004)
1512.751 .... 3681 packets received, 4984 bps, 62.30%, Err 1214 (1.0e-004)
1515.414 .... 3686 packets received, 4982 bps, 62.28%, Err 1217 (1.0e-004)
1518.332 .... 3691 packets received, 4980 bps, 62.24%, Err 1218 (1.0e-004)
1521.519 .... 3702 packets received, 4984 bps, 62.30%, Err 1220 (1.0e-004)
1524.694 .... 3714 packets received, 4990 bps, 62.37%, Err 1222 (1.0e-004)
1528.997 .... 3720 packets received, 4984 bps, 62.30%, Err 1223 (1.0e-004)
1531.130 .... 3735 packets received, 4997 bps, 62.46%, Err 1225 (1.0e-004)
1534.300 .... 3740 packets received, 4993 bps, 62.41%, Err 1230 (1.0e-004)
1537.482 .... 3746 packets received, 4991 bps, 62.38%, Err 1232 (1.0e-004)
1539.629 .... 3759 packets received, 5001 bps, 62.51%, Err 1232 (1.0e-004)
1541.741 .... 3764 packets received, 5001 bps, 62.51%, Err 1233 (1.0e-004)
1545.223 .... 3768 packets received, 4995 bps, 62.44%, Err 1239 (1.0e-004)
1548.133 .... 3772 packets received, 4991 bps, 62.39%, Err 1241 (1.0e-004)
1551.329 .... 3780 packets received, 4991 bps, 62.39%, Err 1243 (1.0e-004)
1553.444 .... 3790 packets received, 4998 bps, 62.47%, Err 1243 (1.0e-004)
1555.584 .... 3793 packets received, 4995 bps, 62.43%, Err 1246 (1.0e-004)
1558.795 .... 3797 packets received, 4990 bps, 62.37%, Err 1248 (1.0e-004)
1565.397 .... 3804 packets received, 4978 bps, 62.22%, Err 1254 (1.0e-004)
1567.534 .... 3818 packets received, 4989 bps, 62.36%, Err 1254 (1.0e-004)
1569.681 .... 3824 packets received, 4990 bps, 62.38%, Err 1255 (1.0e-004)
1571.783 .... 3830 packets received, 4991 bps, 62.39%, Err 1256 (1.0e-004)
1576.003 .... 3832 packets received, 4981 bps, 62.26%, Err 1262 (1.0e-004)
1578.391 .... 3839 packets received, 4982 bps, 62.28%, Err 1262 (1.0e-004)
1580.516 .... 3844 packets received, 4982 bps, 62.27%, Err 1265 (1.0e-004)
1584.227 .... 3846 packets received, 4973 bps, 62.16%, Err 1268 (1.0e-004)
1587.192 .... 3861 packets received, 4983 bps, 62.29%, Err 1273 (1.0e-004)
1589.317 .... 3863 packets received, 4979 bps, 62.23%, Err 1276 (1.0e-004)
1593.607 .... 3868 packets received, 4972 bps, 62.15%, Err 1280 (1.0e-004)
1595.738 .... 3884 packets received, 4986 bps, 62.32%, Err 1280 (1.0e-004)
1598.942 .... 3889 packets received, 4982 bps, 62.28%, Err 1284 (1.0e-004)
1602.455 .... 3900 packets received, 4985 bps, 62.32%, Err 1286 (1.0e-004)
1605.877 .... 3911 packets received, 4989 bps, 62.36%, Err 1289 (1.0e-004)
1609.879 .... 3922 packets received, 4990 bps, 62.38%, Err 1292 (1.0e-004)
1613.341 .... 3933 packets received, 4993 bps, 62.42%, Err 1295 (1.0e-004)
1615.488 .... 3944 packets received, 5001 bps, 62.51%, Err 1295 (1.0e-004)
1621.355 .... 3952 packets received, 4993 bps, 62.41%, Err 1298 (1.0e-004)
1624.553 .... 3966 packets received, 5001 bps, 62.51%, Err 1300 (1.0e-004)
1627.997 .... 3969 packets received, 4994 bps, 62.42%, Err 1303 (1.0e-004)
1630.147 .... 3983 packets received, 5005 bps, 62.56%, Err 1303 (1.0e-004)
1633.090 .... 3989 packets received, 5003 bps, 62.54%, Err 1306 (1.0e-004)
1637.077 .... 3994 packets received, 4997 bps, 62.47%, Err 1311 (1.0e-004)
1640.231 .... 4004 packets received, 5000 bps, 62.50%, Err 1313 (1.0e-004)
1643.404 .... 4012 packets received, 5001 bps, 62.51%, Err 1317 (1.0e-004)
1646.879 .... 4018 packets received, 4998 bps, 62.47%, Err 1323 (1.0e-004)
1649.259 .... 4022 packets received, 4995 bps, 62.44%, Err 1324 (1.0e-004)
1653.761 .... 4023 packets received, 4983 bps, 62.29%, Err 1328 (1.0e-004)
1657.222 .... 4040 packets received, 4994 bps, 62.42%, Err 1331 (1.0e-004)
1661.725 .... 4045 packets received, 4986 bps, 62.33%, Err 1336 (1.0e-004)
1663.862 .... 4052 packets received, 4988 bps, 62.35%, Err 1337 (1.0e-004)
1669.755 .... 4062 packets received, 4983 bps, 62.29%, Err 1340 (1.0e-004)
1672.148 .... 4077 packets received, 4994 bps, 62.43%, Err 1342 (1.0e-004)
1674.262 .... 4079 packets received, 4990 bps, 62.38%, Err 1345 (1.0e-004)
1678.021 .... 4088 packets received, 4990 bps, 62.38%, Err 1348 (1.0e-004)
1682.298 .... 4095 packets received, 4986 bps, 62.33%, Err 1350 (1.0e-004)
1685.756 .... 4110 packets received, 4994 bps, 62.43%, Err 1353 (1.0e-004)
1688.425 .... 4118 packets received, 4996 bps, 62.45%, Err 1354 (1.0e-004)
1690.557 .... 4125 packets received, 4998 bps, 62.48%, Err 1357 (1.0e-004)
1695.385 .... 4133 packets received, 4993 bps, 62.42%, Err 1363 (1.0e-004)
1698.566 .... 4143 packets received, 4996 bps, 62.45%, Err 1368 (1.0e-004)
1700.710 .... 4150 packets received, 4998 bps, 62.48%, Err 1370 (1.0e-004)
1704.173 .... 4158 packets received, 4998 bps, 62.47%, Err 1371 (1.0e-004)
1706.300 .... 4170 packets received, 5006 bps, 62.57%, Err 1371 (1.0e-004)
1709.772 .... 4175 packets received, 5002 bps, 62.52%, Err 1377 (1.0e-004)
1712.163 .... 4177 packets received, 4997 bps, 62.46%, Err 1380 (1.0e-004)
1715.393 .... 4187 packets received, 5000 bps, 62.50%, Err 1381 (1.0e-004)
1724.160 .... 4193 packets received, 4981 bps, 62.27%, Err 1389 (1.0e-004)
1726.275 .... 4209 packets received, 4994 bps, 62.43%, Err 1393 (1.0e-004)
1729.463 .... 4214 packets received, 4991 bps, 62.39%, Err 1395 (1.0e-004)
1732.688 .... 4220 packets received, 4989 bps, 62.36%, Err 1396 (1.0e-004)
1734.832 .... 4235 packets received, 5000 bps, 62.50%, Err 1396 (1.0e-004)
1736.975 .... 4241 packets received, 5001 bps, 62.52%, Err 1396 (1.0e-004)
1739.086 .... 4247 packets received, 5002 bps, 62.53%, Err 1397 (1.0e-004)
1741.475 .... 4251 packets received, 5000 bps, 62.50%, Err 1399 (1.0e-004)
1744.911 .... 4259 packets received, 5000 bps, 62.50%, Err 1400 (1.0e-004)
1747.038 .... 4268 packets received, 5004 bps, 62.55%, Err 1402 (1.0e-004)
1749.144 .... 4280 packets received, 5012 bps, 62.65%, Err 1402 (1.0e-004)
1751.271 .... 4283 packets received, 5010 bps, 62.62%, Err 1405 (1.0e-004)
1753.360 .... 4294 packets received, 5016 bps, 62.70%, Err 1405 (1.0e-004)
1755.490 .... 4302 packets received, 5020 bps, 62.75%, Err 1405 (1.0e-004)
1757.884 .... 4306 packets received, 5017 bps, 62.72%, Err 1406 (1.0e-004)
1760.006 .... 4313 packets received, 5020 bps, 62.74%, Err 1407 (1.0e-004)
1762.955 .... 4323 packets received, 5023 bps, 62.78%, Err 1409 (1.0e-004)
1767.757 .... 4331 packets received, 5018 bps, 62.73%, Err 1413 (1.0e-004)
1777.082 .... 4344 packets received, 5007 bps, 62.59%, Err 1419 (1.0e-004)
1779.203 .... 4360 packets received, 5020 bps, 62.74%, Err 1422 (1.0e-004)
1783.162 .... 4361 packets received, 5010 bps, 62.62%, Err 1425 (1.0e-004)
1786.350 .... 4376 packets received, 5018 bps, 62.72%, Err 1428 (1.0e-004)
1790.063 .... 4380 packets received, 5012 bps, 62.65%, Err 1433 (1.0e-004)
1792.695 .... 4390 packets received, 5016 bps, 62.70%, Err 1435 (1.0e-004)
1796.430 .... 4398 packets received, 5015 bps, 62.68%, Err 1437 (1.0e-004)
1799.627 .... 4408 packets received, 5017 bps, 62.71%, Err 1441 (1.0e-004)
1803.088 .... 4418 packets received, 5019 bps, 62.74%, Err 1443 (1.0e-004)
1806.260 .... 4427 packets received, 5020 bps, 62.75%, Err 1444 (1.0e-004)
1808.651 .... 4436 packets received, 5024 bps, 62.80%, Err 1445 (1.0e-004)
1812.146 .... 4443 packets received, 5022 bps, 62.78%, Err 1453 (1.0e-004)
1815.319 .... 4451 packets received, 5022 bps, 62.78%, Err 1455 (1.0e-004)
1817.704 .... 4456 packets received, 5021 bps, 62.77%, Err 1458 (1.0e-004)
1821.476 .... 4461 packets received, 5017 bps, 62.71%, Err 1463 (1.0e-004)
1823.861 .... 4467 packets received, 5017 bps, 62.71%, Err 1466 (1.0e-004)
1827.050 .... 4476 packets received, 5018 bps, 62.73%, Err 1470 (1.0e-004)
1830.260 .... 4478 packets received, 5012 bps, 62.64%, Err 1471 (1.0e-004)
1832.371 .... 4492 packets received, 5021 bps, 62.77%, Err 1472 (1.0e-004)
1834.522 .... 4500 packets received, 5024 bps, 62.81%, Err 1472 (1.0e-004)
1837.456 .... 4506 packets received, 5023 bps, 62.79%, Err 1474 (1.0e-004)
1840.929 .... 4515 packets received, 5024 bps, 62.80%, Err 1475 (1.0e-004)
1843.602 .... 4524 packets received, 5026 bps, 62.83%, Err 1477 (1.0e-004)
1847.023 .... 4535 packets received, 5029 bps, 62.87%, Err 1478 (1.0e-004)
1849.407 .... 4543 packets received, 5032 bps, 62.90%, Err 1480 (1.0e-004)
1852.308 .... 4545 packets received, 5026 bps, 62.82%, Err 1482 (1.0e-004)
1854.441 .... 4559 packets received, 5036 bps, 62.95%, Err 1483 (1.0e-004)
1856.589 .... 4564 packets received, 5035 bps, 62.94%, Err 1485 (1.0e-004)
1858.707 .... 4570 packets received, 5036 bps, 62.95%, Err 1486 (1.0e-004)
1860.827 .... 4577 packets received, 5038 bps, 62.98%, Err 1488 (1.0e-004)
1862.947 .... 4580 packets received, 5036 bps, 62.95%, Err 1490 (1.0e-004)
1867.236 .... 4584 packets received, 5029 bps, 62.86%, Err 1495 (1.0e-004)
1870.414 .... 4597 packets received, 5034 bps, 62.93%, Err 1498 (1.0e-004)
1874.956 .... 4600 packets received, 5025 bps, 62.82%, Err 1502 (1.0e-004)
1877.337 .... 4607 packets received, 5027 bps, 62.83%, Err 1506 (1.0e-004)
1879.488 .... 4615 packets received, 5030 bps, 62.87%, Err 1506 (1.0e-004)
1884.521 .... 4620 packets received, 5022 bps, 62.77%, Err 1510 (1.0e-004)
1888.268 .... 4634 packets received, 5027 bps, 62.83%, Err 1511 (1.0e-004)
1890.415 .... 4637 packets received, 5024 bps, 62.80%, Err 1512 (1.0e-004)
1893.046 .... 4646 packets received, 5027 bps, 62.84%, Err 1513 (1.0e-004)
1895.996 .... 4657 packets received, 5031 bps, 62.89%, Err 1514 (1.0e-004)
1899.711 .... 4666 packets received, 5031 bps, 62.89%, Err 1516 (1.0e-004)
1902.955 .... 4677 packets received, 5034 bps, 62.93%, Err 1520 (1.0e-004)
1905.923 .... 4680 packets received, 5030 bps, 62.87%, Err 1525 (1.0e-004)
1909.099 .... 4690 packets received, 5032 bps, 62.90%, Err 1527 (1.0e-004)
1911.728 .... 4695 packets received, 5030 bps, 62.88%, Err 1529 (1.0e-004)
1915.172 .... 4703 packets received, 5030 bps, 62.87%, Err 1534 (1.0e-004)
1918.364 .... 4715 packets received, 5034 bps, 62.93%, Err 1536 (1.0e-004)
1920.764 .... 4720 packets received, 5033 bps, 62.92%, Err 1537 (1.0e-004)
1926.622 .... 4732 packets received, 5031 bps, 62.89%, Err 1541 (1.0e-004)
1933.549 .... 4745 packets received, 5027 bps, 62.83%, Err 1548 (1.0e-004)
1936.752 .... 4758 packets received, 5032 bps, 62.90%, Err 1552 (1.0e-004)
1940.771 .... 4759 packets received, 5023 bps, 62.78%, Err 1556 (1.0e-004)
1945.817 .... 4764 packets received, 5015 bps, 62.69%, Err 1560 (1.0e-004)
1951.952 .... 4777 packets received, 5013 bps, 62.66%, Err 1565 (1.0e-004)
1954.601 .... 4788 packets received, 5018 bps, 62.72%, Err 1565 (1.0e-004)
1956.743 .... 4797 packets received, 5021 bps, 62.77%, Err 1565 (1.0e-004)
1958.859 .... 4803 packets received, 5022 bps, 62.78%, Err 1566 (1.0e-004)
1962.065 .... 4805 packets received, 5016 bps, 62.70%, Err 1570 (1.0e-004)
1965.273 .... 4817 packets received, 5021 bps, 62.76%, Err 1573 (1.0e-004)
1968.192 .... 4821 packets received, 5017 bps, 62.72%, Err 1575 (1.0e-004)
1970.319 .... 4825 packets received, 5016 bps, 62.70%, Err 1577 (1.0e-004)
1972.469 .... 4835 packets received, 5021 bps, 62.76%, Err 1579 (1.0e-004)
1975.943 .... 4839 packets received, 5016 bps, 62.70%, Err 1581 (1.0e-004)
1980.480 .... 4849 packets received, 5015 bps, 62.69%, Err 1586 (1.0e-004)
1983.664 .... 4856 packets received, 5014 bps, 62.68%, Err 1590 (1.0e-004)
1986.067 .... 4864 packets received, 5016 bps, 62.71%, Err 1592 (1.0e-004)
1989.272 .... 4872 packets received, 5017 bps, 62.71%, Err 1595 (1.0e-004)
1992.193 .... 4876 packets received, 5013 bps, 62.67%, Err 1596 (1.0e-004)
1995.379 .... 4887 packets received, 5017 bps, 62.71%, Err 1598 (1.0e-004)
1997.496 .... 4898 packets received, 5023 bps, 62.78%, Err 1599 (1.0e-004)
2000.413 .... 4903 packets received, 5020 bps, 62.75%, Err 1602 (1.0e-004)
2002.539 .... 4913 packets received, 5025 bps, 62.82%, Err 1602 (1.0e-004)
2006.020 .... 4917 packets received, 5021 bps, 62.76%, Err 1605 (1.0e-004)
2009.196 .... 4927 packets received, 5023 bps, 62.79%, Err 1608 (1.0e-004)
2011.585 .... 4935 packets received, 5025 bps, 62.81%, Err 1610 (1.0e-004)
2015.581 .... 4936 packets received, 5016 bps, 62.70%, Err 1613 (1.0e-004)
2019.298 .... 4947 packets received, 5018 bps, 62.73%, Err 1615 (1.0e-004)
2025.191 .... 4959 packets received, 5016 bps, 62.69%, Err 1621 (1.0e-004)
2027.292 .... 4968 packets received, 5019 bps, 62.74%, Err 1621 (1.0e-004)
2030.473 .... 4974 packets received, 5018 bps, 62.72%, Err 1625 (1.0e-004)
2033.652 .... 4983 packets received, 5019 bps, 62.74%, Err 1629 (1.0e-004)
2036.069 .... 4984 packets received, 5014 bps, 62.67%, Err 1632 (1.0e-004)
2038.707 .... 4998 packets received, 5021 bps, 62.77%, Err 1632 (1.0e-004)
2041.109 .... 5005 packets received, 5023 bps, 62.78%, Err 1634 (1.0e-004)
2043.272 .... 5011 packets received, 5023 bps, 62.79%, Err 1635 (1.0e-004)
2045.393 .... 5019 packets received, 5026 bps, 62.83%, Err 1635 (1.0e-004)
2051.300 .... 5027 packets received, 5020 bps, 62.75%, Err 1642 (1.0e-004)
2053.426 .... 5033 packets received, 5020 bps, 62.76%, Err 1644 (1.0e-004)
2056.866 .... 5041 packets received, 5020 bps, 62.75%, Err 1649 (1.0e-004)
2060.044 .... 5043 packets received, 5014 bps, 62.68%, Err 1652 (1.0e-004)
2062.176 .... 5055 packets received, 5021 bps, 62.76%, Err 1653 (1.0e-004)
2064.537 .... 5062 packets received, 5022 bps, 62.78%, Err 1654 (1.0e-004)
2066.669 .... 5069 packets received, 5024 bps, 62.80%, Err 1654 (1.0e-004)
2069.084 .... 5072 packets received, 5021 bps, 62.76%, Err 1656 (1.0e-004)
2072.277 .... 5074 packets received, 5015 bps, 62.69%, Err 1659 (1.0e-004)
2074.396 .... 5080 packets received, 5016 bps, 62.70%, Err 1660 (1.0e-004)
2079.174 .... 5089 packets received, 5013 bps, 62.67%, Err 1665 (1.0e-004)
2082.631 .... 5101 packets received, 5017 bps, 62.71%, Err 1666 (1.0e-004)
2084.789 .... 5111 packets received, 5022 bps, 62.77%, Err 1668 (1.0e-004)
2088.219 .... 5119 packets received, 5021 bps, 62.76%, Err 1673 (1.0e-004)
2091.162 .... 5124 packets received, 5019 bps, 62.74%, Err 1677 (1.0e-004)
2094.347 .... 5130 packets received, 5017 bps, 62.71%, Err 1679 (1.0e-004)
2096.756 .... 5138 packets received, 5019 bps, 62.74%, Err 1681 (1.0e-004)
2098.878 .... 5146 packets received, 5022 bps, 62.77%, Err 1681 (1.0e-004)
2101.308 .... 5151 packets received, 5021 bps, 62.76%, Err 1686 (1.0e-004)
2103.426 .... 5161 packets received, 5026 bps, 62.82%, Err 1687 (1.0e-004)
2106.336 .... 5167 packets received, 5025 bps, 62.81%, Err 1688 (1.0e-004)
2109.277 .... 5177 packets received, 5027 bps, 62.84%, Err 1690 (1.0e-004)
2112.215 .... 5184 packets received, 5027 bps, 62.84%, Err 1693 (1.0e-004)
2115.396 .... 5196 packets received, 5031 bps, 62.89%, Err 1694 (1.0e-004)
2119.674 .... 5202 packets received, 5027 bps, 62.83%, Err 1701 (1.0e-004)
2125.519 .... 5207 packets received, 5018 bps, 62.72%, Err 1707 (1.0e-004)
2127.929 .... 5217 packets received, 5022 bps, 62.77%, Err 1707 (1.0e-004)
2131.403 .... 5225 packets received, 5021 bps, 62.77%, Err 1709 (1.0e-004)
2134.642 .... 5230 packets received, 5018 bps, 62.73%, Err 1711 (1.0e-004)
2138.114 .... 5245 packets received, 5025 bps, 62.81%, Err 1712 (1.0e-004)
2140.270 .... 5256 packets received, 5030 bps, 62.88%, Err 1712 (1.0e-004)
2143.184 .... 5262 packets received, 5029 bps, 62.86%, Err 1716 (1.0e-004)
2145.312 .... 5273 packets received, 5034 bps, 62.93%, Err 1716 (1.0e-004)
2147.458 .... 5276 packets received, 5032 bps, 62.90%, Err 1718 (1.0e-004)
2151.429 .... 5281 packets received, 5028 bps, 62.85%, Err 1722 (1.0e-004)
2154.624 .... 5292 packets received, 5031 bps, 62.88%, Err 1725 (1.0e-004)
2157.321 .... 5296 packets received, 5028 bps, 62.85%, Err 1728 (1.0e-004)
2160.505 .... 5305 packets received, 5029 bps, 62.87%, Err 1731 (1.0e-004)
2163.707 .... 5306 packets received, 5023 bps, 62.79%, Err 1736 (1.0e-004)
2166.637 .... 5315 packets received, 5025 bps, 62.81%, Err 1740 (1.0e-004)
2169.033 .... 5319 packets received, 5023 bps, 62.79%, Err 1740 (1.0e-004)
2171.206 .... 5326 packets received, 5024 bps, 62.81%, Err 1743 (1.0e-004)
2173.832 .... 5327 packets received, 5019 bps, 62.74%, Err 1745 (1.0e-004)
2177.052 .... 5337 packets received, 5021 bps, 62.77%, Err 1747 (1.0e-004)
2184.215 .... 5344 packets received, 5011 bps, 62.64%, Err 1753 (1.0e-004)
2190.311 .... 5357 packets received, 5010 bps, 62.62%, Err 1756 (1.0e-004)
2192.470 .... 5372 packets received, 5019 bps, 62.73%, Err 1758 (1.0e-004)
2194.863 .... 5375 packets received, 5016 bps, 62.70%, Err 1760 (1.0e-004)
2197.766 .... 5383 packets received, 5017 bps, 62.71%, Err 1762 (1.0e-004)
2200.694 .... 5389 packets received, 5016 bps, 62.70%, Err 1764 (1.0e-004)
2208.650 .... 5397 packets received, 5005 bps, 62.56%, Err 1772 (1.0e-004)
2212.098 .... 5413 packets received, 5012 bps, 62.65%, Err 1777 (1.0e-004)
2215.028 .... 5420 packets received, 5012 bps, 62.65%, Err 1779 (1.0e-004)
2217.145 .... 5433 packets received, 5019 bps, 62.74%, Err 1780 (1.0e-004)
2220.348 .... 5439 packets received, 5017 bps, 62.72%, Err 1782 (1.0e-004)
2222.490 .... 5451 packets received, 5024 bps, 62.80%, Err 1783 (1.0e-004)
2226.490 .... 5452 packets received, 5016 bps, 62.69%, Err 1789 (1.0e-004)
2228.628 .... 5458 packets received, 5016 bps, 62.70%, Err 1791 (1.0e-004)
2230.756 .... 5466 packets received, 5019 bps, 62.74%, Err 1791 (1.0e-004)
2232.901 .... 5474 packets received, 5021 bps, 62.77%, Err 1792 (1.0e-004)
2236.093 .... 5481 packets received, 5021 bps, 62.76%, Err 1793 (1.0e-004)
2238.207 .... 5493 packets received, 5027 bps, 62.84%, Err 1793 (1.0e-004)
2241.393 .... 5500 packets received, 5026 bps, 62.83%, Err 1794 (1.0e-004)
2243.488 .... 5507 packets received, 5028 bps, 62.85%, Err 1795 (1.0e-004)
2245.910 .... 5516 packets received, 5031 bps, 62.88%, Err 1797 (1.0e-004)
2249.100 .... 5522 packets received, 5029 bps, 62.86%, Err 1799 (1.0e-004)
2252.333 .... 5534 packets received, 5033 bps, 62.91%, Err 1801 (1.0e-004)
2254.724 .... 5538 packets received, 5031 bps, 62.89%, Err 1805 (1.0e-004)
2257.424 .... 5548 packets received, 5034 bps, 62.92%, Err 1807 (1.0e-004)
2259.555 .... 5558 packets received, 5038 bps, 62.98%, Err 1807 (1.0e-004)
2263.817 .... 5560 packets received, 5031 bps, 62.88%, Err 1810 (1.0e-004)
2265.941 .... 5576 packets received, 5040 bps, 63.00%, Err 1811 (1.0e-004)
2268.345 .... 5580 packets received, 5039 bps, 62.98%, Err 1812 (1.0e-004)
2270.991 .... 5588 packets received, 5040 bps, 63.00%, Err 1813 (1.0e-004)
2273.162 .... 5594 packets received, 5041 bps, 63.01%, Err 1815 (1.0e-004)
2275.307 .... 5605 packets received, 5046 bps, 63.07%, Err 1815 (1.0e-004)
2278.227 .... 5610 packets received, 5044 bps, 63.05%, Err 1818 (1.0e-004)
2282.505 .... 5615 packets received, 5039 bps, 62.98%, Err 1828 (1.0e-004)
2284.890 .... 5622 packets received, 5040 bps, 63.00%, Err 1829 (1.0e-004)
2287.036 .... 5630 packets received, 5042 bps, 63.03%, Err 1829 (1.0e-004)
2289.441 .... 5637 packets received, 5043 bps, 63.04%, Err 1831 (1.0e-004)
2292.607 .... 5640 packets received, 5039 bps, 62.99%, Err 1833 (1.0e-004)
2295.804 .... 5649 packets received, 5040 bps, 63.00%, Err 1837 (1.0e-004)
2297.962 .... 5659 packets received, 5044 bps, 63.05%, Err 1839 (1.0e-004)
2300.080 .... 5670 packets received, 5049 bps, 63.12%, Err 1840 (1.0e-004)
2303.292 .... 5672 packets received, 5044 bps, 63.05%, Err 1843 (1.0e-004)
2305.426 .... 5676 packets received, 5043 bps, 63.04%, Err 1844 (1.0e-004)
2307.554 .... 5687 packets received, 5048 bps, 63.10%, Err 1846 (1.0e-004)
2312.327 .... 5691 packets received, 5041 bps, 63.01%, Err 1851 (1.0e-004)
2314.722 .... 5701 packets received, 5045 bps, 63.06%, Err 1852 (1.0e-004)
2316.839 .... 5708 packets received, 5046 bps, 63.08%, Err 1854 (1.0e-004)
2320.287 .... 5716 packets received, 5046 bps, 63.07%, Err 1857 (1.0e-004)
2323.769 .... 5721 packets received, 5043 bps, 63.03%, Err 1860 (1.0e-004)
2326.165 .... 5733 packets received, 5048 bps, 63.10%, Err 1863 (1.0e-004)
2329.663 .... 5739 packets received, 5046 bps, 63.07%, Err 1866 (1.0e-004)
2332.596 .... 5747 packets received, 5046 bps, 63.08%, Err 1867 (1.0e-004)
2334.724 .... 5759 packets received, 5052 bps, 63.15%, Err 1867 (1.0e-004)
2336.864 .... 5767 packets received, 5055 bps, 63.18%, Err 1868 (1.0e-004)
2344.824 .... 5769 packets received, 5039 bps, 62.99%, Err 1881 (1.0e-004)
2346.959 .... 5785 packets received, 5049 bps, 63.11%, Err 1881 (1.0e-004)
2351.747 .... 5788 packets received, 5041 bps, 63.01%, Err 1888 (1.0e-004)
2354.160 .... 5798 packets received, 5045 bps, 63.06%, Err 1890 (1.0e-004)
2357.918 .... 5801 packets received, 5039 bps, 62.99%, Err 1895 (1.0e-004)
2360.865 .... 5809 packets received, 5040 bps, 63.00%, Err 1896 (1.0e-004)
2363.252 .... 5817 packets received, 5042 bps, 63.02%, Err 1896 (1.0e-004)
2365.362 .... 5822 packets received, 5041 bps, 63.02%, Err 1897 (1.0e-004)
2368.558 .... 5827 packets received, 5039 bps, 62.99%, Err 1898 (1.0e-004)
2370.944 .... 5833 packets received, 5039 bps, 62.99%, Err 1900 (1.0e-004)
2375.428 .... 5839 packets received, 5035 bps, 62.93%, Err 1906 (1.0e-004)
2378.391 .... 5850 packets received, 5038 bps, 62.97%, Err 1911 (1.0e-004)
2381.286 .... 5854 packets received, 5035 bps, 62.94%, Err 1912 (1.0e-004)
2383.394 .... 5864 packets received, 5039 bps, 62.99%, Err 1913 (1.0e-004)
2386.050 .... 5868 packets received, 5037 bps, 62.97%, Err 1916 (1.0e-004)
2388.162 .... 5879 packets received, 5042 bps, 63.03%, Err 1916 (1.0e-004)
2390.538 .... 5883 packets received, 5041 bps, 63.01%, Err 1917 (1.0e-004)
2394.004 .... 5890 packets received, 5039 bps, 62.99%, Err 1919 (1.0e-004)
2396.395 .... 5905 packets received, 5047 bps, 63.09%, Err 1919 (1.0e-004)
2400.661 .... 5907 packets received, 5040 bps, 63.00%, Err 1923 (1.0e-004)
2402.804 .... 5922 packets received, 5048 bps, 63.10%, Err 1925 (1.0e-004)
2404.940 .... 5928 packets received, 5049 bps, 63.11%, Err 1926 (1.0e-004)
2407.076 .... 5935 packets received, 5050 bps, 63.13%, Err 1927 (1.0e-004)
2410.260 .... 5941 packets received, 5049 bps, 63.11%, Err 1930 (1.0e-004)
2413.740 .... 5945 packets received, 5045 bps, 63.06%, Err 1931 (1.0e-004)
2415.862 .... 5957 packets received, 5051 bps, 63.13%, Err 1932 (1.0e-004)
2419.301 .... 5962 packets received, 5048 bps, 63.09%, Err 1937 (1.0e-004)
2422.494 .... 5969 packets received, 5047 bps, 63.09%, Err 1938 (1.0e-004)
2424.866 .... 5981 packets received, 5052 bps, 63.15%, Err 1938 (1.0e-004)
2427.288 .... 5985 packets received, 5050 bps, 63.13%, Err 1942 (1.0e-004)
2429.440 .... 5994 packets received, 5053 bps, 63.17%, Err 1943 (1.0e-004)
2438.487 .... 5999 packets received, 5039 bps, 62.99%, Err 1950 (1.0e-004)
2440.631 .... 6014 packets received, 5047 bps, 63.09%, Err 1953 (1.0e-004)
2443.305 .... 6019 packets received, 5046 bps, 63.07%, Err 1955 (1.0e-004)
2446.520 .... 6029 packets received, 5048 bps, 63.09%, Err 1957 (1.0e-004)
2449.728 .... 6038 packets received, 5048 bps, 63.11%, Err 1959 (1.0e-004)
2451.860 .... 6051 packets received, 5055 bps, 63.19%, Err 1960 (1.0e-004)
2453.983 .... 6058 packets received, 5056 bps, 63.20%, Err 1960 (1.0e-004)
2456.101 .... 6066 packets received, 5059 bps, 63.23%, Err 1961 (1.0e-004)
2458.237 .... 6073 packets received, 5060 bps, 63.25%, Err 1961 (1.0e-004)
2460.370 .... 6080 packets received, 5062 bps, 63.27%, Err 1962 (1.0e-004)
2462.501 .... 6083 packets received, 5060 bps, 63.25%, Err 1964 (1.0e-004)
2465.939 .... 6094 packets received, 5062 bps, 63.27%, Err 1966 (1.0e-004)
2470.496 .... 6100 packets received, 5057 bps, 63.22%, Err 1973 (1.0e-004)
2474.211 .... 6107 packets received, 5056 bps, 63.19%, Err 1975 (1.0e-004)
2482.458 .... 6114 packets received, 5045 bps, 63.06%, Err 1985 (1.0e-004)
2485.926 .... 6129 packets received, 5050 bps, 63.12%, Err 1988 (1.0e-004)
2488.071 .... 6141 packets received, 5055 bps, 63.19%, Err 1989 (1.0e-004)
2491.254 .... 6143 packets received, 5051 bps, 63.13%, Err 1990 (1.0e-004)
2493.379 .... 6154 packets received, 5055 bps, 63.19%, Err 1994 (1.0e-004)
2496.571 .... 6158 packets received, 5052 bps, 63.15%, Err 1998 (1.0e-004)
2499.770 .... 6167 packets received, 5053 bps, 63.16%, Err 2000 (1.0e-004)
2504.589 .... 6168 packets received, 5044 bps, 63.05%, Err 2004 (1.0e-004)
2507.758 .... 6183 packets received, 5050 bps, 63.13%, Err 2006 (1.0e-004)
2510.421 .... 6188 packets received, 5049 bps, 63.11%, Err 2008 (1.0e-004)
2514.911 .... 6195 packets received, 5045 bps, 63.07%, Err 2013 (1.0e-004)
2517.846 .... 6204 packets received, 5047 bps, 63.09%, Err 2014 (1.0e-004)
2521.052 .... 6212 packets received, 5047 bps, 63.09%, Err 2016 (1.0e-004)
2525.583 .... 6218 packets received, 5043 bps, 63.03%, Err 2021 (1.0e-004)
2528.536 .... 6228 packets received, 5045 bps, 63.06%, Err 2022 (1.0e-004)
2530.928 .... 6235 packets received, 5046 bps, 63.07%, Err 2024 (1.0e-004)
2538.866 .... 6240 packets received, 5034 bps, 62.93%, Err 2033 (1.0e-004)
2544.487 .... 6255 packets received, 5035 bps, 62.94%, Err 2037 (1.0e-004)
2547.401 .... 6270 packets received, 5041 bps, 63.02%, Err 2040 (1.0e-004)
2549.532 .... 6276 packets received, 5042 bps, 63.02%, Err 2043 (1.0e-004)
2551.676 .... 6288 packets received, 5047 bps, 63.09%, Err 2043 (1.0e-004)
2556.723 .... 6293 packets received, 5041 bps, 63.02%, Err 2047 (1.0e-004)
2558.861 .... 6308 packets received, 5049 bps, 63.12%, Err 2049 (1.0e-004)
2561.006 .... 6309 packets received, 5046 bps, 63.07%, Err 2050 (1.0e-004)
2568.444 .... 6314 packets received, 5035 bps, 62.94%, Err 2056 (1.0e-004)
2570.572 .... 6329 packets received, 5043 bps, 63.04%, Err 2056 (1.0e-004)
2574.801 .... 6331 packets received, 5036 bps, 62.95%, Err 2063 (1.0e-004)
2577.721 .... 6340 packets received, 5038 bps, 62.97%, Err 2066 (1.0e-004)
2579.815 .... 6347 packets received, 5039 bps, 62.99%, Err 2066 (1.0e-004)
2583.020 .... 6352 packets received, 5037 bps, 62.96%, Err 2069 (1.0e-004)
2586.237 .... 6357 packets received, 5035 bps, 62.93%, Err 2072 (1.0e-004)
2588.372 .... 6367 packets received, 5038 bps, 62.98%, Err 2074 (1.0e-004)
2591.821 .... 6378 packets received, 5040 bps, 63.00%, Err 2076 (1.0e-004)
2596.346 .... 6385 packets received, 5037 bps, 62.96%, Err 2083 (1.0e-004)
2599.272 .... 6395 packets received, 5039 bps, 62.99%, Err 2084 (1.0e-004)
2601.393 .... 6399 packets received, 5038 bps, 62.98%, Err 2086 (1.0e-004)
2603.545 .... 6408 packets received, 5041 bps, 63.02%, Err 2087 (1.0e-004)
2606.743 .... 6410 packets received, 5037 bps, 62.96%, Err 2090 (1.0e-004)
2609.153 .... 6414 packets received, 5035 bps, 62.94%, Err 2091 (1.0e-004)
2612.635 .... 6424 packets received, 5036 bps, 62.95%, Err 2095 (1.0e-004)
2615.585 .... 6427 packets received, 5033 bps, 62.91%, Err 2097 (1.0e-004)
2621.178 .... 6437 packets received, 5030 bps, 62.87%, Err 2101 (1.0e-004)
2623.301 .... 6451 packets received, 5037 bps, 62.96%, Err 2102 (1.0e-004)
2625.721 .... 6458 packets received, 5038 bps, 62.97%, Err 2104 (1.0e-004)
2628.914 .... 6460 packets received, 5033 bps, 62.91%, Err 2106 (1.0e-004)
2631.066 .... 6474 packets received, 5040 bps, 63.00%, Err 2106 (1.0e-004)
2633.182 .... 6480 packets received, 5040 bps, 63.01%, Err 2106 (1.0e-004)
2635.612 .... 6487 packets received, 5041 bps, 63.02%, Err 2106 (1.0e-004)
2637.768 .... 6493 packets received, 5042 bps, 63.02%, Err 2107 (1.0e-004)
2640.175 .... 6497 packets received, 5040 bps, 63.00%, Err 2109 (1.0e-004)
2643.114 .... 6507 packets received, 5042 bps, 63.03%, Err 2113 (1.0e-004)
2647.096 .... 6512 packets received, 5039 bps, 62.98%, Err 2115 (1.0e-004)
2650.301 .... 6525 packets received, 5043 bps, 63.03%, Err 2119 (1.0e-004)
2652.966 .... 6526 packets received, 5038 bps, 62.98%, Err 2122 (1.0e-004)
2655.910 .... 6535 packets received, 5040 bps, 63.00%, Err 2125 (1.0e-004)
2660.176 .... 6541 packets received, 5036 bps, 62.95%, Err 2127 (1.0e-004)
2663.381 .... 6554 packets received, 5040 bps, 63.00%, Err 2130 (1.0e-004)
2666.569 .... 6556 packets received, 5036 bps, 62.95%, Err 2133 (1.0e-004)
2668.689 .... 6570 packets received, 5042 bps, 63.03%, Err 2136 (1.0e-004)
2670.802 .... 6577 packets received, 5044 bps, 63.05%, Err 2136 (1.0e-004)
2674.248 .... 6580 packets received, 5040 bps, 63.00%, Err 2140 (1.0e-004)
2676.614 .... 6584 packets received, 5038 bps, 62.98%, Err 2140 (1.0e-004)
2682.239 .... 6593 packets received, 5035 bps, 62.93%, Err 2145 (1.0e-004)
2684.618 .... 6607 packets received, 5041 bps, 63.01%, Err 2147 (1.0e-004)
2688.095 .... 6612 packets received, 5038 bps, 62.98%, Err 2150 (1.0e-004)
2691.259 .... 6620 packets received, 5038 bps, 62.98%, Err 2154 (1.0e-004)
2693.392 .... 6630 packets received, 5042 bps, 63.02%, Err 2154 (1.0e-004)
2701.391 .... 6632 packets received, 5028 bps, 62.86%, Err 2162 (1.0e-004)
2704.321 .... 6647 packets received, 5034 bps, 62.93%, Err 2164 (1.0e-004)
2706.442 .... 6657 packets received, 5038 bps, 62.97%, Err 2165 (1.0e-004)
2708.536 .... 6665 packets received, 5040 bps, 63.00%, Err 2165 (1.0e-004)
2710.958 .... 6668 packets received, 5038 bps, 62.97%, Err 2167 (1.0e-004)
2713.116 .... 6676 packets received, 5040 bps, 63.00%, Err 2168 (1.0e-004)
2715.543 .... 6685 packets received, 5042 bps, 63.03%, Err 2171 (1.0e-004)
2719.759 .... 6690 packets received, 5038 bps, 62.98%, Err 2177 (1.0e-004)
2722.707 .... 6698 packets received, 5039 bps, 62.98%, Err 2180 (1.0e-004)
2724.836 .... 6705 packets received, 5040 bps, 63.00%, Err 2180 (1.0e-004)
2728.269 .... 6712 packets received, 5039 bps, 62.99%, Err 2184 (1.0e-004)
2731.475 .... 6715 packets received, 5035 bps, 62.94%, Err 2186 (1.0e-004)
2734.697 .... 6726 packets received, 5038 bps, 62.97%, Err 2187 (1.0e-004)
2737.112 .... 6734 packets received, 5039 bps, 62.99%, Err 2189 (1.0e-004)
2740.302 .... 6741 packets received, 5039 bps, 62.98%, Err 2192 (1.0e-004)
2743.272 .... 6750 packets received, 5040 bps, 63.00%, Err 2196 (1.0e-004)
2746.192 .... 6753 packets received, 5037 bps, 62.96%, Err 2197 (1.0e-004)
2748.568 .... 6764 packets received, 5040 bps, 63.01%, Err 2197 (1.0e-004)
2752.034 .... 6770 packets received, 5039 bps, 62.98%, Err 2201 (1.0e-004)
2760.522 .... 6778 packets received, 5029 bps, 62.86%, Err 2209 (1.0e-004)
2763.462 .... 6792 packets received, 5034 bps, 62.93%, Err 2210 (1.0e-004)
2765.864 .... 6796 packets received, 5033 bps, 62.91%, Err 2213 (1.0e-004)
2777.630 .... 6802 packets received, 5016 bps, 62.70%, Err 2227 (1.0e-004)
2780.815 .... 6818 packets received, 5022 bps, 62.77%, Err 2228 (1.0e-004)
2782.936 .... 6824 packets received, 5022 bps, 62.78%, Err 2229 (1.0e-004)
2785.055 .... 6835 packets received, 5027 bps, 62.83%, Err 2230 (1.0e-004)
2787.180 .... 6843 packets received, 5029 bps, 62.86%, Err 2230 (1.0e-004)
2790.395 .... 6847 packets received, 5026 bps, 62.82%, Err 2233 (1.0e-004)
2793.009 .... 6858 packets received, 5029 bps, 62.87%, Err 2234 (1.0e-004)
2795.410 .... 6866 packets received, 5031 bps, 62.88%, Err 2238 (1.0e-004)
2798.083 .... 6867 packets received, 5027 bps, 62.83%, Err 2241 (1.0e-004)
2800.788 .... 6875 packets received, 5028 bps, 62.85%, Err 2243 (1.0e-004)
2802.908 .... 6883 packets received, 5030 bps, 62.87%, Err 2244 (1.0e-004)
2805.028 .... 6891 packets received, 5032 bps, 62.90%, Err 2244 (1.0e-004)
2807.695 .... 6895 packets received, 5030 bps, 62.87%, Err 2246 (1.0e-004)
2810.627 .... 6906 packets received, 5033 bps, 62.91%, Err 2248 (1.0e-004)
2813.533 .... 6911 packets received, 5031 bps, 62.89%, Err 2251 (1.0e-004)
2816.471 .... 6921 packets received, 5033 bps, 62.91%, Err 2253 (1.0e-004)
2819.960 .... 6929 packets received, 5033 bps, 62.91%, Err 2257 (1.0e-004)
2824.253 .... 6935 packets received, 5029 bps, 62.87%, Err 2262 (1.0e-004)
2827.691 .... 6948 packets received, 5033 bps, 62.91%, Err 2265 (1.0e-004)
2830.910 .... 6955 packets received, 5032 bps, 62.90%, Err 2270 (1.0e-004)
2837.319 .... 6956 packets received, 5021 bps, 62.77%, Err 2278 (1.0e-004)
2842.377 .... 6969 packets received, 5022 bps, 62.77%, Err 2286 (1.0e-004)
2846.677 .... 6971 packets received, 5016 bps, 62.70%, Err 2292 (1.0e-004)
2849.599 .... 6983 packets received, 5019 bps, 62.74%, Err 2294 (1.0e-004)
2852.318 .... 6989 packets received, 5019 bps, 62.73%, Err 2295 (1.0e-004)
2855.550 .... 7000 packets received, 5021 bps, 62.76%, Err 2297 (1.0e-004)
2859.764 .... 7007 packets received, 5019 bps, 62.73%, Err 2301 (1.0e-004)
2866.684 .... 7020 packets received, 5016 bps, 62.70%, Err 2302 (1.0e-004)
2868.834 .... 7035 packets received, 5023 bps, 62.78%, Err 2302 (1.0e-004)
2871.510 .... 7040 packets received, 5022 bps, 62.77%, Err 2304 (1.0e-004)
2873.690 .... 7052 packets received, 5026 bps, 62.83%, Err 2304 (1.0e-004)
2877.162 .... 7055 packets received, 5022 bps, 62.78%, Err 2308 (1.0e-004)
2880.335 .... 7065 packets received, 5024 bps, 62.80%, Err 2310 (1.0e-004)
2883.253 .... 7078 packets received, 5028 bps, 62.85%, Err 2311 (1.0e-004)
2885.387 .... 7084 packets received, 5029 bps, 62.86%, Err 2312 (1.0e-004)
2887.514 .... 7090 packets received, 5029 bps, 62.86%, Err 2313 (1.0e-004)
2889.680 .... 7098 packets received, 5031 bps, 62.89%, Err 2314 (1.0e-004)
2891.807 .... 7105 packets received, 5032 bps, 62.90%, Err 2315 (1.0e-004)
2893.974 .... 7113 packets received, 5034 bps, 62.93%, Err 2315 (1.0e-004)
2896.066 .... 7121 packets received, 5036 bps, 62.95%, Err 2315 (1.0e-004)
2898.228 .... 7128 packets received, 5037 bps, 62.97%, Err 2316 (1.0e-004)
2907.253 .... 7134 packets received, 5026 bps, 62.83%, Err 2332 (1.0e-004)
2913.909 .... 7148 packets received, 5024 bps, 62.80%, Err 2341 (1.0e-004)
2918.429 .... 7151 packets received, 5019 bps, 62.73%, Err 2345 (1.0e-004)
2920.824 .... 7167 packets received, 5026 bps, 62.82%, Err 2346 (1.0e-004)
2922.958 .... 7172 packets received, 5026 bps, 62.82%, Err 2346 (1.0e-004)
2925.101 .... 7175 packets received, 5024 bps, 62.80%, Err 2348 (1.0e-004)
2929.083 .... 7180 packets received, 5021 bps, 62.76%, Err 2350 (1.0e-004)
2935.242 .... 7194 packets received, 5020 bps, 62.75%, Err 2355 (1.0e-004)
2937.626 .... 7202 packets received, 5021 bps, 62.77%, Err 2355 (1.0e-004)
2939.739 .... 7210 packets received, 5023 bps, 62.79%, Err 2355 (1.0e-004)
2942.957 .... 7215 packets received, 5021 bps, 62.77%, Err 2356 (1.0e-004)
2945.069 .... 7226 packets received, 5025 bps, 62.82%, Err 2357 (1.0e-004)
2947.159 .... 7229 packets received, 5024 bps, 62.80%, Err 2359 (1.0e-004)
2950.612 .... 7240 packets received, 5026 bps, 62.82%, Err 2360 (1.0e-004)
2953.023 .... 7248 packets received, 5027 bps, 62.84%, Err 2361 (1.0e-004)
2955.164 .... 7260 packets received, 5032 bps, 62.90%, Err 2362 (1.0e-004)
2957.813 .... 7265 packets received, 5031 bps, 62.88%, Err 2364 (1.0e-004)
2959.969 .... 7271 packets received, 5031 bps, 62.89%, Err 2368 (1.0e-004)
2962.367 .... 7272 packets received, 5028 bps, 62.85%, Err 2371 (1.0e-004)
2965.820 .... 7283 packets received, 5030 bps, 62.87%, Err 2372 (1.0e-004)
2967.965 .... 7295 packets received, 5034 bps, 62.93%, Err 2372 (1.0e-004)
2977.022 .... 7299 packets received, 5022 bps, 62.77%, Err 2384 (1.0e-004)
2979.395 .... 7313 packets received, 5027 bps, 62.84%, Err 2385 (1.0e-004)
2984.491 .... 7318 packets received, 5022 bps, 62.78%, Err 2388 (1.0e-004)
2986.617 .... 7333 packets received, 5029 bps, 62.86%, Err 2388 (1.0e-004)
2989.807 .... 7339 packets received, 5028 bps, 62.85%, Err 2391 (1.0e-004)
2993.004 .... 7344 packets received, 5026 bps, 62.82%, Err 2394 (1.0e-004)
2995.913 .... 7352 packets received, 5026 bps, 62.83%, Err 2396 (1.0e-004)
2999.366 .... 7361 packets received, 5027 bps, 62.83%, Err 2401 (1.0e-004)
3001.519 .... 7371 packets received, 5030 bps, 62.87%, Err 2401 (1.0e-004)
3003.911 .... 7374 packets received, 5028 bps, 62.85%, Err 2403 (1.0e-004)
3006.032 .... 7385 packets received, 5032 bps, 62.90%, Err 2403 (1.0e-004)
3011.899 .... 7391 packets received, 5026 bps, 62.83%, Err 2410 (1.0e-004)
3014.566 .... 7399 packets received, 5027 bps, 62.84%, Err 2412 (1.0e-004)
3016.678 .... 7407 packets received, 5029 bps, 62.86%, Err 2413 (1.0e-004)
3019.102 .... 7414 packets received, 5030 bps, 62.87%, Err 2414 (1.0e-004)
3022.278 .... 7421 packets received, 5029 bps, 62.87%, Err 2417 (1.0e-004)
3025.220 .... 7426 packets received, 5028 bps, 62.85%, Err 2420 (1.0e-004)
3028.937 .... 7432 packets received, 5026 bps, 62.82%, Err 2426 (1.0e-004)
3031.081 .... 7441 packets received, 5028 bps, 62.85%, Err 2427 (1.0e-004)
3033.199 .... 7447 packets received, 5029 bps, 62.86%, Err 2428 (1.0e-004)
3035.347 .... 7455 packets received, 5030 bps, 62.88%, Err 2428 (1.0e-004)
3040.143 .... 7459 packets received, 5025 bps, 62.82%, Err 2432 (1.0e-004)
3043.333 .... 7472 packets received, 5029 bps, 62.86%, Err 2434 (1.0e-004)
3045.456 .... 7481 packets received, 5031 bps, 62.89%, Err 2436 (1.0e-004)
3048.722 .... 7490 packets received, 5032 bps, 62.90%, Err 2438 (1.0e-004)
3050.861 .... 7501 packets received, 5036 bps, 62.95%, Err 2441 (1.0e-004)
3054.823 .... 7502 packets received, 5030 bps, 62.87%, Err 2444 (1.0e-004)
3057.984 .... 7515 packets received, 5033 bps, 62.92%, Err 2445 (1.0e-004)
3060.108 .... 7524 packets received, 5036 bps, 62.95%, Err 2445 (1.0e-004)
3062.222 .... 7528 packets received, 5035 bps, 62.94%, Err 2447 (1.0e-004)
3065.957 .... 7531 packets received, 5031 bps, 62.89%, Err 2451 (1.0e-004)
3069.145 .... 7542 packets received, 5033 bps, 62.91%, Err 2454 (1.0e-004)
3071.261 .... 7549 packets received, 5034 bps, 62.93%, Err 2455 (1.0e-004)
3073.410 .... 7556 packets received, 5035 bps, 62.94%, Err 2456 (1.0e-004)
3076.566 .... 7564 packets received, 5036 bps, 62.95%, Err 2457 (1.0e-004)
3079.773 .... 7574 packets received, 5037 bps, 62.96%, Err 2459 (1.0e-004)
3081.900 .... 7582 packets received, 5039 bps, 62.99%, Err 2460 (1.0e-004)
3084.023 .... 7593 packets received, 5043 bps, 63.03%, Err 2461 (1.0e-004)
3086.687 .... 7596 packets received, 5040 bps, 63.00%, Err 2463 (1.0e-004)
3090.163 .... 7605 packets received, 5041 bps, 63.01%, Err 2468 (1.0e-004)
3093.092 .... 7610 packets received, 5039 bps, 62.99%, Err 2470 (1.0e-004)
3095.987 .... 7619 packets received, 5040 bps, 63.01%, Err 2473 (1.0e-004)
3099.434 .... 7624 packets received, 5038 bps, 62.98%, Err 2478 (1.0e-004)
3102.649 .... 7630 packets received, 5037 bps, 62.96%, Err 2483 (1.0e-004)
3104.765 .... 7637 packets received, 5038 bps, 62.98%, Err 2484 (1.0e-004)
3106.881 .... 7645 packets received, 5040 bps, 63.00%, Err 2484 (1.0e-004)
3110.348 .... 7648 packets received, 5036 bps, 62.95%, Err 2491 (1.0e-004)
3113.026 .... 7653 packets received, 5035 bps, 62.94%, Err 2495 (1.0e-004)
3115.142 .... 7659 packets received, 5036 bps, 62.95%, Err 2495 (1.0e-004)
3118.067 .... 7663 packets received, 5034 bps, 62.92%, Err 2499 (1.0e-004)
3121.022 .... 7670 packets received, 5033 bps, 62.92%, Err 2500 (1.0e-004)
3123.130 .... 7684 packets received, 5039 bps, 62.99%, Err 2501 (1.0e-004)
3125.244 .... 7687 packets received, 5038 bps, 62.97%, Err 2502 (1.0e-004)
3127.343 .... 7698 packets received, 5042 bps, 63.02%, Err 2503 (1.0e-004)
3129.472 .... 7706 packets received, 5043 bps, 63.04%, Err 2503 (1.0e-004)
3134.220 .... 7710 packets received, 5038 bps, 62.98%, Err 2508 (1.0e-004)
3136.925 .... 7723 packets received, 5043 bps, 63.03%, Err 2510 (1.0e-004)
3139.075 .... 7727 packets received, 5042 bps, 63.02%, Err 2512 (1.0e-004)
3141.740 .... 7734 packets received, 5042 bps, 63.03%, Err 2514 (1.0e-004)
3145.723 .... 7739 packets received, 5039 bps, 62.99%, Err 2517 (1.0e-004)
3148.627 .... 7753 packets received, 5043 bps, 63.04%, Err 2520 (1.0e-004)
3151.305 .... 7755 packets received, 5040 bps, 63.00%, Err 2521 (1.0e-004)
3155.584 .... 7763 packets received, 5039 bps, 62.98%, Err 2525 (1.0e-004)
3158.505 .... 7778 packets received, 5044 bps, 63.05%, Err 2527 (1.0e-004)
3161.696 .... 7784 packets received, 5043 bps, 63.03%, Err 2530 (1.0e-004)
3170.961 .... 7792 packets received, 5033 bps, 62.91%, Err 2540 (1.0e-004)
3183.178 .... 7795 packets received, 5016 bps, 62.70%, Err 2552 (1.0e-004)
3185.299 .... 7811 packets received, 5023 bps, 62.78%, Err 2554 (1.0e-004)
3188.458 .... 7819 packets received, 5023 bps, 62.78%, Err 2556 (1.0e-004)
3194.133 .... 7829 packets received, 5020 bps, 62.75%, Err 2560 (1.0e-004)
3196.255 .... 7836 packets received, 5021 bps, 62.77%, Err 2566 (1.0e-004)
3201.009 .... 7844 packets received, 5019 bps, 62.74%, Err 2570 (1.0e-004)
3203.421 .... 7849 packets received, 5018 bps, 62.73%, Err 2572 (1.0e-004)
3205.550 .... 7858 packets received, 5021 bps, 62.76%, Err 2572 (1.0e-004)
3207.707 .... 7861 packets received, 5019 bps, 62.74%, Err 2574 (1.0e-004)
3209.854 .... 7872 packets received, 5023 bps, 62.79%, Err 2574 (1.0e-004)
3214.394 .... 7875 packets received, 5018 bps, 62.72%, Err 2578 (1.0e-004)
3216.792 .... 7883 packets received, 5019 bps, 62.74%, Err 2580 (1.0e-004)
3218.901 .... 7891 packets received, 5021 bps, 62.76%, Err 2581 (1.0e-004)
3222.352 .... 7896 packets received, 5019 bps, 62.74%, Err 2585 (1.0e-004)
3226.104 .... 7902 packets received, 5017 bps, 62.71%, Err 2586 (1.0e-004)
3228.244 .... 7916 packets received, 5022 bps, 62.78%, Err 2587 (1.0e-004)
3231.429 .... 7919 packets received, 5019 bps, 62.74%, Err 2592 (1.0e-004)
3234.373 .... 7927 packets received, 5020 bps, 62.75%, Err 2594 (1.0e-004)
3237.270 .... 7935 packets received, 5020 bps, 62.75%, Err 2598 (1.0e-004)
