C:\Users\Lao Shi\protocol_laoshi\laoshi_selective.exe -bfu 
=========================================================================
                          Station B                                 
-------------------------------------------------------------------------
Protocol.lib, version 3.0, Build: Oct 19 2009 (jiangy@public3.bta.net.cn)
Channel: 8000 bps, 270 ms propagation delay, bit error rate 0
Log file "C:\Users\Lao Shi\protocol_laoshi\laoshi_selective-B.log", TCP port 59144, debug mask 0x00
Station B is connecting station A (TCP port 59144) ... Done.
New epoch: Mon May 09 20:06:19 2016
=========================================================================
2.417 .... 8 packets received, 7628 bps, 95.34%, Err 0 (0.0e+000)
4.590 .... 16 packets received, 7583 bps, 94.79%, Err 0 (0.0e+000)
6.762 .... 24 packets received, 7570 bps, 94.62%, Err 0 (0.0e+000)
8.930 .... 32 packets received, 7567 bps, 94.58%, Err 0 (0.0e+000)
11.096 .... 40 packets received, 7566 bps, 94.58%, Err 0 (0.0e+000)
13.265 .... 48 packets received, 7564 bps, 94.55%, Err 0 (0.0e+000)
15.423 .... 56 packets received, 7568 bps, 94.60%, Err 0 (0.0e+000)
17.594 .... 64 packets received, 7565 bps, 94.57%, Err 0 (0.0e+000)
19.762 .... 72 packets received, 7565 bps, 94.56%, Err 0 (0.0e+000)
21.931 .... 80 packets received, 7563 bps, 94.54%, Err 0 (0.0e+000)
24.098 .... 88 packets received, 7563 bps, 94.54%, Err 0 (0.0e+000)
26.283 .... 96 packets received, 7558 bps, 94.47%, Err 0 (0.0e+000)
28.456 .... 104 packets received, 7556 bps, 94.45%, Err 0 (0.0e+000)
30.612 .... 112 packets received, 7559 bps, 94.49%, Err 0 (0.0e+000)
32.772 .... 120 packets received, 7561 bps, 94.51%, Err 0 (0.0e+000)
34.945 .... 128 packets received, 7560 bps, 94.50%, Err 0 (0.0e+000)
37.101 .... 136 packets received, 7562 bps, 94.53%, Err 0 (0.0e+000)
39.271 .... 144 packets received, 7561 bps, 94.52%, Err 0 (0.0e+000)
41.458 .... 152 packets received, 7558 bps, 94.47%, Err 0 (0.0e+000)
43.614 .... 160 packets received, 7560 bps, 94.50%, Err 0 (0.0e+000)
45.785 .... 168 packets received, 7559 bps, 94.49%, Err 0 (0.0e+000)
47.954 .... 176 packets received, 7559 bps, 94.49%, Err 0 (0.0e+000)
50.127 .... 184 packets received, 7558 bps, 94.48%, Err 0 (0.0e+000)
52.285 .... 192 packets received, 7560 bps, 94.49%, Err 0 (0.0e+000)
54.456 .... 200 packets received, 7559 bps, 94.49%, Err 0 (0.0e+000)
56.614 .... 208 packets received, 7560 bps, 94.50%, Err 0 (0.0e+000)
58.805 .... 216 packets received, 7557 bps, 94.46%, Err 0 (0.0e+000)
60.966 .... 224 packets received, 7558 bps, 94.48%, Err 0 (0.0e+000)
63.120 .... 232 packets received, 7560 bps, 94.50%, Err 0 (0.0e+000)
65.283 .... 240 packets received, 7560 bps, 94.50%, Err 0 (0.0e+000)
67.455 .... 248 packets received, 7560 bps, 94.50%, Err 0 (0.0e+000)
69.625 .... 256 packets received, 7559 bps, 94.49%, Err 0 (0.0e+000)
71.808 .... 264 packets received, 7558 bps, 94.47%, Err 0 (0.0e+000)
73.979 .... 272 packets received, 7557 bps, 94.47%, Err 0 (0.0e+000)
76.136 .... 280 packets received, 7558 bps, 94.48%, Err 0 (0.0e+000)
78.301 .... 288 packets received, 7559 bps, 94.48%, Err 0 (0.0e+000)
80.470 .... 296 packets received, 7559 bps, 94.48%, Err 0 (0.0e+000)
82.652 .... 304 packets received, 7557 bps, 94.47%, Err 0 (0.0e+000)
84.813 .... 312 packets received, 7558 bps, 94.47%, Err 0 (0.0e+000)
86.976 .... 320 packets received, 7558 bps, 94.48%, Err 0 (0.0e+000)
89.145 .... 328 packets received, 7558 bps, 94.48%, Err 0 (0.0e+000)
91.299 .... 336 packets received, 7559 bps, 94.49%, Err 0 (0.0e+000)
93.470 .... 344 packets received, 7559 bps, 94.49%, Err 0 (0.0e+000)
95.656 .... 352 packets received, 7558 bps, 94.47%, Err 0 (0.0e+000)
97.827 .... 360 packets received, 7557 bps, 94.47%, Err 0 (0.0e+000)
99.985 .... 368 packets received, 7558 bps, 94.48%, Err 0 (0.0e+000)
102.153 .... 376 packets received, 7558 bps, 94.48%, Err 0 (0.0e+000)
104.308 .... 384 packets received, 7559 bps, 94.49%, Err 0 (0.0e+000)
106.496 .... 392 packets received, 7558 bps, 94.47%, Err 0 (0.0e+000)
108.653 .... 400 packets received, 7558 bps, 94.48%, Err 0 (0.0e+000)
110.824 .... 408 packets received, 7558 bps, 94.48%, Err 0 (0.0e+000)
112.994 .... 416 packets received, 7558 bps, 94.47%, Err 0 (0.0e+000)
115.145 .... 424 packets received, 7559 bps, 94.49%, Err 0 (0.0e+000)
117.314 .... 432 packets received, 7559 bps, 94.49%, Err 0 (0.0e+000)
119.495 .... 440 packets received, 7558 bps, 94.48%, Err 0 (0.0e+000)
121.679 .... 448 packets received, 7557 bps, 94.46%, Err 0 (0.0e+000)
123.833 .... 456 packets received, 7558 bps, 94.47%, Err 0 (0.0e+000)
125.988 .... 464 packets received, 7559 bps, 94.48%, Err 0 (0.0e+000)
128.179 .... 472 packets received, 7557 bps, 94.47%, Err 0 (0.0e+000)
130.321 .... 480 packets received, 7559 bps, 94.49%, Err 0 (0.0e+000)
132.497 .... 488 packets received, 7558 bps, 94.48%, Err 0 (0.0e+000)
134.663 .... 496 packets received, 7558 bps, 94.48%, Err 0 (0.0e+000)
136.853 .... 504 packets received, 7557 bps, 94.46%, Err 0 (0.0e+000)
139.009 .... 512 packets received, 7558 bps, 94.47%, Err 0 (0.0e+000)
141.162 .... 520 packets received, 7559 bps, 94.48%, Err 0 (0.0e+000)
143.335 .... 528 packets received, 7558 bps, 94.48%, Err 0 (0.0e+000)
145.521 .... 536 packets received, 7557 bps, 94.47%, Err 0 (0.0e+000)
147.681 .... 544 packets received, 7558 bps, 94.47%, Err 0 (0.0e+000)
149.853 .... 552 packets received, 7558 bps, 94.47%, Err 0 (0.0e+000)
152.026 .... 560 packets received, 7557 bps, 94.47%, Err 0 (0.0e+000)
154.179 .... 568 packets received, 7558 bps, 94.48%, Err 0 (0.0e+000)
156.338 .... 576 packets received, 7559 bps, 94.48%, Err 0 (0.0e+000)
158.523 .... 584 packets received, 7558 bps, 94.47%, Err 0 (0.0e+000)
160.695 .... 592 packets received, 7557 bps, 94.47%, Err 0 (0.0e+000)
162.855 .... 600 packets received, 7558 bps, 94.47%, Err 0 (0.0e+000)
165.026 .... 608 packets received, 7558 bps, 94.47%, Err 0 (0.0e+000)
167.188 .... 616 packets received, 7558 bps, 94.47%, Err 0 (0.0e+000)
169.361 .... 624 packets received, 7558 bps, 94.47%, Err 0 (0.0e+000)
171.533 .... 632 packets received, 7558 bps, 94.47%, Err 0 (0.0e+000)
173.682 .... 640 packets received, 7558 bps, 94.48%, Err 0 (0.0e+000)
175.856 .... 648 packets received, 7558 bps, 94.48%, Err 0 (0.0e+000)
178.017 .... 656 packets received, 7558 bps, 94.48%, Err 0 (0.0e+000)
180.201 .... 664 packets received, 7558 bps, 94.47%, Err 0 (0.0e+000)
182.370 .... 672 packets received, 7558 bps, 94.47%, Err 0 (0.0e+000)
184.542 .... 680 packets received, 7557 bps, 94.47%, Err 0 (0.0e+000)
186.713 .... 688 packets received, 7557 bps, 94.47%, Err 0 (0.0e+000)
188.882 .... 696 packets received, 7557 bps, 94.47%, Err 0 (0.0e+000)
191.049 .... 704 packets received, 7557 bps, 94.47%, Err 0 (0.0e+000)
193.203 .... 712 packets received, 7558 bps, 94.47%, Err 0 (0.0e+000)
195.387 .... 720 packets received, 7557 bps, 94.47%, Err 0 (0.0e+000)
197.540 .... 728 packets received, 7558 bps, 94.47%, Err 0 (0.0e+000)
199.725 .... 736 packets received, 7557 bps, 94.46%, Err 0 (0.0e+000)
201.882 .... 744 packets received, 7558 bps, 94.47%, Err 0 (0.0e+000)
204.052 .... 752 packets received, 7558 bps, 94.47%, Err 0 (0.0e+000)
206.222 .... 760 packets received, 7557 bps, 94.47%, Err 0 (0.0e+000)
208.390 .... 768 packets received, 7557 bps, 94.47%, Err 0 (0.0e+000)
210.546 .... 776 packets received, 7558 bps, 94.47%, Err 0 (0.0e+000)
212.731 .... 784 packets received, 7557 bps, 94.47%, Err 0 (0.0e+000)
214.900 .... 792 packets received, 7557 bps, 94.47%, Err 0 (0.0e+000)
217.068 .... 800 packets received, 7557 bps, 94.47%, Err 0 (0.0e+000)
219.239 .... 808 packets received, 7557 bps, 94.46%, Err 0 (0.0e+000)
221.393 .... 816 packets received, 7558 bps, 94.47%, Err 0 (0.0e+000)
223.554 .... 824 packets received, 7558 bps, 94.47%, Err 0 (0.0e+000)
225.726 .... 832 packets received, 7558 bps, 94.47%, Err 0 (0.0e+000)
227.908 .... 840 packets received, 7557 bps, 94.47%, Err 0 (0.0e+000)
230.059 .... 848 packets received, 7558 bps, 94.47%, Err 0 (0.0e+000)
232.243 .... 856 packets received, 7557 bps, 94.47%, Err 0 (0.0e+000)
234.394 .... 864 packets received, 7558 bps, 94.47%, Err 0 (0.0e+000)
236.560 .... 872 packets received, 7558 bps, 94.47%, Err 0 (0.0e+000)
238.730 .... 880 packets received, 7558 bps, 94.47%, Err 0 (0.0e+000)
240.898 .... 888 packets received, 7558 bps, 94.47%, Err 0 (0.0e+000)
243.085 .... 896 packets received, 7557 bps, 94.46%, Err 0 (0.0e+000)
245.244 .... 904 packets received, 7557 bps, 94.47%, Err 0 (0.0e+000)
247.398 .... 912 packets received, 7558 bps, 94.47%, Err 0 (0.0e+000)
249.590 .... 920 packets received, 7557 bps, 94.46%, Err 0 (0.0e+000)
251.759 .... 928 packets received, 7557 bps, 94.46%, Err 0 (0.0e+000)
253.905 .... 936 packets received, 7558 bps, 94.47%, Err 0 (0.0e+000)
256.091 .... 944 packets received, 7557 bps, 94.47%, Err 0 (0.0e+000)
258.259 .... 952 packets received, 7557 bps, 94.47%, Err 0 (0.0e+000)
260.416 .... 960 packets received, 7558 bps, 94.47%, Err 0 (0.0e+000)
262.600 .... 968 packets received, 7557 bps, 94.46%, Err 0 (0.0e+000)
264.739 .... 976 packets received, 7558 bps, 94.47%, Err 0 (0.0e+000)
266.917 .... 984 packets received, 7558 bps, 94.47%, Err 0 (0.0e+000)
269.103 .... 992 packets received, 7557 bps, 94.46%, Err 0 (0.0e+000)
271.245 .... 1000 packets received, 7558 bps, 94.47%, Err 0 (0.0e+000)
273.430 .... 1008 packets received, 7557 bps, 94.47%, Err 0 (0.0e+000)
275.589 .... 1016 packets received, 7558 bps, 94.47%, Err 0 (0.0e+000)
277.757 .... 1024 packets received, 7558 bps, 94.47%, Err 0 (0.0e+000)
279.934 .... 1032 packets received, 7557 bps, 94.47%, Err 0 (0.0e+000)
282.091 .... 1040 packets received, 7558 bps, 94.47%, Err 0 (0.0e+000)
284.263 .... 1048 packets received, 7558 bps, 94.47%, Err 0 (0.0e+000)
286.446 .... 1056 packets received, 7557 bps, 94.46%, Err 0 (0.0e+000)
288.605 .... 1064 packets received, 7557 bps, 94.47%, Err 0 (0.0e+000)
290.776 .... 1072 packets received, 7557 bps, 94.47%, Err 0 (0.0e+000)
292.933 .... 1080 packets received, 7558 bps, 94.47%, Err 0 (0.0e+000)
295.102 .... 1088 packets received, 7558 bps, 94.47%, Err 0 (0.0e+000)
297.270 .... 1096 packets received, 7558 bps, 94.47%, Err 0 (0.0e+000)
299.447 .... 1104 packets received, 7557 bps, 94.47%, Err 0 (0.0e+000)
301.603 .... 1112 packets received, 7558 bps, 94.47%, Err 0 (0.0e+000)
303.774 .... 1120 packets received, 7558 bps, 94.47%, Err 0 (0.0e+000)
305.943 .... 1128 packets received, 7558 bps, 94.47%, Err 0 (0.0e+000)
308.110 .... 1136 packets received, 7558 bps, 94.47%, Err 0 (0.0e+000)
310.269 .... 1144 packets received, 7558 bps, 94.47%, Err 0 (0.0e+000)
312.460 .... 1152 packets received, 7557 bps, 94.47%, Err 0 (0.0e+000)
314.627 .... 1160 packets received, 7557 bps, 94.47%, Err 0 (0.0e+000)
316.785 .... 1168 packets received, 7557 bps, 94.47%, Err 0 (0.0e+000)
318.960 .... 1176 packets received, 7557 bps, 94.47%, Err 0 (0.0e+000)
321.120 .... 1184 packets received, 7558 bps, 94.47%, Err 0 (0.0e+000)
323.277 .... 1192 packets received, 7558 bps, 94.47%, Err 0 (0.0e+000)
325.448 .... 1200 packets received, 7558 bps, 94.47%, Err 0 (0.0e+000)
327.639 .... 1208 packets received, 7557 bps, 94.46%, Err 0 (0.0e+000)
329.780 .... 1216 packets received, 7558 bps, 94.47%, Err 0 (0.0e+000)
331.955 .... 1224 packets received, 7558 bps, 94.47%, Err 0 (0.0e+000)
334.117 .... 1232 packets received, 7558 bps, 94.47%, Err 0 (0.0e+000)
336.292 .... 1240 packets received, 7558 bps, 94.47%, Err 0 (0.0e+000)
338.464 .... 1248 packets received, 7557 bps, 94.47%, Err 0 (0.0e+000)
340.626 .... 1256 packets received, 7558 bps, 94.47%, Err 0 (0.0e+000)
342.786 .... 1264 packets received, 7558 bps, 94.47%, Err 0 (0.0e+000)
344.956 .... 1272 packets received, 7558 bps, 94.47%, Err 0 (0.0e+000)
347.128 .... 1280 packets received, 7558 bps, 94.47%, Err 0 (0.0e+000)
349.300 .... 1288 packets received, 7558 bps, 94.47%, Err 0 (0.0e+000)
351.476 .... 1296 packets received, 7557 bps, 94.47%, Err 0 (0.0e+000)
353.635 .... 1304 packets received, 7558 bps, 94.47%, Err 0 (0.0e+000)
355.796 .... 1312 packets received, 7558 bps, 94.47%, Err 0 (0.0e+000)
357.986 .... 1320 packets received, 7557 bps, 94.47%, Err 0 (0.0e+000)
360.133 .... 1328 packets received, 7558 bps, 94.47%, Err 0 (0.0e+000)
362.309 .... 1336 packets received, 7558 bps, 94.47%, Err 0 (0.0e+000)
364.475 .... 1344 packets received, 7558 bps, 94.47%, Err 0 (0.0e+000)
366.660 .... 1352 packets received, 7557 bps, 94.47%, Err 0 (0.0e+000)
368.816 .... 1360 packets received, 7557 bps, 94.47%, Err 0 (0.0e+000)
370.972 .... 1368 packets received, 7558 bps, 94.47%, Err 0 (0.0e+000)
373.140 .... 1376 packets received, 7558 bps, 94.47%, Err 0 (0.0e+000)
375.312 .... 1384 packets received, 7558 bps, 94.47%, Err 0 (0.0e+000)
377.500 .... 1392 packets received, 7557 bps, 94.47%, Err 0 (0.0e+000)
379.663 .... 1400 packets received, 7557 bps, 94.47%, Err 0 (0.0e+000)
381.822 .... 1408 packets received, 7557 bps, 94.47%, Err 0 (0.0e+000)
383.997 .... 1416 packets received, 7557 bps, 94.47%, Err 0 (0.0e+000)
386.156 .... 1424 packets received, 7558 bps, 94.47%, Err 0 (0.0e+000)
388.325 .... 1432 packets received, 7558 bps, 94.47%, Err 0 (0.0e+000)
390.498 .... 1440 packets received, 7557 bps, 94.47%, Err 0 (0.0e+000)
392.658 .... 1448 packets received, 7558 bps, 94.47%, Err 0 (0.0e+000)
394.833 .... 1456 packets received, 7557 bps, 94.47%, Err 0 (0.0e+000)
396.990 .... 1464 packets received, 7558 bps, 94.47%, Err 0 (0.0e+000)
399.168 .... 1472 packets received, 7557 bps, 94.47%, Err 0 (0.0e+000)
401.331 .... 1480 packets received, 7558 bps, 94.47%, Err 0 (0.0e+000)
403.518 .... 1488 packets received, 7557 bps, 94.46%, Err 0 (0.0e+000)
405.658 .... 1496 packets received, 7558 bps, 94.47%, Err 0 (0.0e+000)
407.843 .... 1504 packets received, 7557 bps, 94.47%, Err 0 (0.0e+000)
410.009 .... 1512 packets received, 7557 bps, 94.47%, Err 0 (0.0e+000)
412.175 .... 1520 packets received, 7557 bps, 94.47%, Err 0 (0.0e+000)
414.345 .... 1528 packets received, 7557 bps, 94.47%, Err 0 (0.0e+000)
416.518 .... 1536 packets received, 7557 bps, 94.47%, Err 0 (0.0e+000)
418.690 .... 1544 packets received, 7557 bps, 94.47%, Err 0 (0.0e+000)
420.857 .... 1552 packets received, 7557 bps, 94.47%, Err 0 (0.0e+000)
423.032 .... 1560 packets received, 7557 bps, 94.46%, Err 0 (0.0e+000)
425.188 .... 1568 packets received, 7557 bps, 94.47%, Err 0 (0.0e+000)
427.356 .... 1576 packets received, 7557 bps, 94.47%, Err 0 (0.0e+000)
429.511 .... 1584 packets received, 7558 bps, 94.47%, Err 0 (0.0e+000)
431.680 .... 1592 packets received, 7558 bps, 94.47%, Err 0 (0.0e+000)
433.855 .... 1600 packets received, 7557 bps, 94.47%, Err 0 (0.0e+000)
436.013 .... 1608 packets received, 7558 bps, 94.47%, Err 0 (0.0e+000)
438.201 .... 1616 packets received, 7557 bps, 94.47%, Err 0 (0.0e+000)
440.354 .... 1624 packets received, 7558 bps, 94.47%, Err 0 (0.0e+000)
442.525 .... 1632 packets received, 7557 bps, 94.47%, Err 0 (0.0e+000)
444.707 .... 1640 packets received, 7557 bps, 94.47%, Err 0 (0.0e+000)
446.878 .... 1648 packets received, 7557 bps, 94.46%, Err 0 (0.0e+000)
449.048 .... 1656 packets received, 7557 bps, 94.46%, Err 0 (0.0e+000)
451.203 .... 1664 packets received, 7557 bps, 94.47%, Err 0 (0.0e+000)
453.375 .... 1672 packets received, 7557 bps, 94.47%, Err 0 (0.0e+000)
455.534 .... 1680 packets received, 7557 bps, 94.47%, Err 0 (0.0e+000)
457.689 .... 1688 packets received, 7558 bps, 94.47%, Err 0 (0.0e+000)
459.860 .... 1696 packets received, 7558 bps, 94.47%, Err 0 (0.0e+000)
462.053 .... 1704 packets received, 7557 bps, 94.46%, Err 0 (0.0e+000)
464.208 .... 1712 packets received, 7557 bps, 94.47%, Err 0 (0.0e+000)
466.366 .... 1720 packets received, 7558 bps, 94.47%, Err 0 (0.0e+000)
468.535 .... 1728 packets received, 7558 bps, 94.47%, Err 0 (0.0e+000)
470.707 .... 1736 packets received, 7557 bps, 94.47%, Err 0 (0.0e+000)
472.874 .... 1744 packets received, 7557 bps, 94.47%, Err 0 (0.0e+000)
475.034 .... 1752 packets received, 7558 bps, 94.47%, Err 0 (0.0e+000)
477.202 .... 1760 packets received, 7558 bps, 94.47%, Err 0 (0.0e+000)
479.374 .... 1768 packets received, 7558 bps, 94.47%, Err 0 (0.0e+000)
481.546 .... 1776 packets received, 7557 bps, 94.47%, Err 0 (0.0e+000)
483.719 .... 1784 packets received, 7557 bps, 94.47%, Err 0 (0.0e+000)
485.876 .... 1792 packets received, 7558 bps, 94.47%, Err 0 (0.0e+000)
488.044 .... 1800 packets received, 7558 bps, 94.47%, Err 0 (0.0e+000)
490.227 .... 1808 packets received, 7557 bps, 94.47%, Err 0 (0.0e+000)
492.398 .... 1816 packets received, 7557 bps, 94.47%, Err 0 (0.0e+000)
494.556 .... 1824 packets received, 7557 bps, 94.47%, Err 0 (0.0e+000)
496.729 .... 1832 packets received, 7557 bps, 94.47%, Err 0 (0.0e+000)
498.902 .... 1840 packets received, 7557 bps, 94.47%, Err 0 (0.0e+000)
501.063 .... 1848 packets received, 7557 bps, 94.47%, Err 0 (0.0e+000)
503.228 .... 1856 packets received, 7557 bps, 94.47%, Err 0 (0.0e+000)
505.399 .... 1864 packets received, 7557 bps, 94.47%, Err 0 (0.0e+000)
507.579 .... 1872 packets received, 7557 bps, 94.47%, Err 0 (0.0e+000)
509.738 .... 1880 packets received, 7557 bps, 94.47%, Err 0 (0.0e+000)
511.909 .... 1888 packets received, 7557 bps, 94.47%, Err 0 (0.0e+000)
514.063 .... 1896 packets received, 7558 bps, 94.47%, Err 0 (0.0e+000)
516.230 .... 1904 packets received, 7558 bps, 94.47%, Err 0 (0.0e+000)
518.402 .... 1912 packets received, 7557 bps, 94.47%, Err 0 (0.0e+000)
520.571 .... 1920 packets received, 7557 bps, 94.47%, Err 0 (0.0e+000)
522.734 .... 1928 packets received, 7558 bps, 94.47%, Err 0 (0.0e+000)
524.910 .... 1936 packets received, 7557 bps, 94.47%, Err 0 (0.0e+000)
527.071 .... 1944 packets received, 7558 bps, 94.47%, Err 0 (0.0e+000)
529.257 .... 1952 packets received, 7557 bps, 94.47%, Err 0 (0.0e+000)
531.428 .... 1960 packets received, 7557 bps, 94.47%, Err 0 (0.0e+000)
533.580 .... 1968 packets received, 7557 bps, 94.47%, Err 0 (0.0e+000)
535.749 .... 1976 packets received, 7557 bps, 94.47%, Err 0 (0.0e+000)
537.936 .... 1984 packets received, 7557 bps, 94.46%, Err 0 (0.0e+000)
540.074 .... 1992 packets received, 7558 bps, 94.47%, Err 0 (0.0e+000)
542.263 .... 2000 packets received, 7557 bps, 94.47%, Err 0 (0.0e+000)
544.430 .... 2008 packets received, 7557 bps, 94.47%, Err 0 (0.0e+000)
546.587 .... 2016 packets received, 7557 bps, 94.47%, Err 0 (0.0e+000)
548.758 .... 2024 packets received, 7557 bps, 94.47%, Err 0 (0.0e+000)
550.916 .... 2032 packets received, 7558 bps, 94.47%, Err 0 (0.0e+000)
553.089 .... 2040 packets received, 7557 bps, 94.47%, Err 0 (0.0e+000)
555.262 .... 2048 packets received, 7557 bps, 94.47%, Err 0 (0.0e+000)
557.445 .... 2056 packets received, 7557 bps, 94.46%, Err 0 (0.0e+000)
559.601 .... 2064 packets received, 7557 bps, 94.47%, Err 0 (0.0e+000)
561.770 .... 2072 packets received, 7557 bps, 94.47%, Err 0 (0.0e+000)
563.927 .... 2080 packets received, 7557 bps, 94.47%, Err 0 (0.0e+000)
566.112 .... 2088 packets received, 7557 bps, 94.47%, Err 0 (0.0e+000)
568.285 .... 2096 packets received, 7557 bps, 94.46%, Err 0 (0.0e+000)
570.455 .... 2104 packets received, 7557 bps, 94.46%, Err 0 (0.0e+000)
572.599 .... 2112 packets received, 7557 bps, 94.47%, Err 0 (0.0e+000)
574.783 .... 2120 packets received, 7557 bps, 94.47%, Err 0 (0.0e+000)
576.938 .... 2128 packets received, 7557 bps, 94.47%, Err 0 (0.0e+000)
579.124 .... 2136 packets received, 7557 bps, 94.47%, Err 0 (0.0e+000)
581.266 .... 2144 packets received, 7558 bps, 94.47%, Err 0 (0.0e+000)
583.438 .... 2152 packets received, 7557 bps, 94.47%, Err 0 (0.0e+000)
585.610 .... 2160 packets received, 7557 bps, 94.47%, Err 0 (0.0e+000)
587.796 .... 2168 packets received, 7557 bps, 94.47%, Err 0 (0.0e+000)
589.939 .... 2176 packets received, 7558 bps, 94.47%, Err 0 (0.0e+000)
592.125 .... 2184 packets received, 7557 bps, 94.47%, Err 0 (0.0e+000)
594.280 .... 2192 packets received, 7557 bps, 94.47%, Err 0 (0.0e+000)
596.446 .... 2200 packets received, 7557 bps, 94.47%, Err 0 (0.0e+000)
598.630 .... 2208 packets received, 7557 bps, 94.47%, Err 0 (0.0e+000)
600.802 .... 2216 packets received, 7557 bps, 94.47%, Err 0 (0.0e+000)
602.961 .... 2224 packets received, 7557 bps, 94.47%, Err 0 (0.0e+000)
605.114 .... 2232 packets received, 7558 bps, 94.47%, Err 0 (0.0e+000)
607.286 .... 2240 packets received, 7557 bps, 94.47%, Err 0 (0.0e+000)
609.464 .... 2248 packets received, 7557 bps, 94.47%, Err 0 (0.0e+000)
611.618 .... 2256 packets received, 7558 bps, 94.47%, Err 0 (0.0e+000)
613.790 .... 2264 packets received, 7557 bps, 94.47%, Err 0 (0.0e+000)
615.973 .... 2272 packets received, 7557 bps, 94.47%, Err 0 (0.0e+000)
618.147 .... 2280 packets received, 7557 bps, 94.47%, Err 0 (0.0e+000)
620.299 .... 2288 packets received, 7557 bps, 94.47%, Err 0 (0.0e+000)
622.485 .... 2296 packets received, 7557 bps, 94.46%, Err 0 (0.0e+000)
624.627 .... 2304 packets received, 7558 bps, 94.47%, Err 0 (0.0e+000)
626.804 .... 2312 packets received, 7557 bps, 94.47%, Err 0 (0.0e+000)
628.981 .... 2320 packets received, 7557 bps, 94.47%, Err 0 (0.0e+000)
631.142 .... 2328 packets received, 7557 bps, 94.47%, Err 0 (0.0e+000)
633.309 .... 2336 packets received, 7557 bps, 94.47%, Err 0 (0.0e+000)
635.472 .... 2344 packets received, 7557 bps, 94.47%, Err 0 (0.0e+000)
637.652 .... 2352 packets received, 7557 bps, 94.47%, Err 0 (0.0e+000)
639.806 .... 2360 packets received, 7557 bps, 94.47%, Err 0 (0.0e+000)
641.977 .... 2368 packets received, 7557 bps, 94.47%, Err 0 (0.0e+000)
644.154 .... 2376 packets received, 7557 bps, 94.47%, Err 0 (0.0e+000)
646.316 .... 2384 packets received, 7557 bps, 94.47%, Err 0 (0.0e+000)
648.482 .... 2392 packets received, 7557 bps, 94.47%, Err 0 (0.0e+000)
650.663 .... 2400 packets received, 7557 bps, 94.47%, Err 0 (0.0e+000)
652.829 .... 2408 packets received, 7557 bps, 94.47%, Err 0 (0.0e+000)
654.988 .... 2416 packets received, 7557 bps, 94.47%, Err 0 (0.0e+000)
657.164 .... 2424 packets received, 7557 bps, 94.47%, Err 0 (0.0e+000)
659.327 .... 2432 packets received, 7557 bps, 94.47%, Err 0 (0.0e+000)
661.497 .... 2440 packets received, 7557 bps, 94.47%, Err 0 (0.0e+000)
663.655 .... 2448 packets received, 7557 bps, 94.47%, Err 0 (0.0e+000)
665.832 .... 2456 packets received, 7557 bps, 94.47%, Err 0 (0.0e+000)
667.991 .... 2464 packets received, 7557 bps, 94.47%, Err 0 (0.0e+000)
670.169 .... 2472 packets received, 7557 bps, 94.47%, Err 0 (0.0e+000)
672.334 .... 2480 packets received, 7557 bps, 94.47%, Err 0 (0.0e+000)
674.511 .... 2488 packets received, 7557 bps, 94.47%, Err 0 (0.0e+000)
676.663 .... 2496 packets received, 7557 bps, 94.47%, Err 0 (0.0e+000)
678.853 .... 2504 packets received, 7557 bps, 94.46%, Err 0 (0.0e+000)
681.006 .... 2512 packets received, 7557 bps, 94.47%, Err 0 (0.0e+000)
683.177 .... 2520 packets received, 7557 bps, 94.47%, Err 0 (0.0e+000)
685.332 .... 2528 packets received, 7557 bps, 94.47%, Err 0 (0.0e+000)
687.499 .... 2536 packets received, 7557 bps, 94.47%, Err 0 (0.0e+000)
689.671 .... 2544 packets received, 7557 bps, 94.47%, Err 0 (0.0e+000)
691.857 .... 2552 packets received, 7557 bps, 94.47%, Err 0 (0.0e+000)
694.008 .... 2560 packets received, 7557 bps, 94.47%, Err 0 (0.0e+000)
696.176 .... 2568 packets received, 7557 bps, 94.47%, Err 0 (0.0e+000)
698.344 .... 2576 packets received, 7557 bps, 94.47%, Err 0 (0.0e+000)
700.526 .... 2584 packets received, 7557 bps, 94.47%, Err 0 (0.0e+000)
702.689 .... 2592 packets received, 7557 bps, 94.47%, Err 0 (0.0e+000)
704.869 .... 2600 packets received, 7557 bps, 94.46%, Err 0 (0.0e+000)
707.031 .... 2608 packets received, 7557 bps, 94.47%, Err 0 (0.0e+000)
709.187 .... 2616 packets received, 7557 bps, 94.47%, Err 0 (0.0e+000)
711.367 .... 2624 packets received, 7557 bps, 94.47%, Err 0 (0.0e+000)
713.541 .... 2632 packets received, 7557 bps, 94.46%, Err 0 (0.0e+000)
715.684 .... 2640 packets received, 7557 bps, 94.47%, Err 0 (0.0e+000)
717.852 .... 2648 packets received, 7557 bps, 94.47%, Err 0 (0.0e+000)
720.024 .... 2656 packets received, 7557 bps, 94.47%, Err 0 (0.0e+000)
722.208 .... 2664 packets received, 7557 bps, 94.47%, Err 0 (0.0e+000)
724.379 .... 2672 packets received, 7557 bps, 94.47%, Err 0 (0.0e+000)
726.538 .... 2680 packets received, 7557 bps, 94.47%, Err 0 (0.0e+000)
728.713 .... 2688 packets received, 7557 bps, 94.47%, Err 0 (0.0e+000)
730.884 .... 2696 packets received, 7557 bps, 94.47%, Err 0 (0.0e+000)
733.053 .... 2704 packets received, 7557 bps, 94.46%, Err 0 (0.0e+000)
735.208 .... 2712 packets received, 7557 bps, 94.47%, Err 0 (0.0e+000)
737.363 .... 2720 packets received, 7557 bps, 94.47%, Err 0 (0.0e+000)
739.536 .... 2728 packets received, 7557 bps, 94.47%, Err 0 (0.0e+000)
741.711 .... 2736 packets received, 7557 bps, 94.47%, Err 0 (0.0e+000)
743.885 .... 2744 packets received, 7557 bps, 94.47%, Err 0 (0.0e+000)
746.058 .... 2752 packets received, 7557 bps, 94.47%, Err 0 (0.0e+000)
748.229 .... 2760 packets received, 7557 bps, 94.46%, Err 0 (0.0e+000)
750.382 .... 2768 packets received, 7557 bps, 94.47%, Err 0 (0.0e+000)
752.566 .... 2776 packets received, 7557 bps, 94.46%, Err 0 (0.0e+000)
754.714 .... 2784 packets received, 7557 bps, 94.47%, Err 0 (0.0e+000)
756.884 .... 2792 packets received, 7557 bps, 94.47%, Err 0 (0.0e+000)
759.056 .... 2800 packets received, 7557 bps, 94.47%, Err 0 (0.0e+000)
761.226 .... 2808 packets received, 7557 bps, 94.47%, Err 0 (0.0e+000)
763.394 .... 2816 packets received, 7557 bps, 94.47%, Err 0 (0.0e+000)
765.564 .... 2824 packets received, 7557 bps, 94.47%, Err 0 (0.0e+000)
767.738 .... 2832 packets received, 7557 bps, 94.47%, Err 0 (0.0e+000)
769.881 .... 2840 packets received, 7557 bps, 94.47%, Err 0 (0.0e+000)
772.056 .... 2848 packets received, 7557 bps, 94.47%, Err 0 (0.0e+000)
774.220 .... 2856 packets received, 7557 bps, 94.47%, Err 0 (0.0e+000)
776.386 .... 2864 packets received, 7557 bps, 94.47%, Err 0 (0.0e+000)
778.569 .... 2872 packets received, 7557 bps, 94.47%, Err 0 (0.0e+000)
780.737 .... 2880 packets received, 7557 bps, 94.47%, Err 0 (0.0e+000)
782.891 .... 2888 packets received, 7557 bps, 94.47%, Err 0 (0.0e+000)
785.060 .... 2896 packets received, 7557 bps, 94.47%, Err 0 (0.0e+000)
787.228 .... 2904 packets received, 7557 bps, 94.47%, Err 0 (0.0e+000)
789.398 .... 2912 packets received, 7557 bps, 94.47%, Err 0 (0.0e+000)
791.571 .... 2920 packets received, 7557 bps, 94.47%, Err 0 (0.0e+000)
793.755 .... 2928 packets received, 7557 bps, 94.47%, Err 0 (0.0e+000)
795.912 .... 2936 packets received, 7557 bps, 94.47%, Err 0 (0.0e+000)
798.083 .... 2944 packets received, 7557 bps, 94.47%, Err 0 (0.0e+000)
800.257 .... 2952 packets received, 7557 bps, 94.47%, Err 0 (0.0e+000)
802.405 .... 2960 packets received, 7557 bps, 94.47%, Err 0 (0.0e+000)
804.584 .... 2968 packets received, 7557 bps, 94.47%, Err 0 (0.0e+000)
806.754 .... 2976 packets received, 7557 bps, 94.47%, Err 0 (0.0e+000)
808.912 .... 2984 packets received, 7557 bps, 94.47%, Err 0 (0.0e+000)
811.081 .... 2992 packets received, 7557 bps, 94.47%, Err 0 (0.0e+000)
813.268 .... 3000 packets received, 7557 bps, 94.47%, Err 0 (0.0e+000)
815.410 .... 3008 packets received, 7557 bps, 94.47%, Err 0 (0.0e+000)
817.579 .... 3016 packets received, 7557 bps, 94.47%, Err 0 (0.0e+000)
819.761 .... 3024 packets received, 7557 bps, 94.47%, Err 0 (0.0e+000)
821.940 .... 3032 packets received, 7557 bps, 94.47%, Err 0 (0.0e+000)
824.096 .... 3040 packets received, 7557 bps, 94.47%, Err 0 (0.0e+000)
826.268 .... 3048 packets received, 7557 bps, 94.47%, Err 0 (0.0e+000)
828.426 .... 3056 packets received, 7557 bps, 94.47%, Err 0 (0.0e+000)
830.597 .... 3064 packets received, 7557 bps, 94.47%, Err 0 (0.0e+000)
832.771 .... 3072 packets received, 7557 bps, 94.47%, Err 0 (0.0e+000)
834.942 .... 3080 packets received, 7557 bps, 94.47%, Err 0 (0.0e+000)
837.110 .... 3088 packets received, 7557 bps, 94.47%, Err 0 (0.0e+000)
839.286 .... 3096 packets received, 7557 bps, 94.46%, Err 0 (0.0e+000)
841.446 .... 3104 packets received, 7557 bps, 94.47%, Err 0 (0.0e+000)
843.599 .... 3112 packets received, 7557 bps, 94.47%, Err 0 (0.0e+000)
845.771 .... 3120 packets received, 7557 bps, 94.47%, Err 0 (0.0e+000)
847.940 .... 3128 packets received, 7557 bps, 94.47%, Err 0 (0.0e+000)
850.126 .... 3136 packets received, 7557 bps, 94.46%, Err 0 (0.0e+000)
852.281 .... 3144 packets received, 7557 bps, 94.47%, Err 0 (0.0e+000)
854.455 .... 3152 packets received, 7557 bps, 94.47%, Err 0 (0.0e+000)
856.621 .... 3160 packets received, 7557 bps, 94.47%, Err 0 (0.0e+000)
858.777 .... 3168 packets received, 7557 bps, 94.47%, Err 0 (0.0e+000)
860.945 .... 3176 packets received, 7557 bps, 94.47%, Err 0 (0.0e+000)
863.132 .... 3184 packets received, 7557 bps, 94.47%, Err 0 (0.0e+000)
865.288 .... 3192 packets received, 7557 bps, 94.47%, Err 0 (0.0e+000)
867.446 .... 3200 packets received, 7557 bps, 94.47%, Err 0 (0.0e+000)
869.617 .... 3208 packets received, 7557 bps, 94.47%, Err 0 (0.0e+000)
871.806 .... 3216 packets received, 7557 bps, 94.46%, Err 0 (0.0e+000)
873.951 .... 3224 packets received, 7557 bps, 94.47%, Err 0 (0.0e+000)
876.137 .... 3232 packets received, 7557 bps, 94.47%, Err 0 (0.0e+000)
878.309 .... 3240 packets received, 7557 bps, 94.46%, Err 0 (0.0e+000)
880.468 .... 3248 packets received, 7557 bps, 94.47%, Err 0 (0.0e+000)
882.641 .... 3256 packets received, 7557 bps, 94.47%, Err 0 (0.0e+000)
884.813 .... 3264 packets received, 7557 bps, 94.46%, Err 0 (0.0e+000)
886.982 .... 3272 packets received, 7557 bps, 94.46%, Err 0 (0.0e+000)
889.124 .... 3280 packets received, 7557 bps, 94.47%, Err 0 (0.0e+000)
891.295 .... 3288 packets received, 7557 bps, 94.47%, Err 0 (0.0e+000)
893.480 .... 3296 packets received, 7557 bps, 94.47%, Err 0 (0.0e+000)
895.651 .... 3304 packets received, 7557 bps, 94.47%, Err 0 (0.0e+000)
897.815 .... 3312 packets received, 7557 bps, 94.47%, Err 0 (0.0e+000)
899.968 .... 3320 packets received, 7557 bps, 94.47%, Err 0 (0.0e+000)
902.155 .... 3328 packets received, 7557 bps, 94.47%, Err 0 (0.0e+000)
904.327 .... 3336 packets received, 7557 bps, 94.46%, Err 0 (0.0e+000)
906.479 .... 3344 packets received, 7557 bps, 94.47%, Err 0 (0.0e+000)
908.647 .... 3352 packets received, 7557 bps, 94.47%, Err 0 (0.0e+000)
910.816 .... 3360 packets received, 7557 bps, 94.47%, Err 0 (0.0e+000)
912.972 .... 3368 packets received, 7557 bps, 94.47%, Err 0 (0.0e+000)
915.156 .... 3376 packets received, 7557 bps, 94.47%, Err 0 (0.0e+000)
917.310 .... 3384 packets received, 7557 bps, 94.47%, Err 0 (0.0e+000)
919.481 .... 3392 packets received, 7557 bps, 94.47%, Err 0 (0.0e+000)
921.650 .... 3400 packets received, 7557 bps, 94.47%, Err 0 (0.0e+000)
923.831 .... 3408 packets received, 7557 bps, 94.47%, Err 0 (0.0e+000)
926.001 .... 3416 packets received, 7557 bps, 94.47%, Err 0 (0.0e+000)
928.174 .... 3424 packets received, 7557 bps, 94.46%, Err 0 (0.0e+000)
930.345 .... 3432 packets received, 7557 bps, 94.46%, Err 0 (0.0e+000)
932.484 .... 3440 packets received, 7557 bps, 94.47%, Err 0 (0.0e+000)
934.669 .... 3448 packets received, 7557 bps, 94.47%, Err 0 (0.0e+000)
936.833 .... 3456 packets received, 7557 bps, 94.47%, Err 0 (0.0e+000)
938.988 .... 3464 packets received, 7557 bps, 94.47%, Err 0 (0.0e+000)
941.173 .... 3472 packets received, 7557 bps, 94.47%, Err 0 (0.0e+000)
943.345 .... 3480 packets received, 7557 bps, 94.47%, Err 0 (0.0e+000)
945.517 .... 3488 packets received, 7557 bps, 94.46%, Err 0 (0.0e+000)
947.688 .... 3496 packets received, 7557 bps, 94.46%, Err 0 (0.0e+000)
949.852 .... 3504 packets received, 7557 bps, 94.47%, Err 0 (0.0e+000)
952.010 .... 3512 packets received, 7557 bps, 94.47%, Err 0 (0.0e+000)
954.187 .... 3520 packets received, 7557 bps, 94.47%, Err 0 (0.0e+000)
956.346 .... 3528 packets received, 7557 bps, 94.47%, Err 0 (0.0e+000)
958.503 .... 3536 packets received, 7557 bps, 94.47%, Err 0 (0.0e+000)
960.673 .... 3544 packets received, 7557 bps, 94.47%, Err 0 (0.0e+000)
962.843 .... 3552 packets received, 7557 bps, 94.47%, Err 0 (0.0e+000)
965.015 .... 3560 packets received, 7557 bps, 94.47%, Err 0 (0.0e+000)
967.185 .... 3568 packets received, 7557 bps, 94.47%, Err 0 (0.0e+000)
969.342 .... 3576 packets received, 7557 bps, 94.47%, Err 0 (0.0e+000)
971.518 .... 3584 packets received, 7557 bps, 94.47%, Err 0 (0.0e+000)
973.693 .... 3592 packets received, 7557 bps, 94.47%, Err 0 (0.0e+000)
975.848 .... 3600 packets received, 7557 bps, 94.47%, Err 0 (0.0e+000)
978.030 .... 3608 packets received, 7557 bps, 94.47%, Err 0 (0.0e+000)
980.187 .... 3616 packets received, 7557 bps, 94.47%, Err 0 (0.0e+000)
982.345 .... 3624 packets received, 7557 bps, 94.47%, Err 0 (0.0e+000)
984.531 .... 3632 packets received, 7557 bps, 94.47%, Err 0 (0.0e+000)
986.689 .... 3640 packets received, 7557 bps, 94.47%, Err 0 (0.0e+000)
988.863 .... 3648 packets received, 7557 bps, 94.47%, Err 0 (0.0e+000)
991.032 .... 3656 packets received, 7557 bps, 94.47%, Err 0 (0.0e+000)
993.201 .... 3664 packets received, 7557 bps, 94.47%, Err 0 (0.0e+000)
995.378 .... 3672 packets received, 7557 bps, 94.47%, Err 0 (0.0e+000)
997.525 .... 3680 packets received, 7557 bps, 94.47%, Err 0 (0.0e+000)
999.712 .... 3688 packets received, 7557 bps, 94.47%, Err 0 (0.0e+000)
1001.871 .... 3696 packets received, 7557 bps, 94.47%, Err 0 (0.0e+000)
1004.044 .... 3704 packets received, 7557 bps, 94.47%, Err 0 (0.0e+000)
1006.195 .... 3712 packets received, 7557 bps, 94.47%, Err 0 (0.0e+000)
1008.374 .... 3720 packets received, 7557 bps, 94.47%, Err 0 (0.0e+000)
1010.550 .... 3728 packets received, 7557 bps, 94.47%, Err 0 (0.0e+000)
1012.725 .... 3736 packets received, 7557 bps, 94.46%, Err 0 (0.0e+000)
1014.893 .... 3744 packets received, 7557 bps, 94.46%, Err 0 (0.0e+000)
1017.046 .... 3752 packets received, 7557 bps, 94.47%, Err 0 (0.0e+000)
1019.208 .... 3760 packets received, 7557 bps, 94.47%, Err 0 (0.0e+000)
1021.375 .... 3768 packets received, 7557 bps, 94.47%, Err 0 (0.0e+000)
1023.543 .... 3776 packets received, 7557 bps, 94.47%, Err 0 (0.0e+000)
1025.729 .... 3784 packets received, 7557 bps, 94.47%, Err 0 (0.0e+000)
1027.884 .... 3792 packets received, 7557 bps, 94.47%, Err 0 (0.0e+000)
1030.067 .... 3800 packets received, 7557 bps, 94.47%, Err 0 (0.0e+000)
1032.240 .... 3808 packets received, 7557 bps, 94.46%, Err 0 (0.0e+000)
1034.396 .... 3816 packets received, 7557 bps, 94.47%, Err 0 (0.0e+000)
1036.565 .... 3824 packets received, 7557 bps, 94.47%, Err 0 (0.0e+000)
1038.717 .... 3832 packets received, 7557 bps, 94.47%, Err 0 (0.0e+000)
1040.902 .... 3840 packets received, 7557 bps, 94.47%, Err 0 (0.0e+000)
1043.071 .... 3848 packets received, 7557 bps, 94.47%, Err 0 (0.0e+000)
1045.229 .... 3856 packets received, 7557 bps, 94.47%, Err 0 (0.0e+000)
1047.408 .... 3864 packets received, 7557 bps, 94.47%, Err 0 (0.0e+000)
1049.568 .... 3872 packets received, 7557 bps, 94.47%, Err 0 (0.0e+000)
1051.735 .... 3880 packets received, 7557 bps, 94.47%, Err 0 (0.0e+000)
1053.908 .... 3888 packets received, 7557 bps, 94.47%, Err 0 (0.0e+000)
1056.074 .... 3896 packets received, 7557 bps, 94.47%, Err 0 (0.0e+000)
1058.226 .... 3904 packets received, 7557 bps, 94.47%, Err 0 (0.0e+000)
1060.408 .... 3912 packets received, 7557 bps, 94.47%, Err 0 (0.0e+000)
1062.477 .... 3914 packets received, 7546 bps, 94.33%, Err 0 (0.0e+000)
1063.493 TCP Disconnected.
