C:\Users\Lao Shi\protocol_laoshi\laoshi_selective.exe -bf -port 44446 -ber 1e-4 
=========================================================================
                          Station B                                 
-------------------------------------------------------------------------
Protocol.lib, version 3.0, Build: Oct 19 2009 (jiangy@public3.bta.net.cn)
Channel: 8000 bps, 270 ms propagation delay, bit error rate 1.0E-004
Log file "C:\Users\Lao Shi\protocol_laoshi\laoshi_selective-B.log", TCP port 44446, debug mask 0x00
Station B is connecting station A (TCP port 44446) ... Done.
New epoch: Wed May 11 21:13:00 2016
=========================================================================
3.743 .... 8 packets received, 4724 bps, 59.05%, Err 4 (1.3e-004)
5.863 .... 18 packets received, 6597 bps, 82.46%, Err 5 (1.1e-004)
9.592 .... 22 packets received, 4836 bps, 60.45%, Err 9 (1.2e-004)
11.709 .... 37 packets received, 6627 bps, 82.84%, Err 9 (9.6e-005)
14.377 .... 42 packets received, 6100 bps, 76.24%, Err 11 (9.6e-005)
16.481 .... 52 packets received, 6571 bps, 82.14%, Err 12 (9.1e-005)
18.603 .... 55 packets received, 6146 bps, 76.82%, Err 15 (1.0e-004)
21.521 .... 64 packets received, 6169 bps, 77.12%, Err 18 (1.0e-004)
24.706 .... 74 packets received, 6203 bps, 77.54%, Err 19 (9.6e-005)
27.124 .... 82 packets received, 6255 bps, 78.19%, Err 21 (9.7e-005)
29.541 .... 87 packets received, 6088 bps, 76.10%, Err 24 (1.0e-004)
31.945 .... 95 packets received, 6143 bps, 76.79%, Err 27 (1.1e-004)
39.619 .... 97 packets received, 5049 bps, 63.12%, Err 35 (1.1e-004)
41.753 .... 117 packets received, 5777 bps, 72.21%, Err 36 (1.1e-004)
44.387 .... 121 packets received, 5618 bps, 70.22%, Err 38 (1.1e-004)
46.487 .... 132 packets received, 5850 bps, 73.12%, Err 40 (1.1e-004)
48.605 .... 139 packets received, 5890 bps, 73.63%, Err 41 (1.1e-004)
53.383 .... 146 packets received, 5630 bps, 70.38%, Err 47 (1.1e-004)
56.287 .... 159 packets received, 5814 bps, 72.67%, Err 48 (1.1e-004)
58.689 .... 167 packets received, 5855 bps, 73.19%, Err 50 (1.1e-004)
64.282 .... 176 packets received, 5631 bps, 70.39%, Err 55 (1.1e-004)
66.383 .... 190 packets received, 5886 bps, 73.58%, Err 57 (1.1e-004)
68.503 .... 200 packets received, 6003 bps, 75.04%, Err 57 (1.0e-004)
71.160 .... 205 packets received, 5923 bps, 74.04%, Err 60 (1.1e-004)
73.263 .... 211 packets received, 5921 bps, 74.01%, Err 63 (1.1e-004)
75.414 .... 220 packets received, 5996 bps, 74.95%, Err 63 (1.0e-004)
77.516 .... 228 packets received, 6045 bps, 75.57%, Err 63 (1.0e-004)
79.649 .... 231 packets received, 5960 bps, 74.50%, Err 67 (1.1e-004)
81.777 .... 241 packets received, 6056 bps, 75.70%, Err 68 (1.0e-004)
84.693 .... 242 packets received, 5871 bps, 73.39%, Err 70 (1.0e-004)
86.810 .... 257 packets received, 6082 bps, 76.03%, Err 70 (1.0e-004)
89.984 .... 264 packets received, 6027 bps, 75.34%, Err 73 (1.0e-004)
92.101 .... 274 packets received, 6111 bps, 76.39%, Err 74 (1.0e-004)
94.235 .... 277 packets received, 6038 bps, 75.47%, Err 75 (1.0e-004)
96.336 .... 283 packets received, 6033 bps, 75.42%, Err 77 (1.0e-004)
98.469 .... 294 packets received, 6132 bps, 76.65%, Err 77 (9.8e-005)
102.995 .... 301 packets received, 6001 bps, 75.02%, Err 82 (1.0e-004)
106.196 .... 315 packets received, 6091 bps, 76.13%, Err 84 (9.9e-005)
109.361 .... 325 packets received, 6102 bps, 76.27%, Err 86 (9.8e-005)
112.838 .... 328 packets received, 5968 bps, 74.60%, Err 91 (1.0e-004)
114.954 .... 346 packets received, 6179 bps, 77.24%, Err 91 (9.9e-005)
117.071 .... 353 packets received, 6190 bps, 77.37%, Err 93 (9.9e-005)
119.442 .... 357 packets received, 6135 bps, 76.69%, Err 95 (9.9e-005)
121.594 .... 363 packets received, 6128 bps, 76.60%, Err 97 (1.0e-004)
125.288 .... 367 packets received, 6012 bps, 75.15%, Err 102 (1.0e-004)
128.231 .... 372 packets received, 5954 bps, 74.43%, Err 103 (1.0e-004)
130.366 .... 391 packets received, 6155 bps, 76.94%, Err 104 (1.0e-004)
132.751 .... 394 packets received, 6091 bps, 76.14%, Err 105 (9.9e-005)
135.137 .... 399 packets received, 6059 bps, 75.74%, Err 109 (1.0e-004)
138.841 .... 402 packets received, 5942 bps, 74.27%, Err 114 (1.0e-004)
143.362 .... 413 packets received, 5911 bps, 73.89%, Err 120 (1.0e-004)
145.763 .... 425 packets received, 5983 bps, 74.78%, Err 122 (1.0e-004)
147.882 .... 431 packets received, 5980 bps, 74.75%, Err 124 (1.0e-004)
150.031 .... 440 packets received, 6017 bps, 75.22%, Err 125 (1.0e-004)
152.958 .... 442 packets received, 5929 bps, 74.11%, Err 128 (1.0e-004)
155.061 .... 456 packets received, 6033 bps, 75.42%, Err 129 (1.0e-004)
157.997 .... 459 packets received, 5960 bps, 74.50%, Err 134 (1.1e-004)
160.118 .... 471 packets received, 6035 bps, 75.43%, Err 134 (1.0e-004)
162.256 .... 474 packets received, 5993 bps, 74.91%, Err 135 (1.0e-004)
164.361 .... 485 packets received, 6053 bps, 75.67%, Err 136 (1.0e-004)
166.462 .... 493 packets received, 6075 bps, 75.94%, Err 137 (1.0e-004)
169.667 .... 499 packets received, 6033 bps, 75.41%, Err 140 (1.0e-004)
172.302 .... 507 packets received, 6036 bps, 75.45%, Err 143 (1.0e-004)
175.520 .... 517 packets received, 6042 bps, 75.52%, Err 149 (1.1e-004)
178.463 .... 518 packets received, 5954 bps, 74.42%, Err 152 (1.1e-004)
180.862 .... 529 packets received, 5999 bps, 74.99%, Err 154 (1.1e-004)
182.967 .... 539 packets received, 6042 bps, 75.53%, Err 155 (1.1e-004)
185.899 .... 546 packets received, 6024 bps, 75.30%, Err 157 (1.1e-004)
188.787 .... 555 packets received, 6030 bps, 75.37%, Err 158 (1.0e-004)
194.091 .... 565 packets received, 5970 bps, 74.63%, Err 163 (1.0e-004)
196.230 .... 579 packets received, 6051 bps, 75.64%, Err 165 (1.1e-004)
198.340 .... 589 packets received, 6090 bps, 76.13%, Err 165 (1.0e-004)
200.464 .... 593 packets received, 6067 bps, 75.83%, Err 166 (1.0e-004)
202.583 .... 604 packets received, 6114 bps, 76.43%, Err 166 (1.0e-004)
204.681 .... 612 packets received, 6132 bps, 76.65%, Err 166 (1.0e-004)
206.809 .... 616 packets received, 6108 bps, 76.35%, Err 168 (1.0e-004)
209.429 .... 624 packets received, 6110 bps, 76.38%, Err 171 (1.0e-004)
212.370 .... 632 packets received, 6103 bps, 76.28%, Err 174 (1.0e-004)
214.470 .... 639 packets received, 6110 bps, 76.37%, Err 175 (1.0e-004)
217.125 .... 647 packets received, 6110 bps, 76.38%, Err 176 (1.0e-004)
219.289 .... 658 packets received, 6153 bps, 76.91%, Err 176 (1.0e-004)
222.452 .... 662 packets received, 6102 bps, 76.28%, Err 179 (1.0e-004)
226.941 .... 672 packets received, 6072 bps, 75.90%, Err 183 (1.0e-004)
229.844 .... 683 packets received, 6093 bps, 76.16%, Err 189 (1.0e-004)
231.978 .... 694 packets received, 6134 bps, 76.68%, Err 190 (1.0e-004)
235.434 .... 695 packets received, 6053 bps, 75.66%, Err 194 (1.0e-004)
237.538 .... 711 packets received, 6137 bps, 76.71%, Err 194 (1.0e-004)
239.660 .... 719 packets received, 6151 bps, 76.89%, Err 194 (1.0e-004)
241.795 .... 727 packets received, 6165 bps, 77.06%, Err 194 (1.0e-004)
243.916 .... 733 packets received, 6161 bps, 77.02%, Err 196 (1.0e-004)
246.020 .... 741 packets received, 6175 bps, 77.19%, Err 196 (1.0e-004)
248.147 .... 749 packets received, 6188 bps, 77.36%, Err 197 (9.9e-005)
251.095 .... 755 packets received, 6165 bps, 77.06%, Err 201 (1.0e-004)
253.714 .... 763 packets received, 6166 bps, 77.07%, Err 204 (1.0e-004)
255.831 .... 772 packets received, 6187 bps, 77.33%, Err 206 (1.0e-004)
257.988 .... 778 packets received, 6183 bps, 77.28%, Err 208 (1.0e-004)
261.943 .... 781 packets received, 6113 bps, 76.41%, Err 212 (1.0e-004)
264.071 .... 796 packets received, 6180 bps, 77.25%, Err 213 (1.0e-004)
267.526 .... 801 packets received, 6138 bps, 76.73%, Err 217 (1.0e-004)
269.645 .... 814 packets received, 6189 bps, 77.36%, Err 217 (1.0e-004)
271.745 .... 818 packets received, 6171 bps, 77.14%, Err 218 (1.0e-004)
274.405 .... 827 packets received, 6178 bps, 77.23%, Err 220 (1.0e-004)
277.072 .... 835 packets received, 6178 bps, 77.23%, Err 221 (1.0e-004)
279.195 .... 846 packets received, 6212 bps, 77.65%, Err 221 (9.9e-005)
283.145 .... 853 packets received, 6176 bps, 77.20%, Err 223 (9.8e-005)
287.382 .... 865 packets received, 6170 bps, 77.13%, Err 229 (1.0e-004)
290.308 .... 873 packets received, 6164 bps, 77.06%, Err 234 (1.0e-004)
292.726 .... 880 packets received, 6163 bps, 77.03%, Err 236 (1.0e-004)
294.856 .... 890 packets received, 6188 bps, 77.34%, Err 237 (1.0e-004)
296.991 .... 896 packets received, 6184 bps, 77.30%, Err 239 (1.0e-004)
299.088 .... 904 packets received, 6196 bps, 77.45%, Err 241 (1.0e-004)
302.287 .... 911 packets received, 6178 bps, 77.22%, Err 242 (1.0e-004)
304.975 .... 916 packets received, 6157 bps, 76.96%, Err 245 (1.0e-004)
307.078 .... 925 packets received, 6175 bps, 77.18%, Err 247 (1.0e-004)
309.213 .... 931 packets received, 6172 bps, 77.15%, Err 249 (1.0e-004)
311.601 .... 938 packets received, 6170 bps, 77.13%, Err 251 (1.0e-004)
313.991 .... 945 packets received, 6169 bps, 77.11%, Err 253 (1.0e-004)
316.073 .... 955 packets received, 6193 bps, 77.42%, Err 254 (1.0e-004)
318.210 .... 962 packets received, 6197 bps, 77.46%, Err 255 (1.0e-004)
321.382 .... 966 packets received, 6161 bps, 77.01%, Err 257 (1.0e-004)
323.504 .... 979 packets received, 6203 bps, 77.54%, Err 257 (9.9e-005)
327.201 .... 985 packets received, 6170 bps, 77.13%, Err 261 (1.0e-004)
329.329 .... 998 packets received, 6211 bps, 77.64%, Err 261 (9.9e-005)
331.431 .... 1002 packets received, 6197 bps, 77.46%, Err 263 (9.9e-005)
333.551 .... 1007 packets received, 6188 bps, 77.35%, Err 265 (9.9e-005)
337.293 .... 1016 packets received, 6174 bps, 77.18%, Err 268 (9.9e-005)
339.430 .... 1029 packets received, 6214 bps, 77.67%, Err 270 (9.9e-005)
341.552 .... 1037 packets received, 6223 bps, 77.79%, Err 270 (9.9e-005)
344.455 .... 1040 packets received, 6188 bps, 77.35%, Err 277 (1.0e-004)
346.611 .... 1050 packets received, 6209 bps, 77.61%, Err 278 (1.0e-004)
348.716 .... 1054 packets received, 6195 bps, 77.44%, Err 280 (1.0e-004)
351.370 .... 1061 packets received, 6189 bps, 77.36%, Err 282 (1.0e-004)
353.508 .... 1070 packets received, 6204 bps, 77.55%, Err 283 (1.0e-004)
355.912 .... 1075 packets received, 6191 bps, 77.38%, Err 285 (1.0e-004)
358.268 .... 1083 packets received, 6196 bps, 77.45%, Err 287 (1.0e-004)
360.400 .... 1089 packets received, 6193 bps, 77.41%, Err 290 (1.0e-004)
362.525 .... 1098 packets received, 6208 bps, 77.60%, Err 290 (1.0e-004)
364.658 .... 1106 packets received, 6216 bps, 77.70%, Err 291 (1.0e-004)
367.578 .... 1112 packets received, 6200 bps, 77.50%, Err 293 (1.0e-004)
370.250 .... 1117 packets received, 6183 bps, 77.29%, Err 296 (1.0e-004)
372.368 .... 1129 packets received, 6214 bps, 77.68%, Err 297 (1.0e-004)
375.071 .... 1135 packets received, 6202 bps, 77.52%, Err 300 (1.0e-004)
377.461 .... 1141 packets received, 6195 bps, 77.44%, Err 301 (1.0e-004)
380.348 .... 1151 packets received, 6202 bps, 77.53%, Err 303 (1.0e-004)
382.767 .... 1158 packets received, 6200 bps, 77.50%, Err 305 (1.0e-004)
386.473 .... 1162 packets received, 6162 bps, 77.03%, Err 312 (1.0e-004)
388.574 .... 1174 packets received, 6192 bps, 77.40%, Err 313 (1.0e-004)
391.253 .... 1182 packets received, 6191 bps, 77.39%, Err 316 (1.0e-004)
393.356 .... 1189 packets received, 6195 bps, 77.44%, Err 318 (1.0e-004)
395.466 .... 1196 packets received, 6198 bps, 77.48%, Err 320 (1.0e-004)
397.601 .... 1203 packets received, 6201 bps, 77.51%, Err 320 (1.0e-004)
400.790 .... 1211 packets received, 6192 bps, 77.40%, Err 326 (1.0e-004)
402.908 .... 1218 packets received, 6195 bps, 77.44%, Err 326 (1.0e-004)
405.007 .... 1225 packets received, 6199 bps, 77.48%, Err 327 (1.0e-004)
407.930 .... 1232 packets received, 6189 bps, 77.37%, Err 332 (1.0e-004)
410.332 .... 1235 packets received, 6168 bps, 77.10%, Err 333 (1.0e-004)
412.697 .... 1246 packets received, 6187 bps, 77.34%, Err 335 (1.0e-004)
415.083 .... 1253 packets received, 6186 bps, 77.33%, Err 337 (1.0e-004)
417.237 .... 1263 packets received, 6204 bps, 77.54%, Err 338 (1.0e-004)
420.674 .... 1266 packets received, 6167 bps, 77.09%, Err 342 (1.0e-004)
424.138 .... 1279 packets received, 6180 bps, 77.25%, Err 344 (1.0e-004)
427.004 .... 1284 packets received, 6162 bps, 77.03%, Err 347 (1.0e-004)
429.675 .... 1297 packets received, 6186 bps, 77.32%, Err 349 (1.0e-004)
432.322 .... 1305 packets received, 6186 bps, 77.32%, Err 354 (1.0e-004)
438.168 .... 1310 packets received, 6127 bps, 76.58%, Err 357 (1.0e-004)
440.268 .... 1330 packets received, 6191 bps, 77.38%, Err 358 (1.0e-004)
442.417 .... 1332 packets received, 6170 bps, 77.12%, Err 359 (1.0e-004)
445.620 .... 1341 packets received, 6167 bps, 77.09%, Err 363 (1.0e-004)
447.723 .... 1351 packets received, 6184 bps, 77.30%, Err 363 (1.0e-004)
449.840 .... 1358 packets received, 6186 bps, 77.33%, Err 364 (1.0e-004)
451.995 .... 1366 packets received, 6193 bps, 77.41%, Err 366 (1.0e-004)
454.097 .... 1374 packets received, 6201 bps, 77.51%, Err 366 (1.0e-004)
456.215 .... 1377 packets received, 6185 bps, 77.32%, Err 369 (1.0e-004)
458.605 .... 1385 packets received, 6189 bps, 77.36%, Err 371 (1.0e-004)
460.995 .... 1392 packets received, 6188 bps, 77.35%, Err 373 (1.0e-004)
463.374 .... 1400 packets received, 6191 bps, 77.39%, Err 374 (1.0e-004)
465.498 .... 1411 packets received, 6211 bps, 77.64%, Err 374 (1.0e-004)
470.002 .... 1418 packets received, 6182 bps, 77.28%, Err 379 (1.0e-004)
472.953 .... 1425 packets received, 6174 bps, 77.18%, Err 380 (1.0e-004)
475.052 .... 1441 packets received, 6216 bps, 77.70%, Err 380 (1.0e-004)
478.287 .... 1443 packets received, 6182 bps, 77.28%, Err 385 (1.0e-004)
480.410 .... 1457 packets received, 6215 bps, 77.68%, Err 385 (1.0e-004)
483.027 .... 1463 packets received, 6207 bps, 77.58%, Err 387 (1.0e-004)
485.691 .... 1466 packets received, 6185 bps, 77.31%, Err 389 (1.0e-004)
492.066 .... 1476 packets received, 6147 bps, 76.83%, Err 394 (1.0e-004)
495.485 .... 1496 packets received, 6187 bps, 77.34%, Err 397 (1.0e-004)
498.402 .... 1504 packets received, 6184 bps, 77.29%, Err 400 (1.0e-004)
500.805 .... 1510 packets received, 6178 bps, 77.23%, Err 403 (1.0e-004)
504.262 .... 1520 packets received, 6177 bps, 77.21%, Err 405 (1.0e-004)
506.381 .... 1527 packets received, 6179 bps, 77.24%, Err 408 (1.0e-004)
509.553 .... 1536 packets received, 6177 bps, 77.21%, Err 411 (1.0e-004)
511.685 .... 1542 packets received, 6175 bps, 77.19%, Err 414 (1.0e-004)
513.819 .... 1551 packets received, 6185 bps, 77.32%, Err 414 (1.0e-004)
515.920 .... 1559 packets received, 6192 bps, 77.40%, Err 414 (1.0e-004)
518.058 .... 1567 packets received, 6198 bps, 77.47%, Err 414 (1.0e-004)
520.191 .... 1575 packets received, 6204 bps, 77.55%, Err 416 (1.0e-004)
523.896 .... 1579 packets received, 6176 bps, 77.20%, Err 421 (1.0e-004)
526.029 .... 1592 packets received, 6201 bps, 77.52%, Err 422 (1.0e-004)
528.153 .... 1600 packets received, 6207 bps, 77.59%, Err 423 (1.0e-004)
530.286 .... 1608 packets received, 6213 bps, 77.67%, Err 424 (1.0e-004)
533.457 .... 1610 packets received, 6184 bps, 77.30%, Err 429 (1.0e-004)
536.089 .... 1620 packets received, 6192 bps, 77.40%, Err 430 (1.0e-004)
539.023 .... 1630 packets received, 6196 bps, 77.45%, Err 431 (1.0e-004)
542.749 .... 1638 packets received, 6184 bps, 77.30%, Err 434 (1.0e-004)
545.383 .... 1650 packets received, 6199 bps, 77.49%, Err 435 (1.0e-004)
550.176 .... 1662 packets received, 6190 bps, 77.37%, Err 439 (1.0e-004)
552.295 .... 1672 packets received, 6203 bps, 77.54%, Err 442 (1.0e-004)
555.466 .... 1683 packets received, 6208 bps, 77.60%, Err 443 (1.0e-004)
557.857 .... 1691 packets received, 6211 bps, 77.64%, Err 446 (1.0e-004)
559.974 .... 1700 packets received, 6220 bps, 77.76%, Err 447 (1.0e-004)
562.099 .... 1708 packets received, 6226 bps, 77.83%, Err 448 (1.0e-004)
564.749 .... 1713 packets received, 6215 bps, 77.69%, Err 451 (1.0e-004)
567.419 .... 1720 packets received, 6211 bps, 77.64%, Err 454 (1.0e-004)
570.053 .... 1728 packets received, 6211 bps, 77.64%, Err 457 (1.0e-004)
572.741 .... 1735 packets received, 6207 bps, 77.59%, Err 459 (1.0e-004)
574.828 .... 1738 packets received, 6195 bps, 77.44%, Err 461 (1.0e-004)
577.997 .... 1751 packets received, 6207 bps, 77.59%, Err 462 (1.0e-004)
580.668 .... 1760 packets received, 6210 bps, 77.63%, Err 465 (1.0e-004)
582.804 .... 1765 packets received, 6205 bps, 77.57%, Err 466 (1.0e-004)
586.011 .... 1776 packets received, 6210 bps, 77.62%, Err 469 (1.0e-004)
588.112 .... 1787 packets received, 6226 bps, 77.82%, Err 469 (1.0e-004)
590.255 .... 1790 packets received, 6214 bps, 77.67%, Err 472 (1.0e-004)
592.889 .... 1794 packets received, 6200 bps, 77.50%, Err 474 (1.0e-004)
595.021 .... 1808 packets received, 6226 bps, 77.82%, Err 474 (1.0e-004)
598.179 .... 1810 packets received, 6200 bps, 77.50%, Err 479 (1.0e-004)
601.101 .... 1821 packets received, 6207 bps, 77.59%, Err 480 (1.0e-004)
603.502 .... 1829 packets received, 6210 bps, 77.62%, Err 483 (1.0e-004)
608.563 .... 1833 packets received, 6171 bps, 77.14%, Err 488 (1.0e-004)
610.944 .... 1848 packets received, 6198 bps, 77.47%, Err 490 (1.0e-004)
613.348 .... 1854 packets received, 6193 bps, 77.42%, Err 492 (1.0e-004)
616.525 .... 1860 packets received, 6181 bps, 77.27%, Err 496 (1.0e-004)
618.644 .... 1875 packets received, 6210 bps, 77.62%, Err 497 (1.0e-004)
621.046 .... 1879 packets received, 6199 bps, 77.49%, Err 500 (1.0e-004)
623.165 .... 1889 packets received, 6211 bps, 77.64%, Err 500 (1.0e-004)
625.273 .... 1897 packets received, 6216 bps, 77.70%, Err 500 (1.0e-004)
627.370 .... 1900 packets received, 6205 bps, 77.56%, Err 503 (1.0e-004)
629.510 .... 1903 packets received, 6194 bps, 77.42%, Err 505 (1.0e-004)
631.612 .... 1911 packets received, 6199 bps, 77.49%, Err 506 (1.0e-004)
633.763 .... 1923 packets received, 6217 bps, 77.71%, Err 507 (1.0e-004)
635.902 .... 1926 packets received, 6206 bps, 77.57%, Err 511 (1.0e-004)
638.551 .... 1933 packets received, 6202 bps, 77.53%, Err 512 (1.0e-004)
640.939 .... 1940 packets received, 6202 bps, 77.52%, Err 514 (1.0e-004)
643.042 .... 1951 packets received, 6216 bps, 77.70%, Err 514 (1.0e-004)
645.175 .... 1954 packets received, 6205 bps, 77.57%, Err 516 (1.0e-004)
648.348 .... 1956 packets received, 6181 bps, 77.27%, Err 521 (1.0e-004)
650.750 .... 1967 packets received, 6193 bps, 77.41%, Err 523 (1.0e-004)
655.803 .... 1976 packets received, 6173 bps, 77.17%, Err 528 (1.0e-004)
657.927 .... 1990 packets received, 6197 bps, 77.46%, Err 529 (1.0e-004)
660.039 .... 2002 packets received, 6214 bps, 77.68%, Err 529 (1.0e-004)
662.433 .... 2006 packets received, 6204 bps, 77.55%, Err 530 (1.0e-004)
664.566 .... 2018 packets received, 6221 bps, 77.77%, Err 530 (1.0e-004)
668.005 .... 2026 packets received, 6214 bps, 77.67%, Err 534 (1.0e-004)
671.180 .... 2036 packets received, 6215 bps, 77.69%, Err 537 (1.0e-004)
674.631 .... 2047 packets received, 6217 bps, 77.71%, Err 540 (1.0e-004)
678.336 .... 2051 packets received, 6195 bps, 77.43%, Err 543 (1.0e-004)
682.594 .... 2068 packets received, 6207 bps, 77.59%, Err 547 (1.0e-004)
686.313 .... 2078 packets received, 6203 bps, 77.54%, Err 550 (1.0e-004)
688.434 .... 2088 packets received, 6214 bps, 77.68%, Err 553 (1.0e-004)
690.555 .... 2095 packets received, 6216 bps, 77.70%, Err 556 (1.0e-004)
693.215 .... 2101 packets received, 6210 bps, 77.62%, Err 558 (1.0e-004)
695.334 .... 2107 packets received, 6208 bps, 77.60%, Err 560 (1.0e-004)
697.466 .... 2118 packets received, 6222 bps, 77.77%, Err 560 (1.0e-004)
700.928 .... 2126 packets received, 6214 bps, 77.68%, Err 562 (1.0e-004)
703.047 .... 2138 packets received, 6231 bps, 77.88%, Err 563 (1.0e-004)
705.152 .... 2141 packets received, 6221 bps, 77.76%, Err 565 (1.0e-004)
709.373 .... 2149 packets received, 6207 bps, 77.58%, Err 569 (1.0e-004)
711.512 .... 2165 packets received, 6234 bps, 77.93%, Err 569 (1.0e-004)
714.714 .... 2172 packets received, 6226 bps, 77.83%, Err 572 (1.0e-004)
717.082 .... 2179 packets received, 6226 bps, 77.82%, Err 574 (1.0e-004)
719.509 .... 2187 packets received, 6227 bps, 77.84%, Err 576 (1.0e-004)
722.111 .... 2195 packets received, 6228 bps, 77.85%, Err 578 (1.0e-004)
724.506 .... 2202 packets received, 6227 bps, 77.84%, Err 579 (1.0e-004)
726.902 .... 2210 packets received, 6229 bps, 77.86%, Err 581 (1.0e-004)
729.561 .... 2219 packets received, 6231 bps, 77.89%, Err 584 (1.0e-004)
731.681 .... 2230 packets received, 6244 bps, 78.05%, Err 584 (1.0e-004)
733.828 .... 2233 packets received, 6234 bps, 77.93%, Err 587 (1.0e-004)
736.218 .... 2240 packets received, 6234 bps, 77.92%, Err 590 (1.0e-004)
738.352 .... 2248 packets received, 6238 bps, 77.97%, Err 591 (1.0e-004)
740.730 .... 2252 packets received, 6229 bps, 77.86%, Err 593 (1.0e-004)
742.874 .... 2262 packets received, 6238 bps, 77.98%, Err 594 (1.0e-004)
747.123 .... 2268 packets received, 6219 bps, 77.74%, Err 601 (1.0e-004)
749.224 .... 2279 packets received, 6232 bps, 77.90%, Err 601 (1.0e-004)
754.021 .... 2286 packets received, 6211 bps, 77.64%, Err 605 (1.0e-004)
758.795 .... 2301 packets received, 6213 bps, 77.66%, Err 607 (1.0e-004)
760.921 .... 2317 packets received, 6238 bps, 77.98%, Err 607 (1.0e-004)
763.052 .... 2325 packets received, 6242 bps, 78.03%, Err 607 (9.9e-005)
765.437 .... 2329 packets received, 6234 bps, 77.92%, Err 610 (1.0e-004)
768.093 .... 2337 packets received, 6233 bps, 77.92%, Err 615 (1.0e-004)
771.255 .... 2345 packets received, 6229 bps, 77.86%, Err 618 (1.0e-004)
773.910 .... 2353 packets received, 6229 bps, 77.86%, Err 619 (1.0e-004)
777.076 .... 2364 packets received, 6233 bps, 77.91%, Err 621 (1.0e-004)
780.801 .... 2372 packets received, 6224 bps, 77.80%, Err 625 (1.0e-004)
782.949 .... 2382 packets received, 6233 bps, 77.91%, Err 627 (1.0e-004)
786.384 .... 2391 packets received, 6229 bps, 77.86%, Err 632 (1.0e-004)
788.508 .... 2400 packets received, 6236 bps, 77.95%, Err 633 (1.0e-004)
790.610 .... 2408 packets received, 6240 bps, 78.00%, Err 634 (1.0e-004)
792.727 .... 2415 packets received, 6241 bps, 78.02%, Err 635 (1.0e-004)
796.979 .... 2421 packets received, 6223 bps, 77.79%, Err 640 (1.0e-004)
799.368 .... 2430 packets received, 6228 bps, 77.85%, Err 643 (1.0e-004)
801.502 .... 2441 packets received, 6239 bps, 77.99%, Err 643 (1.0e-004)
804.689 .... 2447 packets received, 6230 bps, 77.87%, Err 645 (1.0e-004)
807.363 .... 2457 packets received, 6235 bps, 77.93%, Err 646 (1.0e-004)
809.454 .... 2463 packets received, 6234 bps, 77.92%, Err 648 (1.0e-004)
812.400 .... 2472 packets received, 6234 bps, 77.92%, Err 651 (1.0e-004)
815.818 .... 2483 packets received, 6235 bps, 77.94%, Err 653 (1.0e-004)
820.595 .... 2489 packets received, 6214 bps, 77.68%, Err 656 (1.0e-004)
823.029 .... 2504 packets received, 6233 bps, 77.91%, Err 659 (1.0e-004)
825.929 .... 2511 packets received, 6228 bps, 77.86%, Err 663 (1.0e-004)
828.055 .... 2521 packets received, 6237 bps, 77.96%, Err 663 (1.0e-004)
830.433 .... 2525 packets received, 6229 bps, 77.86%, Err 665 (1.0e-004)
833.903 .... 2536 packets received, 6230 bps, 77.88%, Err 668 (1.0e-004)
836.292 .... 2544 packets received, 6232 bps, 77.90%, Err 670 (1.0e-004)
838.424 .... 2554 packets received, 6241 bps, 78.01%, Err 671 (1.0e-004)
845.850 .... 2556 packets received, 6191 bps, 77.38%, Err 676 (1.0e-004)
847.953 .... 2576 packets received, 6224 bps, 77.80%, Err 678 (1.0e-004)
850.841 .... 2577 packets received, 6205 bps, 77.56%, Err 680 (1.0e-004)
854.866 .... 2590 packets received, 6207 bps, 77.59%, Err 684 (1.0e-004)
857.488 .... 2600 packets received, 6212 bps, 77.65%, Err 685 (1.0e-004)
859.622 .... 2607 packets received, 6213 bps, 77.66%, Err 689 (1.0e-004)
861.755 .... 2616 packets received, 6219 bps, 77.74%, Err 689 (1.0e-004)
864.373 .... 2622 packets received, 6214 bps, 77.68%, Err 692 (1.0e-004)
867.046 .... 2629 packets received, 6212 bps, 77.65%, Err 694 (1.0e-004)
870.235 .... 2635 packets received, 6203 bps, 77.54%, Err 696 (1.0e-004)
872.353 .... 2649 packets received, 6221 bps, 77.76%, Err 696 (1.0e-004)
874.488 .... 2652 packets received, 6213 bps, 77.66%, Err 701 (1.0e-004)
876.611 .... 2657 packets received, 6209 bps, 77.62%, Err 705 (1.0e-004)
878.744 .... 2667 packets received, 6218 bps, 77.72%, Err 705 (1.0e-004)
883.766 .... 2673 packets received, 6196 bps, 77.45%, Err 714 (1.0e-004)
885.900 .... 2685 packets received, 6209 bps, 77.61%, Err 716 (1.0e-004)
888.026 .... 2693 packets received, 6213 bps, 77.66%, Err 717 (1.0e-004)
890.433 .... 2698 packets received, 6207 bps, 77.59%, Err 719 (1.0e-004)
893.597 .... 2707 packets received, 6206 bps, 77.57%, Err 721 (1.0e-004)
896.285 .... 2715 packets received, 6206 bps, 77.57%, Err 724 (1.0e-004)
898.402 .... 2726 packets received, 6216 bps, 77.70%, Err 724 (1.0e-004)
900.542 .... 2729 packets received, 6208 bps, 77.60%, Err 727 (1.0e-004)
902.643 .... 2739 packets received, 6216 bps, 77.70%, Err 727 (1.0e-004)
904.792 .... 2743 packets received, 6211 bps, 77.63%, Err 729 (1.0e-004)
906.926 .... 2753 packets received, 6219 bps, 77.73%, Err 729 (1.0e-004)
909.027 .... 2761 packets received, 6222 bps, 77.78%, Err 729 (1.0e-004)
911.153 .... 2769 packets received, 6226 bps, 77.82%, Err 730 (1.0e-004)
913.774 .... 2774 packets received, 6219 bps, 77.74%, Err 732 (1.0e-004)
915.911 .... 2785 packets received, 6229 bps, 77.87%, Err 733 (1.0e-004)
922.034 .... 2792 packets received, 6203 bps, 77.54%, Err 740 (1.0e-004)
924.152 .... 2809 packets received, 6227 bps, 77.84%, Err 740 (1.0e-004)
926.305 .... 2817 packets received, 6230 bps, 77.88%, Err 740 (1.0e-004)
928.407 .... 2825 packets received, 6234 bps, 77.92%, Err 740 (1.0e-004)
931.341 .... 2828 packets received, 6221 bps, 77.76%, Err 744 (1.0e-004)
933.481 .... 2839 packets received, 6230 bps, 77.88%, Err 744 (1.0e-004)
935.614 .... 2845 packets received, 6229 bps, 77.87%, Err 746 (1.0e-004)
938.017 .... 2852 packets received, 6229 bps, 77.86%, Err 747 (1.0e-004)
940.403 .... 2856 packets received, 6222 bps, 77.77%, Err 751 (1.0e-004)
942.789 .... 2859 packets received, 6212 bps, 77.65%, Err 754 (1.0e-004)
944.939 .... 2867 packets received, 6216 bps, 77.69%, Err 756 (1.0e-004)
947.325 .... 2870 packets received, 6206 bps, 77.58%, Err 757 (1.0e-004)
949.459 .... 2885 packets received, 6225 bps, 77.81%, Err 758 (1.0e-004)
952.114 .... 2890 packets received, 6218 bps, 77.73%, Err 759 (1.0e-004)
954.216 .... 2901 packets received, 6228 bps, 77.85%, Err 759 (9.9e-005)
956.866 .... 2906 packets received, 6222 bps, 77.77%, Err 761 (9.9e-005)
960.051 .... 2916 packets received, 6222 bps, 77.78%, Err 766 (1.0e-004)
962.456 .... 2922 packets received, 6219 bps, 77.74%, Err 769 (1.0e-004)
964.828 .... 2928 packets received, 6217 bps, 77.71%, Err 770 (1.0e-004)
966.951 .... 2939 packets received, 6227 bps, 77.83%, Err 772 (1.0e-004)
969.084 .... 2947 packets received, 6230 bps, 77.87%, Err 773 (1.0e-004)
972.262 .... 2954 packets received, 6224 bps, 77.80%, Err 775 (1.0e-004)
974.394 .... 2961 packets received, 6225 bps, 77.82%, Err 777 (1.0e-004)
976.512 .... 2972 packets received, 6235 bps, 77.94%, Err 778 (1.0e-004)
978.654 .... 2975 packets received, 6227 bps, 77.84%, Err 781 (1.0e-004)
980.805 .... 2983 packets received, 6230 bps, 77.88%, Err 784 (1.0e-004)
983.175 .... 2987 packets received, 6224 bps, 77.80%, Err 786 (1.0e-004)
986.878 .... 2991 packets received, 6209 bps, 77.61%, Err 790 (1.0e-004)
989.795 .... 3006 packets received, 6221 bps, 77.77%, Err 793 (1.0e-004)
993.231 .... 3013 packets received, 6214 bps, 77.68%, Err 796 (1.0e-004)
995.371 .... 3026 packets received, 6228 bps, 77.85%, Err 796 (1.0e-004)
997.491 .... 3029 packets received, 6221 bps, 77.76%, Err 799 (1.0e-004)
999.580 .... 3034 packets received, 6218 bps, 77.72%, Err 801 (1.0e-004)
1002.231 .... 3042 packets received, 6218 bps, 77.72%, Err 802 (1.0e-004)
1004.616 .... 3049 packets received, 6217 bps, 77.72%, Err 804 (1.0e-004)
1006.750 .... 3060 packets received, 6227 bps, 77.83%, Err 804 (1.0e-004)
1008.903 .... 3063 packets received, 6219 bps, 77.74%, Err 805 (1.0e-004)
1011.024 .... 3075 packets received, 6231 bps, 77.88%, Err 805 (1.0e-004)
1013.126 .... 3078 packets received, 6224 bps, 77.80%, Err 809 (1.0e-004)
1015.527 .... 3085 packets received, 6223 bps, 77.79%, Err 811 (1.0e-004)
1018.461 .... 3093 packets received, 6221 bps, 77.77%, Err 817 (1.0e-004)
1022.433 .... 3097 packets received, 6205 bps, 77.56%, Err 823 (1.0e-004)
1024.551 .... 3112 packets received, 6222 bps, 77.78%, Err 824 (1.0e-004)
1026.669 .... 3120 packets received, 6225 bps, 77.82%, Err 824 (1.0e-004)
1028.839 .... 3128 packets received, 6228 bps, 77.85%, Err 824 (1.0e-004)
1030.955 .... 3135 packets received, 6229 bps, 77.87%, Err 825 (1.0e-004)
1033.870 .... 3141 packets received, 6224 bps, 77.80%, Err 827 (1.0e-004)
1036.783 .... 3150 packets received, 6224 bps, 77.80%, Err 830 (1.0e-004)
1039.724 .... 3155 packets received, 6216 bps, 77.70%, Err 835 (1.0e-004)
1042.925 .... 3166 packets received, 6219 bps, 77.73%, Err 836 (1.0e-004)
1045.574 .... 3175 packets received, 6221 bps, 77.76%, Err 837 (1.0e-004)
1047.976 .... 3183 packets received, 6222 bps, 77.77%, Err 839 (1.0e-004)
1051.685 .... 3190 packets received, 6214 bps, 77.67%, Err 842 (1.0e-004)
1054.360 .... 3203 packets received, 6223 bps, 77.79%, Err 845 (1.0e-004)
1056.460 .... 3214 packets received, 6232 bps, 77.90%, Err 846 (1.0e-004)
1059.911 .... 3217 packets received, 6218 bps, 77.72%, Err 852 (1.0e-004)
1064.672 .... 3228 packets received, 6211 bps, 77.64%, Err 856 (1.0e-004)
1066.805 .... 3236 packets received, 6214 bps, 77.67%, Err 859 (1.0e-004)
1068.944 .... 3245 packets received, 6219 bps, 77.73%, Err 859 (1.0e-004)
1071.076 .... 3252 packets received, 6220 bps, 77.75%, Err 861 (1.0e-004)
1073.180 .... 3258 packets received, 6219 bps, 77.74%, Err 863 (1.0e-004)
1075.312 .... 3264 packets received, 6218 bps, 77.73%, Err 864 (1.0e-004)
1077.700 .... 3269 packets received, 6214 bps, 77.67%, Err 866 (1.0e-004)
1079.817 .... 3278 packets received, 6219 bps, 77.73%, Err 867 (1.0e-004)
1083.005 .... 3286 packets received, 6216 bps, 77.69%, Err 868 (1.0e-004)
1085.123 .... 3297 packets received, 6224 bps, 77.80%, Err 868 (1.0e-004)
1087.277 .... 3300 packets received, 6217 bps, 77.72%, Err 872 (1.0e-004)
1089.396 .... 3311 packets received, 6226 bps, 77.83%, Err 872 (1.0e-004)
1091.514 .... 3314 packets received, 6220 bps, 77.75%, Err 874 (1.0e-004)
1093.630 .... 3321 packets received, 6221 bps, 77.76%, Err 876 (1.0e-004)
1095.749 .... 3332 packets received, 6229 bps, 77.87%, Err 876 (1.0e-004)
1100.539 .... 3335 packets received, 6208 bps, 77.60%, Err 881 (1.0e-004)
1104.011 .... 3348 packets received, 6212 bps, 77.65%, Err 888 (1.0e-004)
1106.145 .... 3360 packets received, 6223 bps, 77.78%, Err 888 (1.0e-004)
1108.801 .... 3365 packets received, 6217 bps, 77.71%, Err 890 (1.0e-004)
1110.905 .... 3376 packets received, 6225 bps, 77.82%, Err 891 (1.0e-004)
1113.323 .... 3380 packets received, 6219 bps, 77.74%, Err 892 (1.0e-004)
1115.695 .... 3387 packets received, 6219 bps, 77.74%, Err 895 (1.0e-004)
1117.827 .... 3398 packets received, 6227 bps, 77.84%, Err 895 (1.0e-004)
1121.547 .... 3402 packets received, 6214 bps, 77.67%, Err 898 (1.0e-004)
1123.680 .... 3412 packets received, 6220 bps, 77.75%, Err 900 (1.0e-004)
1125.783 .... 3423 packets received, 6229 bps, 77.86%, Err 901 (1.0e-004)
1127.907 .... 3426 packets received, 6222 bps, 77.78%, Err 904 (1.0e-004)
1131.644 .... 3430 packets received, 6209 bps, 77.61%, Err 908 (1.0e-004)
1133.792 .... 3446 packets received, 6226 bps, 77.83%, Err 908 (1.0e-004)
1136.416 .... 3451 packets received, 6221 bps, 77.76%, Err 909 (1.0e-004)
1139.338 .... 3461 packets received, 6223 bps, 77.78%, Err 912 (1.0e-004)
1141.455 .... 3471 packets received, 6229 bps, 77.86%, Err 913 (1.0e-004)
1143.575 .... 3474 packets received, 6223 bps, 77.79%, Err 916 (1.0e-004)
1148.132 .... 3483 packets received, 6214 bps, 77.68%, Err 921 (1.0e-004)
1151.284 .... 3496 packets received, 6220 bps, 77.76%, Err 923 (1.0e-004)
1153.374 .... 3508 packets received, 6231 bps, 77.88%, Err 924 (1.0e-004)
1155.522 .... 3516 packets received, 6233 bps, 77.91%, Err 924 (1.0e-004)
1157.624 .... 3524 packets received, 6236 bps, 77.95%, Err 924 (1.0e-004)
1159.781 .... 3531 packets received, 6237 bps, 77.96%, Err 925 (1.0e-004)
1163.217 .... 3534 packets received, 6224 bps, 77.79%, Err 930 (1.0e-004)
1169.325 .... 3540 packets received, 6202 bps, 77.52%, Err 935 (1.0e-004)
1171.442 .... 3560 packets received, 6225 bps, 77.82%, Err 936 (1.0e-004)
1174.073 .... 3565 packets received, 6220 bps, 77.75%, Err 940 (1.0e-004)
1176.467 .... 3569 packets received, 6214 bps, 77.68%, Err 942 (1.0e-004)
1179.948 .... 3582 packets received, 6219 bps, 77.73%, Err 943 (1.0e-004)
1183.934 .... 3591 packets received, 6213 bps, 77.67%, Err 948 (1.0e-004)
1187.137 .... 3603 packets received, 6217 bps, 77.71%, Err 951 (1.0e-004)
1189.255 .... 3610 packets received, 6218 bps, 77.73%, Err 954 (1.0e-004)
1191.359 .... 3616 packets received, 6218 bps, 77.72%, Err 955 (1.0e-004)
1193.482 .... 3627 packets received, 6225 bps, 77.82%, Err 955 (1.0e-004)
1195.631 .... 3635 packets received, 6228 bps, 77.85%, Err 955 (1.0e-004)
1198.286 .... 3640 packets received, 6223 bps, 77.78%, Err 956 (1.0e-004)
1200.952 .... 3650 packets received, 6226 bps, 77.82%, Err 958 (1.0e-004)
1203.067 .... 3653 packets received, 6220 bps, 77.75%, Err 961 (1.0e-004)
1205.690 .... 3662 packets received, 6222 bps, 77.77%, Err 963 (1.0e-004)
1207.821 .... 3673 packets received, 6229 bps, 77.87%, Err 964 (1.0e-004)
1210.212 .... 3677 packets received, 6224 bps, 77.80%, Err 967 (1.0e-004)
1212.360 .... 3687 packets received, 6230 bps, 77.87%, Err 968 (1.0e-004)
1214.478 .... 3695 packets received, 6232 bps, 77.90%, Err 968 (1.0e-004)
1216.879 .... 3700 packets received, 6228 bps, 77.86%, Err 969 (1.0e-004)
1219.035 .... 3707 packets received, 6229 bps, 77.87%, Err 972 (1.0e-004)
1221.140 .... 3713 packets received, 6229 bps, 77.86%, Err 973 (1.0e-004)
1223.543 .... 3721 packets received, 6230 bps, 77.87%, Err 974 (1.0e-004)
1229.919 .... 3727 packets received, 6207 bps, 77.59%, Err 979 (1.0e-004)
1232.052 .... 3745 packets received, 6227 bps, 77.83%, Err 982 (1.0e-004)
1234.153 .... 3749 packets received, 6223 bps, 77.78%, Err 984 (1.0e-004)
1236.270 .... 3759 packets received, 6229 bps, 77.86%, Err 986 (1.0e-004)
1238.371 .... 3762 packets received, 6223 bps, 77.79%, Err 990 (1.0e-004)
1240.504 .... 3772 packets received, 6229 bps, 77.86%, Err 990 (1.0e-004)
1242.905 .... 3777 packets received, 6225 bps, 77.81%, Err 993 (1.0e-004)
1245.045 .... 3782 packets received, 6222 bps, 77.78%, Err 997 (1.0e-004)
1247.682 .... 3788 packets received, 6219 bps, 77.74%, Err 1001 (1.0e-004)
1250.341 .... 3794 packets received, 6216 bps, 77.70%, Err 1006 (1.0e-004)
1252.491 .... 3800 packets received, 6215 bps, 77.69%, Err 1008 (1.0e-004)
1254.591 .... 3807 packets received, 6216 bps, 77.70%, Err 1009 (1.0e-004)
1256.746 .... 3810 packets received, 6210 bps, 77.63%, Err 1012 (1.0e-004)
1259.414 .... 3816 packets received, 6207 bps, 77.58%, Err 1013 (1.0e-004)
1262.317 .... 3822 packets received, 6202 bps, 77.53%, Err 1016 (1.0e-004)
1264.435 .... 3831 packets received, 6206 bps, 77.58%, Err 1018 (1.0e-004)
1266.562 .... 3842 packets received, 6214 bps, 77.67%, Err 1019 (1.0e-004)
1268.694 .... 3845 packets received, 6208 bps, 77.60%, Err 1020 (1.0e-004)
1270.811 .... 3851 packets received, 6207 bps, 77.59%, Err 1022 (1.0e-004)
1273.746 .... 3860 packets received, 6208 bps, 77.60%, Err 1024 (1.0e-004)
1275.833 .... 3866 packets received, 6207 bps, 77.59%, Err 1026 (1.0e-004)
1278.501 .... 3874 packets received, 6207 bps, 77.59%, Err 1028 (1.0e-004)
1280.618 .... 3880 packets received, 6206 bps, 77.58%, Err 1030 (1.0e-004)
1282.753 .... 3890 packets received, 6212 bps, 77.65%, Err 1032 (1.0e-004)
1284.857 .... 3896 packets received, 6211 bps, 77.64%, Err 1034 (1.0e-004)
1287.546 .... 3901 packets received, 6206 bps, 77.58%, Err 1035 (1.0e-004)
1289.648 .... 3911 packets received, 6212 bps, 77.65%, Err 1036 (1.0e-004)
1292.567 .... 3917 packets received, 6208 bps, 77.59%, Err 1038 (1.0e-004)
1294.670 .... 3928 packets received, 6215 bps, 77.69%, Err 1041 (1.0e-004)
1298.915 .... 3929 packets received, 6196 bps, 77.45%, Err 1044 (1.0e-004)
1301.063 .... 3949 packets received, 6217 bps, 77.72%, Err 1044 (1.0e-004)
1303.449 .... 3953 packets received, 6212 bps, 77.65%, Err 1048 (1.0e-004)
1305.584 .... 3963 packets received, 6218 bps, 77.72%, Err 1048 (1.0e-004)
1307.719 .... 3966 packets received, 6212 bps, 77.66%, Err 1049 (1.0e-004)
1310.875 .... 3977 packets received, 6215 bps, 77.68%, Err 1053 (1.0e-004)
1313.008 .... 3988 packets received, 6222 bps, 77.77%, Err 1053 (1.0e-004)
1315.648 .... 3994 packets received, 6219 bps, 77.73%, Err 1058 (1.0e-004)
1318.281 .... 4000 packets received, 6215 bps, 77.69%, Err 1062 (1.0e-004)
1321.214 .... 4004 packets received, 6208 bps, 77.60%, Err 1065 (1.0e-004)
1324.687 .... 4018 packets received, 6213 bps, 77.67%, Err 1066 (1.0e-004)
1327.304 .... 4027 packets received, 6215 bps, 77.69%, Err 1067 (1.0e-004)
1329.460 .... 4034 packets received, 6216 bps, 77.69%, Err 1069 (1.0e-004)
1332.111 .... 4042 packets received, 6215 bps, 77.69%, Err 1074 (1.0e-004)
1334.743 .... 4050 packets received, 6216 bps, 77.69%, Err 1076 (1.0e-004)
1337.414 .... 4057 packets received, 6214 bps, 77.67%, Err 1077 (1.0e-004)
1340.869 .... 4069 packets received, 6216 bps, 77.70%, Err 1078 (1.0e-004)
1344.035 .... 4075 packets received, 6211 bps, 77.63%, Err 1081 (1.0e-004)
1346.420 .... 4086 packets received, 6216 bps, 77.70%, Err 1082 (1.0e-004)
1352.540 .... 4098 packets received, 6206 bps, 77.58%, Err 1087 (1.0e-004)
1354.658 .... 4114 packets received, 6221 bps, 77.76%, Err 1088 (1.0e-004)
1356.760 .... 4122 packets received, 6223 bps, 77.79%, Err 1088 (1.0e-004)
1359.149 .... 4126 packets received, 6218 bps, 77.73%, Err 1090 (1.0e-004)
1362.370 .... 4136 packets received, 6219 bps, 77.73%, Err 1091 (1.0e-004)
1364.494 .... 4148 packets received, 6227 bps, 77.84%, Err 1091 (1.0e-004)
1366.627 .... 4151 packets received, 6222 bps, 77.77%, Err 1094 (1.0e-004)
1369.497 .... 4159 packets received, 6221 bps, 77.76%, Err 1096 (1.0e-004)
1371.616 .... 4170 packets received, 6228 bps, 77.84%, Err 1096 (1.0e-004)
1373.766 .... 4177 packets received, 6228 bps, 77.85%, Err 1097 (1.0e-004)
1376.684 .... 4183 packets received, 6224 bps, 77.80%, Err 1098 (1.0e-004)
1378.807 .... 4195 packets received, 6232 bps, 77.90%, Err 1098 (1.0e-004)
1381.987 .... 4197 packets received, 6221 bps, 77.76%, Err 1104 (1.0e-004)
1385.972 .... 4207 packets received, 6218 bps, 77.72%, Err 1108 (1.0e-004)
1388.073 .... 4217 packets received, 6223 bps, 77.79%, Err 1112 (1.0e-004)
1390.211 .... 4227 packets received, 6228 bps, 77.85%, Err 1112 (1.0e-004)
1392.861 .... 4232 packets received, 6224 bps, 77.80%, Err 1116 (1.0e-004)
1394.994 .... 4242 packets received, 6229 bps, 77.86%, Err 1116 (1.0e-004)
1397.116 .... 4250 packets received, 6231 bps, 77.89%, Err 1118 (1.0e-004)
1399.778 .... 4255 packets received, 6227 bps, 77.83%, Err 1119 (1.0e-004)
1401.881 .... 4266 packets received, 6233 bps, 77.92%, Err 1120 (1.0e-004)
1403.999 .... 4274 packets received, 6236 bps, 77.95%, Err 1120 (1.0e-004)
1408.000 .... 4279 packets received, 6225 bps, 77.82%, Err 1126 (1.0e-004)
1410.124 .... 4292 packets received, 6235 bps, 77.93%, Err 1126 (1.0e-004)
1413.306 .... 4295 packets received, 6225 bps, 77.81%, Err 1129 (1.0e-004)
1415.446 .... 4309 packets received, 6236 bps, 77.95%, Err 1131 (1.0e-004)
1418.630 .... 4311 packets received, 6225 bps, 77.81%, Err 1138 (1.0e-004)
1420.731 .... 4324 packets received, 6234 bps, 77.93%, Err 1138 (1.0e-004)
1429.218 .... 4329 packets received, 6204 bps, 77.56%, Err 1146 (1.0e-004)
1431.342 .... 4348 packets received, 6222 bps, 77.78%, Err 1147 (1.0e-004)
1433.722 .... 4352 packets received, 6218 bps, 77.72%, Err 1149 (1.0e-004)
1435.878 .... 4362 packets received, 6223 bps, 77.78%, Err 1149 (1.0e-004)
1438.499 .... 4367 packets received, 6219 bps, 77.73%, Err 1151 (1.0e-004)
1441.401 .... 4377 packets received, 6220 bps, 77.75%, Err 1155 (1.0e-004)
1443.536 .... 4387 packets received, 6225 bps, 77.81%, Err 1155 (1.0e-004)
1446.707 .... 4394 packets received, 6221 bps, 77.77%, Err 1157 (1.0e-004)
1450.162 .... 4406 packets received, 6224 bps, 77.79%, Err 1158 (1.0e-004)
1453.610 .... 4417 packets received, 6224 bps, 77.80%, Err 1162 (1.0e-004)
1455.727 .... 4420 packets received, 6219 bps, 77.74%, Err 1164 (1.0e-004)
1457.843 .... 4434 packets received, 6230 bps, 77.88%, Err 1165 (1.0e-004)
1462.117 .... 4435 packets received, 6213 bps, 77.67%, Err 1170 (1.0e-004)
1464.221 .... 4448 packets received, 6223 bps, 77.78%, Err 1171 (1.0e-004)
1466.353 .... 4459 packets received, 6229 bps, 77.86%, Err 1171 (1.0e-004)
1468.454 .... 4462 packets received, 6224 bps, 77.80%, Err 1173 (1.0e-004)
1470.841 .... 4466 packets received, 6220 bps, 77.75%, Err 1176 (1.0e-004)
1472.982 .... 4479 packets received, 6229 bps, 77.86%, Err 1176 (1.0e-004)
1475.114 .... 4482 packets received, 6224 bps, 77.80%, Err 1178 (1.0e-004)
1478.067 .... 4492 packets received, 6225 bps, 77.82%, Err 1182 (1.0e-004)
1481.528 .... 4500 packets received, 6222 bps, 77.77%, Err 1186 (1.0e-004)
1484.437 .... 4511 packets received, 6225 bps, 77.81%, Err 1188 (1.0e-004)
1487.084 .... 4515 packets received, 6219 bps, 77.74%, Err 1190 (1.0e-004)
1489.471 .... 4525 packets received, 6223 bps, 77.79%, Err 1192 (1.0e-004)
1491.573 .... 4536 packets received, 6229 bps, 77.87%, Err 1193 (1.0e-004)
1495.559 .... 4541 packets received, 6220 bps, 77.74%, Err 1197 (1.0e-004)
1498.747 .... 4554 packets received, 6224 bps, 77.80%, Err 1198 (1.0e-004)
1500.850 .... 4565 packets received, 6230 bps, 77.88%, Err 1201 (1.0e-004)
1502.981 .... 4566 packets received, 6223 bps, 77.79%, Err 1203 (1.0e-004)
1505.099 .... 4574 packets received, 6225 bps, 77.81%, Err 1204 (1.0e-004)
1507.487 .... 4581 packets received, 6225 bps, 77.81%, Err 1206 (1.0e-004)
1509.876 .... 4585 packets received, 6220 bps, 77.75%, Err 1208 (1.0e-004)
1512.264 .... 4595 packets received, 6224 bps, 77.80%, Err 1210 (1.0e-004)
1516.801 .... 4600 packets received, 6212 bps, 77.65%, Err 1215 (1.0e-004)
1518.919 .... 4619 packets received, 6229 bps, 77.86%, Err 1215 (1.0e-004)
1521.291 .... 4623 packets received, 6225 bps, 77.81%, Err 1217 (1.0e-004)
1528.730 .... 4629 packets received, 6202 bps, 77.53%, Err 1224 (1.0e-004)
1531.655 .... 4647 packets received, 6215 bps, 77.68%, Err 1225 (1.0e-004)
1534.306 .... 4654 packets received, 6213 bps, 77.67%, Err 1228 (1.0e-004)
1536.923 .... 4660 packets received, 6211 bps, 77.63%, Err 1229 (1.0e-004)
1543.069 .... 4672 packets received, 6202 bps, 77.52%, Err 1235 (1.0e-004)
1545.449 .... 4685 packets received, 6210 bps, 77.62%, Err 1236 (1.0e-004)
1547.551 .... 4697 packets received, 6217 bps, 77.71%, Err 1237 (1.0e-004)
1550.490 .... 4698 packets received, 6207 bps, 77.58%, Err 1241 (1.0e-004)
1552.622 .... 4713 packets received, 6218 bps, 77.72%, Err 1241 (1.0e-004)
1554.755 .... 4716 packets received, 6213 bps, 77.67%, Err 1243 (1.0e-004)
1557.911 .... 4727 packets received, 6215 bps, 77.69%, Err 1247 (1.0e-004)
1561.361 .... 4737 packets received, 6215 bps, 77.68%, Err 1248 (1.0e-004)
1564.547 .... 4743 packets received, 6210 bps, 77.62%, Err 1253 (1.0e-004)
1566.665 .... 4758 packets received, 6221 bps, 77.76%, Err 1253 (1.0e-004)
1568.788 .... 4765 packets received, 6222 bps, 77.77%, Err 1256 (1.0e-004)
1570.907 .... 4768 packets received, 6217 bps, 77.71%, Err 1257 (1.0e-004)
1573.312 .... 4775 packets received, 6217 bps, 77.71%, Err 1261 (1.0e-004)
1575.966 .... 4782 packets received, 6215 bps, 77.69%, Err 1266 (1.0e-004)
1578.056 .... 4792 packets received, 6220 bps, 77.75%, Err 1266 (1.0e-004)
1580.175 .... 4799 packets received, 6221 bps, 77.76%, Err 1267 (1.0e-004)
1582.330 .... 4806 packets received, 6221 bps, 77.77%, Err 1268 (1.0e-004)
1584.985 .... 4811 packets received, 6217 bps, 77.72%, Err 1269 (1.0e-004)
1588.955 .... 4820 packets received, 6214 bps, 77.67%, Err 1274 (1.0e-004)
1591.080 .... 4834 packets received, 6223 bps, 77.79%, Err 1274 (1.0e-004)
1594.248 .... 4841 packets received, 6220 bps, 77.75%, Err 1276 (1.0e-004)
1596.655 .... 4849 packets received, 6221 bps, 77.76%, Err 1281 (1.0e-004)
1598.775 .... 4857 packets received, 6223 bps, 77.78%, Err 1281 (1.0e-004)
1600.907 .... 4860 packets received, 6218 bps, 77.73%, Err 1282 (1.0e-004)
1603.279 .... 4868 packets received, 6219 bps, 77.74%, Err 1285 (1.0e-004)
1606.710 .... 4879 packets received, 6220 bps, 77.75%, Err 1289 (1.0e-004)
1610.198 .... 4888 packets received, 6218 bps, 77.73%, Err 1291 (1.0e-004)
1612.854 .... 4897 packets received, 6219 bps, 77.74%, Err 1293 (1.0e-004)
1614.938 .... 4909 packets received, 6226 bps, 77.83%, Err 1293 (1.0e-004)
1617.093 .... 4917 packets received, 6228 bps, 77.85%, Err 1293 (1.0e-004)
1619.227 .... 4925 packets received, 6230 bps, 77.88%, Err 1293 (1.0e-004)
1622.670 .... 4928 packets received, 6221 bps, 77.76%, Err 1297 (1.0e-004)
1625.035 .... 4938 packets received, 6224 bps, 77.80%, Err 1301 (1.0e-004)
1628.522 .... 4947 packets received, 6222 bps, 77.78%, Err 1303 (1.0e-004)
1630.656 .... 4953 packets received, 6222 bps, 77.77%, Err 1307 (1.0e-004)
1632.743 .... 4965 packets received, 6229 bps, 77.86%, Err 1307 (1.0e-004)
1636.198 .... 4968 packets received, 6219 bps, 77.74%, Err 1312 (1.0e-004)
1638.331 .... 4983 packets received, 6230 bps, 77.88%, Err 1312 (1.0e-004)
1641.765 .... 4990 packets received, 6226 bps, 77.82%, Err 1313 (1.0e-004)
1645.253 .... 5003 packets received, 6229 bps, 77.86%, Err 1316 (1.0e-004)
1647.909 .... 5011 packets received, 6229 bps, 77.86%, Err 1318 (1.0e-004)
1650.024 .... 5023 packets received, 6236 bps, 77.94%, Err 1319 (1.0e-004)
1652.158 .... 5030 packets received, 6236 bps, 77.95%, Err 1319 (1.0e-004)
1654.296 .... 5037 packets received, 6237 bps, 77.96%, Err 1321 (1.0e-004)
1656.430 .... 5040 packets received, 6232 bps, 77.91%, Err 1326 (1.0e-004)
1658.556 .... 5048 packets received, 6234 bps, 77.93%, Err 1326 (1.0e-004)
1660.651 .... 5056 packets received, 6236 bps, 77.95%, Err 1326 (1.0e-004)
1663.569 .... 5062 packets received, 6233 bps, 77.91%, Err 1329 (1.0e-004)
1667.809 .... 5071 packets received, 6228 bps, 77.85%, Err 1334 (1.0e-004)
1670.455 .... 5083 packets received, 6233 bps, 77.91%, Err 1336 (1.0e-004)
1673.658 .... 5088 packets received, 6227 bps, 77.84%, Err 1340 (1.0e-004)
1675.778 .... 5098 packets received, 6231 bps, 77.89%, Err 1342 (1.0e-004)
1678.466 .... 5105 packets received, 6230 bps, 77.87%, Err 1344 (1.0e-004)
1680.555 .... 5116 packets received, 6236 bps, 77.95%, Err 1344 (1.0e-004)
1684.810 .... 5122 packets received, 6227 bps, 77.84%, Err 1349 (1.0e-004)
1687.470 .... 5134 packets received, 6232 bps, 77.90%, Err 1353 (1.0e-004)
1689.591 .... 5145 packets received, 6237 bps, 77.97%, Err 1353 (1.0e-004)
1693.026 .... 5149 packets received, 6230 bps, 77.87%, Err 1357 (1.0e-004)
1696.216 .... 5158 packets received, 6229 bps, 77.86%, Err 1360 (1.0e-004)
1698.373 .... 5169 packets received, 6234 bps, 77.93%, Err 1361 (1.0e-004)
1700.474 .... 5181 packets received, 6241 bps, 78.01%, Err 1361 (1.0e-004)
1704.444 .... 5187 packets received, 6234 bps, 77.92%, Err 1366 (1.0e-004)
1706.583 .... 5198 packets received, 6239 bps, 77.99%, Err 1367 (1.0e-004)
1708.717 .... 5206 packets received, 6241 bps, 78.01%, Err 1367 (1.0e-004)
1711.888 .... 5214 packets received, 6239 bps, 77.98%, Err 1369 (1.0e-004)
1714.037 .... 5220 packets received, 6238 bps, 77.98%, Err 1373 (1.0e-004)
1716.155 .... 5229 packets received, 6241 bps, 78.01%, Err 1373 (1.0e-004)
1718.257 .... 5237 packets received, 6243 bps, 78.04%, Err 1375 (1.0e-004)
1720.397 .... 5244 packets received, 6244 bps, 78.04%, Err 1377 (1.0e-004)
1722.516 .... 5251 packets received, 6244 bps, 78.05%, Err 1379 (1.0e-004)
1725.186 .... 5253 packets received, 6237 bps, 77.96%, Err 1382 (1.0e-004)
1727.320 .... 5263 packets received, 6241 bps, 78.01%, Err 1384 (1.0e-004)
1729.453 .... 5270 packets received, 6242 bps, 78.02%, Err 1387 (1.0e-004)
1731.825 .... 5271 packets received, 6234 bps, 77.93%, Err 1389 (1.0e-004)
1733.943 .... 5280 packets received, 6237 bps, 77.97%, Err 1392 (1.0e-004)
1738.163 .... 5289 packets received, 6233 bps, 77.91%, Err 1395 (1.0e-004)
1741.080 .... 5301 packets received, 6236 bps, 77.96%, Err 1398 (1.0e-004)
1743.220 .... 5311 packets received, 6241 bps, 78.01%, Err 1398 (1.0e-004)
1745.607 .... 5315 packets received, 6237 bps, 77.96%, Err 1401 (1.0e-004)
1747.741 .... 5325 packets received, 6241 bps, 78.01%, Err 1401 (1.0e-004)
1750.377 .... 5330 packets received, 6237 bps, 77.97%, Err 1403 (1.0e-004)
1753.580 .... 5341 packets received, 6239 bps, 77.98%, Err 1406 (1.0e-004)
1755.684 .... 5350 packets received, 6242 bps, 78.02%, Err 1406 (1.0e-004)
1757.785 .... 5353 packets received, 6238 bps, 77.97%, Err 1407 (1.0e-004)
1760.705 .... 5362 packets received, 6238 bps, 77.97%, Err 1409 (1.0e-004)
1763.108 .... 5370 packets received, 6239 bps, 77.98%, Err 1411 (1.0e-004)
1766.009 .... 5378 packets received, 6238 bps, 77.97%, Err 1412 (1.0e-004)
1768.126 .... 5386 packets received, 6240 bps, 77.99%, Err 1413 (1.0e-004)
1771.598 .... 5389 packets received, 6231 bps, 77.88%, Err 1416 (1.0e-004)
1773.716 .... 5404 packets received, 6241 bps, 78.01%, Err 1416 (1.0e-004)
1776.370 .... 5409 packets received, 6237 bps, 77.96%, Err 1419 (1.0e-004)
1779.541 .... 5415 packets received, 6233 bps, 77.91%, Err 1422 (1.0e-004)
1782.965 .... 5424 packets received, 6231 bps, 77.89%, Err 1426 (1.0e-004)
1786.167 .... 5436 packets received, 6234 bps, 77.92%, Err 1427 (1.0e-004)
1788.532 .... 5444 packets received, 6235 bps, 77.93%, Err 1430 (1.0e-004)
1791.719 .... 5453 packets received, 6234 bps, 77.92%, Err 1432 (1.0e-004)
1793.834 .... 5465 packets received, 6240 bps, 78.00%, Err 1434 (1.0e-004)
1795.989 .... 5473 packets received, 6242 bps, 78.02%, Err 1434 (1.0e-004)
1798.626 .... 5478 packets received, 6238 bps, 77.98%, Err 1436 (1.0e-004)
1802.044 .... 5485 packets received, 6235 bps, 77.93%, Err 1443 (1.0e-004)
1804.198 .... 5492 packets received, 6235 bps, 77.94%, Err 1446 (1.0e-004)
1806.334 .... 5500 packets received, 6237 bps, 77.96%, Err 1448 (1.0e-004)
1808.704 .... 5501 packets received, 6230 bps, 77.87%, Err 1451 (1.0e-004)
1811.910 .... 5510 packets received, 6229 bps, 77.86%, Err 1454 (1.0e-004)
1814.259 .... 5519 packets received, 6231 bps, 77.89%, Err 1457 (1.0e-004)
1816.645 .... 5526 packets received, 6231 bps, 77.88%, Err 1459 (1.0e-004)
1818.760 .... 5536 packets received, 6235 bps, 77.93%, Err 1460 (1.0e-004)
1820.884 .... 5544 packets received, 6236 bps, 77.96%, Err 1461 (1.0e-004)
1823.548 .... 5546 packets received, 6230 bps, 77.87%, Err 1464 (1.0e-004)
1825.652 .... 5559 packets received, 6237 bps, 77.96%, Err 1464 (1.0e-004)
1828.321 .... 5565 packets received, 6235 bps, 77.93%, Err 1465 (1.0e-004)
1831.525 .... 5574 packets received, 6234 bps, 77.92%, Err 1468 (1.0e-004)
1833.912 .... 5582 packets received, 6235 bps, 77.93%, Err 1469 (1.0e-004)
1836.802 .... 5592 packets received, 6236 bps, 77.95%, Err 1470 (1.0e-004)
1838.922 .... 5603 packets received, 6241 bps, 78.01%, Err 1472 (1.0e-004)
1841.840 .... 5609 packets received, 6238 bps, 77.97%, Err 1473 (1.0e-004)
1844.245 .... 5617 packets received, 6239 bps, 77.98%, Err 1475 (1.0e-004)
1846.344 .... 5627 packets received, 6243 bps, 78.03%, Err 1476 (1.0e-004)
1848.491 .... 5631 packets received, 6240 bps, 78.00%, Err 1481 (1.0e-004)
1850.616 .... 5640 packets received, 6242 bps, 78.03%, Err 1481 (1.0e-004)
1853.039 .... 5644 packets received, 6239 bps, 77.98%, Err 1482 (1.0e-004)
1855.426 .... 5652 packets received, 6240 bps, 77.99%, Err 1485 (1.0e-004)
1860.975 .... 5662 packets received, 6232 bps, 77.90%, Err 1488 (1.0e-004)
1863.376 .... 5676 packets received, 6239 bps, 77.99%, Err 1489 (1.0e-004)
1865.762 .... 5685 packets received, 6241 bps, 78.02%, Err 1491 (1.0e-004)
1868.665 .... 5690 packets received, 6237 bps, 77.96%, Err 1493 (1.0e-004)
1870.797 .... 5704 packets received, 6245 bps, 78.07%, Err 1493 (1.0e-004)
1873.413 .... 5710 packets received, 6243 bps, 78.04%, Err 1496 (1.0e-004)
1875.567 .... 5717 packets received, 6244 bps, 78.04%, Err 1499 (1.0e-004)
1877.668 .... 5724 packets received, 6244 bps, 78.05%, Err 1500 (1.0e-004)
1880.054 .... 5725 packets received, 6237 bps, 77.97%, Err 1502 (1.0e-004)
1886.210 .... 5734 packets received, 6227 bps, 77.83%, Err 1511 (1.0e-004)
1888.326 .... 5753 packets received, 6240 bps, 78.00%, Err 1513 (1.0e-004)
1890.451 .... 5759 packets received, 6240 bps, 78.00%, Err 1513 (1.0e-004)
1892.568 .... 5763 packets received, 6237 bps, 77.97%, Err 1515 (1.0e-004)
1894.684 .... 5773 packets received, 6241 bps, 78.01%, Err 1515 (1.0e-004)
1896.786 .... 5781 packets received, 6243 bps, 78.03%, Err 1515 (1.0e-004)
1898.888 .... 5785 packets received, 6240 bps, 78.00%, Err 1517 (1.0e-004)
1902.338 .... 5792 packets received, 6236 bps, 77.95%, Err 1520 (1.0e-004)
1904.739 .... 5799 packets received, 6236 bps, 77.95%, Err 1523 (1.0e-004)
1907.394 .... 5806 packets received, 6235 bps, 77.94%, Err 1527 (1.0e-004)
1909.511 .... 5815 packets received, 6238 bps, 77.97%, Err 1530 (1.0e-004)
1912.703 .... 5822 packets received, 6235 bps, 77.93%, Err 1532 (1.0e-004)
1916.180 .... 5830 packets received, 6232 bps, 77.90%, Err 1535 (1.0e-004)
1918.531 .... 5841 packets received, 6236 bps, 77.95%, Err 1537 (1.0e-004)
1920.663 .... 5850 packets received, 6239 bps, 77.98%, Err 1539 (1.0e-004)
1922.789 .... 5858 packets received, 6240 bps, 78.00%, Err 1540 (1.0e-004)
1925.691 .... 5865 packets received, 6238 bps, 77.98%, Err 1542 (1.0e-004)
1927.808 .... 5875 packets received, 6242 bps, 78.03%, Err 1543 (1.0e-004)
1931.526 .... 5877 packets received, 6232 bps, 77.90%, Err 1547 (1.0e-004)
1934.460 .... 5891 packets received, 6238 bps, 77.97%, Err 1548 (1.0e-004)
1936.578 .... 5898 packets received, 6238 bps, 77.98%, Err 1551 (1.0e-004)
1939.465 .... 5906 packets received, 6237 bps, 77.97%, Err 1553 (1.0e-004)
1941.603 .... 5916 packets received, 6241 bps, 78.01%, Err 1553 (1.0e-004)
1943.736 .... 5923 packets received, 6242 bps, 78.02%, Err 1554 (1.0e-004)
1947.185 .... 5928 packets received, 6236 bps, 77.95%, Err 1557 (1.0e-004)
1950.409 .... 5937 packets received, 6235 bps, 77.94%, Err 1561 (1.0e-004)
1952.774 .... 5947 packets received, 6238 bps, 77.97%, Err 1563 (1.0e-004)
1954.890 .... 5954 packets received, 6238 bps, 77.98%, Err 1565 (1.0e-004)
1957.015 .... 5965 packets received, 6243 bps, 78.04%, Err 1566 (1.0e-004)
1959.663 .... 5967 packets received, 6237 bps, 77.96%, Err 1568 (1.0e-004)
1962.886 .... 5980 packets received, 6240 bps, 78.00%, Err 1570 (1.0e-004)
1965.805 .... 5985 packets received, 6236 bps, 77.95%, Err 1573 (1.0e-004)
1967.931 .... 5997 packets received, 6242 bps, 78.02%, Err 1574 (1.0e-004)
1974.812 .... 6002 packets received, 6225 bps, 77.82%, Err 1580 (1.0e-004)
1976.952 .... 6020 packets received, 6237 bps, 77.97%, Err 1581 (1.0e-004)
1979.604 .... 6026 packets received, 6235 bps, 77.94%, Err 1582 (1.0e-004)
1981.719 .... 6036 packets received, 6239 bps, 77.98%, Err 1583 (1.0e-004)
1983.842 .... 6044 packets received, 6240 bps, 78.00%, Err 1583 (1.0e-004)
1986.222 .... 6049 packets received, 6238 bps, 77.98%, Err 1586 (1.0e-004)
1992.327 .... 6054 packets received, 6224 bps, 77.80%, Err 1595 (1.0e-004)
1994.985 .... 6071 packets received, 6233 bps, 77.91%, Err 1597 (1.0e-004)
1999.520 .... 6078 packets received, 6226 bps, 77.83%, Err 1601 (1.0e-004)
2001.878 .... 6091 packets received, 6232 bps, 77.90%, Err 1602 (1.0e-004)
2004.010 .... 6098 packets received, 6233 bps, 77.91%, Err 1604 (1.0e-004)
2006.667 .... 6103 packets received, 6230 bps, 77.87%, Err 1608 (1.0e-004)
2008.783 .... 6115 packets received, 6235 bps, 77.94%, Err 1608 (1.0e-004)
2010.916 .... 6123 packets received, 6237 bps, 77.96%, Err 1609 (1.0e-004)
2013.051 .... 6131 packets received, 6238 bps, 77.98%, Err 1609 (1.0e-004)
2015.436 .... 6136 packets received, 6236 bps, 77.95%, Err 1612 (1.0e-004)
2019.654 .... 6145 packets received, 6232 bps, 77.90%, Err 1615 (1.0e-004)
2022.860 .... 6155 packets received, 6232 bps, 77.90%, Err 1620 (1.0e-004)
2024.961 .... 6166 packets received, 6237 bps, 77.96%, Err 1621 (1.0e-004)
2027.087 .... 6170 packets received, 6235 bps, 77.93%, Err 1624 (1.0e-004)
2029.468 .... 6177 packets received, 6234 bps, 77.93%, Err 1625 (1.0e-004)
2032.657 .... 6187 packets received, 6235 bps, 77.93%, Err 1629 (1.0e-004)
2035.846 .... 6194 packets received, 6232 bps, 77.90%, Err 1634 (1.0e-004)
2041.416 .... 6201 packets received, 6222 bps, 77.77%, Err 1636 (1.0e-004)
2043.804 .... 6222 packets received, 6236 bps, 77.95%, Err 1637 (1.0e-004)
2045.955 .... 6225 packets received, 6232 bps, 77.90%, Err 1640 (1.0e-004)
2048.074 .... 6234 packets received, 6235 bps, 77.93%, Err 1640 (1.0e-004)
2050.191 .... 6242 packets received, 6236 bps, 77.95%, Err 1641 (1.0e-004)
2052.816 .... 6247 packets received, 6233 bps, 77.91%, Err 1643 (1.0e-004)
2054.948 .... 6253 packets received, 6233 bps, 77.91%, Err 1644 (1.0e-004)
2059.183 .... 6262 packets received, 6229 bps, 77.86%, Err 1648 (1.0e-004)
2062.087 .... 6275 packets received, 6233 bps, 77.91%, Err 1650 (1.0e-004)
2064.487 .... 6282 packets received, 6233 bps, 77.91%, Err 1654 (1.0e-004)
2066.860 .... 6287 packets received, 6230 bps, 77.88%, Err 1655 (1.0e-004)
2070.335 .... 6299 packets received, 6232 bps, 77.90%, Err 1657 (1.0e-004)
2072.714 .... 6306 packets received, 6232 bps, 77.90%, Err 1659 (1.0e-004)
2075.618 .... 6311 packets received, 6228 bps, 77.85%, Err 1666 (1.0e-004)
2077.740 .... 6318 packets received, 6228 bps, 77.85%, Err 1667 (1.0e-004)
2080.945 .... 6327 packets received, 6228 bps, 77.85%, Err 1671 (1.0e-004)
2083.046 .... 6331 packets received, 6225 bps, 77.82%, Err 1673 (1.0e-004)
2085.178 .... 6344 packets received, 6232 bps, 77.90%, Err 1674 (1.0e-004)
2087.326 .... 6347 packets received, 6228 bps, 77.85%, Err 1675 (1.0e-004)
2089.713 .... 6354 packets received, 6228 bps, 77.85%, Err 1677 (1.0e-004)
2091.817 .... 6365 packets received, 6232 bps, 77.91%, Err 1677 (1.0e-004)
2093.956 .... 6373 packets received, 6234 bps, 77.92%, Err 1677 (1.0e-004)
2096.091 .... 6381 packets received, 6235 bps, 77.94%, Err 1677 (1.0e-004)
2099.809 .... 6385 packets received, 6228 bps, 77.85%, Err 1680 (1.0e-004)
2101.941 .... 6399 packets received, 6236 bps, 77.95%, Err 1681 (1.0e-004)
2104.843 .... 6406 packets received, 6234 bps, 77.92%, Err 1685 (1.0e-004)
2106.967 .... 6414 packets received, 6235 bps, 77.94%, Err 1686 (1.0e-004)
2109.102 .... 6417 packets received, 6232 bps, 77.90%, Err 1687 (1.0e-004)
2111.234 .... 6429 packets received, 6237 bps, 77.97%, Err 1688 (1.0e-004)
2113.622 .... 6434 packets received, 6235 bps, 77.94%, Err 1691 (1.0e-004)
2115.739 .... 6443 packets received, 6238 bps, 77.97%, Err 1691 (1.0e-004)
2118.407 .... 6449 packets received, 6235 bps, 77.94%, Err 1694 (1.0e-004)
2121.110 .... 6454 packets received, 6232 bps, 77.90%, Err 1700 (1.0e-004)
2123.228 .... 6458 packets received, 6230 bps, 77.87%, Err 1701 (1.0e-004)
2125.346 .... 6470 packets received, 6235 bps, 77.94%, Err 1701 (1.0e-004)
2127.465 .... 6478 packets received, 6237 bps, 77.96%, Err 1702 (1.0e-004)
2129.609 .... 6482 packets received, 6234 bps, 77.93%, Err 1705 (1.0e-004)
2131.744 .... 6490 packets received, 6236 bps, 77.95%, Err 1705 (1.0e-004)
2133.850 .... 6497 packets received, 6236 bps, 77.96%, Err 1706 (1.0e-004)
2137.021 .... 6505 packets received, 6235 bps, 77.94%, Err 1708 (1.0e-004)
2139.154 .... 6515 packets received, 6238 bps, 77.98%, Err 1709 (1.0e-004)
2141.811 .... 6521 packets received, 6236 bps, 77.95%, Err 1710 (1.0e-004)
2143.914 .... 6528 packets received, 6237 bps, 77.96%, Err 1713 (1.0e-004)
2146.046 .... 6536 packets received, 6238 bps, 77.98%, Err 1716 (1.0e-004)
2148.177 .... 6543 packets received, 6239 bps, 77.98%, Err 1719 (1.0e-004)
2151.352 .... 6550 packets received, 6236 bps, 77.95%, Err 1722 (1.0e-004)
2153.470 .... 6560 packets received, 6240 bps, 77.99%, Err 1724 (1.0e-004)
2155.588 .... 6567 packets received, 6240 bps, 78.00%, Err 1725 (1.0e-004)
2157.725 .... 6575 packets received, 6241 bps, 78.02%, Err 1727 (1.0e-004)
2159.843 .... 6582 packets received, 6242 bps, 78.02%, Err 1728 (1.0e-004)
2161.990 .... 6590 packets received, 6243 bps, 78.04%, Err 1728 (1.0e-004)
2164.109 .... 6597 packets received, 6244 bps, 78.05%, Err 1729 (1.0e-004)
2166.515 .... 6602 packets received, 6242 bps, 78.02%, Err 1732 (1.0e-004)
2168.902 .... 6606 packets received, 6239 bps, 77.98%, Err 1734 (1.0e-004)
2171.820 .... 6614 packets received, 6238 bps, 77.97%, Err 1736 (1.0e-004)
2173.958 .... 6627 packets received, 6244 bps, 78.05%, Err 1740 (1.0e-004)
2176.862 .... 6633 packets received, 6241 bps, 78.01%, Err 1743 (1.0e-004)
2180.063 .... 6643 packets received, 6241 bps, 78.02%, Err 1744 (1.0e-004)
2182.164 .... 6654 packets received, 6246 bps, 78.07%, Err 1745 (1.0e-004)
2185.368 .... 6660 packets received, 6242 bps, 78.03%, Err 1749 (1.0e-004)
2188.033 .... 6668 packets received, 6242 bps, 78.03%, Err 1751 (1.0e-004)
2190.157 .... 6678 packets received, 6245 bps, 78.07%, Err 1752 (1.0e-004)
2192.276 .... 6685 packets received, 6246 bps, 78.07%, Err 1753 (1.0e-004)
2195.495 .... 6693 packets received, 6244 bps, 78.05%, Err 1756 (1.0e-004)
2199.725 .... 6695 packets received, 6234 bps, 77.92%, Err 1763 (1.0e-004)
2202.643 .... 6711 packets received, 6241 bps, 78.01%, Err 1765 (1.0e-004)
2204.793 .... 6722 packets received, 6245 bps, 78.06%, Err 1767 (1.0e-004)
2206.883 .... 6730 packets received, 6246 bps, 78.08%, Err 1767 (1.0e-004)
2209.036 .... 6733 packets received, 6243 bps, 78.04%, Err 1769 (1.0e-004)
2211.154 .... 6744 packets received, 6247 bps, 78.09%, Err 1769 (1.0e-004)
2213.303 .... 6747 packets received, 6244 bps, 78.05%, Err 1770 (1.0e-004)
2215.427 .... 6754 packets received, 6244 bps, 78.05%, Err 1772 (1.0e-004)
2217.532 .... 6764 packets received, 6248 bps, 78.10%, Err 1775 (1.0e-004)
2220.181 .... 6769 packets received, 6245 bps, 78.06%, Err 1777 (1.0e-004)
2223.085 .... 6778 packets received, 6245 bps, 78.06%, Err 1778 (1.0e-004)
2225.204 .... 6790 packets received, 6250 bps, 78.13%, Err 1778 (1.0e-004)
2227.606 .... 6794 packets received, 6247 bps, 78.09%, Err 1784 (1.0e-004)
2229.708 .... 6801 packets received, 6248 bps, 78.09%, Err 1784 (1.0e-004)
2231.826 .... 6808 packets received, 6248 bps, 78.10%, Err 1786 (1.0e-004)
2235.015 .... 6815 packets received, 6246 bps, 78.07%, Err 1788 (1.0e-004)
2238.188 .... 6825 packets received, 6246 bps, 78.07%, Err 1790 (1.0e-004)
2241.906 .... 6830 packets received, 6240 bps, 78.00%, Err 1793 (1.0e-004)
2245.364 .... 6847 packets received, 6246 bps, 78.07%, Err 1796 (1.0e-004)
2248.044 .... 6855 packets received, 6246 bps, 78.07%, Err 1798 (1.0e-004)
2250.699 .... 6863 packets received, 6246 bps, 78.07%, Err 1801 (1.0e-004)
2252.799 .... 6870 packets received, 6246 bps, 78.08%, Err 1803 (1.0e-004)
2254.901 .... 6881 packets received, 6250 bps, 78.13%, Err 1804 (1.0e-004)
2257.837 .... 6887 packets received, 6248 bps, 78.10%, Err 1808 (1.0e-004)
2259.954 .... 6895 packets received, 6249 bps, 78.11%, Err 1808 (1.0e-004)
2262.880 .... 6897 packets received, 6243 bps, 78.04%, Err 1812 (1.0e-004)
2265.013 .... 6910 packets received, 6249 bps, 78.11%, Err 1812 (1.0e-004)
2267.115 .... 6918 packets received, 6250 bps, 78.13%, Err 1812 (1.0e-004)
2269.500 .... 6922 packets received, 6247 bps, 78.09%, Err 1813 (1.0e-004)
2272.964 .... 6930 packets received, 6245 bps, 78.06%, Err 1818 (1.0e-004)
2275.086 .... 6938 packets received, 6246 bps, 78.08%, Err 1820 (1.0e-004)
2277.204 .... 6948 packets received, 6249 bps, 78.12%, Err 1820 (1.0e-004)
2279.852 .... 6950 packets received, 6244 bps, 78.05%, Err 1824 (1.0e-004)
2281.992 .... 6961 packets received, 6248 bps, 78.10%, Err 1826 (1.0e-004)
2284.894 .... 6964 packets received, 6243 bps, 78.03%, Err 1830 (1.0e-004)
2287.025 .... 6976 packets received, 6248 bps, 78.10%, Err 1831 (1.0e-004)
2290.199 .... 6983 packets received, 6245 bps, 78.07%, Err 1835 (1.0e-004)
2292.315 .... 6990 packets received, 6246 bps, 78.07%, Err 1837 (1.0e-004)
2294.417 .... 6999 packets received, 6248 bps, 78.10%, Err 1837 (1.0e-004)
2296.549 .... 7007 packets received, 6249 bps, 78.12%, Err 1837 (1.0e-004)
2298.921 .... 7012 packets received, 6247 bps, 78.09%, Err 1840 (1.0e-004)
2301.068 .... 7021 packets received, 6250 bps, 78.12%, Err 1840 (1.0e-004)
2303.709 .... 7027 packets received, 6248 bps, 78.10%, Err 1843 (1.0e-004)
2305.857 .... 7035 packets received, 6249 bps, 78.11%, Err 1845 (1.0e-004)
2307.975 .... 7042 packets received, 6250 bps, 78.12%, Err 1846 (1.0e-004)
2310.861 .... 7045 packets received, 6244 bps, 78.05%, Err 1848 (1.0e-004)
2314.065 .... 7054 packets received, 6244 bps, 78.05%, Err 1855 (1.0e-004)
2316.450 .... 7060 packets received, 6243 bps, 78.03%, Err 1857 (1.0e-004)
2318.553 .... 7072 packets received, 6248 bps, 78.09%, Err 1857 (1.0e-004)
2321.488 .... 7079 packets received, 6246 bps, 78.07%, Err 1858 (1.0e-004)
2324.140 .... 7088 packets received, 6247 bps, 78.08%, Err 1859 (1.0e-004)
2327.059 .... 7094 packets received, 6244 bps, 78.05%, Err 1864 (1.0e-004)
2330.007 .... 7105 packets received, 6246 bps, 78.07%, Err 1865 (1.0e-004)
2332.130 .... 7116 packets received, 6250 bps, 78.12%, Err 1867 (1.0e-004)
2334.493 .... 7121 packets received, 6248 bps, 78.10%, Err 1870 (1.0e-004)
2336.632 .... 7129 packets received, 6249 bps, 78.11%, Err 1871 (1.0e-004)
2338.758 .... 7136 packets received, 6250 bps, 78.12%, Err 1873 (1.0e-004)
2340.899 .... 7144 packets received, 6251 bps, 78.14%, Err 1873 (1.0e-004)
2343.802 .... 7150 packets received, 6248 bps, 78.10%, Err 1875 (1.0e-004)
2345.918 .... 7161 packets received, 6252 bps, 78.15%, Err 1876 (1.0e-004)
2348.305 .... 7166 packets received, 6250 bps, 78.13%, Err 1879 (1.0e-004)
2350.414 .... 7172 packets received, 6250 bps, 78.12%, Err 1882 (1.0e-004)
2352.569 .... 7178 packets received, 6249 bps, 78.12%, Err 1885 (1.0e-004)
2354.670 .... 7185 packets received, 6250 bps, 78.12%, Err 1888 (1.0e-004)
2356.803 .... 7190 packets received, 6249 bps, 78.11%, Err 1889 (1.0e-004)
2358.921 .... 7200 packets received, 6252 bps, 78.15%, Err 1890 (1.0e-004)
2361.060 .... 7206 packets received, 6251 bps, 78.14%, Err 1892 (1.0e-004)
2363.442 .... 7211 packets received, 6249 bps, 78.12%, Err 1893 (1.0e-004)
2366.117 .... 7220 packets received, 6250 bps, 78.13%, Err 1897 (1.0e-004)
2369.303 .... 7228 packets received, 6249 bps, 78.11%, Err 1900 (1.0e-004)
2371.420 .... 7239 packets received, 6252 bps, 78.16%, Err 1900 (1.0e-004)
2373.810 .... 7244 packets received, 6250 bps, 78.13%, Err 1901 (1.0e-004)
2375.962 .... 7251 packets received, 6251 bps, 78.14%, Err 1904 (1.0e-004)
2379.121 .... 7254 packets received, 6245 bps, 78.06%, Err 1909 (1.0e-004)
2381.239 .... 7268 packets received, 6252 bps, 78.15%, Err 1909 (1.0e-004)
2384.425 .... 7276 packets received, 6250 bps, 78.13%, Err 1911 (1.0e-004)
2386.528 .... 7286 packets received, 6253 bps, 78.17%, Err 1911 (1.0e-004)
2388.661 .... 7294 packets received, 6254 bps, 78.18%, Err 1912 (1.0e-004)
2391.048 .... 7299 packets received, 6253 bps, 78.16%, Err 1913 (1.0e-004)
2393.434 .... 7307 packets received, 6253 bps, 78.16%, Err 1915 (1.0e-004)
2395.803 .... 7315 packets received, 6254 bps, 78.17%, Err 1918 (1.0e-004)
2398.736 .... 7317 packets received, 6248 bps, 78.10%, Err 1921 (1.0e-004)
2400.869 .... 7332 packets received, 6255 bps, 78.19%, Err 1921 (1.0e-004)
2402.985 .... 7339 packets received, 6256 bps, 78.19%, Err 1923 (1.0e-004)
2413.049 .... 7347 packets received, 6236 bps, 77.95%, Err 1930 (1.0e-004)
2415.183 .... 7368 packets received, 6249 bps, 78.11%, Err 1931 (1.0e-004)
2417.571 .... 7373 packets received, 6247 bps, 78.08%, Err 1933 (1.0e-004)
2420.758 .... 7383 packets received, 6247 bps, 78.09%, Err 1935 (1.0e-004)
2422.876 .... 7390 packets received, 6247 bps, 78.09%, Err 1939 (1.0e-004)
2425.793 .... 7398 packets received, 6247 bps, 78.08%, Err 1941 (1.0e-004)
2427.935 .... 7408 packets received, 6249 bps, 78.12%, Err 1942 (1.0e-004)
2431.104 .... 7415 packets received, 6247 bps, 78.09%, Err 1946 (1.0e-004)
2433.219 .... 7426 packets received, 6251 bps, 78.14%, Err 1947 (1.0e-004)
2435.345 .... 7432 packets received, 6251 bps, 78.13%, Err 1948 (1.0e-004)
2437.748 .... 7437 packets received, 6249 bps, 78.11%, Err 1950 (1.0e-004)
2440.930 .... 7443 packets received, 6246 bps, 78.07%, Err 1953 (1.0e-004)
2448.878 .... 7452 packets received, 6233 bps, 77.91%, Err 1959 (1.0e-004)
2451.009 .... 7473 packets received, 6245 bps, 78.06%, Err 1960 (1.0e-004)
2453.410 .... 7474 packets received, 6240 bps, 78.00%, Err 1963 (1.0e-004)
2455.528 .... 7482 packets received, 6241 bps, 78.01%, Err 1965 (1.0e-004)
2457.671 .... 7488 packets received, 6241 bps, 78.01%, Err 1966 (1.0e-004)
2459.775 .... 7495 packets received, 6241 bps, 78.01%, Err 1970 (1.0e-004)
2461.924 .... 7499 packets received, 6239 bps, 77.99%, Err 1972 (1.0e-004)
2464.558 .... 7507 packets received, 6239 bps, 77.99%, Err 1973 (1.0e-004)
2466.681 .... 7518 packets received, 6243 bps, 78.03%, Err 1974 (1.0e-004)
2468.798 .... 7525 packets received, 6243 bps, 78.04%, Err 1974 (1.0e-004)
2470.902 .... 7533 packets received, 6244 bps, 78.06%, Err 1974 (1.0e-004)
2475.407 .... 7541 packets received, 6240 bps, 78.00%, Err 1979 (1.0e-004)
2478.613 .... 7550 packets received, 6239 bps, 77.99%, Err 1986 (1.0e-004)
2481.515 .... 7560 packets received, 6240 bps, 78.00%, Err 1988 (1.0e-004)
2483.632 .... 7570 packets received, 6243 bps, 78.04%, Err 1988 (1.0e-004)
2486.566 .... 7577 packets received, 6241 bps, 78.02%, Err 1990 (1.0e-004)
2488.685 .... 7586 packets received, 6243 bps, 78.04%, Err 1992 (1.0e-004)
2491.345 .... 7591 packets received, 6241 bps, 78.01%, Err 1995 (1.0e-004)
2493.448 .... 7600 packets received, 6243 bps, 78.04%, Err 1998 (1.0e-004)
2496.619 .... 7607 packets received, 6241 bps, 78.01%, Err 2000 (1.0e-004)
2498.752 .... 7613 packets received, 6240 bps, 78.00%, Err 2001 (1.0e-004)
2500.886 .... 7624 packets received, 6244 bps, 78.05%, Err 2002 (1.0e-004)
2504.059 .... 7630 packets received, 6241 bps, 78.01%, Err 2004 (1.0e-004)
2506.705 .... 7639 packets received, 6242 bps, 78.02%, Err 2005 (1.0e-004)
2508.854 .... 7646 packets received, 6242 bps, 78.03%, Err 2008 (1.0e-004)
2510.974 .... 7656 packets received, 6245 bps, 78.06%, Err 2009 (1.0e-004)
2513.107 .... 7664 packets received, 6246 bps, 78.08%, Err 2010 (1.0e-004)
2515.760 .... 7665 packets received, 6241 bps, 78.01%, Err 2013 (1.0e-004)
2517.893 .... 7678 packets received, 6246 bps, 78.07%, Err 2013 (1.0e-004)
2520.029 .... 7682 packets received, 6244 bps, 78.05%, Err 2014 (1.0e-004)
2522.980 .... 7691 packets received, 6244 bps, 78.05%, Err 2017 (1.0e-004)
2526.434 .... 7698 packets received, 6241 bps, 78.01%, Err 2021 (1.0e-004)
2528.534 .... 7711 packets received, 6246 bps, 78.08%, Err 2022 (1.0e-004)
2530.670 .... 7719 packets received, 6247 bps, 78.09%, Err 2022 (1.0e-004)
2533.573 .... 7725 packets received, 6245 bps, 78.06%, Err 2025 (1.0e-004)
2535.962 .... 7730 packets received, 6243 bps, 78.04%, Err 2028 (1.0e-004)
2538.078 .... 7742 packets received, 6248 bps, 78.10%, Err 2028 (1.0e-004)
2540.749 .... 7744 packets received, 6243 bps, 78.04%, Err 2033 (1.0e-004)
2544.730 .... 7755 packets received, 6242 bps, 78.02%, Err 2036 (1.0e-004)
2546.854 .... 7767 packets received, 6246 bps, 78.08%, Err 2037 (1.0e-004)
2550.036 .... 7771 packets received, 6242 bps, 78.02%, Err 2041 (1.0e-004)
2552.141 .... 7783 packets received, 6246 bps, 78.08%, Err 2041 (1.0e-004)
2555.328 .... 7787 packets received, 6242 bps, 78.02%, Err 2047 (1.0e-004)
2557.714 .... 7792 packets received, 6240 bps, 78.00%, Err 2049 (1.0e-004)
2560.630 .... 7805 packets received, 6243 bps, 78.04%, Err 2050 (1.0e-004)
2563.820 .... 7816 packets received, 6244 bps, 78.05%, Err 2052 (1.0e-004)
2565.937 .... 7822 packets received, 6244 bps, 78.05%, Err 2054 (1.0e-004)
2568.323 .... 7829 packets received, 6244 bps, 78.04%, Err 2057 (1.0e-004)
2570.740 .... 7835 packets received, 6242 bps, 78.03%, Err 2060 (1.0e-004)
2573.911 .... 7845 packets received, 6243 bps, 78.03%, Err 2061 (1.0e-004)
2576.045 .... 7856 packets received, 6246 bps, 78.08%, Err 2061 (1.0e-004)
2578.147 .... 7864 packets received, 6248 bps, 78.09%, Err 2063 (1.0e-004)
2580.550 .... 7865 packets received, 6243 bps, 78.03%, Err 2064 (1.0e-004)
2582.689 .... 7879 packets received, 6248 bps, 78.11%, Err 2065 (1.0e-004)
2585.053 .... 7880 packets received, 6244 bps, 78.04%, Err 2067 (1.0e-004)
2587.708 .... 7888 packets received, 6243 bps, 78.04%, Err 2071 (1.0e-004)
2589.828 .... 7897 packets received, 6246 bps, 78.07%, Err 2073 (1.0e-004)
2592.231 .... 7902 packets received, 6244 bps, 78.05%, Err 2075 (1.0e-004)
2594.364 .... 7912 packets received, 6246 bps, 78.08%, Err 2075 (1.0e-004)
2596.537 TCP Disconnected.
